<?xml version="1.0" encoding="UTF-8"?>
<testsuites name="COLLECTION PAGE" time="140" tests="4" failures="3" errors="0">
   <testsuite name="COLLECTION PAGE" tests="4" failures="3" errors="0" time="140" timestamp="2019-04-30 17:06:11" hostname="sumankompelly - 10.0.126.233" id="Test Suites/COLLECTION PAGE">
      <properties>
         <property name="deviceName" value=""/>
         <property name="devicePlatform" value=""/>
         <property name="logFolder" value="/Users/sumankompelly/git/Sample-OCS/Reports/COLLECTION PAGE/20190430_170608"/>
         <property name="logFiles" value="/Users/sumankompelly/git/Sample-OCS/Reports/COLLECTION PAGE/20190430_170608/execution0.log"/>
         <property name="attachments" value="/Users/sumankompelly/git/Sample-OCS/Reports/COLLECTION PAGE/20190430_170608/1556658409050.png, /Users/sumankompelly/git/Sample-OCS/Reports/COLLECTION PAGE/20190430_170608/1556658511772.png"/>
         <property name="hostName" value="sumankompelly - 10.0.126.233"/>
         <property name="os" value="Mac OS X 64bit"/>
         <property name="katalonVersion" value="5.10.1.1"/>
         <property name="browser" value="Chrome 74.0.3729.108"/>
         <property name="hostAddress" value="10.0.126.233"/>
         <property name="sessionId" value="42d6644f7d6debe3635dd3f952c8c5cb"/>
         <property name="seleniumVersion" value="3.7.1"/>
         <property name="proxyInformation" value="ProxyInformation{proxyOption=NO_PROXY, proxyServerType=HTTP, password=, proxyServerAddress=, proxyServerPort=0}"/>
         <property name="platform" value="Mac OS X"/>
      </properties>
      <testcase name="Test Cases/OCS-COLLECTION PAGE/Sort" classname="Test Cases/OCS-COLLECTION PAGE/Sort" status="FAILED">
         <failure type="FAILED" message="Test Cases/OCS-COLLECTION PAGE/Sort FAILED.
Reason:
com.kms.katalon.core.exception.StepFailedException: Unable to verify actual number 'a' less than or equal to expected number 'b' (Root cause: java.lang.IllegalArgumentException: Actual number with value 'a' is not a valid number)
	at com.kms.katalon.core.keyword.internal.KeywordMain.stepFailed(KeywordMain.groovy:36)
	at com.kms.katalon.core.keyword.internal.KeywordMain.stepFailed(KeywordMain.groovy)
	at com.kms.katalon.core.keyword.internal.KeywordMain.runKeyword(KeywordMain.groovy:56)
	at com.kms.katalon.core.keyword.builtin.VerifyLessThanOrEqualKeyword.verifyLessThanOrEqual(VerifyLessThanOrEqualKeyword.groovy:58)
	at com.kms.katalon.core.keyword.builtin.VerifyLessThanOrEqualKeyword.execute(VerifyLessThanOrEqualKeyword.groovy:44)
	at com.kms.katalon.core.keyword.internal.KeywordExecutor.executeKeywordForPlatform(KeywordExecutor.groovy:53)
	at com.kms.katalon.core.keyword.BuiltinKeywords.verifyLessThanOrEqual(BuiltinKeywords.groovy:288)
	at Sort.run(Sort:83)
	at com.kms.katalon.core.main.ScriptEngine.run(ScriptEngine.java:194)
	at com.kms.katalon.core.main.ScriptEngine.runScriptAsRawText(ScriptEngine.java:119)
	at com.kms.katalon.core.main.TestCaseExecutor.runScript(TestCaseExecutor.java:328)
	at com.kms.katalon.core.main.TestCaseExecutor.doExecute(TestCaseExecutor.java:319)
	at com.kms.katalon.core.main.TestCaseExecutor.processExecutionPhase(TestCaseExecutor.java:298)
	at com.kms.katalon.core.main.TestCaseExecutor.accessMainPhase(TestCaseExecutor.java:290)
	at com.kms.katalon.core.main.TestCaseExecutor.execute(TestCaseExecutor.java:224)
	at com.kms.katalon.core.main.TestSuiteExecutor.accessTestCaseMainPhase(TestSuiteExecutor.java:129)
	at com.kms.katalon.core.main.TestSuiteExecutor.accessTestSuiteMainPhase(TestSuiteExecutor.java:112)
	at com.kms.katalon.core.main.TestSuiteExecutor.execute(TestSuiteExecutor.java:81)
	at com.kms.katalon.core.main.TestCaseMain.startTestSuite(TestCaseMain.java:149)
	at com.kms.katalon.core.main.TestCaseMain$startTestSuite$0.call(Unknown Source)
	at TempTestSuite1556658368325.run(TempTestSuite1556658368325.groovy:36)
"/>
         <system-out><![CDATA[2019-04-30 17:06:12 - [TEST_CASE][FAILED] - Test Cases/OCS-COLLECTION PAGE/Sort: Test Cases/OCS-COLLECTION PAGE/Sort FAILED.
Reason:
com.kms.katalon.core.exception.StepFailedException: Unable to verify actual number 'a' less than or equal to expected number 'b' (Root cause: java.lang.IllegalArgumentException: Actual number with value 'a' is not a valid number)
	at com.kms.katalon.core.keyword.internal.KeywordMain.stepFailed(KeywordMain.groovy:36)
	at com.kms.katalon.core.keyword.internal.KeywordMain.stepFailed(KeywordMain.groovy)
	at com.kms.katalon.core.keyword.internal.KeywordMain.runKeyword(KeywordMain.groovy:56)
	at com.kms.katalon.core.keyword.builtin.VerifyLessThanOrEqualKeyword.verifyLessThanOrEqual(VerifyLessThanOrEqualKeyword.groovy:58)
	at com.kms.katalon.core.keyword.builtin.VerifyLessThanOrEqualKeyword.execute(VerifyLessThanOrEqualKeyword.groovy:44)
	at com.kms.katalon.core.keyword.internal.KeywordExecutor.executeKeywordForPlatform(KeywordExecutor.groovy:53)
	at com.kms.katalon.core.keyword.BuiltinKeywords.verifyLessThanOrEqual(BuiltinKeywords.groovy:288)
	at Sort.run(Sort:83)
	at com.kms.katalon.core.main.ScriptEngine.run(ScriptEngine.java:194)
	at com.kms.katalon.core.main.ScriptEngine.runScriptAsRawText(ScriptEngine.java:119)
	at com.kms.katalon.core.main.TestCaseExecutor.runScript(TestCaseExecutor.java:328)
	at com.kms.katalon.core.main.TestCaseExecutor.doExecute(TestCaseExecutor.java:319)
	at com.kms.katalon.core.main.TestCaseExecutor.processExecutionPhase(TestCaseExecutor.java:298)
	at com.kms.katalon.core.main.TestCaseExecutor.accessMainPhase(TestCaseExecutor.java:290)
	at com.kms.katalon.core.main.TestCaseExecutor.execute(TestCaseExecutor.java:224)
	at com.kms.katalon.core.main.TestSuiteExecutor.accessTestCaseMainPhase(TestSuiteExecutor.java:129)
	at com.kms.katalon.core.main.TestSuiteExecutor.accessTestSuiteMainPhase(TestSuiteExecutor.java:112)
	at com.kms.katalon.core.main.TestSuiteExecutor.execute(TestSuiteExecutor.java:81)
	at com.kms.katalon.core.main.TestCaseMain.startTestSuite(TestCaseMain.java:149)
	at com.kms.katalon.core.main.TestCaseMain$startTestSuite$0.call(Unknown Source)
	at TempTestSuite1556658368325.run(TempTestSuite1556658368325.groovy:36)


2019-04-30 17:06:12 - [TEST_STEP][PASSED] - openBrowser(""): Browser is opened with url: ''

2019-04-30 17:06:13 - [MESSAGE][INFO] - Starting 'Chrome' driver

2019-04-30 17:06:13 - [MESSAGE][INFO] - Action delay is set to 0 seconds

2019-04-30 17:06:15 - [MESSAGE][PASSED] - Browser is opened with url: ''

2019-04-30 17:06:15 - [TEST_STEP][PASSED] - navigateToUrl("https://ocs.ca/#/verify-age"): Navigate to 'https://ocs.ca/#/verify-age' successfully

2019-04-30 17:06:19 - [MESSAGE][PASSED] - Navigate to 'https://ocs.ca/#/verify-age' successfully

2019-04-30 17:06:19 - [TEST_STEP][PASSED] - selectOptionByValue(findTestObject("Object Repository/COLLECTION PAGE _OR/Sort_Or/Page_Ontario Cannabis Store  Ontari/select_Select01020304050607080"), "18", true): All options with value '18' are selected in object 'Object Repository/COLLECTION PAGE _OR/Sort_Or/Page_Ontario Cannabis Store  Ontari/select_Select01020304050607080'  using regular expression

2019-04-30 17:06:20 - [MESSAGE][PASSED] - All options with value '18' are selected in object 'Object Repository/COLLECTION PAGE _OR/Sort_Or/Page_Ontario Cannabis Store  Ontari/select_Select01020304050607080'  using regular expression

2019-04-30 17:06:20 - [TEST_STEP][PASSED] - selectOptionByValue(findTestObject("Object Repository/COLLECTION PAGE _OR/Sort_Or/Page_Ontario Cannabis Store  Ontari/select_SelectJanuary - 01Febru"), "9", true): All options with value '9' are selected in object 'Object Repository/COLLECTION PAGE _OR/Sort_Or/Page_Ontario Cannabis Store  Ontari/select_SelectJanuary - 01Febru'  using regular expression

2019-04-30 17:06:20 - [MESSAGE][PASSED] - All options with value '9' are selected in object 'Object Repository/COLLECTION PAGE _OR/Sort_Or/Page_Ontario Cannabis Store  Ontari/select_SelectJanuary - 01Febru'  using regular expression

2019-04-30 17:06:20 - [TEST_STEP][PASSED] - selectOptionByValue(findTestObject("Object Repository/COLLECTION PAGE _OR/Sort_Or/Page_Ontario Cannabis Store  Ontari/select_Select20182017201620152"), "1949", true): All options with value '1949' are selected in object 'Object Repository/COLLECTION PAGE _OR/Sort_Or/Page_Ontario Cannabis Store  Ontari/select_Select20182017201620152'  using regular expression

2019-04-30 17:06:22 - [MESSAGE][PASSED] - All options with value '1949' are selected in object 'Object Repository/COLLECTION PAGE _OR/Sort_Or/Page_Ontario Cannabis Store  Ontari/select_Select20182017201620152'  using regular expression

2019-04-30 17:06:22 - [TEST_STEP][PASSED] - click(findTestObject("Object Repository/COLLECTION PAGE _OR/Sort_Or/Page_Ontario Cannabis Store  Ontari/button_Verify")): Object: 'Object Repository/COLLECTION PAGE _OR/Sort_Or/Page_Ontario Cannabis Store  Ontari/button_Verify' is clicked on

2019-04-30 17:06:22 - [MESSAGE][PASSED] - Object: 'Object Repository/COLLECTION PAGE _OR/Sort_Or/Page_Ontario Cannabis Store  Ontari/button_Verify' is clicked on

2019-04-30 17:06:22 - [TEST_STEP][PASSED] - click(findTestObject("Object Repository/COLLECTION PAGE _OR/Sort_Or/Page_Ontario Cannabis Store  Ontari/span_CONFIRM AND ACKNOWLEDGE_c")): Object: 'Object Repository/COLLECTION PAGE _OR/Sort_Or/Page_Ontario Cannabis Store  Ontari/span_CONFIRM AND ACKNOWLEDGE_c' is clicked on

2019-04-30 17:06:22 - [MESSAGE][PASSED] - Object: 'Object Repository/COLLECTION PAGE _OR/Sort_Or/Page_Ontario Cannabis Store  Ontari/span_CONFIRM AND ACKNOWLEDGE_c' is clicked on

2019-04-30 17:06:22 - [TEST_STEP][PASSED] - click(findTestObject("Object Repository/COLLECTION PAGE _OR/Sort_Or/Page_Ontario Cannabis Store  Ontari/button_CONFIRM")): Object: 'Object Repository/COLLECTION PAGE _OR/Sort_Or/Page_Ontario Cannabis Store  Ontari/button_CONFIRM' is clicked on

2019-04-30 17:06:22 - [MESSAGE][PASSED] - Object: 'Object Repository/COLLECTION PAGE _OR/Sort_Or/Page_Ontario Cannabis Store  Ontari/button_CONFIRM' is clicked on

2019-04-30 17:06:22 - [TEST_STEP][PASSED] - click(findTestObject("Object Repository/COLLECTION PAGE _OR/Sort_Or/Page_Ontario Cannabis Store  Ontari/button_Start Browsing")): Object: 'Object Repository/COLLECTION PAGE _OR/Sort_Or/Page_Ontario Cannabis Store  Ontari/button_Start Browsing' is clicked on

2019-04-30 17:06:22 - [MESSAGE][PASSED] - Object: 'Object Repository/COLLECTION PAGE _OR/Sort_Or/Page_Ontario Cannabis Store  Ontari/button_Start Browsing' is clicked on

2019-04-30 17:06:22 - [TEST_STEP][PASSED] - click(findTestObject("Object Repository/COLLECTION PAGE _OR/Sort_Or/Page_Ontario Cannabis Store  Ontari/h3_Cannabis")): Object: 'Object Repository/COLLECTION PAGE _OR/Sort_Or/Page_Ontario Cannabis Store  Ontari/h3_Cannabis' is clicked on

2019-04-30 17:06:22 - [MESSAGE][PASSED] - Object: 'Object Repository/COLLECTION PAGE _OR/Sort_Or/Page_Ontario Cannabis Store  Ontari/h3_Cannabis' is clicked on

2019-04-30 17:06:22 - [TEST_STEP][PASSED] - click(findTestObject("Object Repository/COLLECTION PAGE _OR/Sort_Or/Page_Ontario Cannabis Store  Ontari/span_Pre-Rolled")): Object: 'Object Repository/COLLECTION PAGE _OR/Sort_Or/Page_Ontario Cannabis Store  Ontari/span_Pre-Rolled' is clicked on

2019-04-30 17:06:23 - [MESSAGE][PASSED] - Object: 'Object Repository/COLLECTION PAGE _OR/Sort_Or/Page_Ontario Cannabis Store  Ontari/span_Pre-Rolled' is clicked on

2019-04-30 17:06:23 - [TEST_STEP][PASSED] - click(findTestObject("Object Repository/COLLECTION PAGE _OR/Sort_Or/Page_Pre-Rolled  Ontario Cannabis S/i_Pre-Rolled_icon--sort")): Object: 'Object Repository/COLLECTION PAGE _OR/Sort_Or/Page_Pre-Rolled  Ontario Cannabis S/i_Pre-Rolled_icon--sort' is clicked on

2019-04-30 17:06:24 - [MESSAGE][PASSED] - Object: 'Object Repository/COLLECTION PAGE _OR/Sort_Or/Page_Pre-Rolled  Ontario Cannabis S/i_Pre-Rolled_icon--sort' is clicked on

2019-04-30 17:06:24 - [TEST_STEP][PASSED] - click(findTestObject("COLLECTION PAGE _OR/Sort_Or/Page_Pre-Rolled  Ontario Cannabis S/label_Price Low to High")): Object: 'Object Repository/COLLECTION PAGE _OR/Sort_Or/Page_Pre-Rolled  Ontario Cannabis S/label_Price Low to High' is clicked on

2019-04-30 17:06:24 - [MESSAGE][PASSED] - Object: 'Object Repository/COLLECTION PAGE _OR/Sort_Or/Page_Pre-Rolled  Ontario Cannabis S/label_Price Low to High' is clicked on

2019-04-30 17:06:24 - [TEST_STEP][PASSED] - delay(2): Delayed 2 second(s)

2019-04-30 17:06:26 - [MESSAGE][PASSED] - Delayed 2 second(s)

2019-04-30 17:06:26 - [TEST_STEP][PASSED] - delay(2): Delayed 2 second(s)

2019-04-30 17:06:28 - [MESSAGE][PASSED] - Delayed 2 second(s)

2019-04-30 17:06:28 - [TEST_STEP][PASSED] - verifyElementPresent(findTestObject("COLLECTION PAGE _OR/Sort_Or/special/Page_Pre-Rolled  Ontario Cannabis S/h3_Spark Stix"), 0): Object 'Object Repository/COLLECTION PAGE _OR/Sort_Or/special/Page_Pre-Rolled  Ontario Cannabis S/h3_Spark Stix' is present

2019-04-30 17:06:28 - [MESSAGE][WARNING] - Timeout '0' is invalid. Using default page load timeout: '30'

2019-04-30 17:06:28 - [MESSAGE][PASSED] - Object 'Object Repository/COLLECTION PAGE _OR/Sort_Or/special/Page_Pre-Rolled  Ontario Cannabis S/h3_Spark Stix' is present

2019-04-30 17:06:28 - [TEST_STEP][PASSED] - a = getText(findTestObject("COLLECTION PAGE _OR/Sort_Or/special/Page_Pre-Rolled  Ontario Cannabis S/p_7.10   pack")): Text of object 'Object Repository/COLLECTION PAGE _OR/Sort_Or/special/Page_Pre-Rolled  Ontario Cannabis S/p_7.10   pack' is: '$7.10 / pack'

2019-04-30 17:06:28 - [MESSAGE][PASSED] - Text of object 'Object Repository/COLLECTION PAGE _OR/Sort_Or/special/Page_Pre-Rolled  Ontario Cannabis S/p_7.10   pack' is: '$7.10 / pack'

2019-04-30 17:06:28 - [TEST_STEP][PASSED] - comment(a): $7.10 / pack

2019-04-30 17:06:28 - [MESSAGE][INFO] - $7.10 / pack

2019-04-30 17:06:28 - [TEST_STEP][PASSED] - delay(2): Delayed 2 second(s)

2019-04-30 17:06:30 - [MESSAGE][PASSED] - Delayed 2 second(s)

2019-04-30 17:06:30 - [TEST_STEP][PASSED] - verifyElementPresent(findTestObject("COLLECTION PAGE _OR/Sort_Or/special/Page_Pre-Rolled  Ontario Cannabis S/h3_Glow Stix"), 0): Object 'Object Repository/COLLECTION PAGE _OR/Sort_Or/special/Page_Pre-Rolled  Ontario Cannabis S/h3_Glow Stix' is present

2019-04-30 17:06:30 - [MESSAGE][WARNING] - Timeout '0' is invalid. Using default page load timeout: '30'

2019-04-30 17:06:30 - [MESSAGE][PASSED] - Object 'Object Repository/COLLECTION PAGE _OR/Sort_Or/special/Page_Pre-Rolled  Ontario Cannabis S/h3_Glow Stix' is present

2019-04-30 17:06:30 - [TEST_STEP][PASSED] - b = getText(findTestObject("COLLECTION PAGE _OR/Sort_Or/special/Page_Pre-Rolled  Ontario Cannabis S/p_7.10   pack (1)")): Text of object 'Object Repository/COLLECTION PAGE _OR/Sort_Or/special/Page_Pre-Rolled  Ontario Cannabis S/p_7.10   pack (1)' is: '$7.10 / pack'

2019-04-30 17:06:30 - [MESSAGE][PASSED] - Text of object 'Object Repository/COLLECTION PAGE _OR/Sort_Or/special/Page_Pre-Rolled  Ontario Cannabis S/p_7.10   pack (1)' is: '$7.10 / pack'

2019-04-30 17:06:30 - [TEST_STEP][PASSED] - comment(b): $7.10 / pack

2019-04-30 17:06:30 - [MESSAGE][INFO] - $7.10 / pack

2019-04-30 17:06:30 - [TEST_STEP][PASSED] - delay(2): Delayed 2 second(s)

2019-04-30 17:06:32 - [MESSAGE][PASSED] - Delayed 2 second(s)

2019-04-30 17:06:32 - [TEST_STEP][PASSED] - verifyElementPresent(findTestObject("COLLECTION PAGE _OR/Sort_Or/special/Page_Pre-Rolled  Ontario Cannabis S/h3_Flicker Stix"), 0): Object 'Object Repository/COLLECTION PAGE _OR/Sort_Or/special/Page_Pre-Rolled  Ontario Cannabis S/h3_Flicker Stix' is present

2019-04-30 17:06:32 - [MESSAGE][WARNING] - Timeout '0' is invalid. Using default page load timeout: '30'

2019-04-30 17:06:32 - [MESSAGE][PASSED] - Object 'Object Repository/COLLECTION PAGE _OR/Sort_Or/special/Page_Pre-Rolled  Ontario Cannabis S/h3_Flicker Stix' is present

2019-04-30 17:06:32 - [TEST_STEP][PASSED] - c = getText(findTestObject("COLLECTION PAGE _OR/Sort_Or/special/Page_Pre-Rolled  Ontario Cannabis S/p_7.10   pack (1)")): Text of object 'Object Repository/COLLECTION PAGE _OR/Sort_Or/special/Page_Pre-Rolled  Ontario Cannabis S/p_7.10   pack (1)' is: '$7.10 / pack'

2019-04-30 17:06:32 - [MESSAGE][PASSED] - Text of object 'Object Repository/COLLECTION PAGE _OR/Sort_Or/special/Page_Pre-Rolled  Ontario Cannabis S/p_7.10   pack (1)' is: '$7.10 / pack'

2019-04-30 17:06:32 - [TEST_STEP][PASSED] - comment(c): $7.10 / pack

2019-04-30 17:06:32 - [MESSAGE][INFO] - $7.10 / pack

2019-04-30 17:06:32 - [TEST_STEP][PASSED] - delay(2): Delayed 2 second(s)

2019-04-30 17:06:34 - [MESSAGE][PASSED] - Delayed 2 second(s)

2019-04-30 17:06:34 - [TEST_STEP][PASSED] - verifyElementPresent(findTestObject("COLLECTION PAGE _OR/Sort_Or/special/Page_Pre-Rolled  Ontario Cannabis S/h3_Lola Montes Pre-Roll"), 0): Object 'Object Repository/COLLECTION PAGE _OR/Sort_Or/special/Page_Pre-Rolled  Ontario Cannabis S/h3_Lola Montes Pre-Roll' is present

2019-04-30 17:06:34 - [MESSAGE][WARNING] - Timeout '0' is invalid. Using default page load timeout: '30'

2019-04-30 17:06:34 - [MESSAGE][PASSED] - Object 'Object Repository/COLLECTION PAGE _OR/Sort_Or/special/Page_Pre-Rolled  Ontario Cannabis S/h3_Lola Montes Pre-Roll' is present

2019-04-30 17:06:34 - [TEST_STEP][PASSED] - d = getText(findTestObject("COLLECTION PAGE _OR/Sort_Or/special/Page_Pre-Rolled  Ontario Cannabis S/p_7.95   pack")): Text of object 'Object Repository/COLLECTION PAGE _OR/Sort_Or/special/Page_Pre-Rolled  Ontario Cannabis S/p_7.95   pack' is: '$7.95 / pack'

2019-04-30 17:06:34 - [MESSAGE][PASSED] - Text of object 'Object Repository/COLLECTION PAGE _OR/Sort_Or/special/Page_Pre-Rolled  Ontario Cannabis S/p_7.95   pack' is: '$7.95 / pack'

2019-04-30 17:06:34 - [TEST_STEP][PASSED] - comment(d): $7.95 / pack

2019-04-30 17:06:34 - [MESSAGE][INFO] - $7.95 / pack

2019-04-30 17:06:34 - [TEST_STEP][FAILED] - verifyLessThanOrEqual("a", "b"): verifyLessThanOrEqual("a", "b") FAILED.
Reason:
com.kms.katalon.core.exception.StepFailedException: Unable to verify actual number 'a' less than or equal to expected number 'b' (Root cause: java.lang.IllegalArgumentException: Actual number with value 'a' is not a valid number)
	at com.kms.katalon.core.keyword.internal.KeywordMain.stepFailed(KeywordMain.groovy:36)
	at com.kms.katalon.core.keyword.internal.KeywordMain.stepFailed(KeywordMain.groovy)
	at com.kms.katalon.core.keyword.internal.KeywordMain.runKeyword(KeywordMain.groovy:56)
	at com.kms.katalon.core.keyword.builtin.VerifyLessThanOrEqualKeyword.verifyLessThanOrEqual(VerifyLessThanOrEqualKeyword.groovy:58)
	at com.kms.katalon.core.keyword.builtin.VerifyLessThanOrEqualKeyword.execute(VerifyLessThanOrEqualKeyword.groovy:44)
	at com.kms.katalon.core.keyword.internal.KeywordExecutor.executeKeywordForPlatform(KeywordExecutor.groovy:53)
	at com.kms.katalon.core.keyword.BuiltinKeywords.verifyLessThanOrEqual(BuiltinKeywords.groovy:288)
	at Sort.run(Sort:83)
	at com.kms.katalon.core.main.ScriptEngine.run(ScriptEngine.java:194)
	at com.kms.katalon.core.main.ScriptEngine.runScriptAsRawText(ScriptEngine.java:119)
	at com.kms.katalon.core.main.TestCaseExecutor.runScript(TestCaseExecutor.java:328)
	at com.kms.katalon.core.main.TestCaseExecutor.doExecute(TestCaseExecutor.java:319)
	at com.kms.katalon.core.main.TestCaseExecutor.processExecutionPhase(TestCaseExecutor.java:298)
	at com.kms.katalon.core.main.TestCaseExecutor.accessMainPhase(TestCaseExecutor.java:290)
	at com.kms.katalon.core.main.TestCaseExecutor.execute(TestCaseExecutor.java:224)
	at com.kms.katalon.core.main.TestSuiteExecutor.accessTestCaseMainPhase(TestSuiteExecutor.java:129)
	at com.kms.katalon.core.main.TestSuiteExecutor.accessTestSuiteMainPhase(TestSuiteExecutor.java:112)
	at com.kms.katalon.core.main.TestSuiteExecutor.execute(TestSuiteExecutor.java:81)
	at com.kms.katalon.core.main.TestCaseMain.startTestSuite(TestCaseMain.java:149)
	at com.kms.katalon.core.main.TestCaseMain$startTestSuite$0.call(Unknown Source)
	at TempTestSuite1556658368325.run(TempTestSuite1556658368325.groovy:36)


2019-04-30 17:06:34 - [MESSAGE][FAILED] - Unable to verify actual number 'a' less than or equal to expected number 'b' (Root cause: java.lang.IllegalArgumentException: Actual number with value 'a' is not a valid number)

2019-04-30 17:06:34 - [MESSAGE][FAILED] - verifyLessThanOrEqual("a", "b") FAILED.
Reason:
com.kms.katalon.core.exception.StepFailedException: Unable to verify actual number 'a' less than or equal to expected number 'b' (Root cause: java.lang.IllegalArgumentException: Actual number with value 'a' is not a valid number)
	at com.kms.katalon.core.keyword.internal.KeywordMain.stepFailed(KeywordMain.groovy:36)
	at com.kms.katalon.core.keyword.internal.KeywordMain.stepFailed(KeywordMain.groovy)
	at com.kms.katalon.core.keyword.internal.KeywordMain.runKeyword(KeywordMain.groovy:56)
	at com.kms.katalon.core.keyword.builtin.VerifyLessThanOrEqualKeyword.verifyLessThanOrEqual(VerifyLessThanOrEqualKeyword.groovy:58)
	at com.kms.katalon.core.keyword.builtin.VerifyLessThanOrEqualKeyword.execute(VerifyLessThanOrEqualKeyword.groovy:44)
	at com.kms.katalon.core.keyword.internal.KeywordExecutor.executeKeywordForPlatform(KeywordExecutor.groovy:53)
	at com.kms.katalon.core.keyword.BuiltinKeywords.verifyLessThanOrEqual(BuiltinKeywords.groovy:288)
	at Sort.run(Sort:83)
	at com.kms.katalon.core.main.ScriptEngine.run(ScriptEngine.java:194)
	at com.kms.katalon.core.main.ScriptEngine.runScriptAsRawText(ScriptEngine.java:119)
	at com.kms.katalon.core.main.TestCaseExecutor.runScript(TestCaseExecutor.java:328)
	at com.kms.katalon.core.main.TestCaseExecutor.doExecute(TestCaseExecutor.java:319)
	at com.kms.katalon.core.main.TestCaseExecutor.processExecutionPhase(TestCaseExecutor.java:298)
	at com.kms.katalon.core.main.TestCaseExecutor.accessMainPhase(TestCaseExecutor.java:290)
	at com.kms.katalon.core.main.TestCaseExecutor.execute(TestCaseExecutor.java:224)
	at com.kms.katalon.core.main.TestSuiteExecutor.accessTestCaseMainPhase(TestSuiteExecutor.java:129)
	at com.kms.katalon.core.main.TestSuiteExecutor.accessTestSuiteMainPhase(TestSuiteExecutor.java:112)
	at com.kms.katalon.core.main.TestSuiteExecutor.execute(TestSuiteExecutor.java:81)
	at com.kms.katalon.core.main.TestCaseMain.startTestSuite(TestCaseMain.java:149)
	at com.kms.katalon.core.main.TestCaseMain$startTestSuite$0.call(Unknown Source)
	at TempTestSuite1556658368325.run(TempTestSuite1556658368325.groovy:36)]]></system-out>
         <system-err><![CDATA[2019-04-30 17:06:12 - [TEST_CASE][FAILED] - Test Cases/OCS-COLLECTION PAGE/Sort: Test Cases/OCS-COLLECTION PAGE/Sort FAILED.
Reason:
com.kms.katalon.core.exception.StepFailedException: Unable to verify actual number 'a' less than or equal to expected number 'b' (Root cause: java.lang.IllegalArgumentException: Actual number with value 'a' is not a valid number)
	at com.kms.katalon.core.keyword.internal.KeywordMain.stepFailed(KeywordMain.groovy:36)
	at com.kms.katalon.core.keyword.internal.KeywordMain.stepFailed(KeywordMain.groovy)
	at com.kms.katalon.core.keyword.internal.KeywordMain.runKeyword(KeywordMain.groovy:56)
	at com.kms.katalon.core.keyword.builtin.VerifyLessThanOrEqualKeyword.verifyLessThanOrEqual(VerifyLessThanOrEqualKeyword.groovy:58)
	at com.kms.katalon.core.keyword.builtin.VerifyLessThanOrEqualKeyword.execute(VerifyLessThanOrEqualKeyword.groovy:44)
	at com.kms.katalon.core.keyword.internal.KeywordExecutor.executeKeywordForPlatform(KeywordExecutor.groovy:53)
	at com.kms.katalon.core.keyword.BuiltinKeywords.verifyLessThanOrEqual(BuiltinKeywords.groovy:288)
	at Sort.run(Sort:83)
	at com.kms.katalon.core.main.ScriptEngine.run(ScriptEngine.java:194)
	at com.kms.katalon.core.main.ScriptEngine.runScriptAsRawText(ScriptEngine.java:119)
	at com.kms.katalon.core.main.TestCaseExecutor.runScript(TestCaseExecutor.java:328)
	at com.kms.katalon.core.main.TestCaseExecutor.doExecute(TestCaseExecutor.java:319)
	at com.kms.katalon.core.main.TestCaseExecutor.processExecutionPhase(TestCaseExecutor.java:298)
	at com.kms.katalon.core.main.TestCaseExecutor.accessMainPhase(TestCaseExecutor.java:290)
	at com.kms.katalon.core.main.TestCaseExecutor.execute(TestCaseExecutor.java:224)
	at com.kms.katalon.core.main.TestSuiteExecutor.accessTestCaseMainPhase(TestSuiteExecutor.java:129)
	at com.kms.katalon.core.main.TestSuiteExecutor.accessTestSuiteMainPhase(TestSuiteExecutor.java:112)
	at com.kms.katalon.core.main.TestSuiteExecutor.execute(TestSuiteExecutor.java:81)
	at com.kms.katalon.core.main.TestCaseMain.startTestSuite(TestCaseMain.java:149)
	at com.kms.katalon.core.main.TestCaseMain$startTestSuite$0.call(Unknown Source)
	at TempTestSuite1556658368325.run(TempTestSuite1556658368325.groovy:36)]]></system-err>
      </testcase>
      <testcase name="Test Cases/OCS-COLLECTION PAGE/Sort1" classname="Test Cases/OCS-COLLECTION PAGE/Sort1" status="FAILED">
         <failure type="FAILED" message="Test Cases/OCS-COLLECTION PAGE/Sort1 FAILED.
Reason:
com.kms.katalon.core.exception.StepFailedException: Unable to click on object 'Object Repository/SORT_OR/Page_Pre-Rolled  Ontario Cannabis S/i_Pre-Rolled_icon--sort_1' (Root cause: org.openqa.selenium.WebDriverException: unknown error: Element &lt;i class=&quot;icon--sort&quot;>&lt;/i> is not clickable at point (1283, 34). Other element would receive the click: &lt;div class=&quot;gram-widget&quot; data-flyout=&quot;#flyout--cart&quot; tabindex=&quot;0&quot;>...&lt;/div>
  (Session info: chrome=74.0.3729.108)
  (Driver info: chromedriver=2.43.600229 (3fae4d0cda5334b4f533bede5a4787f7b832d052),platform=Mac OS X 10.13.6 x86_64) (WARNING: The server did not provide any stacktrace information)
Command duration or timeout: 0 milliseconds
Build info: version: '3.7.1', revision: '8a0099a', time: '2017-11-06T21:07:36.161Z'
System info: host: 'sumans-MacBook-Pro.local', ip: 'fe80:0:0:0:10a9:6122:fd58:73f8%en0', os.name: 'Mac OS X', os.arch: 'x86_64', os.version: '10.13.6', java.version: '1.8.0_181'
Driver info: com.kms.katalon.selenium.driver.CChromeDriver
Capabilities {acceptInsecureCerts: false, acceptSslCerts: false, applicationCacheEnabled: false, browserConnectionEnabled: false, browserName: chrome, chrome: {chromedriverVersion: 2.43.600229 (3fae4d0cda5334..., userDataDir: /var/folders/1t/c55l8xzs6gq...}, cssSelectorsEnabled: true, databaseEnabled: false, goog:chromeOptions: {debuggerAddress: localhost:54643}, handlesAlerts: true, hasTouchScreen: false, javascriptEnabled: true, locationContextEnabled: true, mobileEmulationEnabled: false, nativeEvents: true, networkConnectionEnabled: false, pageLoadStrategy: normal, platform: MAC, platformName: MAC, rotatable: false, setWindowRect: true, takesHeapSnapshot: true, takesScreenshot: true, unexpectedAlertBehaviour: , unhandledPromptBehavior: , version: 74.0.3729.108, webStorageEnabled: true}
Session ID: 0df4dd2ab2f7382b561adcae8ecc0ec5)
	at com.kms.katalon.core.keyword.internal.KeywordMain.stepFailed(KeywordMain.groovy:36)
	at com.kms.katalon.core.webui.keyword.internal.WebUIKeywordMain.stepFailed(WebUIKeywordMain.groovy:65)
	at com.kms.katalon.core.webui.keyword.internal.WebUIKeywordMain.runKeyword(WebUIKeywordMain.groovy:27)
	at com.kms.katalon.core.webui.keyword.builtin.ClickKeyword.click(ClickKeyword.groovy:86)
	at com.kms.katalon.core.webui.keyword.builtin.ClickKeyword.execute(ClickKeyword.groovy:67)
	at com.kms.katalon.core.keyword.internal.KeywordExecutor.executeKeywordForPlatform(KeywordExecutor.groovy:53)
	at com.kms.katalon.core.webui.keyword.WebUiBuiltInKeywords.click(WebUiBuiltInKeywords.groovy:616)
	at com.kms.katalon.core.webui.keyword.WebUiBuiltInKeywords$click$2.call(Unknown Source)
	at Sort1.run(Sort1:70)
	at com.kms.katalon.core.main.ScriptEngine.run(ScriptEngine.java:194)
	at com.kms.katalon.core.main.ScriptEngine.runScriptAsRawText(ScriptEngine.java:119)
	at com.kms.katalon.core.main.TestCaseExecutor.runScript(TestCaseExecutor.java:328)
	at com.kms.katalon.core.main.TestCaseExecutor.doExecute(TestCaseExecutor.java:319)
	at com.kms.katalon.core.main.TestCaseExecutor.processExecutionPhase(TestCaseExecutor.java:298)
	at com.kms.katalon.core.main.TestCaseExecutor.accessMainPhase(TestCaseExecutor.java:290)
	at com.kms.katalon.core.main.TestCaseExecutor.execute(TestCaseExecutor.java:224)
	at com.kms.katalon.core.main.TestSuiteExecutor.accessTestCaseMainPhase(TestSuiteExecutor.java:129)
	at com.kms.katalon.core.main.TestSuiteExecutor.accessTestSuiteMainPhase(TestSuiteExecutor.java:112)
	at com.kms.katalon.core.main.TestSuiteExecutor.execute(TestSuiteExecutor.java:81)
	at com.kms.katalon.core.main.TestCaseMain.startTestSuite(TestCaseMain.java:149)
	at com.kms.katalon.core.main.TestCaseMain$startTestSuite$0.call(Unknown Source)
	at TempTestSuite1556658368325.run(TempTestSuite1556658368325.groovy:36)
"/>
         <system-out><![CDATA[2019-04-30 17:06:34 - [TEST_CASE][FAILED] - Test Cases/OCS-COLLECTION PAGE/Sort1: Test Cases/OCS-COLLECTION PAGE/Sort1 FAILED.
Reason:
com.kms.katalon.core.exception.StepFailedException: Unable to click on object 'Object Repository/SORT_OR/Page_Pre-Rolled  Ontario Cannabis S/i_Pre-Rolled_icon--sort_1' (Root cause: org.openqa.selenium.WebDriverException: unknown error: Element <i class="icon--sort"></i> is not clickable at point (1283, 34). Other element would receive the click: <div class="gram-widget" data-flyout="#flyout--cart" tabindex="0">...</div>
  (Session info: chrome=74.0.3729.108)
  (Driver info: chromedriver=2.43.600229 (3fae4d0cda5334b4f533bede5a4787f7b832d052),platform=Mac OS X 10.13.6 x86_64) (WARNING: The server did not provide any stacktrace information)
Command duration or timeout: 0 milliseconds
Build info: version: '3.7.1', revision: '8a0099a', time: '2017-11-06T21:07:36.161Z'
System info: host: 'sumans-MacBook-Pro.local', ip: 'fe80:0:0:0:10a9:6122:fd58:73f8%en0', os.name: 'Mac OS X', os.arch: 'x86_64', os.version: '10.13.6', java.version: '1.8.0_181'
Driver info: com.kms.katalon.selenium.driver.CChromeDriver
Capabilities {acceptInsecureCerts: false, acceptSslCerts: false, applicationCacheEnabled: false, browserConnectionEnabled: false, browserName: chrome, chrome: {chromedriverVersion: 2.43.600229 (3fae4d0cda5334..., userDataDir: /var/folders/1t/c55l8xzs6gq...}, cssSelectorsEnabled: true, databaseEnabled: false, goog:chromeOptions: {debuggerAddress: localhost:54643}, handlesAlerts: true, hasTouchScreen: false, javascriptEnabled: true, locationContextEnabled: true, mobileEmulationEnabled: false, nativeEvents: true, networkConnectionEnabled: false, pageLoadStrategy: normal, platform: MAC, platformName: MAC, rotatable: false, setWindowRect: true, takesHeapSnapshot: true, takesScreenshot: true, unexpectedAlertBehaviour: , unhandledPromptBehavior: , version: 74.0.3729.108, webStorageEnabled: true}
Session ID: 0df4dd2ab2f7382b561adcae8ecc0ec5)
	at com.kms.katalon.core.keyword.internal.KeywordMain.stepFailed(KeywordMain.groovy:36)
	at com.kms.katalon.core.webui.keyword.internal.WebUIKeywordMain.stepFailed(WebUIKeywordMain.groovy:65)
	at com.kms.katalon.core.webui.keyword.internal.WebUIKeywordMain.runKeyword(WebUIKeywordMain.groovy:27)
	at com.kms.katalon.core.webui.keyword.builtin.ClickKeyword.click(ClickKeyword.groovy:86)
	at com.kms.katalon.core.webui.keyword.builtin.ClickKeyword.execute(ClickKeyword.groovy:67)
	at com.kms.katalon.core.keyword.internal.KeywordExecutor.executeKeywordForPlatform(KeywordExecutor.groovy:53)
	at com.kms.katalon.core.webui.keyword.WebUiBuiltInKeywords.click(WebUiBuiltInKeywords.groovy:616)
	at com.kms.katalon.core.webui.keyword.WebUiBuiltInKeywords$click$2.call(Unknown Source)
	at Sort1.run(Sort1:70)
	at com.kms.katalon.core.main.ScriptEngine.run(ScriptEngine.java:194)
	at com.kms.katalon.core.main.ScriptEngine.runScriptAsRawText(ScriptEngine.java:119)
	at com.kms.katalon.core.main.TestCaseExecutor.runScript(TestCaseExecutor.java:328)
	at com.kms.katalon.core.main.TestCaseExecutor.doExecute(TestCaseExecutor.java:319)
	at com.kms.katalon.core.main.TestCaseExecutor.processExecutionPhase(TestCaseExecutor.java:298)
	at com.kms.katalon.core.main.TestCaseExecutor.accessMainPhase(TestCaseExecutor.java:290)
	at com.kms.katalon.core.main.TestCaseExecutor.execute(TestCaseExecutor.java:224)
	at com.kms.katalon.core.main.TestSuiteExecutor.accessTestCaseMainPhase(TestSuiteExecutor.java:129)
	at com.kms.katalon.core.main.TestSuiteExecutor.accessTestSuiteMainPhase(TestSuiteExecutor.java:112)
	at com.kms.katalon.core.main.TestSuiteExecutor.execute(TestSuiteExecutor.java:81)
	at com.kms.katalon.core.main.TestCaseMain.startTestSuite(TestCaseMain.java:149)
	at com.kms.katalon.core.main.TestCaseMain$startTestSuite$0.call(Unknown Source)
	at TempTestSuite1556658368325.run(TempTestSuite1556658368325.groovy:36)


2019-04-30 17:06:34 - [TEST_STEP][PASSED] - openBrowser(""): Browser is opened with url: ''

2019-04-30 17:06:34 - [MESSAGE][WARNING] - A browser is already opened. Closing browser and opening a new one

2019-04-30 17:06:34 - [MESSAGE][INFO] - Starting 'Chrome' driver

2019-04-30 17:06:36 - [MESSAGE][PASSED] - Browser is opened with url: ''

2019-04-30 17:06:36 - [TEST_STEP][PASSED] - maximizeWindow(): Current window maximized

2019-04-30 17:06:36 - [MESSAGE][PASSED] - Current window maximized

2019-04-30 17:06:36 - [TEST_STEP][PASSED] - navigateToUrl("https://ocs.ca/#/verify-age"): Navigate to 'https://ocs.ca/#/verify-age' successfully

2019-04-30 17:06:38 - [MESSAGE][PASSED] - Navigate to 'https://ocs.ca/#/verify-age' successfully

2019-04-30 17:06:38 - [TEST_STEP][PASSED] - selectOptionByValue(findTestObject("Object Repository/SORT_OR/Page_Ontario Cannabis Store  Ontari/select_Select01020304050607080"), "2", true): All options with value '2' are selected in object 'Object Repository/SORT_OR/Page_Ontario Cannabis Store  Ontari/select_Select01020304050607080'  using regular expression

2019-04-30 17:06:39 - [MESSAGE][PASSED] - All options with value '2' are selected in object 'Object Repository/SORT_OR/Page_Ontario Cannabis Store  Ontari/select_Select01020304050607080'  using regular expression

2019-04-30 17:06:39 - [TEST_STEP][PASSED] - selectOptionByValue(findTestObject("Object Repository/SORT_OR/Page_Ontario Cannabis Store  Ontari/select_SelectJanuary - 01Febru"), "2", true): All options with value '2' are selected in object 'Object Repository/SORT_OR/Page_Ontario Cannabis Store  Ontari/select_SelectJanuary - 01Febru'  using regular expression

2019-04-30 17:06:39 - [MESSAGE][PASSED] - All options with value '2' are selected in object 'Object Repository/SORT_OR/Page_Ontario Cannabis Store  Ontari/select_SelectJanuary - 01Febru'  using regular expression

2019-04-30 17:06:39 - [TEST_STEP][PASSED] - selectOptionByValue(findTestObject("Object Repository/SORT_OR/Page_Ontario Cannabis Store  Ontari/select_Select20182017201620152"), "2013", true): All options with value '2013' are selected in object 'Object Repository/SORT_OR/Page_Ontario Cannabis Store  Ontari/select_Select20182017201620152'  using regular expression

2019-04-30 17:06:40 - [MESSAGE][PASSED] - All options with value '2013' are selected in object 'Object Repository/SORT_OR/Page_Ontario Cannabis Store  Ontari/select_Select20182017201620152'  using regular expression

2019-04-30 17:06:40 - [TEST_STEP][PASSED] - click(findTestObject("Object Repository/SORT_OR/Page_Ontario Cannabis Store  Ontari/button_Verify")): Object: 'Object Repository/SORT_OR/Page_Ontario Cannabis Store  Ontari/button_Verify' is clicked on

2019-04-30 17:06:40 - [MESSAGE][PASSED] - Object: 'Object Repository/SORT_OR/Page_Ontario Cannabis Store  Ontari/button_Verify' is clicked on

2019-04-30 17:06:40 - [TEST_STEP][PASSED] - click(findTestObject("Object Repository/SORT_OR/Page_Ontario Cannabis Store  Ontari/span_CONFIRM AND ACKNOWLEDGE_c")): Object: 'Object Repository/SORT_OR/Page_Ontario Cannabis Store  Ontari/span_CONFIRM AND ACKNOWLEDGE_c' is clicked on

2019-04-30 17:06:41 - [MESSAGE][PASSED] - Object: 'Object Repository/SORT_OR/Page_Ontario Cannabis Store  Ontari/span_CONFIRM AND ACKNOWLEDGE_c' is clicked on

2019-04-30 17:06:41 - [TEST_STEP][PASSED] - click(findTestObject("Object Repository/SORT_OR/Page_Ontario Cannabis Store  Ontari/button_CONFIRM")): Object: 'Object Repository/SORT_OR/Page_Ontario Cannabis Store  Ontari/button_CONFIRM' is clicked on

2019-04-30 17:06:41 - [MESSAGE][PASSED] - Object: 'Object Repository/SORT_OR/Page_Ontario Cannabis Store  Ontari/button_CONFIRM' is clicked on

2019-04-30 17:06:41 - [TEST_STEP][PASSED] - click(findTestObject("Object Repository/SORT_OR/Page_Ontario Cannabis Store  Ontari/a_Oops Im actually 19 or older")): Object: 'Object Repository/SORT_OR/Page_Ontario Cannabis Store  Ontari/a_Oops Im actually 19 or older' is clicked on

2019-04-30 17:06:41 - [MESSAGE][PASSED] - Object: 'Object Repository/SORT_OR/Page_Ontario Cannabis Store  Ontari/a_Oops Im actually 19 or older' is clicked on

2019-04-30 17:06:41 - [TEST_STEP][PASSED] - selectOptionByValue(findTestObject("Object Repository/SORT_OR/Page_Ontario Cannabis Store  Ontari/select_Select01020304050607080"), "4", true): All options with value '4' are selected in object 'Object Repository/SORT_OR/Page_Ontario Cannabis Store  Ontari/select_Select01020304050607080'  using regular expression

2019-04-30 17:06:41 - [MESSAGE][PASSED] - All options with value '4' are selected in object 'Object Repository/SORT_OR/Page_Ontario Cannabis Store  Ontari/select_Select01020304050607080'  using regular expression

2019-04-30 17:06:41 - [TEST_STEP][PASSED] - selectOptionByValue(findTestObject("Object Repository/SORT_OR/Page_Ontario Cannabis Store  Ontari/select_SelectJanuary - 01Febru"), "9", true): All options with value '9' are selected in object 'Object Repository/SORT_OR/Page_Ontario Cannabis Store  Ontari/select_SelectJanuary - 01Febru'  using regular expression

2019-04-30 17:06:41 - [MESSAGE][PASSED] - All options with value '9' are selected in object 'Object Repository/SORT_OR/Page_Ontario Cannabis Store  Ontari/select_SelectJanuary - 01Febru'  using regular expression

2019-04-30 17:06:41 - [TEST_STEP][PASSED] - selectOptionByValue(findTestObject("Object Repository/SORT_OR/Page_Ontario Cannabis Store  Ontari/select_Select20182017201620152"), "1987", true): All options with value '1987' are selected in object 'Object Repository/SORT_OR/Page_Ontario Cannabis Store  Ontari/select_Select20182017201620152'  using regular expression

2019-04-30 17:06:42 - [MESSAGE][PASSED] - All options with value '1987' are selected in object 'Object Repository/SORT_OR/Page_Ontario Cannabis Store  Ontari/select_Select20182017201620152'  using regular expression

2019-04-30 17:06:42 - [TEST_STEP][PASSED] - click(findTestObject("Object Repository/SORT_OR/Page_Ontario Cannabis Store  Ontari/button_Verify")): Object: 'Object Repository/SORT_OR/Page_Ontario Cannabis Store  Ontari/button_Verify' is clicked on

2019-04-30 17:06:42 - [MESSAGE][PASSED] - Object: 'Object Repository/SORT_OR/Page_Ontario Cannabis Store  Ontari/button_Verify' is clicked on

2019-04-30 17:06:42 - [TEST_STEP][PASSED] - click(findTestObject("Object Repository/SORT_OR/Page_Ontario Cannabis Store  Ontari/span_CONFIRM AND ACKNOWLEDGE_c")): Object: 'Object Repository/SORT_OR/Page_Ontario Cannabis Store  Ontari/span_CONFIRM AND ACKNOWLEDGE_c' is clicked on

2019-04-30 17:06:42 - [MESSAGE][PASSED] - Object: 'Object Repository/SORT_OR/Page_Ontario Cannabis Store  Ontari/span_CONFIRM AND ACKNOWLEDGE_c' is clicked on

2019-04-30 17:06:42 - [TEST_STEP][PASSED] - click(findTestObject("Object Repository/SORT_OR/Page_Ontario Cannabis Store  Ontari/button_CONFIRM")): Object: 'Object Repository/SORT_OR/Page_Ontario Cannabis Store  Ontari/button_CONFIRM' is clicked on

2019-04-30 17:06:43 - [MESSAGE][PASSED] - Object: 'Object Repository/SORT_OR/Page_Ontario Cannabis Store  Ontari/button_CONFIRM' is clicked on

2019-04-30 17:06:43 - [TEST_STEP][PASSED] - click(findTestObject("Object Repository/SORT_OR/Page_Ontario Cannabis Store  Ontari/button_Start Browsing")): Object: 'Object Repository/SORT_OR/Page_Ontario Cannabis Store  Ontari/button_Start Browsing' is clicked on

2019-04-30 17:06:43 - [MESSAGE][PASSED] - Object: 'Object Repository/SORT_OR/Page_Ontario Cannabis Store  Ontari/button_Start Browsing' is clicked on

2019-04-30 17:06:43 - [TEST_STEP][PASSED] - delay(2): Delayed 2 second(s)

2019-04-30 17:06:45 - [MESSAGE][PASSED] - Delayed 2 second(s)

2019-04-30 17:06:45 - [TEST_STEP][PASSED] - mouseOver(findTestObject("Object Repository/SORT_OR/Page_Ontario Cannabis Store  Ontari/h3_Cannabis")): Object: 'Object Repository/SORT_OR/Page_Ontario Cannabis Store  Ontari/h3_Cannabis' is hovered

2019-04-30 17:06:45 - [MESSAGE][PASSED] - Object: 'Object Repository/SORT_OR/Page_Ontario Cannabis Store  Ontari/h3_Cannabis' is hovered

2019-04-30 17:06:45 - [TEST_STEP][PASSED] - click(findTestObject("Object Repository/SORT_OR/Page_Ontario Cannabis Store  Ontari/span_Pre-Rolled")): Object: 'Object Repository/SORT_OR/Page_Ontario Cannabis Store  Ontari/span_Pre-Rolled' is clicked on

2019-04-30 17:06:46 - [MESSAGE][PASSED] - Object: 'Object Repository/SORT_OR/Page_Ontario Cannabis Store  Ontari/span_Pre-Rolled' is clicked on

2019-04-30 17:06:46 - [TEST_STEP][PASSED] - click(findTestObject("Object Repository/SORT_OR/Page_Pre-Rolled  Ontario Cannabis S/i_Pre-Rolled_icon--sort")): Object: 'Object Repository/SORT_OR/Page_Pre-Rolled  Ontario Cannabis S/i_Pre-Rolled_icon--sort' is clicked on

2019-04-30 17:06:46 - [MESSAGE][PASSED] - Object: 'Object Repository/SORT_OR/Page_Pre-Rolled  Ontario Cannabis S/i_Pre-Rolled_icon--sort' is clicked on

2019-04-30 17:06:46 - [TEST_STEP][PASSED] - click(findTestObject("Object Repository/SORT_OR/Page_Pre-Rolled  Ontario Cannabis S/label_Price Low to High")): Object: 'Object Repository/SORT_OR/Page_Pre-Rolled  Ontario Cannabis S/label_Price Low to High' is clicked on

2019-04-30 17:06:46 - [MESSAGE][PASSED] - Object: 'Object Repository/SORT_OR/Page_Pre-Rolled  Ontario Cannabis S/label_Price Low to High' is clicked on

2019-04-30 17:06:46 - [TEST_STEP][PASSED] - scrollToPosition(1200, 93): Browser is scrolled to position x = 1200, y = 93

2019-04-30 17:06:46 - [MESSAGE][PASSED] - Browser is scrolled to position x = 1200, y = 93

2019-04-30 17:06:46 - [TEST_STEP][PASSED] - delay(2): Delayed 2 second(s)

2019-04-30 17:06:48 - [MESSAGE][PASSED] - Delayed 2 second(s)

2019-04-30 17:06:48 - [TEST_STEP][FAILED] - click(findTestObject("SORT_OR/Page_Pre-Rolled  Ontario Cannabis S/i_Pre-Rolled_icon--sort_1")): click(findTestObject("SORT_OR/Page_Pre-Rolled  Ontario Cannabis S/i_Pre-Rolled_icon--sort_1")) FAILED.
Reason:
com.kms.katalon.core.exception.StepFailedException: Unable to click on object 'Object Repository/SORT_OR/Page_Pre-Rolled  Ontario Cannabis S/i_Pre-Rolled_icon--sort_1' (Root cause: org.openqa.selenium.WebDriverException: unknown error: Element <i class="icon--sort"></i> is not clickable at point (1283, 34). Other element would receive the click: <div class="gram-widget" data-flyout="#flyout--cart" tabindex="0">...</div>
  (Session info: chrome=74.0.3729.108)
  (Driver info: chromedriver=2.43.600229 (3fae4d0cda5334b4f533bede5a4787f7b832d052),platform=Mac OS X 10.13.6 x86_64) (WARNING: The server did not provide any stacktrace information)
Command duration or timeout: 0 milliseconds
Build info: version: '3.7.1', revision: '8a0099a', time: '2017-11-06T21:07:36.161Z'
System info: host: 'sumans-MacBook-Pro.local', ip: 'fe80:0:0:0:10a9:6122:fd58:73f8%en0', os.name: 'Mac OS X', os.arch: 'x86_64', os.version: '10.13.6', java.version: '1.8.0_181'
Driver info: com.kms.katalon.selenium.driver.CChromeDriver
Capabilities {acceptInsecureCerts: false, acceptSslCerts: false, applicationCacheEnabled: false, browserConnectionEnabled: false, browserName: chrome, chrome: {chromedriverVersion: 2.43.600229 (3fae4d0cda5334..., userDataDir: /var/folders/1t/c55l8xzs6gq...}, cssSelectorsEnabled: true, databaseEnabled: false, goog:chromeOptions: {debuggerAddress: localhost:54643}, handlesAlerts: true, hasTouchScreen: false, javascriptEnabled: true, locationContextEnabled: true, mobileEmulationEnabled: false, nativeEvents: true, networkConnectionEnabled: false, pageLoadStrategy: normal, platform: MAC, platformName: MAC, rotatable: false, setWindowRect: true, takesHeapSnapshot: true, takesScreenshot: true, unexpectedAlertBehaviour: , unhandledPromptBehavior: , version: 74.0.3729.108, webStorageEnabled: true}
Session ID: 0df4dd2ab2f7382b561adcae8ecc0ec5)
	at com.kms.katalon.core.keyword.internal.KeywordMain.stepFailed(KeywordMain.groovy:36)
	at com.kms.katalon.core.webui.keyword.internal.WebUIKeywordMain.stepFailed(WebUIKeywordMain.groovy:65)
	at com.kms.katalon.core.webui.keyword.internal.WebUIKeywordMain.runKeyword(WebUIKeywordMain.groovy:27)
	at com.kms.katalon.core.webui.keyword.builtin.ClickKeyword.click(ClickKeyword.groovy:86)
	at com.kms.katalon.core.webui.keyword.builtin.ClickKeyword.execute(ClickKeyword.groovy:67)
	at com.kms.katalon.core.keyword.internal.KeywordExecutor.executeKeywordForPlatform(KeywordExecutor.groovy:53)
	at com.kms.katalon.core.webui.keyword.WebUiBuiltInKeywords.click(WebUiBuiltInKeywords.groovy:616)
	at com.kms.katalon.core.webui.keyword.WebUiBuiltInKeywords$click$2.call(Unknown Source)
	at Sort1.run(Sort1:70)
	at com.kms.katalon.core.main.ScriptEngine.run(ScriptEngine.java:194)
	at com.kms.katalon.core.main.ScriptEngine.runScriptAsRawText(ScriptEngine.java:119)
	at com.kms.katalon.core.main.TestCaseExecutor.runScript(TestCaseExecutor.java:328)
	at com.kms.katalon.core.main.TestCaseExecutor.doExecute(TestCaseExecutor.java:319)
	at com.kms.katalon.core.main.TestCaseExecutor.processExecutionPhase(TestCaseExecutor.java:298)
	at com.kms.katalon.core.main.TestCaseExecutor.accessMainPhase(TestCaseExecutor.java:290)
	at com.kms.katalon.core.main.TestCaseExecutor.execute(TestCaseExecutor.java:224)
	at com.kms.katalon.core.main.TestSuiteExecutor.accessTestCaseMainPhase(TestSuiteExecutor.java:129)
	at com.kms.katalon.core.main.TestSuiteExecutor.accessTestSuiteMainPhase(TestSuiteExecutor.java:112)
	at com.kms.katalon.core.main.TestSuiteExecutor.execute(TestSuiteExecutor.java:81)
	at com.kms.katalon.core.main.TestCaseMain.startTestSuite(TestCaseMain.java:149)
	at com.kms.katalon.core.main.TestCaseMain$startTestSuite$0.call(Unknown Source)
	at TempTestSuite1556658368325.run(TempTestSuite1556658368325.groovy:36)


2019-04-30 17:06:49 - [MESSAGE][FAILED] - Unable to click on object 'Object Repository/SORT_OR/Page_Pre-Rolled  Ontario Cannabis S/i_Pre-Rolled_icon--sort_1' (Root cause: org.openqa.selenium.WebDriverException: unknown error: Element <i class="icon--sort"></i> is not clickable at point (1283, 34). Other element would receive the click: <div class="gram-widget" data-flyout="#flyout--cart" tabindex="0">...</div>
  (Session info: chrome=74.0.3729.108)
  (Driver info: chromedriver=2.43.600229 (3fae4d0cda5334b4f533bede5a4787f7b832d052),platform=Mac OS X 10.13.6 x86_64) (WARNING: The server did not provide any stacktrace information)
Command duration or timeout: 0 milliseconds
Build info: version: '3.7.1', revision: '8a0099a', time: '2017-11-06T21:07:36.161Z'
System info: host: 'sumans-MacBook-Pro.local', ip: 'fe80:0:0:0:10a9:6122:fd58:73f8%en0', os.name: 'Mac OS X', os.arch: 'x86_64', os.version: '10.13.6', java.version: '1.8.0_181'
Driver info: com.kms.katalon.selenium.driver.CChromeDriver
Capabilities {acceptInsecureCerts: false, acceptSslCerts: false, applicationCacheEnabled: false, browserConnectionEnabled: false, browserName: chrome, chrome: {chromedriverVersion: 2.43.600229 (3fae4d0cda5334..., userDataDir: /var/folders/1t/c55l8xzs6gq...}, cssSelectorsEnabled: true, databaseEnabled: false, goog:chromeOptions: {debuggerAddress: localhost:54643}, handlesAlerts: true, hasTouchScreen: false, javascriptEnabled: true, locationContextEnabled: true, mobileEmulationEnabled: false, nativeEvents: true, networkConnectionEnabled: false, pageLoadStrategy: normal, platform: MAC, platformName: MAC, rotatable: false, setWindowRect: true, takesHeapSnapshot: true, takesScreenshot: true, unexpectedAlertBehaviour: , unhandledPromptBehavior: , version: 74.0.3729.108, webStorageEnabled: true}
Session ID: 0df4dd2ab2f7382b561adcae8ecc0ec5)
[[ATTACHMENT|/Users/sumankompelly/git/Sample-OCS/Reports/COLLECTION PAGE/20190430_170608/1556658409050.png]]

2019-04-30 17:06:49 - [MESSAGE][FAILED] - click(findTestObject("SORT_OR/Page_Pre-Rolled  Ontario Cannabis S/i_Pre-Rolled_icon--sort_1")) FAILED.
Reason:
com.kms.katalon.core.exception.StepFailedException: Unable to click on object 'Object Repository/SORT_OR/Page_Pre-Rolled  Ontario Cannabis S/i_Pre-Rolled_icon--sort_1' (Root cause: org.openqa.selenium.WebDriverException: unknown error: Element <i class="icon--sort"></i> is not clickable at point (1283, 34). Other element would receive the click: <div class="gram-widget" data-flyout="#flyout--cart" tabindex="0">...</div>
  (Session info: chrome=74.0.3729.108)
  (Driver info: chromedriver=2.43.600229 (3fae4d0cda5334b4f533bede5a4787f7b832d052),platform=Mac OS X 10.13.6 x86_64) (WARNING: The server did not provide any stacktrace information)
Command duration or timeout: 0 milliseconds
Build info: version: '3.7.1', revision: '8a0099a', time: '2017-11-06T21:07:36.161Z'
System info: host: 'sumans-MacBook-Pro.local', ip: 'fe80:0:0:0:10a9:6122:fd58:73f8%en0', os.name: 'Mac OS X', os.arch: 'x86_64', os.version: '10.13.6', java.version: '1.8.0_181'
Driver info: com.kms.katalon.selenium.driver.CChromeDriver
Capabilities {acceptInsecureCerts: false, acceptSslCerts: false, applicationCacheEnabled: false, browserConnectionEnabled: false, browserName: chrome, chrome: {chromedriverVersion: 2.43.600229 (3fae4d0cda5334..., userDataDir: /var/folders/1t/c55l8xzs6gq...}, cssSelectorsEnabled: true, databaseEnabled: false, goog:chromeOptions: {debuggerAddress: localhost:54643}, handlesAlerts: true, hasTouchScreen: false, javascriptEnabled: true, locationContextEnabled: true, mobileEmulationEnabled: false, nativeEvents: true, networkConnectionEnabled: false, pageLoadStrategy: normal, platform: MAC, platformName: MAC, rotatable: false, setWindowRect: true, takesHeapSnapshot: true, takesScreenshot: true, unexpectedAlertBehaviour: , unhandledPromptBehavior: , version: 74.0.3729.108, webStorageEnabled: true}
Session ID: 0df4dd2ab2f7382b561adcae8ecc0ec5)
	at com.kms.katalon.core.keyword.internal.KeywordMain.stepFailed(KeywordMain.groovy:36)
	at com.kms.katalon.core.webui.keyword.internal.WebUIKeywordMain.stepFailed(WebUIKeywordMain.groovy:65)
	at com.kms.katalon.core.webui.keyword.internal.WebUIKeywordMain.runKeyword(WebUIKeywordMain.groovy:27)
	at com.kms.katalon.core.webui.keyword.builtin.ClickKeyword.click(ClickKeyword.groovy:86)
	at com.kms.katalon.core.webui.keyword.builtin.ClickKeyword.execute(ClickKeyword.groovy:67)
	at com.kms.katalon.core.keyword.internal.KeywordExecutor.executeKeywordForPlatform(KeywordExecutor.groovy:53)
	at com.kms.katalon.core.webui.keyword.WebUiBuiltInKeywords.click(WebUiBuiltInKeywords.groovy:616)
	at com.kms.katalon.core.webui.keyword.WebUiBuiltInKeywords$click$2.call(Unknown Source)
	at Sort1.run(Sort1:70)
	at com.kms.katalon.core.main.ScriptEngine.run(ScriptEngine.java:194)
	at com.kms.katalon.core.main.ScriptEngine.runScriptAsRawText(ScriptEngine.java:119)
	at com.kms.katalon.core.main.TestCaseExecutor.runScript(TestCaseExecutor.java:328)
	at com.kms.katalon.core.main.TestCaseExecutor.doExecute(TestCaseExecutor.java:319)
	at com.kms.katalon.core.main.TestCaseExecutor.processExecutionPhase(TestCaseExecutor.java:298)
	at com.kms.katalon.core.main.TestCaseExecutor.accessMainPhase(TestCaseExecutor.java:290)
	at com.kms.katalon.core.main.TestCaseExecutor.execute(TestCaseExecutor.java:224)
	at com.kms.katalon.core.main.TestSuiteExecutor.accessTestCaseMainPhase(TestSuiteExecutor.java:129)
	at com.kms.katalon.core.main.TestSuiteExecutor.accessTestSuiteMainPhase(TestSuiteExecutor.java:112)
	at com.kms.katalon.core.main.TestSuiteExecutor.execute(TestSuiteExecutor.java:81)
	at com.kms.katalon.core.main.TestCaseMain.startTestSuite(TestCaseMain.java:149)
	at com.kms.katalon.core.main.TestCaseMain$startTestSuite$0.call(Unknown Source)
	at TempTestSuite1556658368325.run(TempTestSuite1556658368325.groovy:36)]]></system-out>
         <system-err><![CDATA[2019-04-30 17:06:34 - [TEST_CASE][FAILED] - Test Cases/OCS-COLLECTION PAGE/Sort1: Test Cases/OCS-COLLECTION PAGE/Sort1 FAILED.
Reason:
com.kms.katalon.core.exception.StepFailedException: Unable to click on object 'Object Repository/SORT_OR/Page_Pre-Rolled  Ontario Cannabis S/i_Pre-Rolled_icon--sort_1' (Root cause: org.openqa.selenium.WebDriverException: unknown error: Element <i class="icon--sort"></i> is not clickable at point (1283, 34). Other element would receive the click: <div class="gram-widget" data-flyout="#flyout--cart" tabindex="0">...</div>
  (Session info: chrome=74.0.3729.108)
  (Driver info: chromedriver=2.43.600229 (3fae4d0cda5334b4f533bede5a4787f7b832d052),platform=Mac OS X 10.13.6 x86_64) (WARNING: The server did not provide any stacktrace information)
Command duration or timeout: 0 milliseconds
Build info: version: '3.7.1', revision: '8a0099a', time: '2017-11-06T21:07:36.161Z'
System info: host: 'sumans-MacBook-Pro.local', ip: 'fe80:0:0:0:10a9:6122:fd58:73f8%en0', os.name: 'Mac OS X', os.arch: 'x86_64', os.version: '10.13.6', java.version: '1.8.0_181'
Driver info: com.kms.katalon.selenium.driver.CChromeDriver
Capabilities {acceptInsecureCerts: false, acceptSslCerts: false, applicationCacheEnabled: false, browserConnectionEnabled: false, browserName: chrome, chrome: {chromedriverVersion: 2.43.600229 (3fae4d0cda5334..., userDataDir: /var/folders/1t/c55l8xzs6gq...}, cssSelectorsEnabled: true, databaseEnabled: false, goog:chromeOptions: {debuggerAddress: localhost:54643}, handlesAlerts: true, hasTouchScreen: false, javascriptEnabled: true, locationContextEnabled: true, mobileEmulationEnabled: false, nativeEvents: true, networkConnectionEnabled: false, pageLoadStrategy: normal, platform: MAC, platformName: MAC, rotatable: false, setWindowRect: true, takesHeapSnapshot: true, takesScreenshot: true, unexpectedAlertBehaviour: , unhandledPromptBehavior: , version: 74.0.3729.108, webStorageEnabled: true}
Session ID: 0df4dd2ab2f7382b561adcae8ecc0ec5)
	at com.kms.katalon.core.keyword.internal.KeywordMain.stepFailed(KeywordMain.groovy:36)
	at com.kms.katalon.core.webui.keyword.internal.WebUIKeywordMain.stepFailed(WebUIKeywordMain.groovy:65)
	at com.kms.katalon.core.webui.keyword.internal.WebUIKeywordMain.runKeyword(WebUIKeywordMain.groovy:27)
	at com.kms.katalon.core.webui.keyword.builtin.ClickKeyword.click(ClickKeyword.groovy:86)
	at com.kms.katalon.core.webui.keyword.builtin.ClickKeyword.execute(ClickKeyword.groovy:67)
	at com.kms.katalon.core.keyword.internal.KeywordExecutor.executeKeywordForPlatform(KeywordExecutor.groovy:53)
	at com.kms.katalon.core.webui.keyword.WebUiBuiltInKeywords.click(WebUiBuiltInKeywords.groovy:616)
	at com.kms.katalon.core.webui.keyword.WebUiBuiltInKeywords$click$2.call(Unknown Source)
	at Sort1.run(Sort1:70)
	at com.kms.katalon.core.main.ScriptEngine.run(ScriptEngine.java:194)
	at com.kms.katalon.core.main.ScriptEngine.runScriptAsRawText(ScriptEngine.java:119)
	at com.kms.katalon.core.main.TestCaseExecutor.runScript(TestCaseExecutor.java:328)
	at com.kms.katalon.core.main.TestCaseExecutor.doExecute(TestCaseExecutor.java:319)
	at com.kms.katalon.core.main.TestCaseExecutor.processExecutionPhase(TestCaseExecutor.java:298)
	at com.kms.katalon.core.main.TestCaseExecutor.accessMainPhase(TestCaseExecutor.java:290)
	at com.kms.katalon.core.main.TestCaseExecutor.execute(TestCaseExecutor.java:224)
	at com.kms.katalon.core.main.TestSuiteExecutor.accessTestCaseMainPhase(TestSuiteExecutor.java:129)
	at com.kms.katalon.core.main.TestSuiteExecutor.accessTestSuiteMainPhase(TestSuiteExecutor.java:112)
	at com.kms.katalon.core.main.TestSuiteExecutor.execute(TestSuiteExecutor.java:81)
	at com.kms.katalon.core.main.TestCaseMain.startTestSuite(TestCaseMain.java:149)
	at com.kms.katalon.core.main.TestCaseMain$startTestSuite$0.call(Unknown Source)
	at TempTestSuite1556658368325.run(TempTestSuite1556658368325.groovy:36)]]></system-err>
      </testcase>
      <testcase name="Test Cases/OCS-COLLECTION PAGE/Chevron dropdown" classname="Test Cases/OCS-COLLECTION PAGE/Chevron dropdown" status="PASSED">
         <system-out><![CDATA[2019-04-30 17:06:49 - [TEST_CASE][PASSED] - Test Cases/OCS-COLLECTION PAGE/Chevron dropdown: Test Cases/OCS-COLLECTION PAGE/Chevron dropdown

2019-04-30 17:06:49 - [TEST_STEP][PASSED] - openBrowser(""): Browser is opened with url: ''

2019-04-30 17:06:49 - [MESSAGE][WARNING] - A browser is already opened. Closing browser and opening a new one

2019-04-30 17:06:49 - [MESSAGE][INFO] - Starting 'Chrome' driver

2019-04-30 17:06:51 - [MESSAGE][PASSED] - Browser is opened with url: ''

2019-04-30 17:06:51 - [TEST_STEP][PASSED] - navigateToUrl("https://ocs.ca/#/verify-age"): Navigate to 'https://ocs.ca/#/verify-age' successfully

2019-04-30 17:06:54 - [MESSAGE][PASSED] - Navigate to 'https://ocs.ca/#/verify-age' successfully

2019-04-30 17:06:54 - [TEST_STEP][PASSED] - selectOptionByValue(findTestObject("COLLECTION PAGE _OR/Chevron_OR/Page_Ontario Cannabis Store  Ontari/select_Select01020304050607080"), "18", true): All options with value '18' are selected in object 'Object Repository/COLLECTION PAGE _OR/Chevron_OR/Page_Ontario Cannabis Store  Ontari/select_Select01020304050607080'  using regular expression

2019-04-30 17:06:55 - [MESSAGE][PASSED] - All options with value '18' are selected in object 'Object Repository/COLLECTION PAGE _OR/Chevron_OR/Page_Ontario Cannabis Store  Ontari/select_Select01020304050607080'  using regular expression

2019-04-30 17:06:55 - [TEST_STEP][PASSED] - selectOptionByValue(findTestObject("COLLECTION PAGE _OR/Chevron_OR/Page_Ontario Cannabis Store  Ontari/select_SelectJanuary - 01Febru"), "9", true): All options with value '9' are selected in object 'Object Repository/COLLECTION PAGE _OR/Chevron_OR/Page_Ontario Cannabis Store  Ontari/select_SelectJanuary - 01Febru'  using regular expression

2019-04-30 17:06:55 - [MESSAGE][PASSED] - All options with value '9' are selected in object 'Object Repository/COLLECTION PAGE _OR/Chevron_OR/Page_Ontario Cannabis Store  Ontari/select_SelectJanuary - 01Febru'  using regular expression

2019-04-30 17:06:55 - [TEST_STEP][PASSED] - selectOptionByValue(findTestObject("COLLECTION PAGE _OR/Chevron_OR/Page_Ontario Cannabis Store  Ontari/select_Select20182017201620152"), "1949", true): All options with value '1949' are selected in object 'Object Repository/COLLECTION PAGE _OR/Chevron_OR/Page_Ontario Cannabis Store  Ontari/select_Select20182017201620152'  using regular expression

2019-04-30 17:06:56 - [MESSAGE][PASSED] - All options with value '1949' are selected in object 'Object Repository/COLLECTION PAGE _OR/Chevron_OR/Page_Ontario Cannabis Store  Ontari/select_Select20182017201620152'  using regular expression

2019-04-30 17:06:56 - [TEST_STEP][PASSED] - click(findTestObject("COLLECTION PAGE _OR/Chevron_OR/Page_Ontario Cannabis Store  Ontari/button_Verify")): Object: 'Object Repository/COLLECTION PAGE _OR/Chevron_OR/Page_Ontario Cannabis Store  Ontari/button_Verify' is clicked on

2019-04-30 17:06:56 - [MESSAGE][PASSED] - Object: 'Object Repository/COLLECTION PAGE _OR/Chevron_OR/Page_Ontario Cannabis Store  Ontari/button_Verify' is clicked on

2019-04-30 17:06:56 - [TEST_STEP][PASSED] - click(findTestObject("COLLECTION PAGE _OR/Chevron_OR/Page_Ontario Cannabis Store  Ontari/span_CONFIRM AND ACKNOWLEDGE_c")): Object: 'Object Repository/COLLECTION PAGE _OR/Chevron_OR/Page_Ontario Cannabis Store  Ontari/span_CONFIRM AND ACKNOWLEDGE_c' is clicked on

2019-04-30 17:06:56 - [MESSAGE][PASSED] - Object: 'Object Repository/COLLECTION PAGE _OR/Chevron_OR/Page_Ontario Cannabis Store  Ontari/span_CONFIRM AND ACKNOWLEDGE_c' is clicked on

2019-04-30 17:06:56 - [TEST_STEP][PASSED] - click(findTestObject("COLLECTION PAGE _OR/Chevron_OR/Page_Ontario Cannabis Store  Ontari/button_CONFIRM")): Object: 'Object Repository/COLLECTION PAGE _OR/Chevron_OR/Page_Ontario Cannabis Store  Ontari/button_CONFIRM' is clicked on

2019-04-30 17:06:57 - [MESSAGE][PASSED] - Object: 'Object Repository/COLLECTION PAGE _OR/Chevron_OR/Page_Ontario Cannabis Store  Ontari/button_CONFIRM' is clicked on

2019-04-30 17:06:57 - [TEST_STEP][PASSED] - click(findTestObject("COLLECTION PAGE _OR/Chevron_OR/Page_Ontario Cannabis Store  Ontari/button_Start Browsing")): Object: 'Object Repository/COLLECTION PAGE _OR/Chevron_OR/Page_Ontario Cannabis Store  Ontari/button_Start Browsing' is clicked on

2019-04-30 17:06:57 - [MESSAGE][PASSED] - Object: 'Object Repository/COLLECTION PAGE _OR/Chevron_OR/Page_Ontario Cannabis Store  Ontari/button_Start Browsing' is clicked on

2019-04-30 17:06:57 - [TEST_STEP][PASSED] - delay(2): Delayed 2 second(s)

2019-04-30 17:06:59 - [MESSAGE][PASSED] - Delayed 2 second(s)

2019-04-30 17:06:59 - [TEST_STEP][PASSED] - click(findTestObject("COLLECTION PAGE _OR/Chevron_OR/Page_Ontario Cannabis Store  Ontari/h3_Cannabis")): Object: 'Object Repository/COLLECTION PAGE _OR/Chevron_OR/Page_Ontario Cannabis Store  Ontari/h3_Cannabis' is clicked on

2019-04-30 17:06:59 - [MESSAGE][PASSED] - Object: 'Object Repository/COLLECTION PAGE _OR/Chevron_OR/Page_Ontario Cannabis Store  Ontari/h3_Cannabis' is clicked on

2019-04-30 17:06:59 - [TEST_STEP][PASSED] - delay(2): Delayed 2 second(s)

2019-04-30 17:07:01 - [MESSAGE][PASSED] - Delayed 2 second(s)

2019-04-30 17:07:01 - [TEST_STEP][PASSED] - click(findTestObject("COLLECTION PAGE _OR/Chevron_OR/Page_Ontario Cannabis Store  Ontari/span_Pre-Rolled")): Object: 'Object Repository/COLLECTION PAGE _OR/Chevron_OR/Page_Ontario Cannabis Store  Ontari/span_Pre-Rolled' is clicked on

2019-04-30 17:07:01 - [MESSAGE][PASSED] - Object: 'Object Repository/COLLECTION PAGE _OR/Chevron_OR/Page_Ontario Cannabis Store  Ontari/span_Pre-Rolled' is clicked on

2019-04-30 17:07:01 - [TEST_STEP][PASSED] - delay(2): Delayed 2 second(s)

2019-04-30 17:07:03 - [MESSAGE][PASSED] - Delayed 2 second(s)

2019-04-30 17:07:03 - [TEST_STEP][PASSED] - click(findTestObject("COLLECTION PAGE _OR/Chevron_OR/Page_Pre-Rolled  Ontario Cannabis S/i_Pre-Rolled_icon--forward")): Object: 'Object Repository/COLLECTION PAGE _OR/Chevron_OR/Page_Pre-Rolled  Ontario Cannabis S/i_Pre-Rolled_icon--forward' is clicked on

2019-04-30 17:07:03 - [MESSAGE][PASSED] - Object: 'Object Repository/COLLECTION PAGE _OR/Chevron_OR/Page_Pre-Rolled  Ontario Cannabis S/i_Pre-Rolled_icon--forward' is clicked on

2019-04-30 17:07:03 - [TEST_STEP][PASSED] - click(findTestObject("COLLECTION PAGE _OR/Chevron_OR/Page_Pre-Rolled  Ontario Cannabis S/a_Pre-Rolled")): Object: 'Object Repository/COLLECTION PAGE _OR/Chevron_OR/Page_Pre-Rolled  Ontario Cannabis S/a_Pre-Rolled' is clicked on

2019-04-30 17:07:04 - [MESSAGE][PASSED] - Object: 'Object Repository/COLLECTION PAGE _OR/Chevron_OR/Page_Pre-Rolled  Ontario Cannabis S/a_Pre-Rolled' is clicked on

2019-04-30 17:07:04 - [TEST_STEP][PASSED] - q = getWindowTitle(): Current window's title is: 'Pre-Rolled | Ontario Cannabis Store'

2019-04-30 17:07:04 - [MESSAGE][PASSED] - Current window's title is: 'Pre-Rolled | Ontario Cannabis Store'

2019-04-30 17:07:04 - [TEST_STEP][PASSED] - verifyMatch("", "", false): Actual text '' and expected text '' are matched 

2019-04-30 17:07:04 - [MESSAGE][PASSED] - Actual text '' and expected text '' are matched]]></system-out>
         <system-err><![CDATA[]]></system-err>
      </testcase>
      <testcase name="Test Cases/OCS-COLLECTION PAGE/breadcrumbs" classname="Test Cases/OCS-COLLECTION PAGE/breadcrumbs" status="PASSED">
         <system-out><![CDATA[2019-04-30 17:07:04 - [TEST_CASE][PASSED] - Test Cases/OCS-COLLECTION PAGE/breadcrumbs: Test Cases/OCS-COLLECTION PAGE/breadcrumbs

2019-04-30 17:07:04 - [TEST_STEP][PASSED] - openBrowser(""): Browser is opened with url: ''

2019-04-30 17:07:04 - [MESSAGE][WARNING] - A browser is already opened. Closing browser and opening a new one

2019-04-30 17:07:04 - [MESSAGE][INFO] - Starting 'Chrome' driver

2019-04-30 17:07:05 - [MESSAGE][PASSED] - Browser is opened with url: ''

2019-04-30 17:07:05 - [TEST_STEP][PASSED] - navigateToUrl("https://ocs.ca/#/verify-age"): Navigate to 'https://ocs.ca/#/verify-age' successfully

2019-04-30 17:07:09 - [MESSAGE][PASSED] - Navigate to 'https://ocs.ca/#/verify-age' successfully

2019-04-30 17:07:09 - [TEST_STEP][PASSED] - selectOptionByValue(findTestObject("COLLECTION PAGE _OR/breadcrumbs_OR/Page_Ontario Cannabis Store  Ontari/select_Select01020304050607080"), "19", true): All options with value '19' are selected in object 'Object Repository/COLLECTION PAGE _OR/breadcrumbs_OR/Page_Ontario Cannabis Store  Ontari/select_Select01020304050607080'  using regular expression

2019-04-30 17:07:09 - [MESSAGE][PASSED] - All options with value '19' are selected in object 'Object Repository/COLLECTION PAGE _OR/breadcrumbs_OR/Page_Ontario Cannabis Store  Ontari/select_Select01020304050607080'  using regular expression

2019-04-30 17:07:09 - [TEST_STEP][PASSED] - selectOptionByValue(findTestObject("COLLECTION PAGE _OR/breadcrumbs_OR/Page_Ontario Cannabis Store  Ontari/select_SelectJanuary - 01Febru"), "9", true): All options with value '9' are selected in object 'Object Repository/COLLECTION PAGE _OR/breadcrumbs_OR/Page_Ontario Cannabis Store  Ontari/select_SelectJanuary - 01Febru'  using regular expression

2019-04-30 17:07:09 - [MESSAGE][PASSED] - All options with value '9' are selected in object 'Object Repository/COLLECTION PAGE _OR/breadcrumbs_OR/Page_Ontario Cannabis Store  Ontari/select_SelectJanuary - 01Febru'  using regular expression

2019-04-30 17:07:09 - [TEST_STEP][PASSED] - selectOptionByValue(findTestObject("COLLECTION PAGE _OR/breadcrumbs_OR/Page_Ontario Cannabis Store  Ontari/select_Select20182017201620152"), "1949", true): All options with value '1949' are selected in object 'Object Repository/COLLECTION PAGE _OR/breadcrumbs_OR/Page_Ontario Cannabis Store  Ontari/select_Select20182017201620152'  using regular expression

2019-04-30 17:07:11 - [MESSAGE][PASSED] - All options with value '1949' are selected in object 'Object Repository/COLLECTION PAGE _OR/breadcrumbs_OR/Page_Ontario Cannabis Store  Ontari/select_Select20182017201620152'  using regular expression

2019-04-30 17:07:11 - [TEST_STEP][PASSED] - click(findTestObject("COLLECTION PAGE _OR/breadcrumbs_OR/Page_Ontario Cannabis Store  Ontari/button_Verify")): Object: 'Object Repository/COLLECTION PAGE _OR/breadcrumbs_OR/Page_Ontario Cannabis Store  Ontari/button_Verify' is clicked on

2019-04-30 17:07:11 - [MESSAGE][PASSED] - Object: 'Object Repository/COLLECTION PAGE _OR/breadcrumbs_OR/Page_Ontario Cannabis Store  Ontari/button_Verify' is clicked on

2019-04-30 17:07:11 - [TEST_STEP][PASSED] - click(findTestObject("COLLECTION PAGE _OR/breadcrumbs_OR/Page_Ontario Cannabis Store  Ontari/span_CONFIRM AND ACKNOWLEDGE_c")): Object: 'Object Repository/COLLECTION PAGE _OR/breadcrumbs_OR/Page_Ontario Cannabis Store  Ontari/span_CONFIRM AND ACKNOWLEDGE_c' is clicked on

2019-04-30 17:07:11 - [MESSAGE][PASSED] - Object: 'Object Repository/COLLECTION PAGE _OR/breadcrumbs_OR/Page_Ontario Cannabis Store  Ontari/span_CONFIRM AND ACKNOWLEDGE_c' is clicked on

2019-04-30 17:07:11 - [TEST_STEP][PASSED] - click(findTestObject("COLLECTION PAGE _OR/breadcrumbs_OR/Page_Ontario Cannabis Store  Ontari/button_CONFIRM")): Object: 'Object Repository/COLLECTION PAGE _OR/breadcrumbs_OR/Page_Ontario Cannabis Store  Ontari/button_CONFIRM' is clicked on

2019-04-30 17:07:11 - [MESSAGE][PASSED] - Object: 'Object Repository/COLLECTION PAGE _OR/breadcrumbs_OR/Page_Ontario Cannabis Store  Ontari/button_CONFIRM' is clicked on

2019-04-30 17:07:11 - [TEST_STEP][PASSED] - click(findTestObject("COLLECTION PAGE _OR/breadcrumbs_OR/Page_Ontario Cannabis Store  Ontari/button_Start Browsing")): Object: 'Object Repository/COLLECTION PAGE _OR/breadcrumbs_OR/Page_Ontario Cannabis Store  Ontari/button_Start Browsing' is clicked on

2019-04-30 17:07:11 - [MESSAGE][PASSED] - Object: 'Object Repository/COLLECTION PAGE _OR/breadcrumbs_OR/Page_Ontario Cannabis Store  Ontari/button_Start Browsing' is clicked on

2019-04-30 17:07:11 - [TEST_STEP][PASSED] - click(findTestObject("COLLECTION PAGE _OR/breadcrumbs_OR/Page_Ontario Cannabis Store  Ontari/h3_Cannabis")): Object: 'Object Repository/COLLECTION PAGE _OR/breadcrumbs_OR/Page_Ontario Cannabis Store  Ontari/h3_Cannabis' is clicked on

2019-04-30 17:07:11 - [MESSAGE][PASSED] - Object: 'Object Repository/COLLECTION PAGE _OR/breadcrumbs_OR/Page_Ontario Cannabis Store  Ontari/h3_Cannabis' is clicked on

2019-04-30 17:07:11 - [TEST_STEP][PASSED] - click(findTestObject("COLLECTION PAGE _OR/breadcrumbs_OR/Page_Ontario Cannabis Store  Ontari/span_Dried Flower")): Object: 'Object Repository/COLLECTION PAGE _OR/breadcrumbs_OR/Page_Ontario Cannabis Store  Ontari/span_Dried Flower' is clicked on

2019-04-30 17:07:12 - [MESSAGE][PASSED] - Object: 'Object Repository/COLLECTION PAGE _OR/breadcrumbs_OR/Page_Ontario Cannabis Store  Ontari/span_Dried Flower' is clicked on

2019-04-30 17:07:12 - [TEST_STEP][PASSED] - click(findTestObject("COLLECTION PAGE _OR/breadcrumbs_OR/Page_Dried Flower  Ontario Cannabis/a_Cannabis")): Object: 'Object Repository/COLLECTION PAGE _OR/breadcrumbs_OR/Page_Dried Flower  Ontario Cannabis/a_Cannabis' is clicked on

2019-04-30 17:07:14 - [MESSAGE][PASSED] - Object: 'Object Repository/COLLECTION PAGE _OR/breadcrumbs_OR/Page_Dried Flower  Ontario Cannabis/a_Cannabis' is clicked on

2019-04-30 17:07:14 - [TEST_STEP][PASSED] - a = getWindowTitle(): Current window's title is: 'All Cannabis Products | Ontario Cannabis Store'

2019-04-30 17:07:14 - [MESSAGE][PASSED] - Current window's title is: 'All Cannabis Products | Ontario Cannabis Store'

2019-04-30 17:07:14 - [TEST_STEP][PASSED] - comment(a): All Cannabis Products | Ontario Cannabis Store

2019-04-30 17:07:14 - [MESSAGE][INFO] - All Cannabis Products | Ontario Cannabis Store

2019-04-30 17:07:14 - [TEST_STEP][PASSED] - assert getWindowTitle() == a: Current window's title is: 'All Cannabis Products | Ontario Cannabis Store'

2019-04-30 17:07:14 - [MESSAGE][PASSED] - Current window's title is: 'All Cannabis Products | Ontario Cannabis Store'

2019-04-30 17:07:14 - [TEST_STEP][PASSED] - click(findTestObject("COLLECTION PAGE _OR/breadcrumbs_OR/Page_All Cannabis Products  Ontario/a_Home")): Object: 'Object Repository/COLLECTION PAGE _OR/breadcrumbs_OR/Page_All Cannabis Products  Ontario/a_Home' is clicked on

2019-04-30 17:07:16 - [MESSAGE][PASSED] - Object: 'Object Repository/COLLECTION PAGE _OR/breadcrumbs_OR/Page_All Cannabis Products  Ontario/a_Home' is clicked on

2019-04-30 17:07:16 - [TEST_STEP][PASSED] - b = getWindowTitle(): Current window's title is: 'Ontario Cannabis Store | Ontario Cannabis Store'

2019-04-30 17:07:16 - [MESSAGE][PASSED] - Current window's title is: 'Ontario Cannabis Store | Ontario Cannabis Store'

2019-04-30 17:07:16 - [TEST_STEP][PASSED] - comment(b): Ontario Cannabis Store | Ontario Cannabis Store

2019-04-30 17:07:16 - [MESSAGE][INFO] - Ontario Cannabis Store | Ontario Cannabis Store

2019-04-30 17:07:16 - [TEST_STEP][PASSED] - assert getWindowTitle() == b: Current window's title is: 'Ontario Cannabis Store | Ontario Cannabis Store'

2019-04-30 17:07:16 - [MESSAGE][PASSED] - Current window's title is: 'Ontario Cannabis Store | Ontario Cannabis Store']]></system-out>
         <system-err><![CDATA[]]></system-err>
      </testcase>
      <testcase name="Test Cases/OCS-COLLECTION PAGE/Pagination" classname="Test Cases/OCS-COLLECTION PAGE/Pagination" status="PASSED">
         <system-out><![CDATA[2019-04-30 17:07:16 - [TEST_CASE][PASSED] - Test Cases/OCS-COLLECTION PAGE/Pagination: Test Cases/OCS-COLLECTION PAGE/Pagination

2019-04-30 17:07:16 - [TEST_STEP][PASSED] - openBrowser(""): Browser is opened with url: ''

2019-04-30 17:07:16 - [MESSAGE][WARNING] - A browser is already opened. Closing browser and opening a new one

2019-04-30 17:07:16 - [MESSAGE][INFO] - Starting 'Chrome' driver

2019-04-30 17:07:17 - [MESSAGE][PASSED] - Browser is opened with url: ''

2019-04-30 17:07:17 - [TEST_STEP][PASSED] - maximizeWindow(): Current window maximized

2019-04-30 17:07:17 - [MESSAGE][PASSED] - Current window maximized

2019-04-30 17:07:17 - [TEST_STEP][PASSED] - navigateToUrl("https://ocs.ca/#/verify-age"): Navigate to 'https://ocs.ca/#/verify-age' successfully

2019-04-30 17:07:21 - [MESSAGE][PASSED] - Navigate to 'https://ocs.ca/#/verify-age' successfully

2019-04-30 17:07:21 - [TEST_STEP][PASSED] - selectOptionByValue(findTestObject("COLLECTION PAGE _OR/Pagination_OR/Page_Ontario Cannabis Store  Ontari/select_Select01020304050607080"), "18", true): All options with value '18' are selected in object 'Object Repository/COLLECTION PAGE _OR/Pagination_OR/Page_Ontario Cannabis Store  Ontari/select_Select01020304050607080'  using regular expression

2019-04-30 17:07:22 - [MESSAGE][PASSED] - All options with value '18' are selected in object 'Object Repository/COLLECTION PAGE _OR/Pagination_OR/Page_Ontario Cannabis Store  Ontari/select_Select01020304050607080'  using regular expression

2019-04-30 17:07:22 - [TEST_STEP][PASSED] - selectOptionByValue(findTestObject("COLLECTION PAGE _OR/Pagination_OR/Page_Ontario Cannabis Store  Ontari/select_SelectJanuary - 01Febru"), "9", true): All options with value '9' are selected in object 'Object Repository/COLLECTION PAGE _OR/Pagination_OR/Page_Ontario Cannabis Store  Ontari/select_SelectJanuary - 01Febru'  using regular expression

2019-04-30 17:07:22 - [MESSAGE][PASSED] - All options with value '9' are selected in object 'Object Repository/COLLECTION PAGE _OR/Pagination_OR/Page_Ontario Cannabis Store  Ontari/select_SelectJanuary - 01Febru'  using regular expression

2019-04-30 17:07:22 - [TEST_STEP][PASSED] - selectOptionByValue(findTestObject("COLLECTION PAGE _OR/Pagination_OR/Page_Ontario Cannabis Store  Ontari/select_Select20182017201620152"), "1956", true): All options with value '1956' are selected in object 'Object Repository/COLLECTION PAGE _OR/Pagination_OR/Page_Ontario Cannabis Store  Ontari/select_Select20182017201620152'  using regular expression

2019-04-30 17:07:23 - [MESSAGE][PASSED] - All options with value '1956' are selected in object 'Object Repository/COLLECTION PAGE _OR/Pagination_OR/Page_Ontario Cannabis Store  Ontari/select_Select20182017201620152'  using regular expression

2019-04-30 17:07:23 - [TEST_STEP][PASSED] - click(findTestObject("COLLECTION PAGE _OR/Pagination_OR/Page_Ontario Cannabis Store  Ontari/button_Verify")): Object: 'Object Repository/COLLECTION PAGE _OR/Pagination_OR/Page_Ontario Cannabis Store  Ontari/button_Verify' is clicked on

2019-04-30 17:07:23 - [MESSAGE][PASSED] - Object: 'Object Repository/COLLECTION PAGE _OR/Pagination_OR/Page_Ontario Cannabis Store  Ontari/button_Verify' is clicked on

2019-04-30 17:07:23 - [TEST_STEP][PASSED] - click(findTestObject("COLLECTION PAGE _OR/Pagination_OR/Page_Ontario Cannabis Store  Ontari/span_CONFIRM AND ACKNOWLEDGE_c")): Object: 'Object Repository/COLLECTION PAGE _OR/Pagination_OR/Page_Ontario Cannabis Store  Ontari/span_CONFIRM AND ACKNOWLEDGE_c' is clicked on

2019-04-30 17:07:23 - [MESSAGE][PASSED] - Object: 'Object Repository/COLLECTION PAGE _OR/Pagination_OR/Page_Ontario Cannabis Store  Ontari/span_CONFIRM AND ACKNOWLEDGE_c' is clicked on

2019-04-30 17:07:23 - [TEST_STEP][PASSED] - click(findTestObject("COLLECTION PAGE _OR/Pagination_OR/Page_Ontario Cannabis Store  Ontari/button_CONFIRM")): Object: 'Object Repository/COLLECTION PAGE _OR/Pagination_OR/Page_Ontario Cannabis Store  Ontari/button_CONFIRM' is clicked on

2019-04-30 17:07:23 - [MESSAGE][PASSED] - Object: 'Object Repository/COLLECTION PAGE _OR/Pagination_OR/Page_Ontario Cannabis Store  Ontari/button_CONFIRM' is clicked on

2019-04-30 17:07:23 - [TEST_STEP][PASSED] - click(findTestObject("COLLECTION PAGE _OR/Pagination_OR/Page_Ontario Cannabis Store  Ontari/button_Start Browsing")): Object: 'Object Repository/COLLECTION PAGE _OR/Pagination_OR/Page_Ontario Cannabis Store  Ontari/button_Start Browsing' is clicked on

2019-04-30 17:07:23 - [MESSAGE][PASSED] - Object: 'Object Repository/COLLECTION PAGE _OR/Pagination_OR/Page_Ontario Cannabis Store  Ontari/button_Start Browsing' is clicked on

2019-04-30 17:07:23 - [TEST_STEP][PASSED] - click(findTestObject("COLLECTION PAGE _OR/Pagination_OR/Page_Ontario Cannabis Store  Ontari/h3_Cannabis")): Object: 'Object Repository/COLLECTION PAGE _OR/Pagination_OR/Page_Ontario Cannabis Store  Ontari/h3_Cannabis' is clicked on

2019-04-30 17:07:23 - [MESSAGE][PASSED] - Object: 'Object Repository/COLLECTION PAGE _OR/Pagination_OR/Page_Ontario Cannabis Store  Ontari/h3_Cannabis' is clicked on

2019-04-30 17:07:23 - [TEST_STEP][PASSED] - delay(2): Delayed 2 second(s)

2019-04-30 17:07:25 - [MESSAGE][PASSED] - Delayed 2 second(s)

2019-04-30 17:07:25 - [TEST_STEP][PASSED] - click(findTestObject("COLLECTION PAGE _OR/Pagination_OR/Page_Ontario Cannabis Store  Ontari/span_Pre-Rolled")): Object: 'Object Repository/COLLECTION PAGE _OR/Pagination_OR/Page_Ontario Cannabis Store  Ontari/span_Pre-Rolled' is clicked on

2019-04-30 17:07:27 - [MESSAGE][PASSED] - Object: 'Object Repository/COLLECTION PAGE _OR/Pagination_OR/Page_Ontario Cannabis Store  Ontari/span_Pre-Rolled' is clicked on

2019-04-30 17:07:27 - [TEST_STEP][PASSED] - delay(2): Delayed 2 second(s)

2019-04-30 17:07:29 - [MESSAGE][PASSED] - Delayed 2 second(s)

2019-04-30 17:07:29 - [TEST_STEP][PASSED] - click(findTestObject("COLLECTION PAGE _OR/Pagination_OR/Page_Pre-Rolled  Ontario Cannabis S/a_2")): Object: 'Object Repository/COLLECTION PAGE _OR/Pagination_OR/Page_Pre-Rolled  Ontario Cannabis S/a_2' is clicked on

2019-04-30 17:07:29 - [MESSAGE][PASSED] - Object: 'Object Repository/COLLECTION PAGE _OR/Pagination_OR/Page_Pre-Rolled  Ontario Cannabis S/a_2' is clicked on

2019-04-30 17:07:29 - [TEST_STEP][PASSED] - delay(2): Delayed 2 second(s)

2019-04-30 17:07:31 - [MESSAGE][PASSED] - Delayed 2 second(s)

2019-04-30 17:07:31 - [TEST_STEP][PASSED] - scrollToPosition(570, 49): Browser is scrolled to position x = 570, y = 49

2019-04-30 17:07:31 - [MESSAGE][PASSED] - Browser is scrolled to position x = 570, y = 49

2019-04-30 17:07:31 - [TEST_STEP][PASSED] - click(findTestObject("COLLECTION PAGE _OR/Pagination_OR/Page_Pre-Rolled  Ontario Cannabis S/a_3"), STOP_ON_FAILURE): Object: 'Object Repository/COLLECTION PAGE _OR/Pagination_OR/Page_Pre-Rolled  Ontario Cannabis S/a_3' is clicked on

2019-04-30 17:07:31 - [MESSAGE][PASSED] - Object: 'Object Repository/COLLECTION PAGE _OR/Pagination_OR/Page_Pre-Rolled  Ontario Cannabis S/a_3' is clicked on

2019-04-30 17:07:31 - [TEST_STEP][PASSED] - delay(2): Delayed 2 second(s)

2019-04-30 17:07:33 - [MESSAGE][PASSED] - Delayed 2 second(s)

2019-04-30 17:07:33 - [TEST_STEP][PASSED] - scrollToPosition(570, 49): Browser is scrolled to position x = 570, y = 49

2019-04-30 17:07:33 - [MESSAGE][PASSED] - Browser is scrolled to position x = 570, y = 49

2019-04-30 17:07:33 - [TEST_STEP][PASSED] - delay(2): Delayed 2 second(s)

2019-04-30 17:07:35 - [MESSAGE][PASSED] - Delayed 2 second(s)

2019-04-30 17:07:35 - [TEST_STEP][PASSED] - click(findTestObject("COLLECTION PAGE _OR/Pagination_OR/Page_Pre-Rolled  Ontario Cannabis S/a_Previous")): Object: 'Object Repository/COLLECTION PAGE _OR/Pagination_OR/Page_Pre-Rolled  Ontario Cannabis S/a_Previous' is clicked on

2019-04-30 17:07:35 - [MESSAGE][PASSED] - Object: 'Object Repository/COLLECTION PAGE _OR/Pagination_OR/Page_Pre-Rolled  Ontario Cannabis S/a_Previous' is clicked on

2019-04-30 17:07:35 - [TEST_STEP][PASSED] - delay(2): Delayed 2 second(s)

2019-04-30 17:07:37 - [MESSAGE][PASSED] - Delayed 2 second(s)

2019-04-30 17:07:37 - [TEST_STEP][PASSED] - scrollToPosition(570, 49): Browser is scrolled to position x = 570, y = 49

2019-04-30 17:07:37 - [MESSAGE][PASSED] - Browser is scrolled to position x = 570, y = 49

2019-04-30 17:07:37 - [TEST_STEP][PASSED] - click(findTestObject("COLLECTION PAGE _OR/Pagination_OR/Page_Pre-Rolled  Ontario Cannabis S/a_Next")): Object: 'Object Repository/COLLECTION PAGE _OR/Pagination_OR/Page_Pre-Rolled  Ontario Cannabis S/a_Next' is clicked on

2019-04-30 17:07:38 - [MESSAGE][PASSED] - Object: 'Object Repository/COLLECTION PAGE _OR/Pagination_OR/Page_Pre-Rolled  Ontario Cannabis S/a_Next' is clicked on

2019-04-30 17:07:38 - [TEST_STEP][PASSED] - delay(2): Delayed 2 second(s)

2019-04-30 17:07:40 - [MESSAGE][PASSED] - Delayed 2 second(s)

2019-04-30 17:07:40 - [TEST_STEP][PASSED] - click(findTestObject("COLLECTION PAGE _OR/Pagination_OR/Page_Pre-Rolled  Ontario Cannabis S/a_What to consider")): Object: 'Object Repository/COLLECTION PAGE _OR/Pagination_OR/Page_Pre-Rolled  Ontario Cannabis S/a_What to consider' is clicked on

2019-04-30 17:07:42 - [MESSAGE][PASSED] - Object: 'Object Repository/COLLECTION PAGE _OR/Pagination_OR/Page_Pre-Rolled  Ontario Cannabis S/a_What to consider' is clicked on

2019-04-30 17:07:42 - [TEST_STEP][PASSED] - back(): Navigate back successfully

2019-04-30 17:07:44 - [MESSAGE][PASSED] - Navigate back successfully

2019-04-30 17:07:44 - [TEST_STEP][PASSED] - delay(4): Delayed 4 second(s)

2019-04-30 17:07:48 - [MESSAGE][PASSED] - Delayed 4 second(s)

2019-04-30 17:07:48 - [TEST_STEP][PASSED] - click(findTestObject("COLLECTION PAGE _OR/Pagination_OR/pagination_OR/Page_Pre-Rolled  Ontario Cannabis S/a_Previous")): Object: 'Object Repository/COLLECTION PAGE _OR/Pagination_OR/pagination_OR/Page_Pre-Rolled  Ontario Cannabis S/a_Previous' is clicked on

2019-04-30 17:07:48 - [MESSAGE][PASSED] - Object: 'Object Repository/COLLECTION PAGE _OR/Pagination_OR/pagination_OR/Page_Pre-Rolled  Ontario Cannabis S/a_Previous' is clicked on

2019-04-30 17:07:48 - [TEST_STEP][PASSED] - delay(2): Delayed 2 second(s)

2019-04-30 17:07:50 - [MESSAGE][PASSED] - Delayed 2 second(s)

2019-04-30 17:07:50 - [TEST_STEP][PASSED] - delay(2): Delayed 2 second(s)

2019-04-30 17:07:52 - [MESSAGE][PASSED] - Delayed 2 second(s)

2019-04-30 17:07:52 - [TEST_STEP][PASSED] - click(findTestObject("COLLECTION PAGE _OR/Pagination_OR/pagination_OR/Page_Pre-Rolled  Ontario Cannabis S/span_1")): Object: 'Object Repository/COLLECTION PAGE _OR/Pagination_OR/pagination_OR/Page_Pre-Rolled  Ontario Cannabis S/span_1' is clicked on

2019-04-30 17:07:52 - [MESSAGE][PASSED] - Object: 'Object Repository/COLLECTION PAGE _OR/Pagination_OR/pagination_OR/Page_Pre-Rolled  Ontario Cannabis S/span_1' is clicked on

2019-04-30 17:07:52 - [TEST_STEP][PASSED] - delay(2): Delayed 2 second(s)

2019-04-30 17:07:54 - [MESSAGE][PASSED] - Delayed 2 second(s)

2019-04-30 17:07:54 - [TEST_STEP][PASSED] - click(findTestObject("COLLECTION PAGE _OR/Pagination_OR/pagination_OR/Page_Pre-Rolled  Ontario Cannabis S/span_3")): Object: 'Object Repository/COLLECTION PAGE _OR/Pagination_OR/pagination_OR/Page_Pre-Rolled  Ontario Cannabis S/span_3' is clicked on

2019-04-30 17:07:54 - [MESSAGE][PASSED] - Object: 'Object Repository/COLLECTION PAGE _OR/Pagination_OR/pagination_OR/Page_Pre-Rolled  Ontario Cannabis S/span_3' is clicked on

2019-04-30 17:07:54 - [TEST_STEP][PASSED] - scrollToPosition(570, 40): Browser is scrolled to position x = 570, y = 40

2019-04-30 17:07:54 - [MESSAGE][PASSED] - Browser is scrolled to position x = 570, y = 40

2019-04-30 17:07:54 - [TEST_STEP][PASSED] - delay(2): Delayed 2 second(s)

2019-04-30 17:07:56 - [MESSAGE][PASSED] - Delayed 2 second(s)

2019-04-30 17:07:56 - [TEST_STEP][PASSED] - click(findTestObject("COLLECTION PAGE _OR/Pagination_OR/pagination_OR/Page_Pre-Rolled  Ontario Cannabis S/a_4")): Object: 'Object Repository/COLLECTION PAGE _OR/Pagination_OR/pagination_OR/Page_Pre-Rolled  Ontario Cannabis S/a_4' is clicked on

2019-04-30 17:07:56 - [MESSAGE][PASSED] - Object: 'Object Repository/COLLECTION PAGE _OR/Pagination_OR/pagination_OR/Page_Pre-Rolled  Ontario Cannabis S/a_4' is clicked on

2019-04-30 17:07:56 - [TEST_STEP][PASSED] - scrollToPosition(570, 40): Browser is scrolled to position x = 570, y = 40

2019-04-30 17:07:56 - [MESSAGE][PASSED] - Browser is scrolled to position x = 570, y = 40

2019-04-30 17:07:56 - [TEST_STEP][PASSED] - delay(2): Delayed 2 second(s)

2019-04-30 17:07:58 - [MESSAGE][PASSED] - Delayed 2 second(s)

2019-04-30 17:07:58 - [TEST_STEP][NOT_RUN] - click(findTestObject("COLLECTION PAGE _OR/Pagination_OR/pagination_OR/Page_Pre-Rolled  Ontario Cannabis S/a_Previous")): NOT_RUN: click(findTestObject("COLLECTION PAGE _OR/Pagination_OR/pagination_OR/Page_Pre-Rolled  Ontario Cannabis S/a_Previous"))

2019-04-30 17:07:58 - [MESSAGE][NOT_RUN] - NOT_RUN: click(findTestObject("COLLECTION PAGE _OR/Pagination_OR/pagination_OR/Page_Pre-Rolled  Ontario Cannabis S/a_Previous"))

2019-04-30 17:07:58 - [TEST_STEP][NOT_RUN] - scrollToPosition(570, 40): NOT_RUN: scrollToPosition(570, 40)

2019-04-30 17:07:58 - [MESSAGE][NOT_RUN] - NOT_RUN: scrollToPosition(570, 40)

2019-04-30 17:07:58 - [TEST_STEP][NOT_RUN] - delay(2): NOT_RUN: delay(2)

2019-04-30 17:07:58 - [MESSAGE][NOT_RUN] - NOT_RUN: delay(2)

2019-04-30 17:07:58 - [TEST_STEP][NOT_RUN] - scrollToPosition(570, 40): NOT_RUN: scrollToPosition(570, 40)

2019-04-30 17:07:58 - [MESSAGE][NOT_RUN] - NOT_RUN: scrollToPosition(570, 40)

2019-04-30 17:07:58 - [TEST_STEP][NOT_RUN] - delay(2): NOT_RUN: delay(2)

2019-04-30 17:07:58 - [MESSAGE][NOT_RUN] - NOT_RUN: delay(2)

2019-04-30 17:07:58 - [TEST_STEP][NOT_RUN] - click(findTestObject("COLLECTION PAGE _OR/Pagination_OR/pagination_OR/Page_Pre-Rolled  Ontario Cannabis S/a_Next")): NOT_RUN: click(findTestObject("COLLECTION PAGE _OR/Pagination_OR/pagination_OR/Page_Pre-Rolled  Ontario Cannabis S/a_Next"))

2019-04-30 17:07:58 - [MESSAGE][NOT_RUN] - NOT_RUN: click(findTestObject("COLLECTION PAGE _OR/Pagination_OR/pagination_OR/Page_Pre-Rolled  Ontario Cannabis S/a_Next"))]]></system-out>
         <system-err><![CDATA[]]></system-err>
      </testcase>
      <testcase name="Test Cases/OCS-COLLECTION PAGE/What to consider" classname="Test Cases/OCS-COLLECTION PAGE/What to consider" status="PASSED">
         <system-out><![CDATA[2019-04-30 17:07:58 - [TEST_CASE][PASSED] - Test Cases/OCS-COLLECTION PAGE/What to consider: Test Cases/OCS-COLLECTION PAGE/What to consider

2019-04-30 17:07:58 - [TEST_STEP][PASSED] - openBrowser(""): Browser is opened with url: ''

2019-04-30 17:07:58 - [MESSAGE][WARNING] - A browser is already opened. Closing browser and opening a new one

2019-04-30 17:07:59 - [MESSAGE][INFO] - Starting 'Chrome' driver

2019-04-30 17:08:00 - [MESSAGE][PASSED] - Browser is opened with url: ''

2019-04-30 17:08:00 - [TEST_STEP][PASSED] - navigateToUrl("https://ocs.ca/#/verify-age"): Navigate to 'https://ocs.ca/#/verify-age' successfully

2019-04-30 17:08:03 - [MESSAGE][PASSED] - Navigate to 'https://ocs.ca/#/verify-age' successfully

2019-04-30 17:08:03 - [TEST_STEP][PASSED] - selectOptionByValue(findTestObject("Object Repository/What to consider_OR/Page_Ontario Cannabis Store  Ontari/select_Select01020304050607080"), "18", true): All options with value '18' are selected in object 'Object Repository/What to consider_OR/Page_Ontario Cannabis Store  Ontari/select_Select01020304050607080'  using regular expression

2019-04-30 17:08:04 - [MESSAGE][PASSED] - All options with value '18' are selected in object 'Object Repository/What to consider_OR/Page_Ontario Cannabis Store  Ontari/select_Select01020304050607080'  using regular expression

2019-04-30 17:08:04 - [TEST_STEP][PASSED] - selectOptionByValue(findTestObject("Object Repository/What to consider_OR/Page_Ontario Cannabis Store  Ontari/select_SelectJanuary - 01Febru"), "9", true): All options with value '9' are selected in object 'Object Repository/What to consider_OR/Page_Ontario Cannabis Store  Ontari/select_SelectJanuary - 01Febru'  using regular expression

2019-04-30 17:08:04 - [MESSAGE][PASSED] - All options with value '9' are selected in object 'Object Repository/What to consider_OR/Page_Ontario Cannabis Store  Ontari/select_SelectJanuary - 01Febru'  using regular expression

2019-04-30 17:08:04 - [TEST_STEP][PASSED] - selectOptionByValue(findTestObject("Object Repository/What to consider_OR/Page_Ontario Cannabis Store  Ontari/select_Select20182017201620152"), "1955", true): All options with value '1955' are selected in object 'Object Repository/What to consider_OR/Page_Ontario Cannabis Store  Ontari/select_Select20182017201620152'  using regular expression

2019-04-30 17:08:05 - [MESSAGE][PASSED] - All options with value '1955' are selected in object 'Object Repository/What to consider_OR/Page_Ontario Cannabis Store  Ontari/select_Select20182017201620152'  using regular expression

2019-04-30 17:08:05 - [TEST_STEP][PASSED] - click(findTestObject("Object Repository/What to consider_OR/Page_Ontario Cannabis Store  Ontari/button_Verify")): Object: 'Object Repository/What to consider_OR/Page_Ontario Cannabis Store  Ontari/button_Verify' is clicked on

2019-04-30 17:08:05 - [MESSAGE][PASSED] - Object: 'Object Repository/What to consider_OR/Page_Ontario Cannabis Store  Ontari/button_Verify' is clicked on

2019-04-30 17:08:05 - [TEST_STEP][PASSED] - click(findTestObject("Object Repository/What to consider_OR/Page_Ontario Cannabis Store  Ontari/span_CONFIRM AND ACKNOWLEDGE_c")): Object: 'Object Repository/What to consider_OR/Page_Ontario Cannabis Store  Ontari/span_CONFIRM AND ACKNOWLEDGE_c' is clicked on

2019-04-30 17:08:05 - [MESSAGE][PASSED] - Object: 'Object Repository/What to consider_OR/Page_Ontario Cannabis Store  Ontari/span_CONFIRM AND ACKNOWLEDGE_c' is clicked on

2019-04-30 17:08:05 - [TEST_STEP][PASSED] - click(findTestObject("Object Repository/What to consider_OR/Page_Ontario Cannabis Store  Ontari/button_CONFIRM")): Object: 'Object Repository/What to consider_OR/Page_Ontario Cannabis Store  Ontari/button_CONFIRM' is clicked on

2019-04-30 17:08:05 - [MESSAGE][PASSED] - Object: 'Object Repository/What to consider_OR/Page_Ontario Cannabis Store  Ontari/button_CONFIRM' is clicked on

2019-04-30 17:08:05 - [TEST_STEP][PASSED] - click(findTestObject("Object Repository/What to consider_OR/Page_Ontario Cannabis Store  Ontari/button_Start Browsing")): Object: 'Object Repository/What to consider_OR/Page_Ontario Cannabis Store  Ontari/button_Start Browsing' is clicked on

2019-04-30 17:08:05 - [MESSAGE][PASSED] - Object: 'Object Repository/What to consider_OR/Page_Ontario Cannabis Store  Ontari/button_Start Browsing' is clicked on

2019-04-30 17:08:05 - [TEST_STEP][PASSED] - delay(2): Delayed 2 second(s)

2019-04-30 17:08:07 - [MESSAGE][PASSED] - Delayed 2 second(s)

2019-04-30 17:08:07 - [TEST_STEP][PASSED] - mouseOver(findTestObject("What to consider_OR/Page_Ontario Cannabis Store  Ontari/h3_Cannabis")): Object: 'Object Repository/What to consider_OR/Page_Ontario Cannabis Store  Ontari/h3_Cannabis' is hovered

2019-04-30 17:08:07 - [MESSAGE][PASSED] - Object: 'Object Repository/What to consider_OR/Page_Ontario Cannabis Store  Ontari/h3_Cannabis' is hovered

2019-04-30 17:08:07 - [TEST_STEP][PASSED] - click(findTestObject("Object Repository/What to consider_OR/Page_Ontario Cannabis Store  Ontari/span_Pre-Rolled")): Object: 'Object Repository/What to consider_OR/Page_Ontario Cannabis Store  Ontari/span_Pre-Rolled' is clicked on

2019-04-30 17:08:08 - [MESSAGE][PASSED] - Object: 'Object Repository/What to consider_OR/Page_Ontario Cannabis Store  Ontari/span_Pre-Rolled' is clicked on

2019-04-30 17:08:08 - [TEST_STEP][PASSED] - click(findTestObject("Object Repository/What to consider_OR/Page_Pre-Rolled  Ontario Cannabis S/a_What to consider")): Object: 'Object Repository/What to consider_OR/Page_Pre-Rolled  Ontario Cannabis S/a_What to consider' is clicked on

2019-04-30 17:08:11 - [MESSAGE][PASSED] - Object: 'Object Repository/What to consider_OR/Page_Pre-Rolled  Ontario Cannabis S/a_What to consider' is clicked on

2019-04-30 17:08:11 - [TEST_STEP][PASSED] - back(): Navigate back successfully

2019-04-30 17:08:12 - [MESSAGE][PASSED] - Navigate back successfully]]></system-out>
         <system-err><![CDATA[]]></system-err>
      </testcase>
      <testcase name="Test Cases/OCS-COLLECTION PAGE/Filter" classname="Test Cases/OCS-COLLECTION PAGE/Filter" status="FAILED">
         <failure type="FAILED" message="Test Cases/OCS-COLLECTION PAGE/Filter FAILED.
Reason:
com.kms.katalon.core.exception.StepFailedException: Unable to click on object 'Object Repository/COLLECTION PAGE _OR/Filter_OR/Page_Pre-Rolled  Ontario Cannabis S/i_Plant Type_collection-plant-' (Root cause: org.openqa.selenium.WebDriverException: unknown error: Element &lt;i id=&quot;collection-plant-type-tooltip&quot; class=&quot;icon icon--question-mark js-tooltip&quot; data-placement-desktop=&quot;right-start&quot; data-placement-mobile=&quot;right-start&quot; data-header=&quot;Plant Type&quot; data-description=&quot;This refers to the plant type of a cannabis product. There are three types: Sativa, Indica, or Hybrid.  &quot;>&lt;/i> is not clickable at point (952, 180). Other element would receive the click: &lt;div class=&quot;ocs-tooltip&quot; role=&quot;tooltip&quot; id=&quot;tooltip_jyaguo67op&quot; aria-hidden=&quot;false&quot; x-placement=&quot;right-start&quot; style=&quot;position: absolute; transform: translate3d(90px, -1px, 0px); top: 0px; left: 0px; will-change: transform;&quot;>...&lt;/div>
  (Session info: chrome=74.0.3729.108)
  (Driver info: chromedriver=2.43.600229 (3fae4d0cda5334b4f533bede5a4787f7b832d052),platform=Mac OS X 10.13.6 x86_64) (WARNING: The server did not provide any stacktrace information)
Command duration or timeout: 0 milliseconds
Build info: version: '3.7.1', revision: '8a0099a', time: '2017-11-06T21:07:36.161Z'
System info: host: 'sumans-MacBook-Pro.local', ip: 'fe80:0:0:0:10a9:6122:fd58:73f8%en0', os.name: 'Mac OS X', os.arch: 'x86_64', os.version: '10.13.6', java.version: '1.8.0_181'
Driver info: com.kms.katalon.selenium.driver.CChromeDriver
Capabilities {acceptInsecureCerts: false, acceptSslCerts: false, applicationCacheEnabled: false, browserConnectionEnabled: false, browserName: chrome, chrome: {chromedriverVersion: 2.43.600229 (3fae4d0cda5334..., userDataDir: /var/folders/1t/c55l8xzs6gq...}, cssSelectorsEnabled: true, databaseEnabled: false, goog:chromeOptions: {debuggerAddress: localhost:54897}, handlesAlerts: true, hasTouchScreen: false, javascriptEnabled: true, locationContextEnabled: true, mobileEmulationEnabled: false, nativeEvents: true, networkConnectionEnabled: false, pageLoadStrategy: normal, platform: MAC, platformName: MAC, rotatable: false, setWindowRect: true, takesHeapSnapshot: true, takesScreenshot: true, unexpectedAlertBehaviour: , unhandledPromptBehavior: , version: 74.0.3729.108, webStorageEnabled: true}
Session ID: 42d6644f7d6debe3635dd3f952c8c5cb)
	at com.kms.katalon.core.keyword.internal.KeywordMain.stepFailed(KeywordMain.groovy:36)
	at com.kms.katalon.core.webui.keyword.internal.WebUIKeywordMain.stepFailed(WebUIKeywordMain.groovy:65)
	at com.kms.katalon.core.webui.keyword.internal.WebUIKeywordMain.runKeyword(WebUIKeywordMain.groovy:27)
	at com.kms.katalon.core.webui.keyword.builtin.ClickKeyword.click(ClickKeyword.groovy:86)
	at com.kms.katalon.core.webui.keyword.builtin.ClickKeyword.execute(ClickKeyword.groovy:67)
	at com.kms.katalon.core.keyword.internal.KeywordExecutor.executeKeywordForPlatform(KeywordExecutor.groovy:53)
	at com.kms.katalon.core.webui.keyword.WebUiBuiltInKeywords.click(WebUiBuiltInKeywords.groovy:616)
	at com.kms.katalon.core.webui.keyword.WebUiBuiltInKeywords$click$2.call(Unknown Source)
	at Filter.run(Filter:53)
	at com.kms.katalon.core.main.ScriptEngine.run(ScriptEngine.java:194)
	at com.kms.katalon.core.main.ScriptEngine.runScriptAsRawText(ScriptEngine.java:119)
	at com.kms.katalon.core.main.TestCaseExecutor.runScript(TestCaseExecutor.java:328)
	at com.kms.katalon.core.main.TestCaseExecutor.doExecute(TestCaseExecutor.java:319)
	at com.kms.katalon.core.main.TestCaseExecutor.processExecutionPhase(TestCaseExecutor.java:298)
	at com.kms.katalon.core.main.TestCaseExecutor.accessMainPhase(TestCaseExecutor.java:290)
	at com.kms.katalon.core.main.TestCaseExecutor.execute(TestCaseExecutor.java:224)
	at com.kms.katalon.core.main.TestSuiteExecutor.accessTestCaseMainPhase(TestSuiteExecutor.java:129)
	at com.kms.katalon.core.main.TestSuiteExecutor.accessTestSuiteMainPhase(TestSuiteExecutor.java:112)
	at com.kms.katalon.core.main.TestSuiteExecutor.execute(TestSuiteExecutor.java:81)
	at com.kms.katalon.core.main.TestCaseMain.startTestSuite(TestCaseMain.java:149)
	at com.kms.katalon.core.main.TestCaseMain$startTestSuite$0.call(Unknown Source)
	at TempTestSuite1556658368325.run(TempTestSuite1556658368325.groovy:36)
"/>
         <system-out><![CDATA[2019-04-30 17:08:12 - [TEST_CASE][FAILED] - Test Cases/OCS-COLLECTION PAGE/Filter: Test Cases/OCS-COLLECTION PAGE/Filter FAILED.
Reason:
com.kms.katalon.core.exception.StepFailedException: Unable to click on object 'Object Repository/COLLECTION PAGE _OR/Filter_OR/Page_Pre-Rolled  Ontario Cannabis S/i_Plant Type_collection-plant-' (Root cause: org.openqa.selenium.WebDriverException: unknown error: Element <i id="collection-plant-type-tooltip" class="icon icon--question-mark js-tooltip" data-placement-desktop="right-start" data-placement-mobile="right-start" data-header="Plant Type" data-description="This refers to the plant type of a cannabis product. There are three types: Sativa, Indica, or Hybrid.  "></i> is not clickable at point (952, 180). Other element would receive the click: <div class="ocs-tooltip" role="tooltip" id="tooltip_jyaguo67op" aria-hidden="false" x-placement="right-start" style="position: absolute; transform: translate3d(90px, -1px, 0px); top: 0px; left: 0px; will-change: transform;">...</div>
  (Session info: chrome=74.0.3729.108)
  (Driver info: chromedriver=2.43.600229 (3fae4d0cda5334b4f533bede5a4787f7b832d052),platform=Mac OS X 10.13.6 x86_64) (WARNING: The server did not provide any stacktrace information)
Command duration or timeout: 0 milliseconds
Build info: version: '3.7.1', revision: '8a0099a', time: '2017-11-06T21:07:36.161Z'
System info: host: 'sumans-MacBook-Pro.local', ip: 'fe80:0:0:0:10a9:6122:fd58:73f8%en0', os.name: 'Mac OS X', os.arch: 'x86_64', os.version: '10.13.6', java.version: '1.8.0_181'
Driver info: com.kms.katalon.selenium.driver.CChromeDriver
Capabilities {acceptInsecureCerts: false, acceptSslCerts: false, applicationCacheEnabled: false, browserConnectionEnabled: false, browserName: chrome, chrome: {chromedriverVersion: 2.43.600229 (3fae4d0cda5334..., userDataDir: /var/folders/1t/c55l8xzs6gq...}, cssSelectorsEnabled: true, databaseEnabled: false, goog:chromeOptions: {debuggerAddress: localhost:54897}, handlesAlerts: true, hasTouchScreen: false, javascriptEnabled: true, locationContextEnabled: true, mobileEmulationEnabled: false, nativeEvents: true, networkConnectionEnabled: false, pageLoadStrategy: normal, platform: MAC, platformName: MAC, rotatable: false, setWindowRect: true, takesHeapSnapshot: true, takesScreenshot: true, unexpectedAlertBehaviour: , unhandledPromptBehavior: , version: 74.0.3729.108, webStorageEnabled: true}
Session ID: 42d6644f7d6debe3635dd3f952c8c5cb)
	at com.kms.katalon.core.keyword.internal.KeywordMain.stepFailed(KeywordMain.groovy:36)
	at com.kms.katalon.core.webui.keyword.internal.WebUIKeywordMain.stepFailed(WebUIKeywordMain.groovy:65)
	at com.kms.katalon.core.webui.keyword.internal.WebUIKeywordMain.runKeyword(WebUIKeywordMain.groovy:27)
	at com.kms.katalon.core.webui.keyword.builtin.ClickKeyword.click(ClickKeyword.groovy:86)
	at com.kms.katalon.core.webui.keyword.builtin.ClickKeyword.execute(ClickKeyword.groovy:67)
	at com.kms.katalon.core.keyword.internal.KeywordExecutor.executeKeywordForPlatform(KeywordExecutor.groovy:53)
	at com.kms.katalon.core.webui.keyword.WebUiBuiltInKeywords.click(WebUiBuiltInKeywords.groovy:616)
	at com.kms.katalon.core.webui.keyword.WebUiBuiltInKeywords$click$2.call(Unknown Source)
	at Filter.run(Filter:53)
	at com.kms.katalon.core.main.ScriptEngine.run(ScriptEngine.java:194)
	at com.kms.katalon.core.main.ScriptEngine.runScriptAsRawText(ScriptEngine.java:119)
	at com.kms.katalon.core.main.TestCaseExecutor.runScript(TestCaseExecutor.java:328)
	at com.kms.katalon.core.main.TestCaseExecutor.doExecute(TestCaseExecutor.java:319)
	at com.kms.katalon.core.main.TestCaseExecutor.processExecutionPhase(TestCaseExecutor.java:298)
	at com.kms.katalon.core.main.TestCaseExecutor.accessMainPhase(TestCaseExecutor.java:290)
	at com.kms.katalon.core.main.TestCaseExecutor.execute(TestCaseExecutor.java:224)
	at com.kms.katalon.core.main.TestSuiteExecutor.accessTestCaseMainPhase(TestSuiteExecutor.java:129)
	at com.kms.katalon.core.main.TestSuiteExecutor.accessTestSuiteMainPhase(TestSuiteExecutor.java:112)
	at com.kms.katalon.core.main.TestSuiteExecutor.execute(TestSuiteExecutor.java:81)
	at com.kms.katalon.core.main.TestCaseMain.startTestSuite(TestCaseMain.java:149)
	at com.kms.katalon.core.main.TestCaseMain$startTestSuite$0.call(Unknown Source)
	at TempTestSuite1556658368325.run(TempTestSuite1556658368325.groovy:36)


2019-04-30 17:08:12 - [TEST_STEP][PASSED] - openBrowser(""): Browser is opened with url: ''

2019-04-30 17:08:12 - [MESSAGE][WARNING] - A browser is already opened. Closing browser and opening a new one

2019-04-30 17:08:12 - [MESSAGE][INFO] - Starting 'Chrome' driver

2019-04-30 17:08:13 - [MESSAGE][PASSED] - Browser is opened with url: ''

2019-04-30 17:08:13 - [TEST_STEP][PASSED] - navigateToUrl("https://ocs.ca/#/verify-age"): Navigate to 'https://ocs.ca/#/verify-age' successfully

2019-04-30 17:08:17 - [MESSAGE][PASSED] - Navigate to 'https://ocs.ca/#/verify-age' successfully

2019-04-30 17:08:17 - [TEST_STEP][PASSED] - selectOptionByValue(findTestObject("Object Repository/COLLECTION PAGE _OR/Filter_OR/Page_Ontario Cannabis Store  Ontari/select_Select01020304050607080"), "17", true): All options with value '17' are selected in object 'Object Repository/COLLECTION PAGE _OR/Filter_OR/Page_Ontario Cannabis Store  Ontari/select_Select01020304050607080'  using regular expression

2019-04-30 17:08:17 - [MESSAGE][PASSED] - All options with value '17' are selected in object 'Object Repository/COLLECTION PAGE _OR/Filter_OR/Page_Ontario Cannabis Store  Ontari/select_Select01020304050607080'  using regular expression

2019-04-30 17:08:17 - [TEST_STEP][PASSED] - selectOptionByValue(findTestObject("Object Repository/COLLECTION PAGE _OR/Filter_OR/Page_Ontario Cannabis Store  Ontari/select_SelectJanuary - 01Febru"), "9", true): All options with value '9' are selected in object 'Object Repository/COLLECTION PAGE _OR/Filter_OR/Page_Ontario Cannabis Store  Ontari/select_SelectJanuary - 01Febru'  using regular expression

2019-04-30 17:08:17 - [MESSAGE][PASSED] - All options with value '9' are selected in object 'Object Repository/COLLECTION PAGE _OR/Filter_OR/Page_Ontario Cannabis Store  Ontari/select_SelectJanuary - 01Febru'  using regular expression

2019-04-30 17:08:17 - [TEST_STEP][PASSED] - selectOptionByValue(findTestObject("Object Repository/COLLECTION PAGE _OR/Filter_OR/Page_Ontario Cannabis Store  Ontari/select_Select20182017201620152"), "1949", true): All options with value '1949' are selected in object 'Object Repository/COLLECTION PAGE _OR/Filter_OR/Page_Ontario Cannabis Store  Ontari/select_Select20182017201620152'  using regular expression

2019-04-30 17:08:18 - [MESSAGE][PASSED] - All options with value '1949' are selected in object 'Object Repository/COLLECTION PAGE _OR/Filter_OR/Page_Ontario Cannabis Store  Ontari/select_Select20182017201620152'  using regular expression

2019-04-30 17:08:18 - [TEST_STEP][PASSED] - click(findTestObject("Object Repository/COLLECTION PAGE _OR/Filter_OR/Page_Ontario Cannabis Store  Ontari/button_Verify")): Object: 'Object Repository/COLLECTION PAGE _OR/Filter_OR/Page_Ontario Cannabis Store  Ontari/button_Verify' is clicked on

2019-04-30 17:08:19 - [MESSAGE][PASSED] - Object: 'Object Repository/COLLECTION PAGE _OR/Filter_OR/Page_Ontario Cannabis Store  Ontari/button_Verify' is clicked on

2019-04-30 17:08:19 - [TEST_STEP][PASSED] - click(findTestObject("Object Repository/COLLECTION PAGE _OR/Filter_OR/Page_Ontario Cannabis Store  Ontari/span_CONFIRM AND ACKNOWLEDGE_c")): Object: 'Object Repository/COLLECTION PAGE _OR/Filter_OR/Page_Ontario Cannabis Store  Ontari/span_CONFIRM AND ACKNOWLEDGE_c' is clicked on

2019-04-30 17:08:19 - [MESSAGE][PASSED] - Object: 'Object Repository/COLLECTION PAGE _OR/Filter_OR/Page_Ontario Cannabis Store  Ontari/span_CONFIRM AND ACKNOWLEDGE_c' is clicked on

2019-04-30 17:08:19 - [TEST_STEP][PASSED] - click(findTestObject("Object Repository/COLLECTION PAGE _OR/Filter_OR/Page_Ontario Cannabis Store  Ontari/button_CONFIRM")): Object: 'Object Repository/COLLECTION PAGE _OR/Filter_OR/Page_Ontario Cannabis Store  Ontari/button_CONFIRM' is clicked on

2019-04-30 17:08:19 - [MESSAGE][PASSED] - Object: 'Object Repository/COLLECTION PAGE _OR/Filter_OR/Page_Ontario Cannabis Store  Ontari/button_CONFIRM' is clicked on

2019-04-30 17:08:19 - [TEST_STEP][PASSED] - click(findTestObject("Object Repository/COLLECTION PAGE _OR/Filter_OR/Page_Ontario Cannabis Store  Ontari/button_Start Browsing")): Object: 'Object Repository/COLLECTION PAGE _OR/Filter_OR/Page_Ontario Cannabis Store  Ontari/button_Start Browsing' is clicked on

2019-04-30 17:08:19 - [MESSAGE][PASSED] - Object: 'Object Repository/COLLECTION PAGE _OR/Filter_OR/Page_Ontario Cannabis Store  Ontari/button_Start Browsing' is clicked on

2019-04-30 17:08:19 - [TEST_STEP][PASSED] - click(findTestObject("COLLECTION PAGE _OR/Filter_OR/Page_Ontario Cannabis Store  Ontari/h3_Cannabis")): Object: 'Object Repository/COLLECTION PAGE _OR/Filter_OR/Page_Ontario Cannabis Store  Ontari/h3_Cannabis' is clicked on

2019-04-30 17:08:19 - [MESSAGE][PASSED] - Object: 'Object Repository/COLLECTION PAGE _OR/Filter_OR/Page_Ontario Cannabis Store  Ontari/h3_Cannabis' is clicked on

2019-04-30 17:08:19 - [TEST_STEP][PASSED] - delay(2): Delayed 2 second(s)

2019-04-30 17:08:21 - [MESSAGE][PASSED] - Delayed 2 second(s)

2019-04-30 17:08:21 - [TEST_STEP][PASSED] - click(findTestObject("Object Repository/COLLECTION PAGE _OR/Filter_OR/Page_Ontario Cannabis Store  Ontari/span_Pre-Rolled")): Object: 'Object Repository/COLLECTION PAGE _OR/Filter_OR/Page_Ontario Cannabis Store  Ontari/span_Pre-Rolled' is clicked on

2019-04-30 17:08:23 - [MESSAGE][PASSED] - Object: 'Object Repository/COLLECTION PAGE _OR/Filter_OR/Page_Ontario Cannabis Store  Ontari/span_Pre-Rolled' is clicked on

2019-04-30 17:08:23 - [TEST_STEP][PASSED] - delay(2): Delayed 2 second(s)

2019-04-30 17:08:25 - [MESSAGE][PASSED] - Delayed 2 second(s)

2019-04-30 17:08:25 - [TEST_STEP][PASSED] - click(findTestObject("Object Repository/COLLECTION PAGE _OR/Filter_OR/Page_Pre-Rolled  Ontario Cannabis S/i_CBD  High to Low_icon--filte")): Object: 'Object Repository/COLLECTION PAGE _OR/Filter_OR/Page_Pre-Rolled  Ontario Cannabis S/i_CBD  High to Low_icon--filte' is clicked on

2019-04-30 17:08:25 - [MESSAGE][PASSED] - Object: 'Object Repository/COLLECTION PAGE _OR/Filter_OR/Page_Pre-Rolled  Ontario Cannabis S/i_CBD  High to Low_icon--filte' is clicked on

2019-04-30 17:08:25 - [TEST_STEP][PASSED] - delay(2): Delayed 2 second(s)

2019-04-30 17:08:27 - [MESSAGE][PASSED] - Delayed 2 second(s)

2019-04-30 17:08:27 - [TEST_STEP][PASSED] - click(findTestObject("Object Repository/COLLECTION PAGE _OR/Filter_OR/Page_Pre-Rolled  Ontario Cannabis S/i_THC  CBD_collection-thc-tool")): Object: 'Object Repository/COLLECTION PAGE _OR/Filter_OR/Page_Pre-Rolled  Ontario Cannabis S/i_THC  CBD_collection-thc-tool' is clicked on

2019-04-30 17:08:27 - [MESSAGE][PASSED] - Object: 'Object Repository/COLLECTION PAGE _OR/Filter_OR/Page_Pre-Rolled  Ontario Cannabis S/i_THC  CBD_collection-thc-tool' is clicked on

2019-04-30 17:08:27 - [TEST_STEP][PASSED] - delay(4): Delayed 4 second(s)

2019-04-30 17:08:31 - [MESSAGE][PASSED] - Delayed 4 second(s)

2019-04-30 17:08:31 - [TEST_STEP][FAILED] - click(findTestObject("COLLECTION PAGE _OR/Filter_OR/Page_Pre-Rolled  Ontario Cannabis S/i_Plant Type_collection-plant-")): click(findTestObject("COLLECTION PAGE _OR/Filter_OR/Page_Pre-Rolled  Ontario Cannabis S/i_Plant Type_collection-plant-")) FAILED.
Reason:
com.kms.katalon.core.exception.StepFailedException: Unable to click on object 'Object Repository/COLLECTION PAGE _OR/Filter_OR/Page_Pre-Rolled  Ontario Cannabis S/i_Plant Type_collection-plant-' (Root cause: org.openqa.selenium.WebDriverException: unknown error: Element <i id="collection-plant-type-tooltip" class="icon icon--question-mark js-tooltip" data-placement-desktop="right-start" data-placement-mobile="right-start" data-header="Plant Type" data-description="This refers to the plant type of a cannabis product. There are three types: Sativa, Indica, or Hybrid.  "></i> is not clickable at point (952, 180). Other element would receive the click: <div class="ocs-tooltip" role="tooltip" id="tooltip_jyaguo67op" aria-hidden="false" x-placement="right-start" style="position: absolute; transform: translate3d(90px, -1px, 0px); top: 0px; left: 0px; will-change: transform;">...</div>
  (Session info: chrome=74.0.3729.108)
  (Driver info: chromedriver=2.43.600229 (3fae4d0cda5334b4f533bede5a4787f7b832d052),platform=Mac OS X 10.13.6 x86_64) (WARNING: The server did not provide any stacktrace information)
Command duration or timeout: 0 milliseconds
Build info: version: '3.7.1', revision: '8a0099a', time: '2017-11-06T21:07:36.161Z'
System info: host: 'sumans-MacBook-Pro.local', ip: 'fe80:0:0:0:10a9:6122:fd58:73f8%en0', os.name: 'Mac OS X', os.arch: 'x86_64', os.version: '10.13.6', java.version: '1.8.0_181'
Driver info: com.kms.katalon.selenium.driver.CChromeDriver
Capabilities {acceptInsecureCerts: false, acceptSslCerts: false, applicationCacheEnabled: false, browserConnectionEnabled: false, browserName: chrome, chrome: {chromedriverVersion: 2.43.600229 (3fae4d0cda5334..., userDataDir: /var/folders/1t/c55l8xzs6gq...}, cssSelectorsEnabled: true, databaseEnabled: false, goog:chromeOptions: {debuggerAddress: localhost:54897}, handlesAlerts: true, hasTouchScreen: false, javascriptEnabled: true, locationContextEnabled: true, mobileEmulationEnabled: false, nativeEvents: true, networkConnectionEnabled: false, pageLoadStrategy: normal, platform: MAC, platformName: MAC, rotatable: false, setWindowRect: true, takesHeapSnapshot: true, takesScreenshot: true, unexpectedAlertBehaviour: , unhandledPromptBehavior: , version: 74.0.3729.108, webStorageEnabled: true}
Session ID: 42d6644f7d6debe3635dd3f952c8c5cb)
	at com.kms.katalon.core.keyword.internal.KeywordMain.stepFailed(KeywordMain.groovy:36)
	at com.kms.katalon.core.webui.keyword.internal.WebUIKeywordMain.stepFailed(WebUIKeywordMain.groovy:65)
	at com.kms.katalon.core.webui.keyword.internal.WebUIKeywordMain.runKeyword(WebUIKeywordMain.groovy:27)
	at com.kms.katalon.core.webui.keyword.builtin.ClickKeyword.click(ClickKeyword.groovy:86)
	at com.kms.katalon.core.webui.keyword.builtin.ClickKeyword.execute(ClickKeyword.groovy:67)
	at com.kms.katalon.core.keyword.internal.KeywordExecutor.executeKeywordForPlatform(KeywordExecutor.groovy:53)
	at com.kms.katalon.core.webui.keyword.WebUiBuiltInKeywords.click(WebUiBuiltInKeywords.groovy:616)
	at com.kms.katalon.core.webui.keyword.WebUiBuiltInKeywords$click$2.call(Unknown Source)
	at Filter.run(Filter:53)
	at com.kms.katalon.core.main.ScriptEngine.run(ScriptEngine.java:194)
	at com.kms.katalon.core.main.ScriptEngine.runScriptAsRawText(ScriptEngine.java:119)
	at com.kms.katalon.core.main.TestCaseExecutor.runScript(TestCaseExecutor.java:328)
	at com.kms.katalon.core.main.TestCaseExecutor.doExecute(TestCaseExecutor.java:319)
	at com.kms.katalon.core.main.TestCaseExecutor.processExecutionPhase(TestCaseExecutor.java:298)
	at com.kms.katalon.core.main.TestCaseExecutor.accessMainPhase(TestCaseExecutor.java:290)
	at com.kms.katalon.core.main.TestCaseExecutor.execute(TestCaseExecutor.java:224)
	at com.kms.katalon.core.main.TestSuiteExecutor.accessTestCaseMainPhase(TestSuiteExecutor.java:129)
	at com.kms.katalon.core.main.TestSuiteExecutor.accessTestSuiteMainPhase(TestSuiteExecutor.java:112)
	at com.kms.katalon.core.main.TestSuiteExecutor.execute(TestSuiteExecutor.java:81)
	at com.kms.katalon.core.main.TestCaseMain.startTestSuite(TestCaseMain.java:149)
	at com.kms.katalon.core.main.TestCaseMain$startTestSuite$0.call(Unknown Source)
	at TempTestSuite1556658368325.run(TempTestSuite1556658368325.groovy:36)


2019-04-30 17:08:32 - [MESSAGE][FAILED] - Unable to click on object 'Object Repository/COLLECTION PAGE _OR/Filter_OR/Page_Pre-Rolled  Ontario Cannabis S/i_Plant Type_collection-plant-' (Root cause: org.openqa.selenium.WebDriverException: unknown error: Element <i id="collection-plant-type-tooltip" class="icon icon--question-mark js-tooltip" data-placement-desktop="right-start" data-placement-mobile="right-start" data-header="Plant Type" data-description="This refers to the plant type of a cannabis product. There are three types: Sativa, Indica, or Hybrid.  "></i> is not clickable at point (952, 180). Other element would receive the click: <div class="ocs-tooltip" role="tooltip" id="tooltip_jyaguo67op" aria-hidden="false" x-placement="right-start" style="position: absolute; transform: translate3d(90px, -1px, 0px); top: 0px; left: 0px; will-change: transform;">...</div>
  (Session info: chrome=74.0.3729.108)
  (Driver info: chromedriver=2.43.600229 (3fae4d0cda5334b4f533bede5a4787f7b832d052),platform=Mac OS X 10.13.6 x86_64) (WARNING: The server did not provide any stacktrace information)
Command duration or timeout: 0 milliseconds
Build info: version: '3.7.1', revision: '8a0099a', time: '2017-11-06T21:07:36.161Z'
System info: host: 'sumans-MacBook-Pro.local', ip: 'fe80:0:0:0:10a9:6122:fd58:73f8%en0', os.name: 'Mac OS X', os.arch: 'x86_64', os.version: '10.13.6', java.version: '1.8.0_181'
Driver info: com.kms.katalon.selenium.driver.CChromeDriver
Capabilities {acceptInsecureCerts: false, acceptSslCerts: false, applicationCacheEnabled: false, browserConnectionEnabled: false, browserName: chrome, chrome: {chromedriverVersion: 2.43.600229 (3fae4d0cda5334..., userDataDir: /var/folders/1t/c55l8xzs6gq...}, cssSelectorsEnabled: true, databaseEnabled: false, goog:chromeOptions: {debuggerAddress: localhost:54897}, handlesAlerts: true, hasTouchScreen: false, javascriptEnabled: true, locationContextEnabled: true, mobileEmulationEnabled: false, nativeEvents: true, networkConnectionEnabled: false, pageLoadStrategy: normal, platform: MAC, platformName: MAC, rotatable: false, setWindowRect: true, takesHeapSnapshot: true, takesScreenshot: true, unexpectedAlertBehaviour: , unhandledPromptBehavior: , version: 74.0.3729.108, webStorageEnabled: true}
Session ID: 42d6644f7d6debe3635dd3f952c8c5cb)
[[ATTACHMENT|/Users/sumankompelly/git/Sample-OCS/Reports/COLLECTION PAGE/20190430_170608/1556658511772.png]]

2019-04-30 17:08:32 - [MESSAGE][FAILED] - click(findTestObject("COLLECTION PAGE _OR/Filter_OR/Page_Pre-Rolled  Ontario Cannabis S/i_Plant Type_collection-plant-")) FAILED.
Reason:
com.kms.katalon.core.exception.StepFailedException: Unable to click on object 'Object Repository/COLLECTION PAGE _OR/Filter_OR/Page_Pre-Rolled  Ontario Cannabis S/i_Plant Type_collection-plant-' (Root cause: org.openqa.selenium.WebDriverException: unknown error: Element <i id="collection-plant-type-tooltip" class="icon icon--question-mark js-tooltip" data-placement-desktop="right-start" data-placement-mobile="right-start" data-header="Plant Type" data-description="This refers to the plant type of a cannabis product. There are three types: Sativa, Indica, or Hybrid.  "></i> is not clickable at point (952, 180). Other element would receive the click: <div class="ocs-tooltip" role="tooltip" id="tooltip_jyaguo67op" aria-hidden="false" x-placement="right-start" style="position: absolute; transform: translate3d(90px, -1px, 0px); top: 0px; left: 0px; will-change: transform;">...</div>
  (Session info: chrome=74.0.3729.108)
  (Driver info: chromedriver=2.43.600229 (3fae4d0cda5334b4f533bede5a4787f7b832d052),platform=Mac OS X 10.13.6 x86_64) (WARNING: The server did not provide any stacktrace information)
Command duration or timeout: 0 milliseconds
Build info: version: '3.7.1', revision: '8a0099a', time: '2017-11-06T21:07:36.161Z'
System info: host: 'sumans-MacBook-Pro.local', ip: 'fe80:0:0:0:10a9:6122:fd58:73f8%en0', os.name: 'Mac OS X', os.arch: 'x86_64', os.version: '10.13.6', java.version: '1.8.0_181'
Driver info: com.kms.katalon.selenium.driver.CChromeDriver
Capabilities {acceptInsecureCerts: false, acceptSslCerts: false, applicationCacheEnabled: false, browserConnectionEnabled: false, browserName: chrome, chrome: {chromedriverVersion: 2.43.600229 (3fae4d0cda5334..., userDataDir: /var/folders/1t/c55l8xzs6gq...}, cssSelectorsEnabled: true, databaseEnabled: false, goog:chromeOptions: {debuggerAddress: localhost:54897}, handlesAlerts: true, hasTouchScreen: false, javascriptEnabled: true, locationContextEnabled: true, mobileEmulationEnabled: false, nativeEvents: true, networkConnectionEnabled: false, pageLoadStrategy: normal, platform: MAC, platformName: MAC, rotatable: false, setWindowRect: true, takesHeapSnapshot: true, takesScreenshot: true, unexpectedAlertBehaviour: , unhandledPromptBehavior: , version: 74.0.3729.108, webStorageEnabled: true}
Session ID: 42d6644f7d6debe3635dd3f952c8c5cb)
	at com.kms.katalon.core.keyword.internal.KeywordMain.stepFailed(KeywordMain.groovy:36)
	at com.kms.katalon.core.webui.keyword.internal.WebUIKeywordMain.stepFailed(WebUIKeywordMain.groovy:65)
	at com.kms.katalon.core.webui.keyword.internal.WebUIKeywordMain.runKeyword(WebUIKeywordMain.groovy:27)
	at com.kms.katalon.core.webui.keyword.builtin.ClickKeyword.click(ClickKeyword.groovy:86)
	at com.kms.katalon.core.webui.keyword.builtin.ClickKeyword.execute(ClickKeyword.groovy:67)
	at com.kms.katalon.core.keyword.internal.KeywordExecutor.executeKeywordForPlatform(KeywordExecutor.groovy:53)
	at com.kms.katalon.core.webui.keyword.WebUiBuiltInKeywords.click(WebUiBuiltInKeywords.groovy:616)
	at com.kms.katalon.core.webui.keyword.WebUiBuiltInKeywords$click$2.call(Unknown Source)
	at Filter.run(Filter:53)
	at com.kms.katalon.core.main.ScriptEngine.run(ScriptEngine.java:194)
	at com.kms.katalon.core.main.ScriptEngine.runScriptAsRawText(ScriptEngine.java:119)
	at com.kms.katalon.core.main.TestCaseExecutor.runScript(TestCaseExecutor.java:328)
	at com.kms.katalon.core.main.TestCaseExecutor.doExecute(TestCaseExecutor.java:319)
	at com.kms.katalon.core.main.TestCaseExecutor.processExecutionPhase(TestCaseExecutor.java:298)
	at com.kms.katalon.core.main.TestCaseExecutor.accessMainPhase(TestCaseExecutor.java:290)
	at com.kms.katalon.core.main.TestCaseExecutor.execute(TestCaseExecutor.java:224)
	at com.kms.katalon.core.main.TestSuiteExecutor.accessTestCaseMainPhase(TestSuiteExecutor.java:129)
	at com.kms.katalon.core.main.TestSuiteExecutor.accessTestSuiteMainPhase(TestSuiteExecutor.java:112)
	at com.kms.katalon.core.main.TestSuiteExecutor.execute(TestSuiteExecutor.java:81)
	at com.kms.katalon.core.main.TestCaseMain.startTestSuite(TestCaseMain.java:149)
	at com.kms.katalon.core.main.TestCaseMain$startTestSuite$0.call(Unknown Source)
	at TempTestSuite1556658368325.run(TempTestSuite1556658368325.groovy:36)]]></system-out>
         <system-err><![CDATA[2019-04-30 17:08:12 - [TEST_CASE][FAILED] - Test Cases/OCS-COLLECTION PAGE/Filter: Test Cases/OCS-COLLECTION PAGE/Filter FAILED.
Reason:
com.kms.katalon.core.exception.StepFailedException: Unable to click on object 'Object Repository/COLLECTION PAGE _OR/Filter_OR/Page_Pre-Rolled  Ontario Cannabis S/i_Plant Type_collection-plant-' (Root cause: org.openqa.selenium.WebDriverException: unknown error: Element <i id="collection-plant-type-tooltip" class="icon icon--question-mark js-tooltip" data-placement-desktop="right-start" data-placement-mobile="right-start" data-header="Plant Type" data-description="This refers to the plant type of a cannabis product. There are three types: Sativa, Indica, or Hybrid.  "></i> is not clickable at point (952, 180). Other element would receive the click: <div class="ocs-tooltip" role="tooltip" id="tooltip_jyaguo67op" aria-hidden="false" x-placement="right-start" style="position: absolute; transform: translate3d(90px, -1px, 0px); top: 0px; left: 0px; will-change: transform;">...</div>
  (Session info: chrome=74.0.3729.108)
  (Driver info: chromedriver=2.43.600229 (3fae4d0cda5334b4f533bede5a4787f7b832d052),platform=Mac OS X 10.13.6 x86_64) (WARNING: The server did not provide any stacktrace information)
Command duration or timeout: 0 milliseconds
Build info: version: '3.7.1', revision: '8a0099a', time: '2017-11-06T21:07:36.161Z'
System info: host: 'sumans-MacBook-Pro.local', ip: 'fe80:0:0:0:10a9:6122:fd58:73f8%en0', os.name: 'Mac OS X', os.arch: 'x86_64', os.version: '10.13.6', java.version: '1.8.0_181'
Driver info: com.kms.katalon.selenium.driver.CChromeDriver
Capabilities {acceptInsecureCerts: false, acceptSslCerts: false, applicationCacheEnabled: false, browserConnectionEnabled: false, browserName: chrome, chrome: {chromedriverVersion: 2.43.600229 (3fae4d0cda5334..., userDataDir: /var/folders/1t/c55l8xzs6gq...}, cssSelectorsEnabled: true, databaseEnabled: false, goog:chromeOptions: {debuggerAddress: localhost:54897}, handlesAlerts: true, hasTouchScreen: false, javascriptEnabled: true, locationContextEnabled: true, mobileEmulationEnabled: false, nativeEvents: true, networkConnectionEnabled: false, pageLoadStrategy: normal, platform: MAC, platformName: MAC, rotatable: false, setWindowRect: true, takesHeapSnapshot: true, takesScreenshot: true, unexpectedAlertBehaviour: , unhandledPromptBehavior: , version: 74.0.3729.108, webStorageEnabled: true}
Session ID: 42d6644f7d6debe3635dd3f952c8c5cb)
	at com.kms.katalon.core.keyword.internal.KeywordMain.stepFailed(KeywordMain.groovy:36)
	at com.kms.katalon.core.webui.keyword.internal.WebUIKeywordMain.stepFailed(WebUIKeywordMain.groovy:65)
	at com.kms.katalon.core.webui.keyword.internal.WebUIKeywordMain.runKeyword(WebUIKeywordMain.groovy:27)
	at com.kms.katalon.core.webui.keyword.builtin.ClickKeyword.click(ClickKeyword.groovy:86)
	at com.kms.katalon.core.webui.keyword.builtin.ClickKeyword.execute(ClickKeyword.groovy:67)
	at com.kms.katalon.core.keyword.internal.KeywordExecutor.executeKeywordForPlatform(KeywordExecutor.groovy:53)
	at com.kms.katalon.core.webui.keyword.WebUiBuiltInKeywords.click(WebUiBuiltInKeywords.groovy:616)
	at com.kms.katalon.core.webui.keyword.WebUiBuiltInKeywords$click$2.call(Unknown Source)
	at Filter.run(Filter:53)
	at com.kms.katalon.core.main.ScriptEngine.run(ScriptEngine.java:194)
	at com.kms.katalon.core.main.ScriptEngine.runScriptAsRawText(ScriptEngine.java:119)
	at com.kms.katalon.core.main.TestCaseExecutor.runScript(TestCaseExecutor.java:328)
	at com.kms.katalon.core.main.TestCaseExecutor.doExecute(TestCaseExecutor.java:319)
	at com.kms.katalon.core.main.TestCaseExecutor.processExecutionPhase(TestCaseExecutor.java:298)
	at com.kms.katalon.core.main.TestCaseExecutor.accessMainPhase(TestCaseExecutor.java:290)
	at com.kms.katalon.core.main.TestCaseExecutor.execute(TestCaseExecutor.java:224)
	at com.kms.katalon.core.main.TestSuiteExecutor.accessTestCaseMainPhase(TestSuiteExecutor.java:129)
	at com.kms.katalon.core.main.TestSuiteExecutor.accessTestSuiteMainPhase(TestSuiteExecutor.java:112)
	at com.kms.katalon.core.main.TestSuiteExecutor.execute(TestSuiteExecutor.java:81)
	at com.kms.katalon.core.main.TestCaseMain.startTestSuite(TestCaseMain.java:149)
	at com.kms.katalon.core.main.TestCaseMain$startTestSuite$0.call(Unknown Source)
	at TempTestSuite1556658368325.run(TempTestSuite1556658368325.groovy:36)]]></system-err>
      </testcase>
      <system-out><![CDATA[2019-04-30 17:06:11 - [TEST_SUITE][FAILED] - COLLECTION PAGE: Test Cases/OCS-COLLECTION PAGE/Sort FAILED.
Reason:
com.kms.katalon.core.exception.StepFailedException: Unable to verify actual number 'a' less than or equal to expected number 'b' (Root cause: java.lang.IllegalArgumentException: Actual number with value 'a' is not a valid number)
	at com.kms.katalon.core.keyword.internal.KeywordMain.stepFailed(KeywordMain.groovy:36)
	at com.kms.katalon.core.keyword.internal.KeywordMain.stepFailed(KeywordMain.groovy)
	at com.kms.katalon.core.keyword.internal.KeywordMain.runKeyword(KeywordMain.groovy:56)
	at com.kms.katalon.core.keyword.builtin.VerifyLessThanOrEqualKeyword.verifyLessThanOrEqual(VerifyLessThanOrEqualKeyword.groovy:58)
	at com.kms.katalon.core.keyword.builtin.VerifyLessThanOrEqualKeyword.execute(VerifyLessThanOrEqualKeyword.groovy:44)
	at com.kms.katalon.core.keyword.internal.KeywordExecutor.executeKeywordForPlatform(KeywordExecutor.groovy:53)
	at com.kms.katalon.core.keyword.BuiltinKeywords.verifyLessThanOrEqual(BuiltinKeywords.groovy:288)
	at Sort.run(Sort:83)
	at com.kms.katalon.core.main.ScriptEngine.run(ScriptEngine.java:194)
	at com.kms.katalon.core.main.ScriptEngine.runScriptAsRawText(ScriptEngine.java:119)
	at com.kms.katalon.core.main.TestCaseExecutor.runScript(TestCaseExecutor.java:328)
	at com.kms.katalon.core.main.TestCaseExecutor.doExecute(TestCaseExecutor.java:319)
	at com.kms.katalon.core.main.TestCaseExecutor.processExecutionPhase(TestCaseExecutor.java:298)
	at com.kms.katalon.core.main.TestCaseExecutor.accessMainPhase(TestCaseExecutor.java:290)
	at com.kms.katalon.core.main.TestCaseExecutor.execute(TestCaseExecutor.java:224)
	at com.kms.katalon.core.main.TestSuiteExecutor.accessTestCaseMainPhase(TestSuiteExecutor.java:129)
	at com.kms.katalon.core.main.TestSuiteExecutor.accessTestSuiteMainPhase(TestSuiteExecutor.java:112)
	at com.kms.katalon.core.main.TestSuiteExecutor.execute(TestSuiteExecutor.java:81)
	at com.kms.katalon.core.main.TestCaseMain.startTestSuite(TestCaseMain.java:149)
	at com.kms.katalon.core.main.TestCaseMain$startTestSuite$0.call(Unknown Source)
	at TempTestSuite1556658368325.run(TempTestSuite1556658368325.groovy:36)]]></system-out>
      <system-err><![CDATA[2019-04-30 17:06:11 - [TEST_SUITE][FAILED] - COLLECTION PAGE: Test Cases/OCS-COLLECTION PAGE/Sort FAILED.
Reason:
com.kms.katalon.core.exception.StepFailedException: Unable to verify actual number 'a' less than or equal to expected number 'b' (Root cause: java.lang.IllegalArgumentException: Actual number with value 'a' is not a valid number)
	at com.kms.katalon.core.keyword.internal.KeywordMain.stepFailed(KeywordMain.groovy:36)
	at com.kms.katalon.core.keyword.internal.KeywordMain.stepFailed(KeywordMain.groovy)
	at com.kms.katalon.core.keyword.internal.KeywordMain.runKeyword(KeywordMain.groovy:56)
	at com.kms.katalon.core.keyword.builtin.VerifyLessThanOrEqualKeyword.verifyLessThanOrEqual(VerifyLessThanOrEqualKeyword.groovy:58)
	at com.kms.katalon.core.keyword.builtin.VerifyLessThanOrEqualKeyword.execute(VerifyLessThanOrEqualKeyword.groovy:44)
	at com.kms.katalon.core.keyword.internal.KeywordExecutor.executeKeywordForPlatform(KeywordExecutor.groovy:53)
	at com.kms.katalon.core.keyword.BuiltinKeywords.verifyLessThanOrEqual(BuiltinKeywords.groovy:288)
	at Sort.run(Sort:83)
	at com.kms.katalon.core.main.ScriptEngine.run(ScriptEngine.java:194)
	at com.kms.katalon.core.main.ScriptEngine.runScriptAsRawText(ScriptEngine.java:119)
	at com.kms.katalon.core.main.TestCaseExecutor.runScript(TestCaseExecutor.java:328)
	at com.kms.katalon.core.main.TestCaseExecutor.doExecute(TestCaseExecutor.java:319)
	at com.kms.katalon.core.main.TestCaseExecutor.processExecutionPhase(TestCaseExecutor.java:298)
	at com.kms.katalon.core.main.TestCaseExecutor.accessMainPhase(TestCaseExecutor.java:290)
	at com.kms.katalon.core.main.TestCaseExecutor.execute(TestCaseExecutor.java:224)
	at com.kms.katalon.core.main.TestSuiteExecutor.accessTestCaseMainPhase(TestSuiteExecutor.java:129)
	at com.kms.katalon.core.main.TestSuiteExecutor.accessTestSuiteMainPhase(TestSuiteExecutor.java:112)
	at com.kms.katalon.core.main.TestSuiteExecutor.execute(TestSuiteExecutor.java:81)
	at com.kms.katalon.core.main.TestCaseMain.startTestSuite(TestCaseMain.java:149)
	at com.kms.katalon.core.main.TestCaseMain$startTestSuite$0.call(Unknown Source)
	at TempTestSuite1556658368325.run(TempTestSuite1556658368325.groovy:36)]]></system-err>
   </testsuite>
</testsuites>
