<?xml version="1.0" encoding="UTF-8"?>
<testsuites name="CRITICAL PATH" time="414" tests="5" failures="7" errors="0">
   <testsuite name="CRITICAL PATH" tests="5" failures="7" errors="0" time="414" timestamp="2019-04-30 15:35:41" hostname="sumankompelly - 10.0.126.233" id="Test Suites/CRITICAL PATH">
      <properties>
         <property name="deviceName" value=""/>
         <property name="devicePlatform" value=""/>
         <property name="logFolder" value="/Users/sumankompelly/git/Sample-OCS/Reports/CRITICAL PATH/20190430_153537"/>
         <property name="logFiles" value="/Users/sumankompelly/git/Sample-OCS/Reports/CRITICAL PATH/20190430_153537/execution0.log"/>
         <property name="attachments" value="/Users/sumankompelly/git/Sample-OCS/Reports/CRITICAL PATH/20190430_153537/1556653021140.png, /Users/sumankompelly/git/Sample-OCS/Reports/CRITICAL PATH/20190430_153537/1556653103932.png, /Users/sumankompelly/git/Sample-OCS/Reports/CRITICAL PATH/20190430_153537/1556653156663.png, /Users/sumankompelly/git/Sample-OCS/Reports/CRITICAL PATH/20190430_153537/1556653192992.png, /Users/sumankompelly/git/Sample-OCS/Reports/CRITICAL PATH/20190430_153537/1556653196850.png, /Users/sumankompelly/git/Sample-OCS/Reports/CRITICAL PATH/20190430_153537/1556653247943.png, /Users/sumankompelly/git/Sample-OCS/Reports/CRITICAL PATH/20190430_153537/1556653322604.png"/>
         <property name="hostName" value="sumankompelly - 10.0.126.233"/>
         <property name="os" value="Mac OS X 64bit"/>
         <property name="katalonVersion" value="5.10.1.1"/>
         <property name="browser" value="Chrome 74.0.3729.108"/>
         <property name="hostAddress" value="10.0.126.233"/>
         <property name="sessionId" value="aa50bd5b573e54b14b6d9e203eee716d"/>
         <property name="seleniumVersion" value="3.7.1"/>
         <property name="proxyInformation" value="ProxyInformation{proxyOption=NO_PROXY, proxyServerType=HTTP, password=, proxyServerAddress=, proxyServerPort=0}"/>
         <property name="platform" value="Mac OS X"/>
      </properties>
      <testcase name="Test Cases/OCS- CRITICAL PATH/Cart flyout- increase qty" classname="Test Cases/OCS- CRITICAL PATH/Cart flyout- increase qty" status="PASSED">
         <system-out><![CDATA[2019-04-30 15:35:41 - [TEST_CASE][PASSED] - Test Cases/OCS- CRITICAL PATH/Cart flyout- increase qty: Test Cases/OCS- CRITICAL PATH/Cart flyout- increase qty

2019-04-30 15:35:42 - [TEST_STEP][PASSED] - openBrowser(""): Browser is opened with url: ''

2019-04-30 15:35:43 - [MESSAGE][INFO] - Starting 'Chrome' driver

2019-04-30 15:35:43 - [MESSAGE][INFO] - Action delay is set to 0 seconds

2019-04-30 15:35:45 - [MESSAGE][PASSED] - Browser is opened with url: ''

2019-04-30 15:35:45 - [TEST_STEP][PASSED] - navigateToUrl("https://ocs.ca/#/verify-age"): Navigate to 'https://ocs.ca/#/verify-age' successfully

2019-04-30 15:35:50 - [MESSAGE][PASSED] - Navigate to 'https://ocs.ca/#/verify-age' successfully

2019-04-30 15:35:50 - [TEST_STEP][PASSED] - maximizeWindow(): Current window maximized

2019-04-30 15:35:50 - [MESSAGE][PASSED] - Current window maximized

2019-04-30 15:35:50 - [TEST_STEP][PASSED] - selectOptionByValue(findTestObject("cart flyout_OR/Page_Ontario Cannabis Store  Ontari/select_Select01020304050607080"), "18", true): All options with value '18' are selected in object 'Object Repository/cart flyout_OR/Page_Ontario Cannabis Store  Ontari/select_Select01020304050607080'  using regular expression

2019-04-30 15:35:50 - [MESSAGE][PASSED] - All options with value '18' are selected in object 'Object Repository/cart flyout_OR/Page_Ontario Cannabis Store  Ontari/select_Select01020304050607080'  using regular expression

2019-04-30 15:35:50 - [TEST_STEP][PASSED] - selectOptionByValue(findTestObject("cart flyout_OR/Page_Ontario Cannabis Store  Ontari/select_SelectJanuary - 01Febru"), "9", true): All options with value '9' are selected in object 'Object Repository/cart flyout_OR/Page_Ontario Cannabis Store  Ontari/select_SelectJanuary - 01Febru'  using regular expression

2019-04-30 15:35:51 - [MESSAGE][PASSED] - All options with value '9' are selected in object 'Object Repository/cart flyout_OR/Page_Ontario Cannabis Store  Ontari/select_SelectJanuary - 01Febru'  using regular expression

2019-04-30 15:35:51 - [TEST_STEP][PASSED] - selectOptionByValue(findTestObject("cart flyout_OR/Page_Ontario Cannabis Store  Ontari/select_Select20182017201620152"), "1933", true): All options with value '1933' are selected in object 'Object Repository/cart flyout_OR/Page_Ontario Cannabis Store  Ontari/select_Select20182017201620152'  using regular expression

2019-04-30 15:35:52 - [MESSAGE][PASSED] - All options with value '1933' are selected in object 'Object Repository/cart flyout_OR/Page_Ontario Cannabis Store  Ontari/select_Select20182017201620152'  using regular expression

2019-04-30 15:35:52 - [TEST_STEP][PASSED] - click(findTestObject("cart flyout_OR/Page_Ontario Cannabis Store  Ontari/button_Verify")): Object: 'Object Repository/cart flyout_OR/Page_Ontario Cannabis Store  Ontari/button_Verify' is clicked on

2019-04-30 15:35:52 - [MESSAGE][PASSED] - Object: 'Object Repository/cart flyout_OR/Page_Ontario Cannabis Store  Ontari/button_Verify' is clicked on

2019-04-30 15:35:52 - [TEST_STEP][PASSED] - click(findTestObject("cart flyout_OR/Page_Ontario Cannabis Store  Ontari/span_CONFIRM AND ACKNOWLEDGE_c")): Object: 'Object Repository/cart flyout_OR/Page_Ontario Cannabis Store  Ontari/span_CONFIRM AND ACKNOWLEDGE_c' is clicked on

2019-04-30 15:35:52 - [MESSAGE][PASSED] - Object: 'Object Repository/cart flyout_OR/Page_Ontario Cannabis Store  Ontari/span_CONFIRM AND ACKNOWLEDGE_c' is clicked on

2019-04-30 15:35:52 - [TEST_STEP][PASSED] - click(findTestObject("cart flyout_OR/Page_Ontario Cannabis Store  Ontari/button_CONFIRM")): Object: 'Object Repository/cart flyout_OR/Page_Ontario Cannabis Store  Ontari/button_CONFIRM' is clicked on

2019-04-30 15:35:53 - [MESSAGE][PASSED] - Object: 'Object Repository/cart flyout_OR/Page_Ontario Cannabis Store  Ontari/button_CONFIRM' is clicked on

2019-04-30 15:35:53 - [TEST_STEP][PASSED] - click(findTestObject("cart flyout_OR/Page_Ontario Cannabis Store  Ontari/button_Start Browsing")): Object: 'Object Repository/cart flyout_OR/Page_Ontario Cannabis Store  Ontari/button_Start Browsing' is clicked on

2019-04-30 15:35:53 - [MESSAGE][PASSED] - Object: 'Object Repository/cart flyout_OR/Page_Ontario Cannabis Store  Ontari/button_Start Browsing' is clicked on

2019-04-30 15:35:53 - [TEST_STEP][PASSED] - click(findTestObject("OCS_CRITICAL PATH/Cartflyout-decrease qty _OR/Page_Ontario Cannabis Store  Ontari/h3_Cannabis")): Object: 'Object Repository/OCS_CRITICAL PATH/Cartflyout-decrease qty _OR/Page_Ontario Cannabis Store  Ontari/h3_Cannabis' is clicked on

2019-04-30 15:35:53 - [MESSAGE][PASSED] - Object: 'Object Repository/OCS_CRITICAL PATH/Cartflyout-decrease qty _OR/Page_Ontario Cannabis Store  Ontari/h3_Cannabis' is clicked on

2019-04-30 15:35:53 - [TEST_STEP][PASSED] - click(findTestObject("OCS_CRITICAL PATH/Cartflyout-decrease qty _OR/Page_Ontario Cannabis Store  Ontari/span_Indica Dominant")): Object: 'Object Repository/OCS_CRITICAL PATH/Cartflyout-decrease qty _OR/Page_Ontario Cannabis Store  Ontari/span_Indica Dominant' is clicked on

2019-04-30 15:35:54 - [MESSAGE][PASSED] - Object: 'Object Repository/OCS_CRITICAL PATH/Cartflyout-decrease qty _OR/Page_Ontario Cannabis Store  Ontari/span_Indica Dominant' is clicked on

2019-04-30 15:35:54 - [TEST_STEP][PASSED] - delay(3): Delayed 3 second(s)

2019-04-30 15:35:58 - [MESSAGE][PASSED] - Delayed 3 second(s)

2019-04-30 15:35:58 - [TEST_STEP][PASSED] - click(findTestObject("OCS_CRITICAL PATH/Cartflyout-decrease qty _OR/Page_Indica Dominant Dried Flower/h3_Shishkaberry")): Object: 'Object Repository/OCS_CRITICAL PATH/Cartflyout-decrease qty _OR/Page_Indica Dominant Dried Flower/h3_Shishkaberry' is clicked on

2019-04-30 15:36:00 - [MESSAGE][PASSED] - Object: 'Object Repository/OCS_CRITICAL PATH/Cartflyout-decrease qty _OR/Page_Indica Dominant Dried Flower/h3_Shishkaberry' is clicked on

2019-04-30 15:36:00 - [TEST_STEP][PASSED] - click(findTestObject("OCS_CRITICAL PATH/Cartflyout-decrease qty _OR/Page_Shishkaberry  Ontario Cannabis/div_3.5g")): Object: 'Object Repository/OCS_CRITICAL PATH/Cartflyout-decrease qty _OR/Page_Shishkaberry  Ontario Cannabis/div_3.5g' is clicked on

2019-04-30 15:36:00 - [MESSAGE][PASSED] - Object: 'Object Repository/OCS_CRITICAL PATH/Cartflyout-decrease qty _OR/Page_Shishkaberry  Ontario Cannabis/div_3.5g' is clicked on

2019-04-30 15:36:01 - [TEST_STEP][PASSED] - delay(2): Delayed 2 second(s)

2019-04-30 15:36:03 - [MESSAGE][PASSED] - Delayed 2 second(s)

2019-04-30 15:36:03 - [TEST_STEP][NOT_RUN] - click(findTestObject("Object Repository/cart flyout_OR/Page_Shishkaberry  Ontario Cannabis/button_")): NOT_RUN: click(findTestObject("Object Repository/cart flyout_OR/Page_Shishkaberry  Ontario Cannabis/button_"))

2019-04-30 15:36:03 - [MESSAGE][NOT_RUN] - NOT_RUN: click(findTestObject("Object Repository/cart flyout_OR/Page_Shishkaberry  Ontario Cannabis/button_"))

2019-04-30 15:36:03 - [TEST_STEP][PASSED] - click(findTestObject("OCS_CRITICAL PATH/Cartflyout-decrease qty _OR/Page_Shishkaberry  Ontario Cannabis/span_Add to Bag")): Object: 'Object Repository/OCS_CRITICAL PATH/Cartflyout-decrease qty _OR/Page_Shishkaberry  Ontario Cannabis/span_Add to Bag' is clicked on

2019-04-30 15:36:03 - [MESSAGE][PASSED] - Object: 'Object Repository/OCS_CRITICAL PATH/Cartflyout-decrease qty _OR/Page_Shishkaberry  Ontario Cannabis/span_Add to Bag' is clicked on

2019-04-30 15:36:03 - [TEST_STEP][PASSED] - a = getText(findTestObject("cart flyout_OR/Page_Shishkaberry  Ontario Cannabis/div_129.60 (1)")): Text of object 'Object Repository/cart flyout_OR/Page_Shishkaberry  Ontario Cannabis/div_129.60 (1)' is: '$32.40'

2019-04-30 15:36:04 - [MESSAGE][PASSED] - Text of object 'Object Repository/cart flyout_OR/Page_Shishkaberry  Ontario Cannabis/div_129.60 (1)' is: '$32.40'

2019-04-30 15:36:04 - [TEST_STEP][PASSED] - comment(a): $32.40

2019-04-30 15:36:04 - [MESSAGE][INFO] - $32.40

2019-04-30 15:36:04 - [TEST_STEP][PASSED] - b = a.substring(1): null

2019-04-30 15:36:04 - [TEST_STEP][PASSED] - comment(b): 32.40

2019-04-30 15:36:04 - [MESSAGE][INFO] - 32.40

2019-04-30 15:36:04 - [TEST_STEP][PASSED] - setText(findTestObject("cart flyout_OR/Page_Shishkaberry  Ontario Cannabis/input_-_updates"), "3"): Text '3' is set on object 'Object Repository/cart flyout_OR/Page_Shishkaberry  Ontario Cannabis/input_-_updates'

2019-04-30 15:36:04 - [MESSAGE][PASSED] - Text '3' is set on object 'Object Repository/cart flyout_OR/Page_Shishkaberry  Ontario Cannabis/input_-_updates'

2019-04-30 15:36:04 - [TEST_STEP][PASSED] - delay(2): Delayed 2 second(s)

2019-04-30 15:36:06 - [MESSAGE][PASSED] - Delayed 2 second(s)

2019-04-30 15:36:06 - [TEST_STEP][PASSED] - click(findTestObject("Object Repository/cart flyout_OR/Page_Shishkaberry  Ontario Cannabis/i__icon--plus")): Object: 'Object Repository/cart flyout_OR/Page_Shishkaberry  Ontario Cannabis/i__icon--plus' is clicked on

2019-04-30 15:36:06 - [MESSAGE][PASSED] - Object: 'Object Repository/cart flyout_OR/Page_Shishkaberry  Ontario Cannabis/i__icon--plus' is clicked on

2019-04-30 15:36:06 - [TEST_STEP][PASSED] - delay(2): Delayed 2 second(s)

2019-04-30 15:36:08 - [MESSAGE][PASSED] - Delayed 2 second(s)

2019-04-30 15:36:08 - [TEST_STEP][PASSED] - click(findTestObject("Object Repository/cart flyout_OR/Page_Shishkaberry  Ontario Cannabis/i__icon--plus")): Object: 'Object Repository/cart flyout_OR/Page_Shishkaberry  Ontario Cannabis/i__icon--plus' is clicked on

2019-04-30 15:36:08 - [MESSAGE][PASSED] - Object: 'Object Repository/cart flyout_OR/Page_Shishkaberry  Ontario Cannabis/i__icon--plus' is clicked on

2019-04-30 15:36:08 - [TEST_STEP][PASSED] - delay(2): Delayed 2 second(s)

2019-04-30 15:36:10 - [MESSAGE][PASSED] - Delayed 2 second(s)

2019-04-30 15:36:10 - [TEST_STEP][PASSED] - click(findTestObject("Object Repository/cart flyout_OR/Page_Shishkaberry  Ontario Cannabis/i__icon--plus")): Object: 'Object Repository/cart flyout_OR/Page_Shishkaberry  Ontario Cannabis/i__icon--plus' is clicked on

2019-04-30 15:36:10 - [MESSAGE][PASSED] - Object: 'Object Repository/cart flyout_OR/Page_Shishkaberry  Ontario Cannabis/i__icon--plus' is clicked on

2019-04-30 15:36:10 - [TEST_STEP][PASSED] - delay(2): Delayed 2 second(s)

2019-04-30 15:36:12 - [MESSAGE][PASSED] - Delayed 2 second(s)

2019-04-30 15:36:12 - [TEST_STEP][PASSED] - c = getText(findTestObject("Object Repository/cart flyout_OR/Page_Shishkaberry  Ontario Cannabis/div_129.60 (1)")): Text of object 'Object Repository/cart flyout_OR/Page_Shishkaberry  Ontario Cannabis/div_129.60 (1)' is: '$194.40'

2019-04-30 15:36:12 - [MESSAGE][PASSED] - Text of object 'Object Repository/cart flyout_OR/Page_Shishkaberry  Ontario Cannabis/div_129.60 (1)' is: '$194.40'

2019-04-30 15:36:12 - [TEST_STEP][PASSED] - comment(c): $194.40

2019-04-30 15:36:12 - [MESSAGE][INFO] - $194.40

2019-04-30 15:36:12 - [TEST_STEP][PASSED] - d = c.substring(1): null

2019-04-30 15:36:12 - [TEST_STEP][PASSED] - comment(d): 194.40

2019-04-30 15:36:12 - [MESSAGE][INFO] - 194.40

2019-04-30 15:36:12 - [TEST_STEP][PASSED] - verifyNotEqual("c", "d"): Actual object 'c' and expected object 'd' are not equal

2019-04-30 15:36:12 - [MESSAGE][PASSED] - Actual object 'c' and expected object 'd' are not equal

2019-04-30 15:36:12 - [TEST_STEP][PASSED] - comment(" price changed . Quantity selector is working"):  price changed . Quantity selector is working

2019-04-30 15:36:12 - [MESSAGE][INFO] -  price changed . Quantity selector is working

2019-04-30 15:36:12 - [TEST_STEP][PASSED] - openBrowser(""): Browser is opened with url: ''

2019-04-30 15:36:12 - [MESSAGE][WARNING] - A browser is already opened. Closing browser and opening a new one

2019-04-30 15:36:12 - [MESSAGE][INFO] - Starting 'Chrome' driver

2019-04-30 15:36:14 - [MESSAGE][PASSED] - Browser is opened with url: '']]></system-out>
         <system-err><![CDATA[]]></system-err>
      </testcase>
      <testcase name="Test Cases/OCS- CRITICAL PATH/Cart flyout- decrease qty" classname="Test Cases/OCS- CRITICAL PATH/Cart flyout- decrease qty" status="FAILED">
         <failure type="FAILED" message="Test Cases/OCS- CRITICAL PATH/Cart flyout- decrease qty FAILED.
Reason:
com.kms.katalon.core.exception.StepFailedException: Unable to click on object 'Object Repository/OCS_CRITICAL PATH/Cartflyout-decrease qty _OR/Page_Shishkaberry  Ontario Cannabis/button_' (Root cause: com.kms.katalon.core.webui.exception.WebElementNotFoundException: Web element with id: 'Object Repository/OCS_CRITICAL PATH/Cartflyout-decrease qty _OR/Page_Shishkaberry  Ontario Cannabis/button_' located by 'By.xpath: id(&quot;product_1314098120524_pdp&quot;)/div[@class=&quot;section&quot;]/div[@class=&quot;counter&quot;]/button[@class=&quot;counter__increment&quot;][count(. | //button[@aria-role = 'button' and @class = 'counter__increment' and (text() = '
        +
        
    ' or . = '
        +
        
    ')]) = count(//button[@aria-role = 'button' and @class = 'counter__increment' and (text() = '
        +
        
    ' or . = '
        +
        
    ')])]' not found)
	at com.kms.katalon.core.keyword.internal.KeywordMain.stepFailed(KeywordMain.groovy:36)
	at com.kms.katalon.core.webui.keyword.internal.WebUIKeywordMain.stepFailed(WebUIKeywordMain.groovy:65)
	at com.kms.katalon.core.webui.keyword.internal.WebUIKeywordMain.runKeyword(WebUIKeywordMain.groovy:27)
	at com.kms.katalon.core.webui.keyword.builtin.ClickKeyword.click(ClickKeyword.groovy:86)
	at com.kms.katalon.core.webui.keyword.builtin.ClickKeyword.execute(ClickKeyword.groovy:67)
	at com.kms.katalon.core.keyword.internal.KeywordExecutor.executeKeywordForPlatform(KeywordExecutor.groovy:53)
	at com.kms.katalon.core.webui.keyword.WebUiBuiltInKeywords.click(WebUiBuiltInKeywords.groovy:616)
	at com.kms.katalon.core.webui.keyword.WebUiBuiltInKeywords$click$3.call(Unknown Source)
	at Cart flyout- decrease qty.run(Cart flyout- decrease qty:49)
	at com.kms.katalon.core.main.ScriptEngine.run(ScriptEngine.java:194)
	at com.kms.katalon.core.main.ScriptEngine.runScriptAsRawText(ScriptEngine.java:119)
	at com.kms.katalon.core.main.TestCaseExecutor.runScript(TestCaseExecutor.java:328)
	at com.kms.katalon.core.main.TestCaseExecutor.doExecute(TestCaseExecutor.java:319)
	at com.kms.katalon.core.main.TestCaseExecutor.processExecutionPhase(TestCaseExecutor.java:298)
	at com.kms.katalon.core.main.TestCaseExecutor.accessMainPhase(TestCaseExecutor.java:290)
	at com.kms.katalon.core.main.TestCaseExecutor.execute(TestCaseExecutor.java:224)
	at com.kms.katalon.core.main.TestSuiteExecutor.accessTestCaseMainPhase(TestSuiteExecutor.java:129)
	at com.kms.katalon.core.main.TestSuiteExecutor.accessTestSuiteMainPhase(TestSuiteExecutor.java:112)
	at com.kms.katalon.core.main.TestSuiteExecutor.execute(TestSuiteExecutor.java:81)
	at com.kms.katalon.core.main.TestCaseMain.startTestSuite(TestCaseMain.java:149)
	at com.kms.katalon.core.main.TestCaseMain$startTestSuite$0.call(Unknown Source)
	at TempTestSuite1556652937298.run(TempTestSuite1556652937298.groovy:36)
"/>
         <system-out><![CDATA[2019-04-30 15:36:14 - [TEST_CASE][FAILED] - Test Cases/OCS- CRITICAL PATH/Cart flyout- decrease qty: Test Cases/OCS- CRITICAL PATH/Cart flyout- decrease qty FAILED.
Reason:
com.kms.katalon.core.exception.StepFailedException: Unable to click on object 'Object Repository/OCS_CRITICAL PATH/Cartflyout-decrease qty _OR/Page_Shishkaberry  Ontario Cannabis/button_' (Root cause: com.kms.katalon.core.webui.exception.WebElementNotFoundException: Web element with id: 'Object Repository/OCS_CRITICAL PATH/Cartflyout-decrease qty _OR/Page_Shishkaberry  Ontario Cannabis/button_' located by 'By.xpath: id("product_1314098120524_pdp")/div[@class="section"]/div[@class="counter"]/button[@class="counter__increment"][count(. | //button[@aria-role = 'button' and @class = 'counter__increment' and (text() = '
        +
        
    ' or . = '
        +
        
    ')]) = count(//button[@aria-role = 'button' and @class = 'counter__increment' and (text() = '
        +
        
    ' or . = '
        +
        
    ')])]' not found)
	at com.kms.katalon.core.keyword.internal.KeywordMain.stepFailed(KeywordMain.groovy:36)
	at com.kms.katalon.core.webui.keyword.internal.WebUIKeywordMain.stepFailed(WebUIKeywordMain.groovy:65)
	at com.kms.katalon.core.webui.keyword.internal.WebUIKeywordMain.runKeyword(WebUIKeywordMain.groovy:27)
	at com.kms.katalon.core.webui.keyword.builtin.ClickKeyword.click(ClickKeyword.groovy:86)
	at com.kms.katalon.core.webui.keyword.builtin.ClickKeyword.execute(ClickKeyword.groovy:67)
	at com.kms.katalon.core.keyword.internal.KeywordExecutor.executeKeywordForPlatform(KeywordExecutor.groovy:53)
	at com.kms.katalon.core.webui.keyword.WebUiBuiltInKeywords.click(WebUiBuiltInKeywords.groovy:616)
	at com.kms.katalon.core.webui.keyword.WebUiBuiltInKeywords$click$3.call(Unknown Source)
	at Cart flyout- decrease qty.run(Cart flyout- decrease qty:49)
	at com.kms.katalon.core.main.ScriptEngine.run(ScriptEngine.java:194)
	at com.kms.katalon.core.main.ScriptEngine.runScriptAsRawText(ScriptEngine.java:119)
	at com.kms.katalon.core.main.TestCaseExecutor.runScript(TestCaseExecutor.java:328)
	at com.kms.katalon.core.main.TestCaseExecutor.doExecute(TestCaseExecutor.java:319)
	at com.kms.katalon.core.main.TestCaseExecutor.processExecutionPhase(TestCaseExecutor.java:298)
	at com.kms.katalon.core.main.TestCaseExecutor.accessMainPhase(TestCaseExecutor.java:290)
	at com.kms.katalon.core.main.TestCaseExecutor.execute(TestCaseExecutor.java:224)
	at com.kms.katalon.core.main.TestSuiteExecutor.accessTestCaseMainPhase(TestSuiteExecutor.java:129)
	at com.kms.katalon.core.main.TestSuiteExecutor.accessTestSuiteMainPhase(TestSuiteExecutor.java:112)
	at com.kms.katalon.core.main.TestSuiteExecutor.execute(TestSuiteExecutor.java:81)
	at com.kms.katalon.core.main.TestCaseMain.startTestSuite(TestCaseMain.java:149)
	at com.kms.katalon.core.main.TestCaseMain$startTestSuite$0.call(Unknown Source)
	at TempTestSuite1556652937298.run(TempTestSuite1556652937298.groovy:36)


2019-04-30 15:36:14 - [TEST_STEP][PASSED] - openBrowser(""): Browser is opened with url: ''

2019-04-30 15:36:14 - [MESSAGE][WARNING] - A browser is already opened. Closing browser and opening a new one

2019-04-30 15:36:14 - [MESSAGE][INFO] - Starting 'Chrome' driver

2019-04-30 15:36:15 - [MESSAGE][PASSED] - Browser is opened with url: ''

2019-04-30 15:36:15 - [TEST_STEP][PASSED] - navigateToUrl("https://ocs.ca/#/verify-age"): Navigate to 'https://ocs.ca/#/verify-age' successfully

2019-04-30 15:36:19 - [MESSAGE][PASSED] - Navigate to 'https://ocs.ca/#/verify-age' successfully

2019-04-30 15:36:19 - [TEST_STEP][PASSED] - maximizeWindow(): Current window maximized

2019-04-30 15:36:19 - [MESSAGE][PASSED] - Current window maximized

2019-04-30 15:36:19 - [TEST_STEP][PASSED] - selectOptionByValue(findTestObject("OCS_CRITICAL PATH/Cartflyout-decrease qty _OR/Page_Ontario Cannabis Store  Ontari/select_Select01020304050607080"), "18", true): All options with value '18' are selected in object 'Object Repository/OCS_CRITICAL PATH/Cartflyout-decrease qty _OR/Page_Ontario Cannabis Store  Ontari/select_Select01020304050607080'  using regular expression

2019-04-30 15:36:20 - [MESSAGE][PASSED] - All options with value '18' are selected in object 'Object Repository/OCS_CRITICAL PATH/Cartflyout-decrease qty _OR/Page_Ontario Cannabis Store  Ontari/select_Select01020304050607080'  using regular expression

2019-04-30 15:36:20 - [TEST_STEP][PASSED] - selectOptionByValue(findTestObject("OCS_CRITICAL PATH/Cartflyout-decrease qty _OR/Page_Ontario Cannabis Store  Ontari/select_SelectJanuary - 01Febru"), "9", true): All options with value '9' are selected in object 'Object Repository/OCS_CRITICAL PATH/Cartflyout-decrease qty _OR/Page_Ontario Cannabis Store  Ontari/select_SelectJanuary - 01Febru'  using regular expression

2019-04-30 15:36:20 - [MESSAGE][PASSED] - All options with value '9' are selected in object 'Object Repository/OCS_CRITICAL PATH/Cartflyout-decrease qty _OR/Page_Ontario Cannabis Store  Ontari/select_SelectJanuary - 01Febru'  using regular expression

2019-04-30 15:36:20 - [TEST_STEP][PASSED] - selectOptionByValue(findTestObject("OCS_CRITICAL PATH/Cartflyout-decrease qty _OR/Page_Ontario Cannabis Store  Ontari/select_Select20182017201620152"), "1933", true): All options with value '1933' are selected in object 'Object Repository/OCS_CRITICAL PATH/Cartflyout-decrease qty _OR/Page_Ontario Cannabis Store  Ontari/select_Select20182017201620152'  using regular expression

2019-04-30 15:36:21 - [MESSAGE][PASSED] - All options with value '1933' are selected in object 'Object Repository/OCS_CRITICAL PATH/Cartflyout-decrease qty _OR/Page_Ontario Cannabis Store  Ontari/select_Select20182017201620152'  using regular expression

2019-04-30 15:36:21 - [TEST_STEP][PASSED] - click(findTestObject("OCS_CRITICAL PATH/Cartflyout-decrease qty _OR/Page_Ontario Cannabis Store  Ontari/button_Verify")): Object: 'Object Repository/OCS_CRITICAL PATH/Cartflyout-decrease qty _OR/Page_Ontario Cannabis Store  Ontari/button_Verify' is clicked on

2019-04-30 15:36:21 - [MESSAGE][PASSED] - Object: 'Object Repository/OCS_CRITICAL PATH/Cartflyout-decrease qty _OR/Page_Ontario Cannabis Store  Ontari/button_Verify' is clicked on

2019-04-30 15:36:21 - [TEST_STEP][PASSED] - click(findTestObject("OCS_CRITICAL PATH/Cartflyout-decrease qty _OR/Page_Ontario Cannabis Store  Ontari/span_CONFIRM AND ACKNOWLEDGE_c")): Object: 'Object Repository/OCS_CRITICAL PATH/Cartflyout-decrease qty _OR/Page_Ontario Cannabis Store  Ontari/span_CONFIRM AND ACKNOWLEDGE_c' is clicked on

2019-04-30 15:36:22 - [MESSAGE][PASSED] - Object: 'Object Repository/OCS_CRITICAL PATH/Cartflyout-decrease qty _OR/Page_Ontario Cannabis Store  Ontari/span_CONFIRM AND ACKNOWLEDGE_c' is clicked on

2019-04-30 15:36:22 - [TEST_STEP][PASSED] - click(findTestObject("OCS_CRITICAL PATH/Cartflyout-decrease qty _OR/Page_Ontario Cannabis Store  Ontari/button_CONFIRM")): Object: 'Object Repository/OCS_CRITICAL PATH/Cartflyout-decrease qty _OR/Page_Ontario Cannabis Store  Ontari/button_CONFIRM' is clicked on

2019-04-30 15:36:22 - [MESSAGE][PASSED] - Object: 'Object Repository/OCS_CRITICAL PATH/Cartflyout-decrease qty _OR/Page_Ontario Cannabis Store  Ontari/button_CONFIRM' is clicked on

2019-04-30 15:36:22 - [TEST_STEP][PASSED] - click(findTestObject("OCS_CRITICAL PATH/Cartflyout-decrease qty _OR/Page_Ontario Cannabis Store  Ontari/button_Start Browsing")): Object: 'Object Repository/OCS_CRITICAL PATH/Cartflyout-decrease qty _OR/Page_Ontario Cannabis Store  Ontari/button_Start Browsing' is clicked on

2019-04-30 15:36:22 - [MESSAGE][PASSED] - Object: 'Object Repository/OCS_CRITICAL PATH/Cartflyout-decrease qty _OR/Page_Ontario Cannabis Store  Ontari/button_Start Browsing' is clicked on

2019-04-30 15:36:22 - [TEST_STEP][PASSED] - click(findTestObject("OCS_CRITICAL PATH/Cartflyout-decrease qty _OR/Page_Ontario Cannabis Store  Ontari/h3_Cannabis")): Object: 'Object Repository/OCS_CRITICAL PATH/Cartflyout-decrease qty _OR/Page_Ontario Cannabis Store  Ontari/h3_Cannabis' is clicked on

2019-04-30 15:36:22 - [MESSAGE][PASSED] - Object: 'Object Repository/OCS_CRITICAL PATH/Cartflyout-decrease qty _OR/Page_Ontario Cannabis Store  Ontari/h3_Cannabis' is clicked on

2019-04-30 15:36:22 - [TEST_STEP][PASSED] - click(findTestObject("OCS_CRITICAL PATH/Cartflyout-decrease qty _OR/Page_Ontario Cannabis Store  Ontari/span_Indica Dominant")): Object: 'Object Repository/OCS_CRITICAL PATH/Cartflyout-decrease qty _OR/Page_Ontario Cannabis Store  Ontari/span_Indica Dominant' is clicked on

2019-04-30 15:36:24 - [MESSAGE][PASSED] - Object: 'Object Repository/OCS_CRITICAL PATH/Cartflyout-decrease qty _OR/Page_Ontario Cannabis Store  Ontari/span_Indica Dominant' is clicked on

2019-04-30 15:36:24 - [TEST_STEP][PASSED] - delay(3): Delayed 3 second(s)

2019-04-30 15:36:27 - [MESSAGE][PASSED] - Delayed 3 second(s)

2019-04-30 15:36:27 - [TEST_STEP][PASSED] - click(findTestObject("OCS_CRITICAL PATH/Cartflyout-decrease qty _OR/Page_Indica Dominant Dried Flower/h3_Shishkaberry")): Object: 'Object Repository/OCS_CRITICAL PATH/Cartflyout-decrease qty _OR/Page_Indica Dominant Dried Flower/h3_Shishkaberry' is clicked on

2019-04-30 15:36:30 - [MESSAGE][PASSED] - Object: 'Object Repository/OCS_CRITICAL PATH/Cartflyout-decrease qty _OR/Page_Indica Dominant Dried Flower/h3_Shishkaberry' is clicked on

2019-04-30 15:36:30 - [TEST_STEP][PASSED] - click(findTestObject("OCS_CRITICAL PATH/Cartflyout-decrease qty _OR/Page_Shishkaberry  Ontario Cannabis/div_3.5g")): Object: 'Object Repository/OCS_CRITICAL PATH/Cartflyout-decrease qty _OR/Page_Shishkaberry  Ontario Cannabis/div_3.5g' is clicked on

2019-04-30 15:36:30 - [MESSAGE][PASSED] - Object: 'Object Repository/OCS_CRITICAL PATH/Cartflyout-decrease qty _OR/Page_Shishkaberry  Ontario Cannabis/div_3.5g' is clicked on

2019-04-30 15:36:30 - [TEST_STEP][FAILED] - click(findTestObject("OCS_CRITICAL PATH/Cartflyout-decrease qty _OR/Page_Shishkaberry  Ontario Cannabis/button_")): click(findTestObject("OCS_CRITICAL PATH/Cartflyout-decrease qty _OR/Page_Shishkaberry  Ontario Cannabis/button_")) FAILED.
Reason:
com.kms.katalon.core.exception.StepFailedException: Unable to click on object 'Object Repository/OCS_CRITICAL PATH/Cartflyout-decrease qty _OR/Page_Shishkaberry  Ontario Cannabis/button_' (Root cause: com.kms.katalon.core.webui.exception.WebElementNotFoundException: Web element with id: 'Object Repository/OCS_CRITICAL PATH/Cartflyout-decrease qty _OR/Page_Shishkaberry  Ontario Cannabis/button_' located by 'By.xpath: id("product_1314098120524_pdp")/div[@class="section"]/div[@class="counter"]/button[@class="counter__increment"][count(. | //button[@aria-role = 'button' and @class = 'counter__increment' and (text() = '
        +
        
    ' or . = '
        +
        
    ')]) = count(//button[@aria-role = 'button' and @class = 'counter__increment' and (text() = '
        +
        
    ' or . = '
        +
        
    ')])]' not found)
	at com.kms.katalon.core.keyword.internal.KeywordMain.stepFailed(KeywordMain.groovy:36)
	at com.kms.katalon.core.webui.keyword.internal.WebUIKeywordMain.stepFailed(WebUIKeywordMain.groovy:65)
	at com.kms.katalon.core.webui.keyword.internal.WebUIKeywordMain.runKeyword(WebUIKeywordMain.groovy:27)
	at com.kms.katalon.core.webui.keyword.builtin.ClickKeyword.click(ClickKeyword.groovy:86)
	at com.kms.katalon.core.webui.keyword.builtin.ClickKeyword.execute(ClickKeyword.groovy:67)
	at com.kms.katalon.core.keyword.internal.KeywordExecutor.executeKeywordForPlatform(KeywordExecutor.groovy:53)
	at com.kms.katalon.core.webui.keyword.WebUiBuiltInKeywords.click(WebUiBuiltInKeywords.groovy:616)
	at com.kms.katalon.core.webui.keyword.WebUiBuiltInKeywords$click$3.call(Unknown Source)
	at Cart flyout- decrease qty.run(Cart flyout- decrease qty:49)
	at com.kms.katalon.core.main.ScriptEngine.run(ScriptEngine.java:194)
	at com.kms.katalon.core.main.ScriptEngine.runScriptAsRawText(ScriptEngine.java:119)
	at com.kms.katalon.core.main.TestCaseExecutor.runScript(TestCaseExecutor.java:328)
	at com.kms.katalon.core.main.TestCaseExecutor.doExecute(TestCaseExecutor.java:319)
	at com.kms.katalon.core.main.TestCaseExecutor.processExecutionPhase(TestCaseExecutor.java:298)
	at com.kms.katalon.core.main.TestCaseExecutor.accessMainPhase(TestCaseExecutor.java:290)
	at com.kms.katalon.core.main.TestCaseExecutor.execute(TestCaseExecutor.java:224)
	at com.kms.katalon.core.main.TestSuiteExecutor.accessTestCaseMainPhase(TestSuiteExecutor.java:129)
	at com.kms.katalon.core.main.TestSuiteExecutor.accessTestSuiteMainPhase(TestSuiteExecutor.java:112)
	at com.kms.katalon.core.main.TestSuiteExecutor.execute(TestSuiteExecutor.java:81)
	at com.kms.katalon.core.main.TestCaseMain.startTestSuite(TestCaseMain.java:149)
	at com.kms.katalon.core.main.TestCaseMain$startTestSuite$0.call(Unknown Source)
	at TempTestSuite1556652937298.run(TempTestSuite1556652937298.groovy:36)


2019-04-30 15:37:01 - [MESSAGE][INFO] - Unable to find the element located by 'By.xpath: id("product_1314098120524_pdp")/div[@class="section"]/div[@class="counter"]/button[@class="counter__increment"][count(. | //button[@aria-role = 'button' and @class = 'counter__increment' and (text() = '
        +
        
    ' or . = '
        +
        
    ')]) = count(//button[@aria-role = 'button' and @class = 'counter__increment' and (text() = '
        +
        
    ' or . = '
        +
        
    ')])]'. Please recheck the objects properties to make sure the desired element is located. 

2019-04-30 15:37:01 - [MESSAGE][FAILED] - Unable to click on object 'Object Repository/OCS_CRITICAL PATH/Cartflyout-decrease qty _OR/Page_Shishkaberry  Ontario Cannabis/button_' (Root cause: com.kms.katalon.core.webui.exception.WebElementNotFoundException: Web element with id: 'Object Repository/OCS_CRITICAL PATH/Cartflyout-decrease qty _OR/Page_Shishkaberry  Ontario Cannabis/button_' located by 'By.xpath: id("product_1314098120524_pdp")/div[@class="section"]/div[@class="counter"]/button[@class="counter__increment"][count(. | //button[@aria-role = 'button' and @class = 'counter__increment' and (text() = '
        +
        
    ' or . = '
        +
        
    ')]) = count(//button[@aria-role = 'button' and @class = 'counter__increment' and (text() = '
        +
        
    ' or . = '
        +
        
    ')])]' not found)
[[ATTACHMENT|/Users/sumankompelly/git/Sample-OCS/Reports/CRITICAL PATH/20190430_153537/1556653021140.png]]

2019-04-30 15:37:01 - [MESSAGE][FAILED] - click(findTestObject("OCS_CRITICAL PATH/Cartflyout-decrease qty _OR/Page_Shishkaberry  Ontario Cannabis/button_")) FAILED.
Reason:
com.kms.katalon.core.exception.StepFailedException: Unable to click on object 'Object Repository/OCS_CRITICAL PATH/Cartflyout-decrease qty _OR/Page_Shishkaberry  Ontario Cannabis/button_' (Root cause: com.kms.katalon.core.webui.exception.WebElementNotFoundException: Web element with id: 'Object Repository/OCS_CRITICAL PATH/Cartflyout-decrease qty _OR/Page_Shishkaberry  Ontario Cannabis/button_' located by 'By.xpath: id("product_1314098120524_pdp")/div[@class="section"]/div[@class="counter"]/button[@class="counter__increment"][count(. | //button[@aria-role = 'button' and @class = 'counter__increment' and (text() = '
        +
        
    ' or . = '
        +
        
    ')]) = count(//button[@aria-role = 'button' and @class = 'counter__increment' and (text() = '
        +
        
    ' or . = '
        +
        
    ')])]' not found)
	at com.kms.katalon.core.keyword.internal.KeywordMain.stepFailed(KeywordMain.groovy:36)
	at com.kms.katalon.core.webui.keyword.internal.WebUIKeywordMain.stepFailed(WebUIKeywordMain.groovy:65)
	at com.kms.katalon.core.webui.keyword.internal.WebUIKeywordMain.runKeyword(WebUIKeywordMain.groovy:27)
	at com.kms.katalon.core.webui.keyword.builtin.ClickKeyword.click(ClickKeyword.groovy:86)
	at com.kms.katalon.core.webui.keyword.builtin.ClickKeyword.execute(ClickKeyword.groovy:67)
	at com.kms.katalon.core.keyword.internal.KeywordExecutor.executeKeywordForPlatform(KeywordExecutor.groovy:53)
	at com.kms.katalon.core.webui.keyword.WebUiBuiltInKeywords.click(WebUiBuiltInKeywords.groovy:616)
	at com.kms.katalon.core.webui.keyword.WebUiBuiltInKeywords$click$3.call(Unknown Source)
	at Cart flyout- decrease qty.run(Cart flyout- decrease qty:49)
	at com.kms.katalon.core.main.ScriptEngine.run(ScriptEngine.java:194)
	at com.kms.katalon.core.main.ScriptEngine.runScriptAsRawText(ScriptEngine.java:119)
	at com.kms.katalon.core.main.TestCaseExecutor.runScript(TestCaseExecutor.java:328)
	at com.kms.katalon.core.main.TestCaseExecutor.doExecute(TestCaseExecutor.java:319)
	at com.kms.katalon.core.main.TestCaseExecutor.processExecutionPhase(TestCaseExecutor.java:298)
	at com.kms.katalon.core.main.TestCaseExecutor.accessMainPhase(TestCaseExecutor.java:290)
	at com.kms.katalon.core.main.TestCaseExecutor.execute(TestCaseExecutor.java:224)
	at com.kms.katalon.core.main.TestSuiteExecutor.accessTestCaseMainPhase(TestSuiteExecutor.java:129)
	at com.kms.katalon.core.main.TestSuiteExecutor.accessTestSuiteMainPhase(TestSuiteExecutor.java:112)
	at com.kms.katalon.core.main.TestSuiteExecutor.execute(TestSuiteExecutor.java:81)
	at com.kms.katalon.core.main.TestCaseMain.startTestSuite(TestCaseMain.java:149)
	at com.kms.katalon.core.main.TestCaseMain$startTestSuite$0.call(Unknown Source)
	at TempTestSuite1556652937298.run(TempTestSuite1556652937298.groovy:36)]]></system-out>
         <system-err><![CDATA[2019-04-30 15:36:14 - [TEST_CASE][FAILED] - Test Cases/OCS- CRITICAL PATH/Cart flyout- decrease qty: Test Cases/OCS- CRITICAL PATH/Cart flyout- decrease qty FAILED.
Reason:
com.kms.katalon.core.exception.StepFailedException: Unable to click on object 'Object Repository/OCS_CRITICAL PATH/Cartflyout-decrease qty _OR/Page_Shishkaberry  Ontario Cannabis/button_' (Root cause: com.kms.katalon.core.webui.exception.WebElementNotFoundException: Web element with id: 'Object Repository/OCS_CRITICAL PATH/Cartflyout-decrease qty _OR/Page_Shishkaberry  Ontario Cannabis/button_' located by 'By.xpath: id("product_1314098120524_pdp")/div[@class="section"]/div[@class="counter"]/button[@class="counter__increment"][count(. | //button[@aria-role = 'button' and @class = 'counter__increment' and (text() = '
        +
        
    ' or . = '
        +
        
    ')]) = count(//button[@aria-role = 'button' and @class = 'counter__increment' and (text() = '
        +
        
    ' or . = '
        +
        
    ')])]' not found)
	at com.kms.katalon.core.keyword.internal.KeywordMain.stepFailed(KeywordMain.groovy:36)
	at com.kms.katalon.core.webui.keyword.internal.WebUIKeywordMain.stepFailed(WebUIKeywordMain.groovy:65)
	at com.kms.katalon.core.webui.keyword.internal.WebUIKeywordMain.runKeyword(WebUIKeywordMain.groovy:27)
	at com.kms.katalon.core.webui.keyword.builtin.ClickKeyword.click(ClickKeyword.groovy:86)
	at com.kms.katalon.core.webui.keyword.builtin.ClickKeyword.execute(ClickKeyword.groovy:67)
	at com.kms.katalon.core.keyword.internal.KeywordExecutor.executeKeywordForPlatform(KeywordExecutor.groovy:53)
	at com.kms.katalon.core.webui.keyword.WebUiBuiltInKeywords.click(WebUiBuiltInKeywords.groovy:616)
	at com.kms.katalon.core.webui.keyword.WebUiBuiltInKeywords$click$3.call(Unknown Source)
	at Cart flyout- decrease qty.run(Cart flyout- decrease qty:49)
	at com.kms.katalon.core.main.ScriptEngine.run(ScriptEngine.java:194)
	at com.kms.katalon.core.main.ScriptEngine.runScriptAsRawText(ScriptEngine.java:119)
	at com.kms.katalon.core.main.TestCaseExecutor.runScript(TestCaseExecutor.java:328)
	at com.kms.katalon.core.main.TestCaseExecutor.doExecute(TestCaseExecutor.java:319)
	at com.kms.katalon.core.main.TestCaseExecutor.processExecutionPhase(TestCaseExecutor.java:298)
	at com.kms.katalon.core.main.TestCaseExecutor.accessMainPhase(TestCaseExecutor.java:290)
	at com.kms.katalon.core.main.TestCaseExecutor.execute(TestCaseExecutor.java:224)
	at com.kms.katalon.core.main.TestSuiteExecutor.accessTestCaseMainPhase(TestSuiteExecutor.java:129)
	at com.kms.katalon.core.main.TestSuiteExecutor.accessTestSuiteMainPhase(TestSuiteExecutor.java:112)
	at com.kms.katalon.core.main.TestSuiteExecutor.execute(TestSuiteExecutor.java:81)
	at com.kms.katalon.core.main.TestCaseMain.startTestSuite(TestCaseMain.java:149)
	at com.kms.katalon.core.main.TestCaseMain$startTestSuite$0.call(Unknown Source)
	at TempTestSuite1556652937298.run(TempTestSuite1556652937298.groovy:36)]]></system-err>
      </testcase>
      <testcase name="Test Cases/OCS- CRITICAL PATH/Checkout - payment" classname="Test Cases/OCS- CRITICAL PATH/Checkout - payment" status="FAILED">
         <failure type="FAILED" message="Test Cases/OCS- CRITICAL PATH/Checkout - payment FAILED.
Reason:
com.kms.katalon.core.exception.StepFailedException: Unable to click on object 'Object Repository/OCS_CRITICAL PATH/Checkout - payment/Page_Ontario Cannabis Store - Payme/a_Shipping' (Root cause: com.kms.katalon.core.webui.exception.WebElementNotFoundException: Web element with id: 'Object Repository/OCS_CRITICAL PATH/Checkout - payment/Page_Ontario Cannabis Store - Payme/a_Shipping' located by 'By.xpath: //a[contains(text(),'Shipping')]' not found)
	at com.kms.katalon.core.keyword.internal.KeywordMain.stepFailed(KeywordMain.groovy:36)
	at com.kms.katalon.core.webui.keyword.internal.WebUIKeywordMain.stepFailed(WebUIKeywordMain.groovy:65)
	at com.kms.katalon.core.webui.keyword.internal.WebUIKeywordMain.runKeyword(WebUIKeywordMain.groovy:27)
	at com.kms.katalon.core.webui.keyword.builtin.ClickKeyword.click(ClickKeyword.groovy:86)
	at com.kms.katalon.core.webui.keyword.builtin.ClickKeyword.execute(ClickKeyword.groovy:67)
	at com.kms.katalon.core.keyword.internal.KeywordExecutor.executeKeywordForPlatform(KeywordExecutor.groovy:53)
	at com.kms.katalon.core.webui.keyword.WebUiBuiltInKeywords.click(WebUiBuiltInKeywords.groovy:616)
	at com.kms.katalon.core.webui.keyword.WebUiBuiltInKeywords$click$3.call(Unknown Source)
	at Checkout - payment.run(Checkout - payment:91)
	at com.kms.katalon.core.main.ScriptEngine.run(ScriptEngine.java:194)
	at com.kms.katalon.core.main.ScriptEngine.runScriptAsRawText(ScriptEngine.java:119)
	at com.kms.katalon.core.main.TestCaseExecutor.runScript(TestCaseExecutor.java:328)
	at com.kms.katalon.core.main.TestCaseExecutor.doExecute(TestCaseExecutor.java:319)
	at com.kms.katalon.core.main.TestCaseExecutor.processExecutionPhase(TestCaseExecutor.java:298)
	at com.kms.katalon.core.main.TestCaseExecutor.accessMainPhase(TestCaseExecutor.java:290)
	at com.kms.katalon.core.main.TestCaseExecutor.execute(TestCaseExecutor.java:224)
	at com.kms.katalon.core.main.TestSuiteExecutor.accessTestCaseMainPhase(TestSuiteExecutor.java:129)
	at com.kms.katalon.core.main.TestSuiteExecutor.accessTestSuiteMainPhase(TestSuiteExecutor.java:112)
	at com.kms.katalon.core.main.TestSuiteExecutor.execute(TestSuiteExecutor.java:81)
	at com.kms.katalon.core.main.TestCaseMain.startTestSuite(TestCaseMain.java:149)
	at com.kms.katalon.core.main.TestCaseMain$startTestSuite$0.call(Unknown Source)
	at TempTestSuite1556652937298.run(TempTestSuite1556652937298.groovy:36)
"/>
         <system-out><![CDATA[2019-04-30 15:37:01 - [TEST_CASE][FAILED] - Test Cases/OCS- CRITICAL PATH/Checkout - payment: Test Cases/OCS- CRITICAL PATH/Checkout - payment FAILED.
Reason:
com.kms.katalon.core.exception.StepFailedException: Unable to click on object 'Object Repository/OCS_CRITICAL PATH/Checkout - payment/Page_Ontario Cannabis Store - Payme/a_Shipping' (Root cause: com.kms.katalon.core.webui.exception.WebElementNotFoundException: Web element with id: 'Object Repository/OCS_CRITICAL PATH/Checkout - payment/Page_Ontario Cannabis Store - Payme/a_Shipping' located by 'By.xpath: //a[contains(text(),'Shipping')]' not found)
	at com.kms.katalon.core.keyword.internal.KeywordMain.stepFailed(KeywordMain.groovy:36)
	at com.kms.katalon.core.webui.keyword.internal.WebUIKeywordMain.stepFailed(WebUIKeywordMain.groovy:65)
	at com.kms.katalon.core.webui.keyword.internal.WebUIKeywordMain.runKeyword(WebUIKeywordMain.groovy:27)
	at com.kms.katalon.core.webui.keyword.builtin.ClickKeyword.click(ClickKeyword.groovy:86)
	at com.kms.katalon.core.webui.keyword.builtin.ClickKeyword.execute(ClickKeyword.groovy:67)
	at com.kms.katalon.core.keyword.internal.KeywordExecutor.executeKeywordForPlatform(KeywordExecutor.groovy:53)
	at com.kms.katalon.core.webui.keyword.WebUiBuiltInKeywords.click(WebUiBuiltInKeywords.groovy:616)
	at com.kms.katalon.core.webui.keyword.WebUiBuiltInKeywords$click$3.call(Unknown Source)
	at Checkout - payment.run(Checkout - payment:91)
	at com.kms.katalon.core.main.ScriptEngine.run(ScriptEngine.java:194)
	at com.kms.katalon.core.main.ScriptEngine.runScriptAsRawText(ScriptEngine.java:119)
	at com.kms.katalon.core.main.TestCaseExecutor.runScript(TestCaseExecutor.java:328)
	at com.kms.katalon.core.main.TestCaseExecutor.doExecute(TestCaseExecutor.java:319)
	at com.kms.katalon.core.main.TestCaseExecutor.processExecutionPhase(TestCaseExecutor.java:298)
	at com.kms.katalon.core.main.TestCaseExecutor.accessMainPhase(TestCaseExecutor.java:290)
	at com.kms.katalon.core.main.TestCaseExecutor.execute(TestCaseExecutor.java:224)
	at com.kms.katalon.core.main.TestSuiteExecutor.accessTestCaseMainPhase(TestSuiteExecutor.java:129)
	at com.kms.katalon.core.main.TestSuiteExecutor.accessTestSuiteMainPhase(TestSuiteExecutor.java:112)
	at com.kms.katalon.core.main.TestSuiteExecutor.execute(TestSuiteExecutor.java:81)
	at com.kms.katalon.core.main.TestCaseMain.startTestSuite(TestCaseMain.java:149)
	at com.kms.katalon.core.main.TestCaseMain$startTestSuite$0.call(Unknown Source)
	at TempTestSuite1556652937298.run(TempTestSuite1556652937298.groovy:36)


2019-04-30 15:37:02 - [TEST_STEP][PASSED] - openBrowser(""): Browser is opened with url: ''

2019-04-30 15:37:02 - [MESSAGE][WARNING] - A browser is already opened. Closing browser and opening a new one

2019-04-30 15:37:02 - [MESSAGE][INFO] - Starting 'Chrome' driver

2019-04-30 15:37:03 - [MESSAGE][PASSED] - Browser is opened with url: ''

2019-04-30 15:37:03 - [TEST_STEP][PASSED] - navigateToUrl("https://ocs.ca/#/verify-age"): Navigate to 'https://ocs.ca/#/verify-age' successfully

2019-04-30 15:37:06 - [MESSAGE][PASSED] - Navigate to 'https://ocs.ca/#/verify-age' successfully

2019-04-30 15:37:06 - [TEST_STEP][PASSED] - selectOptionByValue(findTestObject("OCS_CRITICAL PATH/Checkout - payment/Page_Ontario Cannabis Store  Ontari/select_Select01020304050607080"), "19", true): All options with value '19' are selected in object 'Object Repository/OCS_CRITICAL PATH/Checkout - payment/Page_Ontario Cannabis Store  Ontari/select_Select01020304050607080'  using regular expression

2019-04-30 15:37:07 - [MESSAGE][PASSED] - All options with value '19' are selected in object 'Object Repository/OCS_CRITICAL PATH/Checkout - payment/Page_Ontario Cannabis Store  Ontari/select_Select01020304050607080'  using regular expression

2019-04-30 15:37:07 - [TEST_STEP][PASSED] - selectOptionByValue(findTestObject("OCS_CRITICAL PATH/Checkout - payment/Page_Ontario Cannabis Store  Ontari/select_SelectJanuary - 01Febru"), "9", true): All options with value '9' are selected in object 'Object Repository/OCS_CRITICAL PATH/Checkout - payment/Page_Ontario Cannabis Store  Ontari/select_SelectJanuary - 01Febru'  using regular expression

2019-04-30 15:37:07 - [MESSAGE][PASSED] - All options with value '9' are selected in object 'Object Repository/OCS_CRITICAL PATH/Checkout - payment/Page_Ontario Cannabis Store  Ontari/select_SelectJanuary - 01Febru'  using regular expression

2019-04-30 15:37:07 - [TEST_STEP][PASSED] - selectOptionByValue(findTestObject("OCS_CRITICAL PATH/Checkout - payment/Page_Ontario Cannabis Store  Ontari/select_Select20182017201620152"), "1966", true): All options with value '1966' are selected in object 'Object Repository/OCS_CRITICAL PATH/Checkout - payment/Page_Ontario Cannabis Store  Ontari/select_Select20182017201620152'  using regular expression

2019-04-30 15:37:08 - [MESSAGE][PASSED] - All options with value '1966' are selected in object 'Object Repository/OCS_CRITICAL PATH/Checkout - payment/Page_Ontario Cannabis Store  Ontari/select_Select20182017201620152'  using regular expression

2019-04-30 15:37:08 - [TEST_STEP][PASSED] - click(findTestObject("OCS_CRITICAL PATH/Checkout - payment/Page_Ontario Cannabis Store  Ontari/button_Verify")): Object: 'Object Repository/OCS_CRITICAL PATH/Checkout - payment/Page_Ontario Cannabis Store  Ontari/button_Verify' is clicked on

2019-04-30 15:37:08 - [MESSAGE][PASSED] - Object: 'Object Repository/OCS_CRITICAL PATH/Checkout - payment/Page_Ontario Cannabis Store  Ontari/button_Verify' is clicked on

2019-04-30 15:37:08 - [TEST_STEP][PASSED] - click(findTestObject("OCS_CRITICAL PATH/Checkout - payment/Page_Ontario Cannabis Store  Ontari/span_CONFIRM AND ACKNOWLEDGE_c")): Object: 'Object Repository/OCS_CRITICAL PATH/Checkout - payment/Page_Ontario Cannabis Store  Ontari/span_CONFIRM AND ACKNOWLEDGE_c' is clicked on

2019-04-30 15:37:08 - [MESSAGE][PASSED] - Object: 'Object Repository/OCS_CRITICAL PATH/Checkout - payment/Page_Ontario Cannabis Store  Ontari/span_CONFIRM AND ACKNOWLEDGE_c' is clicked on

2019-04-30 15:37:08 - [TEST_STEP][PASSED] - click(findTestObject("OCS_CRITICAL PATH/Checkout - payment/Page_Ontario Cannabis Store  Ontari/button_CONFIRM")): Object: 'Object Repository/OCS_CRITICAL PATH/Checkout - payment/Page_Ontario Cannabis Store  Ontari/button_CONFIRM' is clicked on

2019-04-30 15:37:08 - [MESSAGE][PASSED] - Object: 'Object Repository/OCS_CRITICAL PATH/Checkout - payment/Page_Ontario Cannabis Store  Ontari/button_CONFIRM' is clicked on

2019-04-30 15:37:08 - [TEST_STEP][PASSED] - click(findTestObject("OCS_CRITICAL PATH/Checkout - payment/Page_Ontario Cannabis Store  Ontari/button_Start Browsing")): Object: 'Object Repository/OCS_CRITICAL PATH/Checkout - payment/Page_Ontario Cannabis Store  Ontari/button_Start Browsing' is clicked on

2019-04-30 15:37:09 - [MESSAGE][PASSED] - Object: 'Object Repository/OCS_CRITICAL PATH/Checkout - payment/Page_Ontario Cannabis Store  Ontari/button_Start Browsing' is clicked on

2019-04-30 15:37:09 - [TEST_STEP][PASSED] - click(findTestObject("OCS_CRITICAL PATH/Checkout - payment/Page_Ontario Cannabis Store  Ontari/h3_Cannabis")): Object: 'Object Repository/OCS_CRITICAL PATH/Checkout - payment/Page_Ontario Cannabis Store  Ontari/h3_Cannabis' is clicked on

2019-04-30 15:37:09 - [MESSAGE][PASSED] - Object: 'Object Repository/OCS_CRITICAL PATH/Checkout - payment/Page_Ontario Cannabis Store  Ontari/h3_Cannabis' is clicked on

2019-04-30 15:37:09 - [TEST_STEP][PASSED] - delay(2): Delayed 2 second(s)

2019-04-30 15:37:11 - [MESSAGE][PASSED] - Delayed 2 second(s)

2019-04-30 15:37:11 - [TEST_STEP][PASSED] - click(findTestObject("OCS_CRITICAL PATH/Checkout - payment/Page_Ontario Cannabis Store  Ontari/span_Indica Dominant")): Object: 'Object Repository/OCS_CRITICAL PATH/Checkout - payment/Page_Ontario Cannabis Store  Ontari/span_Indica Dominant' is clicked on

2019-04-30 15:37:13 - [MESSAGE][PASSED] - Object: 'Object Repository/OCS_CRITICAL PATH/Checkout - payment/Page_Ontario Cannabis Store  Ontari/span_Indica Dominant' is clicked on

2019-04-30 15:37:13 - [TEST_STEP][PASSED] - click(findTestObject("OCS_CRITICAL PATH/Checkout - payment/Page_Indica Dominant Dried Flower/h3_Shishkaberry")): Object: 'Object Repository/OCS_CRITICAL PATH/Checkout - payment/Page_Indica Dominant Dried Flower/h3_Shishkaberry' is clicked on

2019-04-30 15:37:17 - [MESSAGE][PASSED] - Object: 'Object Repository/OCS_CRITICAL PATH/Checkout - payment/Page_Indica Dominant Dried Flower/h3_Shishkaberry' is clicked on

2019-04-30 15:37:17 - [TEST_STEP][PASSED] - click(findTestObject("OCS_CRITICAL PATH/Checkout - payment/Page_Shishkaberry  Ontario Cannabis/label_3.5g")): Object: 'Object Repository/OCS_CRITICAL PATH/Checkout - payment/Page_Shishkaberry  Ontario Cannabis/label_3.5g' is clicked on

2019-04-30 15:37:17 - [MESSAGE][PASSED] - Object: 'Object Repository/OCS_CRITICAL PATH/Checkout - payment/Page_Shishkaberry  Ontario Cannabis/label_3.5g' is clicked on

2019-04-30 15:37:17 - [TEST_STEP][PASSED] - click(findTestObject("OCS_CRITICAL PATH/Checkout - payment/Page_Shishkaberry  Ontario Cannabis/button_")): Object: 'Object Repository/OCS_CRITICAL PATH/Checkout - payment/Page_Shishkaberry  Ontario Cannabis/button_' is clicked on

2019-04-30 15:37:17 - [MESSAGE][PASSED] - Object: 'Object Repository/OCS_CRITICAL PATH/Checkout - payment/Page_Shishkaberry  Ontario Cannabis/button_' is clicked on

2019-04-30 15:37:17 - [TEST_STEP][PASSED] - click(findTestObject("OCS_CRITICAL PATH/Checkout - payment/Page_Shishkaberry  Ontario Cannabis/button_")): Object: 'Object Repository/OCS_CRITICAL PATH/Checkout - payment/Page_Shishkaberry  Ontario Cannabis/button_' is clicked on

2019-04-30 15:37:17 - [MESSAGE][PASSED] - Object: 'Object Repository/OCS_CRITICAL PATH/Checkout - payment/Page_Shishkaberry  Ontario Cannabis/button_' is clicked on

2019-04-30 15:37:17 - [TEST_STEP][PASSED] - click(findTestObject("OCS_CRITICAL PATH/Checkout - payment/Page_Shishkaberry  Ontario Cannabis/button_")): Object: 'Object Repository/OCS_CRITICAL PATH/Checkout - payment/Page_Shishkaberry  Ontario Cannabis/button_' is clicked on

2019-04-30 15:37:17 - [MESSAGE][PASSED] - Object: 'Object Repository/OCS_CRITICAL PATH/Checkout - payment/Page_Shishkaberry  Ontario Cannabis/button_' is clicked on

2019-04-30 15:37:17 - [TEST_STEP][PASSED] - click(findTestObject("OCS_CRITICAL PATH/Checkout - payment/Page_Shishkaberry  Ontario Cannabis/button_Add to Bag129.60")): Object: 'Object Repository/OCS_CRITICAL PATH/Checkout - payment/Page_Shishkaberry  Ontario Cannabis/button_Add to Bag129.60' is clicked on

2019-04-30 15:37:17 - [MESSAGE][PASSED] - Object: 'Object Repository/OCS_CRITICAL PATH/Checkout - payment/Page_Shishkaberry  Ontario Cannabis/button_Add to Bag129.60' is clicked on

2019-04-30 15:37:17 - [TEST_STEP][PASSED] - click(findTestObject("OCS_CRITICAL PATH/Checkout - payment/Page_Shishkaberry  Ontario Cannabis/span_concat(I confirm that I")): Object: 'Object Repository/OCS_CRITICAL PATH/Checkout - payment/Page_Shishkaberry  Ontario Cannabis/span_concat(I confirm that I' is clicked on

2019-04-30 15:37:19 - [MESSAGE][PASSED] - Object: 'Object Repository/OCS_CRITICAL PATH/Checkout - payment/Page_Shishkaberry  Ontario Cannabis/span_concat(I confirm that I' is clicked on

2019-04-30 15:37:19 - [TEST_STEP][PASSED] - click(findTestObject("OCS_CRITICAL PATH/Checkout - payment/Page_Shishkaberry  Ontario Cannabis/span_Accept the_checkbox")): Object: 'Object Repository/OCS_CRITICAL PATH/Checkout - payment/Page_Shishkaberry  Ontario Cannabis/span_Accept the_checkbox' is clicked on

2019-04-30 15:37:19 - [MESSAGE][PASSED] - Object: 'Object Repository/OCS_CRITICAL PATH/Checkout - payment/Page_Shishkaberry  Ontario Cannabis/span_Accept the_checkbox' is clicked on

2019-04-30 15:37:19 - [TEST_STEP][PASSED] - delay(2): Delayed 2 second(s)

2019-04-30 15:37:21 - [MESSAGE][PASSED] - Delayed 2 second(s)

2019-04-30 15:37:21 - [TEST_STEP][PASSED] - click(findTestObject("OCS_CRITICAL PATH/Checkout - payment/Page_Shishkaberry  Ontario Cannabis/a_Checkout")): Object: 'Object Repository/OCS_CRITICAL PATH/Checkout - payment/Page_Shishkaberry  Ontario Cannabis/a_Checkout' is clicked on

2019-04-30 15:37:23 - [MESSAGE][PASSED] - Object: 'Object Repository/OCS_CRITICAL PATH/Checkout - payment/Page_Shishkaberry  Ontario Cannabis/a_Checkout' is clicked on

2019-04-30 15:37:23 - [TEST_STEP][PASSED] - setText(findTestObject("OCS_CRITICAL PATH/Checkout - payment/Page_Ontario Cannabis Store - Infor/input_Email_checkoutemail"), "suman@gmail.com"): Text 'suman@gmail.com' is set on object 'Object Repository/OCS_CRITICAL PATH/Checkout - payment/Page_Ontario Cannabis Store - Infor/input_Email_checkoutemail'

2019-04-30 15:37:23 - [MESSAGE][PASSED] - Text 'suman@gmail.com' is set on object 'Object Repository/OCS_CRITICAL PATH/Checkout - payment/Page_Ontario Cannabis Store - Infor/input_Email_checkoutemail'

2019-04-30 15:37:23 - [TEST_STEP][PASSED] - setText(findTestObject("OCS_CRITICAL PATH/Checkout - payment/Page_Ontario Cannabis Store - Infor/input_First name_checkoutshipp"), "suman"): Text 'suman' is set on object 'Object Repository/OCS_CRITICAL PATH/Checkout - payment/Page_Ontario Cannabis Store - Infor/input_First name_checkoutshipp'

2019-04-30 15:37:23 - [MESSAGE][PASSED] - Text 'suman' is set on object 'Object Repository/OCS_CRITICAL PATH/Checkout - payment/Page_Ontario Cannabis Store - Infor/input_First name_checkoutshipp'

2019-04-30 15:37:23 - [TEST_STEP][PASSED] - setText(findTestObject("OCS_CRITICAL PATH/Checkout - payment/Page_Ontario Cannabis Store - Infor/input_Last name_checkoutshippi"), "kompelly"): Text 'kompelly' is set on object 'Object Repository/OCS_CRITICAL PATH/Checkout - payment/Page_Ontario Cannabis Store - Infor/input_Last name_checkoutshippi'

2019-04-30 15:37:23 - [MESSAGE][PASSED] - Text 'kompelly' is set on object 'Object Repository/OCS_CRITICAL PATH/Checkout - payment/Page_Ontario Cannabis Store - Infor/input_Last name_checkoutshippi'

2019-04-30 15:37:23 - [TEST_STEP][PASSED] - setText(findTestObject("OCS_CRITICAL PATH/Checkout - payment/Page_Ontario Cannabis Store - Infor/input_Address_checkoutshipping"), "dfsbfmnsbfmnsbf"): Text 'dfsbfmnsbfmnsbf' is set on object 'Object Repository/OCS_CRITICAL PATH/Checkout - payment/Page_Ontario Cannabis Store - Infor/input_Address_checkoutshipping'

2019-04-30 15:37:23 - [MESSAGE][PASSED] - Text 'dfsbfmnsbfmnsbf' is set on object 'Object Repository/OCS_CRITICAL PATH/Checkout - payment/Page_Ontario Cannabis Store - Infor/input_Address_checkoutshipping'

2019-04-30 15:37:23 - [TEST_STEP][PASSED] - setText(findTestObject("OCS_CRITICAL PATH/Checkout - payment/Page_Ontario Cannabis Store - Infor/input_Apartment suite etc. (op"), "bnmbnb"): Text 'bnmbnb' is set on object 'Object Repository/OCS_CRITICAL PATH/Checkout - payment/Page_Ontario Cannabis Store - Infor/input_Apartment suite etc. (op'

2019-04-30 15:37:23 - [MESSAGE][PASSED] - Text 'bnmbnb' is set on object 'Object Repository/OCS_CRITICAL PATH/Checkout - payment/Page_Ontario Cannabis Store - Infor/input_Apartment suite etc. (op'

2019-04-30 15:37:23 - [TEST_STEP][PASSED] - setText(findTestObject("OCS_CRITICAL PATH/Checkout - payment/Page_Ontario Cannabis Store - Infor/input_City_checkoutshipping_ad"), "montreal"): Text 'montreal' is set on object 'Object Repository/OCS_CRITICAL PATH/Checkout - payment/Page_Ontario Cannabis Store - Infor/input_City_checkoutshipping_ad'

2019-04-30 15:37:24 - [MESSAGE][PASSED] - Text 'montreal' is set on object 'Object Repository/OCS_CRITICAL PATH/Checkout - payment/Page_Ontario Cannabis Store - Infor/input_City_checkoutshipping_ad'

2019-04-30 15:37:24 - [TEST_STEP][PASSED] - setText(findTestObject("OCS_CRITICAL PATH/Checkout - payment/Page_Ontario Cannabis Store - Infor/input_Postal code_checkoutship"), "n0r1k0"): Text 'n0r1k0' is set on object 'Object Repository/OCS_CRITICAL PATH/Checkout - payment/Page_Ontario Cannabis Store - Infor/input_Postal code_checkoutship'

2019-04-30 15:37:24 - [MESSAGE][PASSED] - Text 'n0r1k0' is set on object 'Object Repository/OCS_CRITICAL PATH/Checkout - payment/Page_Ontario Cannabis Store - Infor/input_Postal code_checkoutship'

2019-04-30 15:37:24 - [TEST_STEP][PASSED] - setText(findTestObject("OCS_CRITICAL PATH/Checkout - payment/Page_Ontario Cannabis Store - Infor/input_Phone_checkoutshipping_a"), "(514) 449-3882"): Text '(514) 449-3882' is set on object 'Object Repository/OCS_CRITICAL PATH/Checkout - payment/Page_Ontario Cannabis Store - Infor/input_Phone_checkoutshipping_a'

2019-04-30 15:37:24 - [MESSAGE][PASSED] - Text '(514) 449-3882' is set on object 'Object Repository/OCS_CRITICAL PATH/Checkout - payment/Page_Ontario Cannabis Store - Infor/input_Phone_checkoutshipping_a'

2019-04-30 15:37:24 - [TEST_STEP][PASSED] - click(findTestObject("OCS_CRITICAL PATH/Checkout - payment/Page_Ontario Cannabis Store - Infor/button_Continue to shipping me")): Object: 'Object Repository/OCS_CRITICAL PATH/Checkout - payment/Page_Ontario Cannabis Store - Infor/button_Continue to shipping me' is clicked on

2019-04-30 15:37:24 - [MESSAGE][PASSED] - Object: 'Object Repository/OCS_CRITICAL PATH/Checkout - payment/Page_Ontario Cannabis Store - Infor/button_Continue to shipping me' is clicked on

2019-04-30 15:37:24 - [TEST_STEP][PASSED] - click(findTestObject("OCS_CRITICAL PATH/Checkout - payment/Page_Ontario Cannabis Store - Shipp/button_Continue to payment met")): Object: 'Object Repository/OCS_CRITICAL PATH/Checkout - payment/Page_Ontario Cannabis Store - Shipp/button_Continue to payment met' is clicked on

2019-04-30 15:37:53 - [MESSAGE][PASSED] - Object: 'Object Repository/OCS_CRITICAL PATH/Checkout - payment/Page_Ontario Cannabis Store - Shipp/button_Continue to payment met' is clicked on

2019-04-30 15:37:53 - [TEST_STEP][FAILED] - click(findTestObject("OCS_CRITICAL PATH/Checkout - payment/Page_Ontario Cannabis Store - Payme/a_Shipping")): click(findTestObject("OCS_CRITICAL PATH/Checkout - payment/Page_Ontario Cannabis Store - Payme/a_Shipping")) FAILED.
Reason:
com.kms.katalon.core.exception.StepFailedException: Unable to click on object 'Object Repository/OCS_CRITICAL PATH/Checkout - payment/Page_Ontario Cannabis Store - Payme/a_Shipping' (Root cause: com.kms.katalon.core.webui.exception.WebElementNotFoundException: Web element with id: 'Object Repository/OCS_CRITICAL PATH/Checkout - payment/Page_Ontario Cannabis Store - Payme/a_Shipping' located by 'By.xpath: //a[contains(text(),'Shipping')]' not found)
	at com.kms.katalon.core.keyword.internal.KeywordMain.stepFailed(KeywordMain.groovy:36)
	at com.kms.katalon.core.webui.keyword.internal.WebUIKeywordMain.stepFailed(WebUIKeywordMain.groovy:65)
	at com.kms.katalon.core.webui.keyword.internal.WebUIKeywordMain.runKeyword(WebUIKeywordMain.groovy:27)
	at com.kms.katalon.core.webui.keyword.builtin.ClickKeyword.click(ClickKeyword.groovy:86)
	at com.kms.katalon.core.webui.keyword.builtin.ClickKeyword.execute(ClickKeyword.groovy:67)
	at com.kms.katalon.core.keyword.internal.KeywordExecutor.executeKeywordForPlatform(KeywordExecutor.groovy:53)
	at com.kms.katalon.core.webui.keyword.WebUiBuiltInKeywords.click(WebUiBuiltInKeywords.groovy:616)
	at com.kms.katalon.core.webui.keyword.WebUiBuiltInKeywords$click$3.call(Unknown Source)
	at Checkout - payment.run(Checkout - payment:91)
	at com.kms.katalon.core.main.ScriptEngine.run(ScriptEngine.java:194)
	at com.kms.katalon.core.main.ScriptEngine.runScriptAsRawText(ScriptEngine.java:119)
	at com.kms.katalon.core.main.TestCaseExecutor.runScript(TestCaseExecutor.java:328)
	at com.kms.katalon.core.main.TestCaseExecutor.doExecute(TestCaseExecutor.java:319)
	at com.kms.katalon.core.main.TestCaseExecutor.processExecutionPhase(TestCaseExecutor.java:298)
	at com.kms.katalon.core.main.TestCaseExecutor.accessMainPhase(TestCaseExecutor.java:290)
	at com.kms.katalon.core.main.TestCaseExecutor.execute(TestCaseExecutor.java:224)
	at com.kms.katalon.core.main.TestSuiteExecutor.accessTestCaseMainPhase(TestSuiteExecutor.java:129)
	at com.kms.katalon.core.main.TestSuiteExecutor.accessTestSuiteMainPhase(TestSuiteExecutor.java:112)
	at com.kms.katalon.core.main.TestSuiteExecutor.execute(TestSuiteExecutor.java:81)
	at com.kms.katalon.core.main.TestCaseMain.startTestSuite(TestCaseMain.java:149)
	at com.kms.katalon.core.main.TestCaseMain$startTestSuite$0.call(Unknown Source)
	at TempTestSuite1556652937298.run(TempTestSuite1556652937298.groovy:36)


2019-04-30 15:38:23 - [MESSAGE][INFO] - Unable to find the element located by 'By.xpath: //a[contains(text(),'Shipping')]'. Please recheck the objects properties to make sure the desired element is located. 

2019-04-30 15:38:24 - [MESSAGE][FAILED] - Unable to click on object 'Object Repository/OCS_CRITICAL PATH/Checkout - payment/Page_Ontario Cannabis Store - Payme/a_Shipping' (Root cause: com.kms.katalon.core.webui.exception.WebElementNotFoundException: Web element with id: 'Object Repository/OCS_CRITICAL PATH/Checkout - payment/Page_Ontario Cannabis Store - Payme/a_Shipping' located by 'By.xpath: //a[contains(text(),'Shipping')]' not found)
[[ATTACHMENT|/Users/sumankompelly/git/Sample-OCS/Reports/CRITICAL PATH/20190430_153537/1556653103932.png]]

2019-04-30 15:38:24 - [MESSAGE][FAILED] - click(findTestObject("OCS_CRITICAL PATH/Checkout - payment/Page_Ontario Cannabis Store - Payme/a_Shipping")) FAILED.
Reason:
com.kms.katalon.core.exception.StepFailedException: Unable to click on object 'Object Repository/OCS_CRITICAL PATH/Checkout - payment/Page_Ontario Cannabis Store - Payme/a_Shipping' (Root cause: com.kms.katalon.core.webui.exception.WebElementNotFoundException: Web element with id: 'Object Repository/OCS_CRITICAL PATH/Checkout - payment/Page_Ontario Cannabis Store - Payme/a_Shipping' located by 'By.xpath: //a[contains(text(),'Shipping')]' not found)
	at com.kms.katalon.core.keyword.internal.KeywordMain.stepFailed(KeywordMain.groovy:36)
	at com.kms.katalon.core.webui.keyword.internal.WebUIKeywordMain.stepFailed(WebUIKeywordMain.groovy:65)
	at com.kms.katalon.core.webui.keyword.internal.WebUIKeywordMain.runKeyword(WebUIKeywordMain.groovy:27)
	at com.kms.katalon.core.webui.keyword.builtin.ClickKeyword.click(ClickKeyword.groovy:86)
	at com.kms.katalon.core.webui.keyword.builtin.ClickKeyword.execute(ClickKeyword.groovy:67)
	at com.kms.katalon.core.keyword.internal.KeywordExecutor.executeKeywordForPlatform(KeywordExecutor.groovy:53)
	at com.kms.katalon.core.webui.keyword.WebUiBuiltInKeywords.click(WebUiBuiltInKeywords.groovy:616)
	at com.kms.katalon.core.webui.keyword.WebUiBuiltInKeywords$click$3.call(Unknown Source)
	at Checkout - payment.run(Checkout - payment:91)
	at com.kms.katalon.core.main.ScriptEngine.run(ScriptEngine.java:194)
	at com.kms.katalon.core.main.ScriptEngine.runScriptAsRawText(ScriptEngine.java:119)
	at com.kms.katalon.core.main.TestCaseExecutor.runScript(TestCaseExecutor.java:328)
	at com.kms.katalon.core.main.TestCaseExecutor.doExecute(TestCaseExecutor.java:319)
	at com.kms.katalon.core.main.TestCaseExecutor.processExecutionPhase(TestCaseExecutor.java:298)
	at com.kms.katalon.core.main.TestCaseExecutor.accessMainPhase(TestCaseExecutor.java:290)
	at com.kms.katalon.core.main.TestCaseExecutor.execute(TestCaseExecutor.java:224)
	at com.kms.katalon.core.main.TestSuiteExecutor.accessTestCaseMainPhase(TestSuiteExecutor.java:129)
	at com.kms.katalon.core.main.TestSuiteExecutor.accessTestSuiteMainPhase(TestSuiteExecutor.java:112)
	at com.kms.katalon.core.main.TestSuiteExecutor.execute(TestSuiteExecutor.java:81)
	at com.kms.katalon.core.main.TestCaseMain.startTestSuite(TestCaseMain.java:149)
	at com.kms.katalon.core.main.TestCaseMain$startTestSuite$0.call(Unknown Source)
	at TempTestSuite1556652937298.run(TempTestSuite1556652937298.groovy:36)]]></system-out>
         <system-err><![CDATA[2019-04-30 15:37:01 - [TEST_CASE][FAILED] - Test Cases/OCS- CRITICAL PATH/Checkout - payment: Test Cases/OCS- CRITICAL PATH/Checkout - payment FAILED.
Reason:
com.kms.katalon.core.exception.StepFailedException: Unable to click on object 'Object Repository/OCS_CRITICAL PATH/Checkout - payment/Page_Ontario Cannabis Store - Payme/a_Shipping' (Root cause: com.kms.katalon.core.webui.exception.WebElementNotFoundException: Web element with id: 'Object Repository/OCS_CRITICAL PATH/Checkout - payment/Page_Ontario Cannabis Store - Payme/a_Shipping' located by 'By.xpath: //a[contains(text(),'Shipping')]' not found)
	at com.kms.katalon.core.keyword.internal.KeywordMain.stepFailed(KeywordMain.groovy:36)
	at com.kms.katalon.core.webui.keyword.internal.WebUIKeywordMain.stepFailed(WebUIKeywordMain.groovy:65)
	at com.kms.katalon.core.webui.keyword.internal.WebUIKeywordMain.runKeyword(WebUIKeywordMain.groovy:27)
	at com.kms.katalon.core.webui.keyword.builtin.ClickKeyword.click(ClickKeyword.groovy:86)
	at com.kms.katalon.core.webui.keyword.builtin.ClickKeyword.execute(ClickKeyword.groovy:67)
	at com.kms.katalon.core.keyword.internal.KeywordExecutor.executeKeywordForPlatform(KeywordExecutor.groovy:53)
	at com.kms.katalon.core.webui.keyword.WebUiBuiltInKeywords.click(WebUiBuiltInKeywords.groovy:616)
	at com.kms.katalon.core.webui.keyword.WebUiBuiltInKeywords$click$3.call(Unknown Source)
	at Checkout - payment.run(Checkout - payment:91)
	at com.kms.katalon.core.main.ScriptEngine.run(ScriptEngine.java:194)
	at com.kms.katalon.core.main.ScriptEngine.runScriptAsRawText(ScriptEngine.java:119)
	at com.kms.katalon.core.main.TestCaseExecutor.runScript(TestCaseExecutor.java:328)
	at com.kms.katalon.core.main.TestCaseExecutor.doExecute(TestCaseExecutor.java:319)
	at com.kms.katalon.core.main.TestCaseExecutor.processExecutionPhase(TestCaseExecutor.java:298)
	at com.kms.katalon.core.main.TestCaseExecutor.accessMainPhase(TestCaseExecutor.java:290)
	at com.kms.katalon.core.main.TestCaseExecutor.execute(TestCaseExecutor.java:224)
	at com.kms.katalon.core.main.TestSuiteExecutor.accessTestCaseMainPhase(TestSuiteExecutor.java:129)
	at com.kms.katalon.core.main.TestSuiteExecutor.accessTestSuiteMainPhase(TestSuiteExecutor.java:112)
	at com.kms.katalon.core.main.TestSuiteExecutor.execute(TestSuiteExecutor.java:81)
	at com.kms.katalon.core.main.TestCaseMain.startTestSuite(TestCaseMain.java:149)
	at com.kms.katalon.core.main.TestCaseMain$startTestSuite$0.call(Unknown Source)
	at TempTestSuite1556652937298.run(TempTestSuite1556652937298.groovy:36)]]></system-err>
      </testcase>
      <testcase name="Test Cases/OCS- CRITICAL PATH/Checkout - customer information page" classname="Test Cases/OCS- CRITICAL PATH/Checkout - customer information page" status="PASSED">
         <system-out><![CDATA[2019-04-30 15:38:24 - [TEST_CASE][PASSED] - Test Cases/OCS- CRITICAL PATH/Checkout - customer information page: Test Cases/OCS- CRITICAL PATH/Checkout - customer information page

2019-04-30 15:38:24 - [TEST_STEP][PASSED] - openBrowser(""): Browser is opened with url: ''

2019-04-30 15:38:24 - [MESSAGE][WARNING] - A browser is already opened. Closing browser and opening a new one

2019-04-30 15:38:24 - [MESSAGE][INFO] - Starting 'Chrome' driver

2019-04-30 15:38:25 - [MESSAGE][PASSED] - Browser is opened with url: ''

2019-04-30 15:38:25 - [TEST_STEP][PASSED] - navigateToUrl("https://ocs.ca/#/verify-age"): Navigate to 'https://ocs.ca/#/verify-age' successfully

2019-04-30 15:38:30 - [MESSAGE][PASSED] - Navigate to 'https://ocs.ca/#/verify-age' successfully

2019-04-30 15:38:30 - [TEST_STEP][PASSED] - selectOptionByValue(findTestObject("OCS_CRITICAL PATH/Checkout-customer/Page_Ontario Cannabis Store  Ontari/select_Select01020304050607080"), "16", true): All options with value '16' are selected in object 'Object Repository/OCS_CRITICAL PATH/Checkout-customer/Page_Ontario Cannabis Store  Ontari/select_Select01020304050607080'  using regular expression

2019-04-30 15:38:31 - [MESSAGE][PASSED] - All options with value '16' are selected in object 'Object Repository/OCS_CRITICAL PATH/Checkout-customer/Page_Ontario Cannabis Store  Ontari/select_Select01020304050607080'  using regular expression

2019-04-30 15:38:31 - [TEST_STEP][PASSED] - selectOptionByValue(findTestObject("OCS_CRITICAL PATH/Checkout-customer/Page_Ontario Cannabis Store  Ontari/select_SelectJanuary - 01Febru"), "8", true): All options with value '8' are selected in object 'Object Repository/OCS_CRITICAL PATH/Checkout-customer/Page_Ontario Cannabis Store  Ontari/select_SelectJanuary - 01Febru'  using regular expression

2019-04-30 15:38:31 - [MESSAGE][PASSED] - All options with value '8' are selected in object 'Object Repository/OCS_CRITICAL PATH/Checkout-customer/Page_Ontario Cannabis Store  Ontari/select_SelectJanuary - 01Febru'  using regular expression

2019-04-30 15:38:31 - [TEST_STEP][PASSED] - selectOptionByValue(findTestObject("OCS_CRITICAL PATH/Checkout-customer/Page_Ontario Cannabis Store  Ontari/select_Select20182017201620152"), "1955", true): All options with value '1955' are selected in object 'Object Repository/OCS_CRITICAL PATH/Checkout-customer/Page_Ontario Cannabis Store  Ontari/select_Select20182017201620152'  using regular expression

2019-04-30 15:38:32 - [MESSAGE][PASSED] - All options with value '1955' are selected in object 'Object Repository/OCS_CRITICAL PATH/Checkout-customer/Page_Ontario Cannabis Store  Ontari/select_Select20182017201620152'  using regular expression

2019-04-30 15:38:32 - [TEST_STEP][PASSED] - click(findTestObject("OCS_CRITICAL PATH/Checkout-customer/Page_Ontario Cannabis Store  Ontari/button_Verify")): Object: 'Object Repository/OCS_CRITICAL PATH/Checkout-customer/Page_Ontario Cannabis Store  Ontari/button_Verify' is clicked on

2019-04-30 15:38:32 - [MESSAGE][PASSED] - Object: 'Object Repository/OCS_CRITICAL PATH/Checkout-customer/Page_Ontario Cannabis Store  Ontari/button_Verify' is clicked on

2019-04-30 15:38:32 - [TEST_STEP][PASSED] - click(findTestObject("OCS_CRITICAL PATH/Checkout-customer/Page_Ontario Cannabis Store  Ontari/span_CONFIRM AND ACKNOWLEDGE_c")): Object: 'Object Repository/OCS_CRITICAL PATH/Checkout-customer/Page_Ontario Cannabis Store  Ontari/span_CONFIRM AND ACKNOWLEDGE_c' is clicked on

2019-04-30 15:38:32 - [MESSAGE][PASSED] - Object: 'Object Repository/OCS_CRITICAL PATH/Checkout-customer/Page_Ontario Cannabis Store  Ontari/span_CONFIRM AND ACKNOWLEDGE_c' is clicked on

2019-04-30 15:38:32 - [TEST_STEP][PASSED] - click(findTestObject("OCS_CRITICAL PATH/Checkout-customer/Page_Ontario Cannabis Store  Ontari/button_CONFIRM")): Object: 'Object Repository/OCS_CRITICAL PATH/Checkout-customer/Page_Ontario Cannabis Store  Ontari/button_CONFIRM' is clicked on

2019-04-30 15:38:33 - [MESSAGE][PASSED] - Object: 'Object Repository/OCS_CRITICAL PATH/Checkout-customer/Page_Ontario Cannabis Store  Ontari/button_CONFIRM' is clicked on

2019-04-30 15:38:33 - [TEST_STEP][PASSED] - click(findTestObject("OCS_CRITICAL PATH/Checkout-customer/Page_Ontario Cannabis Store  Ontari/button_Start Browsing")): Object: 'Object Repository/OCS_CRITICAL PATH/Checkout-customer/Page_Ontario Cannabis Store  Ontari/button_Start Browsing' is clicked on

2019-04-30 15:38:33 - [MESSAGE][PASSED] - Object: 'Object Repository/OCS_CRITICAL PATH/Checkout-customer/Page_Ontario Cannabis Store  Ontari/button_Start Browsing' is clicked on

2019-04-30 15:38:33 - [TEST_STEP][PASSED] - click(findTestObject("OCS_CRITICAL PATH/Checkout-customer/Page_Ontario Cannabis Store  Ontari/h3_Cannabis")): Object: 'Object Repository/OCS_CRITICAL PATH/Checkout-customer/Page_Ontario Cannabis Store  Ontari/h3_Cannabis' is clicked on

2019-04-30 15:38:33 - [MESSAGE][PASSED] - Object: 'Object Repository/OCS_CRITICAL PATH/Checkout-customer/Page_Ontario Cannabis Store  Ontari/h3_Cannabis' is clicked on

2019-04-30 15:38:33 - [TEST_STEP][PASSED] - click(findTestObject("OCS_CRITICAL PATH/Checkout-customer/Page_Ontario Cannabis Store  Ontari/span_Indica Dominant")): Object: 'Object Repository/OCS_CRITICAL PATH/Checkout-customer/Page_Ontario Cannabis Store  Ontari/span_Indica Dominant' is clicked on

2019-04-30 15:38:34 - [MESSAGE][PASSED] - Object: 'Object Repository/OCS_CRITICAL PATH/Checkout-customer/Page_Ontario Cannabis Store  Ontari/span_Indica Dominant' is clicked on

2019-04-30 15:38:34 - [TEST_STEP][PASSED] - click(findTestObject("OCS_CRITICAL PATH/Checkout-customer/Page_Indica Dominant Dried Flower/h3_Shishkaberry")): Object: 'Object Repository/OCS_CRITICAL PATH/Checkout-customer/Page_Indica Dominant Dried Flower/h3_Shishkaberry' is clicked on

2019-04-30 15:38:39 - [MESSAGE][PASSED] - Object: 'Object Repository/OCS_CRITICAL PATH/Checkout-customer/Page_Indica Dominant Dried Flower/h3_Shishkaberry' is clicked on

2019-04-30 15:38:39 - [TEST_STEP][NOT_RUN] - click(findTestObject("OCS_CRITICAL PATH/Checkout-customer/Page_Shishkaberry  Ontario Cannabis/span_3.5g")): NOT_RUN: click(findTestObject("OCS_CRITICAL PATH/Checkout-customer/Page_Shishkaberry  Ontario Cannabis/span_3.5g"))

2019-04-30 15:38:39 - [MESSAGE][NOT_RUN] - NOT_RUN: click(findTestObject("OCS_CRITICAL PATH/Checkout-customer/Page_Shishkaberry  Ontario Cannabis/span_3.5g"))

2019-04-30 15:38:39 - [TEST_STEP][PASSED] - click(findTestObject("OCS_CRITICAL PATH/Checkout-customer/Page_Shishkaberry  Ontario Cannabis/label_3.5g")): Object: 'Object Repository/OCS_CRITICAL PATH/Checkout-customer/Page_Shishkaberry  Ontario Cannabis/label_3.5g' is clicked on

2019-04-30 15:38:40 - [MESSAGE][PASSED] - Object: 'Object Repository/OCS_CRITICAL PATH/Checkout-customer/Page_Shishkaberry  Ontario Cannabis/label_3.5g' is clicked on

2019-04-30 15:38:40 - [TEST_STEP][PASSED] - click(findTestObject("OCS_CRITICAL PATH/Checkout-customer/Page_Shishkaberry  Ontario Cannabis/button_")): Object: 'Object Repository/OCS_CRITICAL PATH/Checkout-customer/Page_Shishkaberry  Ontario Cannabis/button_' is clicked on

2019-04-30 15:38:40 - [MESSAGE][PASSED] - Object: 'Object Repository/OCS_CRITICAL PATH/Checkout-customer/Page_Shishkaberry  Ontario Cannabis/button_' is clicked on

2019-04-30 15:38:40 - [TEST_STEP][PASSED] - click(findTestObject("OCS_CRITICAL PATH/Checkout-customer/Page_Shishkaberry  Ontario Cannabis/button_")): Object: 'Object Repository/OCS_CRITICAL PATH/Checkout-customer/Page_Shishkaberry  Ontario Cannabis/button_' is clicked on

2019-04-30 15:38:40 - [MESSAGE][PASSED] - Object: 'Object Repository/OCS_CRITICAL PATH/Checkout-customer/Page_Shishkaberry  Ontario Cannabis/button_' is clicked on

2019-04-30 15:38:40 - [TEST_STEP][PASSED] - click(findTestObject("OCS_CRITICAL PATH/Checkout-customer/Page_Shishkaberry  Ontario Cannabis/button_")): Object: 'Object Repository/OCS_CRITICAL PATH/Checkout-customer/Page_Shishkaberry  Ontario Cannabis/button_' is clicked on

2019-04-30 15:38:40 - [MESSAGE][PASSED] - Object: 'Object Repository/OCS_CRITICAL PATH/Checkout-customer/Page_Shishkaberry  Ontario Cannabis/button_' is clicked on

2019-04-30 15:38:40 - [TEST_STEP][PASSED] - click(findTestObject("OCS_CRITICAL PATH/Checkout-customer/Page_Shishkaberry  Ontario Cannabis/button_Add to Bag129.60")): Object: 'Object Repository/OCS_CRITICAL PATH/Checkout-customer/Page_Shishkaberry  Ontario Cannabis/button_Add to Bag129.60' is clicked on

2019-04-30 15:38:40 - [MESSAGE][PASSED] - Object: 'Object Repository/OCS_CRITICAL PATH/Checkout-customer/Page_Shishkaberry  Ontario Cannabis/button_Add to Bag129.60' is clicked on

2019-04-30 15:38:40 - [TEST_STEP][PASSED] - click(findTestObject("OCS_CRITICAL PATH/Checkout-customer/Page_Shishkaberry  Ontario Cannabis/span_concat(I confirm that I")): Object: 'Object Repository/OCS_CRITICAL PATH/Checkout-customer/Page_Shishkaberry  Ontario Cannabis/span_concat(I confirm that I' is clicked on

2019-04-30 15:38:41 - [MESSAGE][PASSED] - Object: 'Object Repository/OCS_CRITICAL PATH/Checkout-customer/Page_Shishkaberry  Ontario Cannabis/span_concat(I confirm that I' is clicked on

2019-04-30 15:38:41 - [TEST_STEP][PASSED] - click(findTestObject("OCS_CRITICAL PATH/Checkout-customer/Page_Shishkaberry  Ontario Cannabis/span_Accept the_checkbox")): Object: 'Object Repository/OCS_CRITICAL PATH/Checkout-customer/Page_Shishkaberry  Ontario Cannabis/span_Accept the_checkbox' is clicked on

2019-04-30 15:38:41 - [MESSAGE][PASSED] - Object: 'Object Repository/OCS_CRITICAL PATH/Checkout-customer/Page_Shishkaberry  Ontario Cannabis/span_Accept the_checkbox' is clicked on

2019-04-30 15:38:41 - [TEST_STEP][PASSED] - delay(3): Delayed 3 second(s)

2019-04-30 15:38:44 - [MESSAGE][PASSED] - Delayed 3 second(s)

2019-04-30 15:38:44 - [TEST_STEP][PASSED] - click(findTestObject("OCS_CRITICAL PATH/Checkout-customer/Page_Shishkaberry  Ontario Cannabis/a_Checkout")): Object: 'Object Repository/OCS_CRITICAL PATH/Checkout-customer/Page_Shishkaberry  Ontario Cannabis/a_Checkout' is clicked on

2019-04-30 15:38:45 - [MESSAGE][PASSED] - Object: 'Object Repository/OCS_CRITICAL PATH/Checkout-customer/Page_Shishkaberry  Ontario Cannabis/a_Checkout' is clicked on

2019-04-30 15:38:45 - [TEST_STEP][PASSED] - setText(findTestObject("OCS_CRITICAL PATH/Checkout-customer/Page_Ontario Cannabis Store - Infor/input_Email_checkoutemail"), "sumankompelly@diffagency.com"): Text 'sumankompelly@diffagency.com' is set on object 'Object Repository/OCS_CRITICAL PATH/Checkout-customer/Page_Ontario Cannabis Store - Infor/input_Email_checkoutemail'

2019-04-30 15:38:46 - [MESSAGE][PASSED] - Text 'sumankompelly@diffagency.com' is set on object 'Object Repository/OCS_CRITICAL PATH/Checkout-customer/Page_Ontario Cannabis Store - Infor/input_Email_checkoutemail'

2019-04-30 15:38:46 - [TEST_STEP][PASSED] - setText(findTestObject("OCS_CRITICAL PATH/Checkout-customer/Page_Ontario Cannabis Store - Infor/input_First name_checkoutshipp"), "suman"): Text 'suman' is set on object 'Object Repository/OCS_CRITICAL PATH/Checkout-customer/Page_Ontario Cannabis Store - Infor/input_First name_checkoutshipp'

2019-04-30 15:38:46 - [MESSAGE][PASSED] - Text 'suman' is set on object 'Object Repository/OCS_CRITICAL PATH/Checkout-customer/Page_Ontario Cannabis Store - Infor/input_First name_checkoutshipp'

2019-04-30 15:38:46 - [TEST_STEP][PASSED] - setText(findTestObject("OCS_CRITICAL PATH/Checkout-customer/Page_Ontario Cannabis Store - Infor/input_Last name_checkoutshippi"), "kompelly"): Text 'kompelly' is set on object 'Object Repository/OCS_CRITICAL PATH/Checkout-customer/Page_Ontario Cannabis Store - Infor/input_Last name_checkoutshippi'

2019-04-30 15:38:46 - [MESSAGE][PASSED] - Text 'kompelly' is set on object 'Object Repository/OCS_CRITICAL PATH/Checkout-customer/Page_Ontario Cannabis Store - Infor/input_Last name_checkoutshippi'

2019-04-30 15:38:46 - [TEST_STEP][PASSED] - setText(findTestObject("OCS_CRITICAL PATH/Checkout-customer/Page_Ontario Cannabis Store - Infor/input_Address_checkoutshipping"), "399 st alxendre"): Text '399 st alxendre' is set on object 'Object Repository/OCS_CRITICAL PATH/Checkout-customer/Page_Ontario Cannabis Store - Infor/input_Address_checkoutshipping'

2019-04-30 15:38:47 - [MESSAGE][PASSED] - Text '399 st alxendre' is set on object 'Object Repository/OCS_CRITICAL PATH/Checkout-customer/Page_Ontario Cannabis Store - Infor/input_Address_checkoutshipping'

2019-04-30 15:38:47 - [TEST_STEP][PASSED] - setText(findTestObject("OCS_CRITICAL PATH/Checkout-customer/Page_Ontario Cannabis Store - Infor/input_Apartment suite etc. (op"), "38"): Text '38' is set on object 'Object Repository/OCS_CRITICAL PATH/Checkout-customer/Page_Ontario Cannabis Store - Infor/input_Apartment suite etc. (op'

2019-04-30 15:38:47 - [MESSAGE][PASSED] - Text '38' is set on object 'Object Repository/OCS_CRITICAL PATH/Checkout-customer/Page_Ontario Cannabis Store - Infor/input_Apartment suite etc. (op'

2019-04-30 15:38:47 - [TEST_STEP][PASSED] - setText(findTestObject("OCS_CRITICAL PATH/Checkout-customer/Page_Ontario Cannabis Store - Infor/input_City_checkoutshipping_ad"), "montreal"): Text 'montreal' is set on object 'Object Repository/OCS_CRITICAL PATH/Checkout-customer/Page_Ontario Cannabis Store - Infor/input_City_checkoutshipping_ad'

2019-04-30 15:38:47 - [MESSAGE][PASSED] - Text 'montreal' is set on object 'Object Repository/OCS_CRITICAL PATH/Checkout-customer/Page_Ontario Cannabis Store - Infor/input_City_checkoutshipping_ad'

2019-04-30 15:38:47 - [TEST_STEP][PASSED] - setText(findTestObject("OCS_CRITICAL PATH/Checkout-customer/Page_Ontario Cannabis Store - Infor/input_Postal code_checkoutship"), "n0r1k0"): Text 'n0r1k0' is set on object 'Object Repository/OCS_CRITICAL PATH/Checkout-customer/Page_Ontario Cannabis Store - Infor/input_Postal code_checkoutship'

2019-04-30 15:38:47 - [MESSAGE][PASSED] - Text 'n0r1k0' is set on object 'Object Repository/OCS_CRITICAL PATH/Checkout-customer/Page_Ontario Cannabis Store - Infor/input_Postal code_checkoutship'

2019-04-30 15:38:47 - [TEST_STEP][PASSED] - setText(findTestObject("OCS_CRITICAL PATH/Checkout-customer/Page_Ontario Cannabis Store - Infor/input_Phone_checkoutshipping_a"), "(514) 449-3882"): Text '(514) 449-3882' is set on object 'Object Repository/OCS_CRITICAL PATH/Checkout-customer/Page_Ontario Cannabis Store - Infor/input_Phone_checkoutshipping_a'

2019-04-30 15:38:48 - [MESSAGE][PASSED] - Text '(514) 449-3882' is set on object 'Object Repository/OCS_CRITICAL PATH/Checkout-customer/Page_Ontario Cannabis Store - Infor/input_Phone_checkoutshipping_a'

2019-04-30 15:38:48 - [TEST_STEP][PASSED] - click(findTestObject("OCS_CRITICAL PATH/Checkout-customer/Page_Ontario Cannabis Store - Infor/button_Continue to shipping me")): Object: 'Object Repository/OCS_CRITICAL PATH/Checkout-customer/Page_Ontario Cannabis Store - Infor/button_Continue to shipping me' is clicked on

2019-04-30 15:38:49 - [MESSAGE][PASSED] - Object: 'Object Repository/OCS_CRITICAL PATH/Checkout-customer/Page_Ontario Cannabis Store - Infor/button_Continue to shipping me' is clicked on

2019-04-30 15:38:49 - [TEST_STEP][PASSED] - a = getWindowTitle(): Current window's title is: 'Ontario Cannabis Store - Shipping - Ontario Cannabis Store - Checkout'

2019-04-30 15:38:49 - [MESSAGE][PASSED] - Current window's title is: 'Ontario Cannabis Store - Shipping - Ontario Cannabis Store - Checkout'

2019-04-30 15:38:49 - [TEST_STEP][PASSED] - comment(a): Ontario Cannabis Store - Shipping - Ontario Cannabis Store - Checkout

2019-04-30 15:38:49 - [MESSAGE][INFO] - Ontario Cannabis Store - Shipping - Ontario Cannabis Store - Checkout

2019-04-30 15:38:49 - [TEST_STEP][PASSED] - assert getWindowTitle() == a: Current window's title is: 'Ontario Cannabis Store - Shipping - Ontario Cannabis Store - Checkout'

2019-04-30 15:38:49 - [MESSAGE][PASSED] - Current window's title is: 'Ontario Cannabis Store - Shipping - Ontario Cannabis Store - Checkout'

2019-04-30 15:38:49 - [TEST_STEP][PASSED] - comment(" navigation is on the right page "):  navigation is on the right page 

2019-04-30 15:38:49 - [MESSAGE][INFO] -  navigation is on the right page]]></system-out>
         <system-err><![CDATA[]]></system-err>
      </testcase>
      <testcase name="Test Cases/OCS- CRITICAL PATH/Cart flyout-tooltips" classname="Test Cases/OCS- CRITICAL PATH/Cart flyout-tooltips" status="PASSED">
         <system-out><![CDATA[2019-04-30 15:38:49 - [TEST_CASE][PASSED] - Test Cases/OCS- CRITICAL PATH/Cart flyout-tooltips: Test Cases/OCS- CRITICAL PATH/Cart flyout-tooltips

2019-04-30 15:38:49 - [TEST_STEP][PASSED] - openBrowser(""): Browser is opened with url: ''

2019-04-30 15:38:49 - [MESSAGE][WARNING] - A browser is already opened. Closing browser and opening a new one

2019-04-30 15:38:50 - [MESSAGE][INFO] - Starting 'Chrome' driver

2019-04-30 15:38:51 - [MESSAGE][PASSED] - Browser is opened with url: ''

2019-04-30 15:38:51 - [TEST_STEP][PASSED] - navigateToUrl("https://ocs.ca/#/verify-age"): Navigate to 'https://ocs.ca/#/verify-age' successfully

2019-04-30 15:38:57 - [MESSAGE][PASSED] - Navigate to 'https://ocs.ca/#/verify-age' successfully

2019-04-30 15:38:57 - [TEST_STEP][PASSED] - selectOptionByValue(findTestObject("Object Repository/Cart flyout-tooltips_OR/Page_Ontario Cannabis Store  Ontari/select_Select01020304050607080"), "17", true): All options with value '17' are selected in object 'Object Repository/Cart flyout-tooltips_OR/Page_Ontario Cannabis Store  Ontari/select_Select01020304050607080'  using regular expression

2019-04-30 15:38:57 - [MESSAGE][PASSED] - All options with value '17' are selected in object 'Object Repository/Cart flyout-tooltips_OR/Page_Ontario Cannabis Store  Ontari/select_Select01020304050607080'  using regular expression

2019-04-30 15:38:57 - [TEST_STEP][PASSED] - selectOptionByValue(findTestObject("Object Repository/Cart flyout-tooltips_OR/Page_Ontario Cannabis Store  Ontari/select_SelectJanuary - 01Febru"), "7", true): All options with value '7' are selected in object 'Object Repository/Cart flyout-tooltips_OR/Page_Ontario Cannabis Store  Ontari/select_SelectJanuary - 01Febru'  using regular expression

2019-04-30 15:38:58 - [MESSAGE][PASSED] - All options with value '7' are selected in object 'Object Repository/Cart flyout-tooltips_OR/Page_Ontario Cannabis Store  Ontari/select_SelectJanuary - 01Febru'  using regular expression

2019-04-30 15:38:58 - [TEST_STEP][PASSED] - selectOptionByValue(findTestObject("Object Repository/Cart flyout-tooltips_OR/Page_Ontario Cannabis Store  Ontari/select_Select20182017201620152"), "1949", true): All options with value '1949' are selected in object 'Object Repository/Cart flyout-tooltips_OR/Page_Ontario Cannabis Store  Ontari/select_Select20182017201620152'  using regular expression

2019-04-30 15:38:59 - [MESSAGE][PASSED] - All options with value '1949' are selected in object 'Object Repository/Cart flyout-tooltips_OR/Page_Ontario Cannabis Store  Ontari/select_Select20182017201620152'  using regular expression

2019-04-30 15:38:59 - [TEST_STEP][PASSED] - click(findTestObject("Object Repository/Cart flyout-tooltips_OR/Page_Ontario Cannabis Store  Ontari/button_Verify")): Object: 'Object Repository/Cart flyout-tooltips_OR/Page_Ontario Cannabis Store  Ontari/button_Verify' is clicked on

2019-04-30 15:38:59 - [MESSAGE][PASSED] - Object: 'Object Repository/Cart flyout-tooltips_OR/Page_Ontario Cannabis Store  Ontari/button_Verify' is clicked on

2019-04-30 15:38:59 - [TEST_STEP][PASSED] - click(findTestObject("Object Repository/Cart flyout-tooltips_OR/Page_Ontario Cannabis Store  Ontari/span_CONFIRM AND ACKNOWLEDGE_c")): Object: 'Object Repository/Cart flyout-tooltips_OR/Page_Ontario Cannabis Store  Ontari/span_CONFIRM AND ACKNOWLEDGE_c' is clicked on

2019-04-30 15:38:59 - [MESSAGE][PASSED] - Object: 'Object Repository/Cart flyout-tooltips_OR/Page_Ontario Cannabis Store  Ontari/span_CONFIRM AND ACKNOWLEDGE_c' is clicked on

2019-04-30 15:38:59 - [TEST_STEP][PASSED] - click(findTestObject("Object Repository/Cart flyout-tooltips_OR/Page_Ontario Cannabis Store  Ontari/button_CONFIRM")): Object: 'Object Repository/Cart flyout-tooltips_OR/Page_Ontario Cannabis Store  Ontari/button_CONFIRM' is clicked on

2019-04-30 15:38:59 - [MESSAGE][PASSED] - Object: 'Object Repository/Cart flyout-tooltips_OR/Page_Ontario Cannabis Store  Ontari/button_CONFIRM' is clicked on

2019-04-30 15:38:59 - [TEST_STEP][PASSED] - click(findTestObject("Object Repository/Cart flyout-tooltips_OR/Page_Ontario Cannabis Store  Ontari/button_Start Browsing")): Object: 'Object Repository/Cart flyout-tooltips_OR/Page_Ontario Cannabis Store  Ontari/button_Start Browsing' is clicked on

2019-04-30 15:38:59 - [MESSAGE][PASSED] - Object: 'Object Repository/Cart flyout-tooltips_OR/Page_Ontario Cannabis Store  Ontari/button_Start Browsing' is clicked on

2019-04-30 15:38:59 - [TEST_STEP][PASSED] - click(findTestObject("Object Repository/Cart flyout-tooltips_OR/Page_Ontario Cannabis Store  Ontari/h3_Cannabis")): Object: 'Object Repository/Cart flyout-tooltips_OR/Page_Ontario Cannabis Store  Ontari/h3_Cannabis' is clicked on

2019-04-30 15:38:59 - [MESSAGE][PASSED] - Object: 'Object Repository/Cart flyout-tooltips_OR/Page_Ontario Cannabis Store  Ontari/h3_Cannabis' is clicked on

2019-04-30 15:38:59 - [TEST_STEP][PASSED] - click(findTestObject("Object Repository/Cart flyout-tooltips_OR/Page_Ontario Cannabis Store  Ontari/span_Indica Dominant")): Object: 'Object Repository/Cart flyout-tooltips_OR/Page_Ontario Cannabis Store  Ontari/span_Indica Dominant' is clicked on

2019-04-30 15:39:00 - [MESSAGE][PASSED] - Object: 'Object Repository/Cart flyout-tooltips_OR/Page_Ontario Cannabis Store  Ontari/span_Indica Dominant' is clicked on

2019-04-30 15:39:00 - [TEST_STEP][PASSED] - click(findTestObject("Object Repository/Cart flyout-tooltips_OR/Page_Indica Dominant Dried Flower/h3_Shishkaberry")): Object: 'Object Repository/Cart flyout-tooltips_OR/Page_Indica Dominant Dried Flower/h3_Shishkaberry' is clicked on

2019-04-30 15:39:03 - [MESSAGE][PASSED] - Object: 'Object Repository/Cart flyout-tooltips_OR/Page_Indica Dominant Dried Flower/h3_Shishkaberry' is clicked on

2019-04-30 15:39:03 - [TEST_STEP][PASSED] - click(findTestObject("Object Repository/Cart flyout-tooltips_OR/Page_Shishkaberry  Ontario Cannabis/label_1g")): Object: 'Object Repository/Cart flyout-tooltips_OR/Page_Shishkaberry  Ontario Cannabis/label_1g' is clicked on

2019-04-30 15:39:04 - [MESSAGE][PASSED] - Object: 'Object Repository/Cart flyout-tooltips_OR/Page_Shishkaberry  Ontario Cannabis/label_1g' is clicked on

2019-04-30 15:39:04 - [TEST_STEP][PASSED] - click(findTestObject("Object Repository/Cart flyout-tooltips_OR/Page_Shishkaberry  Ontario Cannabis/button_Add to Bag9.75")): Object: 'Object Repository/Cart flyout-tooltips_OR/Page_Shishkaberry  Ontario Cannabis/button_Add to Bag9.75' is clicked on

2019-04-30 15:39:04 - [MESSAGE][PASSED] - Object: 'Object Repository/Cart flyout-tooltips_OR/Page_Shishkaberry  Ontario Cannabis/button_Add to Bag9.75' is clicked on

2019-04-30 15:39:04 - [TEST_STEP][PASSED] - delay(3): Delayed 3 second(s)

2019-04-30 15:39:07 - [MESSAGE][PASSED] - Delayed 3 second(s)

2019-04-30 15:39:07 - [TEST_STEP][PASSED] - click(findTestObject("Object Repository/Cart flyout-tooltips_OR/Page_Shishkaberry  Ontario Cannabis/i_limit_icon icon--question-ma")): Object: 'Object Repository/Cart flyout-tooltips_OR/Page_Shishkaberry  Ontario Cannabis/i_limit_icon icon--question-ma' is clicked on

2019-04-30 15:39:07 - [MESSAGE][PASSED] - Object: 'Object Repository/Cart flyout-tooltips_OR/Page_Shishkaberry  Ontario Cannabis/i_limit_icon icon--question-ma' is clicked on

2019-04-30 15:39:07 - [TEST_STEP][PASSED] - delay(3): Delayed 3 second(s)

2019-04-30 15:39:10 - [MESSAGE][PASSED] - Delayed 3 second(s)

2019-04-30 15:39:10 - [TEST_STEP][PASSED] - click(findTestObject("Object Repository/Cart flyout-tooltips_OR/Page_Shishkaberry  Ontario Cannabis/i_Grams of cannabis_icon icon-")): Object: 'Object Repository/Cart flyout-tooltips_OR/Page_Shishkaberry  Ontario Cannabis/i_Grams of cannabis_icon icon-' is clicked on

2019-04-30 15:39:10 - [MESSAGE][PASSED] - Object: 'Object Repository/Cart flyout-tooltips_OR/Page_Shishkaberry  Ontario Cannabis/i_Grams of cannabis_icon icon-' is clicked on]]></system-out>
         <system-err><![CDATA[]]></system-err>
      </testcase>
      <testcase name="Test Cases/OCS- CRITICAL PATH/New Test Case" classname="Test Cases/OCS- CRITICAL PATH/New Test Case" status="FAILED">
         <failure type="FAILED" message="Test Cases/OCS- CRITICAL PATH/New Test Case FAILED.
Reason:
com.kms.katalon.core.exception.StepFailedException: Unable to click on object (Root cause: java.lang.IllegalArgumentException: Object is null)
	at com.kms.katalon.core.keyword.internal.KeywordMain.stepFailed(KeywordMain.groovy:36)
	at com.kms.katalon.core.webui.keyword.internal.WebUIKeywordMain.stepFailed(WebUIKeywordMain.groovy:65)
	at com.kms.katalon.core.webui.keyword.internal.WebUIKeywordMain.runKeyword(WebUIKeywordMain.groovy:27)
	at com.kms.katalon.core.webui.keyword.builtin.ClickKeyword.click(ClickKeyword.groovy:86)
	at com.kms.katalon.core.webui.keyword.builtin.ClickKeyword.execute(ClickKeyword.groovy:67)
	at com.kms.katalon.core.keyword.internal.KeywordExecutor.executeKeywordForPlatform(KeywordExecutor.groovy:53)
	at com.kms.katalon.core.webui.keyword.WebUiBuiltInKeywords.click(WebUiBuiltInKeywords.groovy:616)
	at com.kms.katalon.core.webui.keyword.WebUiBuiltInKeywords$click$3.call(Unknown Source)
	at New Test Case.run(New Test Case:20)
	at com.kms.katalon.core.main.ScriptEngine.run(ScriptEngine.java:194)
	at com.kms.katalon.core.main.ScriptEngine.runScriptAsRawText(ScriptEngine.java:119)
	at com.kms.katalon.core.main.TestCaseExecutor.runScript(TestCaseExecutor.java:328)
	at com.kms.katalon.core.main.TestCaseExecutor.doExecute(TestCaseExecutor.java:319)
	at com.kms.katalon.core.main.TestCaseExecutor.processExecutionPhase(TestCaseExecutor.java:298)
	at com.kms.katalon.core.main.TestCaseExecutor.accessMainPhase(TestCaseExecutor.java:290)
	at com.kms.katalon.core.main.TestCaseExecutor.execute(TestCaseExecutor.java:224)
	at com.kms.katalon.core.main.TestSuiteExecutor.accessTestCaseMainPhase(TestSuiteExecutor.java:129)
	at com.kms.katalon.core.main.TestSuiteExecutor.accessTestSuiteMainPhase(TestSuiteExecutor.java:112)
	at com.kms.katalon.core.main.TestSuiteExecutor.execute(TestSuiteExecutor.java:81)
	at com.kms.katalon.core.main.TestCaseMain.startTestSuite(TestCaseMain.java:149)
	at com.kms.katalon.core.main.TestCaseMain$startTestSuite$0.call(Unknown Source)
	at TempTestSuite1556652937298.run(TempTestSuite1556652937298.groovy:36)
"/>
         <system-out><![CDATA[2019-04-30 15:39:10 - [TEST_CASE][FAILED] - Test Cases/OCS- CRITICAL PATH/New Test Case: Test Cases/OCS- CRITICAL PATH/New Test Case FAILED.
Reason:
com.kms.katalon.core.exception.StepFailedException: Unable to click on object (Root cause: java.lang.IllegalArgumentException: Object is null)
	at com.kms.katalon.core.keyword.internal.KeywordMain.stepFailed(KeywordMain.groovy:36)
	at com.kms.katalon.core.webui.keyword.internal.WebUIKeywordMain.stepFailed(WebUIKeywordMain.groovy:65)
	at com.kms.katalon.core.webui.keyword.internal.WebUIKeywordMain.runKeyword(WebUIKeywordMain.groovy:27)
	at com.kms.katalon.core.webui.keyword.builtin.ClickKeyword.click(ClickKeyword.groovy:86)
	at com.kms.katalon.core.webui.keyword.builtin.ClickKeyword.execute(ClickKeyword.groovy:67)
	at com.kms.katalon.core.keyword.internal.KeywordExecutor.executeKeywordForPlatform(KeywordExecutor.groovy:53)
	at com.kms.katalon.core.webui.keyword.WebUiBuiltInKeywords.click(WebUiBuiltInKeywords.groovy:616)
	at com.kms.katalon.core.webui.keyword.WebUiBuiltInKeywords$click$3.call(Unknown Source)
	at New Test Case.run(New Test Case:20)
	at com.kms.katalon.core.main.ScriptEngine.run(ScriptEngine.java:194)
	at com.kms.katalon.core.main.ScriptEngine.runScriptAsRawText(ScriptEngine.java:119)
	at com.kms.katalon.core.main.TestCaseExecutor.runScript(TestCaseExecutor.java:328)
	at com.kms.katalon.core.main.TestCaseExecutor.doExecute(TestCaseExecutor.java:319)
	at com.kms.katalon.core.main.TestCaseExecutor.processExecutionPhase(TestCaseExecutor.java:298)
	at com.kms.katalon.core.main.TestCaseExecutor.accessMainPhase(TestCaseExecutor.java:290)
	at com.kms.katalon.core.main.TestCaseExecutor.execute(TestCaseExecutor.java:224)
	at com.kms.katalon.core.main.TestSuiteExecutor.accessTestCaseMainPhase(TestSuiteExecutor.java:129)
	at com.kms.katalon.core.main.TestSuiteExecutor.accessTestSuiteMainPhase(TestSuiteExecutor.java:112)
	at com.kms.katalon.core.main.TestSuiteExecutor.execute(TestSuiteExecutor.java:81)
	at com.kms.katalon.core.main.TestCaseMain.startTestSuite(TestCaseMain.java:149)
	at com.kms.katalon.core.main.TestCaseMain$startTestSuite$0.call(Unknown Source)
	at TempTestSuite1556652937298.run(TempTestSuite1556652937298.groovy:36)


2019-04-30 15:39:10 - [TEST_STEP][PASSED] - openBrowser(""): Browser is opened with url: ''

2019-04-30 15:39:10 - [MESSAGE][WARNING] - A browser is already opened. Closing browser and opening a new one

2019-04-30 15:39:10 - [MESSAGE][INFO] - Starting 'Chrome' driver

2019-04-30 15:39:11 - [MESSAGE][PASSED] - Browser is opened with url: ''

2019-04-30 15:39:11 - [TEST_STEP][PASSED] - navigateToUrl("https://ocs.ca/#/verify-age"): Navigate to 'https://ocs.ca/#/verify-age' successfully

2019-04-30 15:39:16 - [MESSAGE][PASSED] - Navigate to 'https://ocs.ca/#/verify-age' successfully

2019-04-30 15:39:16 - [TEST_STEP][FAILED] - click(findTestObject("Page_Your Shopping Cart  Ontario Ca/i_Remove_icon icon--close-thic")): click(findTestObject("Page_Your Shopping Cart  Ontario Ca/i_Remove_icon icon--close-thic")) FAILED.
Reason:
com.kms.katalon.core.exception.StepFailedException: Unable to click on object (Root cause: java.lang.IllegalArgumentException: Object is null)
	at com.kms.katalon.core.keyword.internal.KeywordMain.stepFailed(KeywordMain.groovy:36)
	at com.kms.katalon.core.webui.keyword.internal.WebUIKeywordMain.stepFailed(WebUIKeywordMain.groovy:65)
	at com.kms.katalon.core.webui.keyword.internal.WebUIKeywordMain.runKeyword(WebUIKeywordMain.groovy:27)
	at com.kms.katalon.core.webui.keyword.builtin.ClickKeyword.click(ClickKeyword.groovy:86)
	at com.kms.katalon.core.webui.keyword.builtin.ClickKeyword.execute(ClickKeyword.groovy:67)
	at com.kms.katalon.core.keyword.internal.KeywordExecutor.executeKeywordForPlatform(KeywordExecutor.groovy:53)
	at com.kms.katalon.core.webui.keyword.WebUiBuiltInKeywords.click(WebUiBuiltInKeywords.groovy:616)
	at com.kms.katalon.core.webui.keyword.WebUiBuiltInKeywords$click$3.call(Unknown Source)
	at New Test Case.run(New Test Case:20)
	at com.kms.katalon.core.main.ScriptEngine.run(ScriptEngine.java:194)
	at com.kms.katalon.core.main.ScriptEngine.runScriptAsRawText(ScriptEngine.java:119)
	at com.kms.katalon.core.main.TestCaseExecutor.runScript(TestCaseExecutor.java:328)
	at com.kms.katalon.core.main.TestCaseExecutor.doExecute(TestCaseExecutor.java:319)
	at com.kms.katalon.core.main.TestCaseExecutor.processExecutionPhase(TestCaseExecutor.java:298)
	at com.kms.katalon.core.main.TestCaseExecutor.accessMainPhase(TestCaseExecutor.java:290)
	at com.kms.katalon.core.main.TestCaseExecutor.execute(TestCaseExecutor.java:224)
	at com.kms.katalon.core.main.TestSuiteExecutor.accessTestCaseMainPhase(TestSuiteExecutor.java:129)
	at com.kms.katalon.core.main.TestSuiteExecutor.accessTestSuiteMainPhase(TestSuiteExecutor.java:112)
	at com.kms.katalon.core.main.TestSuiteExecutor.execute(TestSuiteExecutor.java:81)
	at com.kms.katalon.core.main.TestCaseMain.startTestSuite(TestCaseMain.java:149)
	at com.kms.katalon.core.main.TestCaseMain$startTestSuite$0.call(Unknown Source)
	at TempTestSuite1556652937298.run(TempTestSuite1556652937298.groovy:36)


2019-04-30 15:39:16 - [MESSAGE][WARNING] - Test object with id 'Object Repository/Page_Your Shopping Cart  Ontario Ca/i_Remove_icon icon--close-thic' does not exist

2019-04-30 15:39:16 - [MESSAGE][WARNING] - Test object with id 'Object Repository/' does not exist

2019-04-30 15:39:17 - [MESSAGE][FAILED] - Unable to click on object (Root cause: java.lang.IllegalArgumentException: Object is null)
[[ATTACHMENT|/Users/sumankompelly/git/Sample-OCS/Reports/CRITICAL PATH/20190430_153537/1556653156663.png]]

2019-04-30 15:39:17 - [MESSAGE][FAILED] - click(findTestObject("Page_Your Shopping Cart  Ontario Ca/i_Remove_icon icon--close-thic")) FAILED.
Reason:
com.kms.katalon.core.exception.StepFailedException: Unable to click on object (Root cause: java.lang.IllegalArgumentException: Object is null)
	at com.kms.katalon.core.keyword.internal.KeywordMain.stepFailed(KeywordMain.groovy:36)
	at com.kms.katalon.core.webui.keyword.internal.WebUIKeywordMain.stepFailed(WebUIKeywordMain.groovy:65)
	at com.kms.katalon.core.webui.keyword.internal.WebUIKeywordMain.runKeyword(WebUIKeywordMain.groovy:27)
	at com.kms.katalon.core.webui.keyword.builtin.ClickKeyword.click(ClickKeyword.groovy:86)
	at com.kms.katalon.core.webui.keyword.builtin.ClickKeyword.execute(ClickKeyword.groovy:67)
	at com.kms.katalon.core.keyword.internal.KeywordExecutor.executeKeywordForPlatform(KeywordExecutor.groovy:53)
	at com.kms.katalon.core.webui.keyword.WebUiBuiltInKeywords.click(WebUiBuiltInKeywords.groovy:616)
	at com.kms.katalon.core.webui.keyword.WebUiBuiltInKeywords$click$3.call(Unknown Source)
	at New Test Case.run(New Test Case:20)
	at com.kms.katalon.core.main.ScriptEngine.run(ScriptEngine.java:194)
	at com.kms.katalon.core.main.ScriptEngine.runScriptAsRawText(ScriptEngine.java:119)
	at com.kms.katalon.core.main.TestCaseExecutor.runScript(TestCaseExecutor.java:328)
	at com.kms.katalon.core.main.TestCaseExecutor.doExecute(TestCaseExecutor.java:319)
	at com.kms.katalon.core.main.TestCaseExecutor.processExecutionPhase(TestCaseExecutor.java:298)
	at com.kms.katalon.core.main.TestCaseExecutor.accessMainPhase(TestCaseExecutor.java:290)
	at com.kms.katalon.core.main.TestCaseExecutor.execute(TestCaseExecutor.java:224)
	at com.kms.katalon.core.main.TestSuiteExecutor.accessTestCaseMainPhase(TestSuiteExecutor.java:129)
	at com.kms.katalon.core.main.TestSuiteExecutor.accessTestSuiteMainPhase(TestSuiteExecutor.java:112)
	at com.kms.katalon.core.main.TestSuiteExecutor.execute(TestSuiteExecutor.java:81)
	at com.kms.katalon.core.main.TestCaseMain.startTestSuite(TestCaseMain.java:149)
	at com.kms.katalon.core.main.TestCaseMain$startTestSuite$0.call(Unknown Source)
	at TempTestSuite1556652937298.run(TempTestSuite1556652937298.groovy:36)]]></system-out>
         <system-err><![CDATA[2019-04-30 15:39:10 - [TEST_CASE][FAILED] - Test Cases/OCS- CRITICAL PATH/New Test Case: Test Cases/OCS- CRITICAL PATH/New Test Case FAILED.
Reason:
com.kms.katalon.core.exception.StepFailedException: Unable to click on object (Root cause: java.lang.IllegalArgumentException: Object is null)
	at com.kms.katalon.core.keyword.internal.KeywordMain.stepFailed(KeywordMain.groovy:36)
	at com.kms.katalon.core.webui.keyword.internal.WebUIKeywordMain.stepFailed(WebUIKeywordMain.groovy:65)
	at com.kms.katalon.core.webui.keyword.internal.WebUIKeywordMain.runKeyword(WebUIKeywordMain.groovy:27)
	at com.kms.katalon.core.webui.keyword.builtin.ClickKeyword.click(ClickKeyword.groovy:86)
	at com.kms.katalon.core.webui.keyword.builtin.ClickKeyword.execute(ClickKeyword.groovy:67)
	at com.kms.katalon.core.keyword.internal.KeywordExecutor.executeKeywordForPlatform(KeywordExecutor.groovy:53)
	at com.kms.katalon.core.webui.keyword.WebUiBuiltInKeywords.click(WebUiBuiltInKeywords.groovy:616)
	at com.kms.katalon.core.webui.keyword.WebUiBuiltInKeywords$click$3.call(Unknown Source)
	at New Test Case.run(New Test Case:20)
	at com.kms.katalon.core.main.ScriptEngine.run(ScriptEngine.java:194)
	at com.kms.katalon.core.main.ScriptEngine.runScriptAsRawText(ScriptEngine.java:119)
	at com.kms.katalon.core.main.TestCaseExecutor.runScript(TestCaseExecutor.java:328)
	at com.kms.katalon.core.main.TestCaseExecutor.doExecute(TestCaseExecutor.java:319)
	at com.kms.katalon.core.main.TestCaseExecutor.processExecutionPhase(TestCaseExecutor.java:298)
	at com.kms.katalon.core.main.TestCaseExecutor.accessMainPhase(TestCaseExecutor.java:290)
	at com.kms.katalon.core.main.TestCaseExecutor.execute(TestCaseExecutor.java:224)
	at com.kms.katalon.core.main.TestSuiteExecutor.accessTestCaseMainPhase(TestSuiteExecutor.java:129)
	at com.kms.katalon.core.main.TestSuiteExecutor.accessTestSuiteMainPhase(TestSuiteExecutor.java:112)
	at com.kms.katalon.core.main.TestSuiteExecutor.execute(TestSuiteExecutor.java:81)
	at com.kms.katalon.core.main.TestCaseMain.startTestSuite(TestCaseMain.java:149)
	at com.kms.katalon.core.main.TestCaseMain$startTestSuite$0.call(Unknown Source)
	at TempTestSuite1556652937298.run(TempTestSuite1556652937298.groovy:36)]]></system-err>
      </testcase>
      <testcase name="Test Cases/OCS- CRITICAL PATH/Cart" classname="Test Cases/OCS- CRITICAL PATH/Cart" status="FAILED">
         <failure type="FAILED" message="Test Cases/OCS- CRITICAL PATH/Cart FAILED.
Reason:
com.kms.katalon.core.exception.StepFailedException: Unable to click on object 'Object Repository/OCS_CRITICAL PATH/cartpage- decrease qty _OR/Page_Shishkaberry  Ontario Cannabis/a_Checkout' (Root cause: org.openqa.selenium.WebDriverException: unknown error: Element &lt;a href=&quot;/checkout?locale=en-CA&quot; class=&quot;btn btn--primary full-width is-disabled js-checkout-button&quot; aria-role=&quot;button&quot;>...&lt;/a> is not clickable at point (1110, 624). Other element would receive the click: &lt;div class=&quot;cart__totals&quot;>...&lt;/div>
  (Session info: chrome=74.0.3729.108)
  (Driver info: chromedriver=2.43.600229 (3fae4d0cda5334b4f533bede5a4787f7b832d052),platform=Mac OS X 10.13.6 x86_64) (WARNING: The server did not provide any stacktrace information)
Command duration or timeout: 0 milliseconds
Build info: version: '3.7.1', revision: '8a0099a', time: '2017-11-06T21:07:36.161Z'
System info: host: 'sumans-MacBook-Pro.local', ip: 'fe80:0:0:0:10a9:6122:fd58:73f8%en0', os.name: 'Mac OS X', os.arch: 'x86_64', os.version: '10.13.6', java.version: '1.8.0_181'
Driver info: com.kms.katalon.selenium.driver.CChromeDriver
Capabilities {acceptInsecureCerts: false, acceptSslCerts: false, applicationCacheEnabled: false, browserConnectionEnabled: false, browserName: chrome, chrome: {chromedriverVersion: 2.43.600229 (3fae4d0cda5334..., userDataDir: /var/folders/1t/c55l8xzs6gq...}, cssSelectorsEnabled: true, databaseEnabled: false, goog:chromeOptions: {debuggerAddress: localhost:51450}, handlesAlerts: true, hasTouchScreen: false, javascriptEnabled: true, locationContextEnabled: true, mobileEmulationEnabled: false, nativeEvents: true, networkConnectionEnabled: false, pageLoadStrategy: normal, platform: MAC, platformName: MAC, rotatable: false, setWindowRect: true, takesHeapSnapshot: true, takesScreenshot: true, unexpectedAlertBehaviour: , unhandledPromptBehavior: , version: 74.0.3729.108, webStorageEnabled: true}
Session ID: 51b85a9fbab7aad77488ead4524b2bb2)
	at com.kms.katalon.core.keyword.internal.KeywordMain.stepFailed(KeywordMain.groovy:36)
	at com.kms.katalon.core.webui.keyword.internal.WebUIKeywordMain.stepFailed(WebUIKeywordMain.groovy:65)
	at com.kms.katalon.core.webui.keyword.internal.WebUIKeywordMain.runKeyword(WebUIKeywordMain.groovy:27)
	at com.kms.katalon.core.webui.keyword.builtin.ClickKeyword.click(ClickKeyword.groovy:86)
	at com.kms.katalon.core.webui.keyword.builtin.ClickKeyword.execute(ClickKeyword.groovy:67)
	at com.kms.katalon.core.keyword.internal.KeywordExecutor.executeKeywordForPlatform(KeywordExecutor.groovy:53)
	at com.kms.katalon.core.webui.keyword.WebUiBuiltInKeywords.click(WebUiBuiltInKeywords.groovy:616)
	at com.kms.katalon.core.webui.keyword.WebUiBuiltInKeywords$click$3.call(Unknown Source)
	at Cart.run(Cart:75)
	at com.kms.katalon.core.main.ScriptEngine.run(ScriptEngine.java:194)
	at com.kms.katalon.core.main.ScriptEngine.runScriptAsRawText(ScriptEngine.java:119)
	at com.kms.katalon.core.main.TestCaseExecutor.runScript(TestCaseExecutor.java:328)
	at com.kms.katalon.core.main.TestCaseExecutor.doExecute(TestCaseExecutor.java:319)
	at com.kms.katalon.core.main.TestCaseExecutor.processExecutionPhase(TestCaseExecutor.java:298)
	at com.kms.katalon.core.main.TestCaseExecutor.accessMainPhase(TestCaseExecutor.java:290)
	at com.kms.katalon.core.main.TestCaseExecutor.execute(TestCaseExecutor.java:224)
	at com.kms.katalon.core.main.TestSuiteExecutor.accessTestCaseMainPhase(TestSuiteExecutor.java:129)
	at com.kms.katalon.core.main.TestSuiteExecutor.accessTestSuiteMainPhase(TestSuiteExecutor.java:112)
	at com.kms.katalon.core.main.TestSuiteExecutor.execute(TestSuiteExecutor.java:81)
	at com.kms.katalon.core.main.TestCaseMain.startTestSuite(TestCaseMain.java:149)
	at com.kms.katalon.core.main.TestCaseMain$startTestSuite$0.call(Unknown Source)
	at TempTestSuite1556652937298.run(TempTestSuite1556652937298.groovy:36)
"/>
         <system-out><![CDATA[2019-04-30 15:39:17 - [TEST_CASE][FAILED] - Test Cases/OCS- CRITICAL PATH/Cart: Test Cases/OCS- CRITICAL PATH/Cart FAILED.
Reason:
com.kms.katalon.core.exception.StepFailedException: Unable to click on object 'Object Repository/OCS_CRITICAL PATH/cartpage- decrease qty _OR/Page_Shishkaberry  Ontario Cannabis/a_Checkout' (Root cause: org.openqa.selenium.WebDriverException: unknown error: Element <a href="/checkout?locale=en-CA" class="btn btn--primary full-width is-disabled js-checkout-button" aria-role="button">...</a> is not clickable at point (1110, 624). Other element would receive the click: <div class="cart__totals">...</div>
  (Session info: chrome=74.0.3729.108)
  (Driver info: chromedriver=2.43.600229 (3fae4d0cda5334b4f533bede5a4787f7b832d052),platform=Mac OS X 10.13.6 x86_64) (WARNING: The server did not provide any stacktrace information)
Command duration or timeout: 0 milliseconds
Build info: version: '3.7.1', revision: '8a0099a', time: '2017-11-06T21:07:36.161Z'
System info: host: 'sumans-MacBook-Pro.local', ip: 'fe80:0:0:0:10a9:6122:fd58:73f8%en0', os.name: 'Mac OS X', os.arch: 'x86_64', os.version: '10.13.6', java.version: '1.8.0_181'
Driver info: com.kms.katalon.selenium.driver.CChromeDriver
Capabilities {acceptInsecureCerts: false, acceptSslCerts: false, applicationCacheEnabled: false, browserConnectionEnabled: false, browserName: chrome, chrome: {chromedriverVersion: 2.43.600229 (3fae4d0cda5334..., userDataDir: /var/folders/1t/c55l8xzs6gq...}, cssSelectorsEnabled: true, databaseEnabled: false, goog:chromeOptions: {debuggerAddress: localhost:51450}, handlesAlerts: true, hasTouchScreen: false, javascriptEnabled: true, locationContextEnabled: true, mobileEmulationEnabled: false, nativeEvents: true, networkConnectionEnabled: false, pageLoadStrategy: normal, platform: MAC, platformName: MAC, rotatable: false, setWindowRect: true, takesHeapSnapshot: true, takesScreenshot: true, unexpectedAlertBehaviour: , unhandledPromptBehavior: , version: 74.0.3729.108, webStorageEnabled: true}
Session ID: 51b85a9fbab7aad77488ead4524b2bb2)
	at com.kms.katalon.core.keyword.internal.KeywordMain.stepFailed(KeywordMain.groovy:36)
	at com.kms.katalon.core.webui.keyword.internal.WebUIKeywordMain.stepFailed(WebUIKeywordMain.groovy:65)
	at com.kms.katalon.core.webui.keyword.internal.WebUIKeywordMain.runKeyword(WebUIKeywordMain.groovy:27)
	at com.kms.katalon.core.webui.keyword.builtin.ClickKeyword.click(ClickKeyword.groovy:86)
	at com.kms.katalon.core.webui.keyword.builtin.ClickKeyword.execute(ClickKeyword.groovy:67)
	at com.kms.katalon.core.keyword.internal.KeywordExecutor.executeKeywordForPlatform(KeywordExecutor.groovy:53)
	at com.kms.katalon.core.webui.keyword.WebUiBuiltInKeywords.click(WebUiBuiltInKeywords.groovy:616)
	at com.kms.katalon.core.webui.keyword.WebUiBuiltInKeywords$click$3.call(Unknown Source)
	at Cart.run(Cart:75)
	at com.kms.katalon.core.main.ScriptEngine.run(ScriptEngine.java:194)
	at com.kms.katalon.core.main.ScriptEngine.runScriptAsRawText(ScriptEngine.java:119)
	at com.kms.katalon.core.main.TestCaseExecutor.runScript(TestCaseExecutor.java:328)
	at com.kms.katalon.core.main.TestCaseExecutor.doExecute(TestCaseExecutor.java:319)
	at com.kms.katalon.core.main.TestCaseExecutor.processExecutionPhase(TestCaseExecutor.java:298)
	at com.kms.katalon.core.main.TestCaseExecutor.accessMainPhase(TestCaseExecutor.java:290)
	at com.kms.katalon.core.main.TestCaseExecutor.execute(TestCaseExecutor.java:224)
	at com.kms.katalon.core.main.TestSuiteExecutor.accessTestCaseMainPhase(TestSuiteExecutor.java:129)
	at com.kms.katalon.core.main.TestSuiteExecutor.accessTestSuiteMainPhase(TestSuiteExecutor.java:112)
	at com.kms.katalon.core.main.TestSuiteExecutor.execute(TestSuiteExecutor.java:81)
	at com.kms.katalon.core.main.TestCaseMain.startTestSuite(TestCaseMain.java:149)
	at com.kms.katalon.core.main.TestCaseMain$startTestSuite$0.call(Unknown Source)
	at TempTestSuite1556652937298.run(TempTestSuite1556652937298.groovy:36)


2019-04-30 15:39:17 - [TEST_STEP][PASSED] - openBrowser(""): Browser is opened with url: ''

2019-04-30 15:39:17 - [MESSAGE][WARNING] - A browser is already opened. Closing browser and opening a new one

2019-04-30 15:39:17 - [MESSAGE][INFO] - Starting 'Chrome' driver

2019-04-30 15:39:18 - [MESSAGE][PASSED] - Browser is opened with url: ''

2019-04-30 15:39:18 - [TEST_STEP][PASSED] - navigateToUrl("https://ocs.ca/#/verify-age"): Navigate to 'https://ocs.ca/#/verify-age' successfully

2019-04-30 15:39:22 - [MESSAGE][PASSED] - Navigate to 'https://ocs.ca/#/verify-age' successfully

2019-04-30 15:39:22 - [TEST_STEP][PASSED] - selectOptionByValue(findTestObject("OCS_CRITICAL PATH/cart flyout- price/Page_Ontario Cannabis Store  Ontari/select_Select01020304050607080"), "17", true): All options with value '17' are selected in object 'Object Repository/OCS_CRITICAL PATH/cart flyout- price/Page_Ontario Cannabis Store  Ontari/select_Select01020304050607080'  using regular expression

2019-04-30 15:39:22 - [MESSAGE][PASSED] - All options with value '17' are selected in object 'Object Repository/OCS_CRITICAL PATH/cart flyout- price/Page_Ontario Cannabis Store  Ontari/select_Select01020304050607080'  using regular expression

2019-04-30 15:39:22 - [TEST_STEP][PASSED] - selectOptionByValue(findTestObject("OCS_CRITICAL PATH/cart flyout- price/Page_Ontario Cannabis Store  Ontari/select_SelectJanuary - 01Febru"), "8", true): All options with value '8' are selected in object 'Object Repository/OCS_CRITICAL PATH/cart flyout- price/Page_Ontario Cannabis Store  Ontari/select_SelectJanuary - 01Febru'  using regular expression

2019-04-30 15:39:23 - [MESSAGE][PASSED] - All options with value '8' are selected in object 'Object Repository/OCS_CRITICAL PATH/cart flyout- price/Page_Ontario Cannabis Store  Ontari/select_SelectJanuary - 01Febru'  using regular expression

2019-04-30 15:39:23 - [TEST_STEP][PASSED] - selectOptionByValue(findTestObject("OCS_CRITICAL PATH/cart flyout- price/Page_Ontario Cannabis Store  Ontari/select_Select20182017201620152"), "1950", true): All options with value '1950' are selected in object 'Object Repository/OCS_CRITICAL PATH/cart flyout- price/Page_Ontario Cannabis Store  Ontari/select_Select20182017201620152'  using regular expression

2019-04-30 15:39:24 - [MESSAGE][PASSED] - All options with value '1950' are selected in object 'Object Repository/OCS_CRITICAL PATH/cart flyout- price/Page_Ontario Cannabis Store  Ontari/select_Select20182017201620152'  using regular expression

2019-04-30 15:39:24 - [TEST_STEP][PASSED] - click(findTestObject("OCS_CRITICAL PATH/cart flyout- price/Page_Ontario Cannabis Store  Ontari/button_Verify")): Object: 'Object Repository/OCS_CRITICAL PATH/cart flyout- price/Page_Ontario Cannabis Store  Ontari/button_Verify' is clicked on

2019-04-30 15:39:24 - [MESSAGE][PASSED] - Object: 'Object Repository/OCS_CRITICAL PATH/cart flyout- price/Page_Ontario Cannabis Store  Ontari/button_Verify' is clicked on

2019-04-30 15:39:24 - [TEST_STEP][PASSED] - click(findTestObject("OCS_CRITICAL PATH/cart flyout- price/Page_Ontario Cannabis Store  Ontari/span_CONFIRM AND ACKNOWLEDGE_c")): Object: 'Object Repository/OCS_CRITICAL PATH/cart flyout- price/Page_Ontario Cannabis Store  Ontari/span_CONFIRM AND ACKNOWLEDGE_c' is clicked on

2019-04-30 15:39:24 - [MESSAGE][PASSED] - Object: 'Object Repository/OCS_CRITICAL PATH/cart flyout- price/Page_Ontario Cannabis Store  Ontari/span_CONFIRM AND ACKNOWLEDGE_c' is clicked on

2019-04-30 15:39:24 - [TEST_STEP][PASSED] - click(findTestObject("OCS_CRITICAL PATH/cart flyout- price/Page_Ontario Cannabis Store  Ontari/button_CONFIRM")): Object: 'Object Repository/OCS_CRITICAL PATH/cart flyout- price/Page_Ontario Cannabis Store  Ontari/button_CONFIRM' is clicked on

2019-04-30 15:39:24 - [MESSAGE][PASSED] - Object: 'Object Repository/OCS_CRITICAL PATH/cart flyout- price/Page_Ontario Cannabis Store  Ontari/button_CONFIRM' is clicked on

2019-04-30 15:39:24 - [TEST_STEP][PASSED] - click(findTestObject("OCS_CRITICAL PATH/cart flyout- price/Page_Ontario Cannabis Store  Ontari/button_Start Browsing")): Object: 'Object Repository/OCS_CRITICAL PATH/cart flyout- price/Page_Ontario Cannabis Store  Ontari/button_Start Browsing' is clicked on

2019-04-30 15:39:24 - [MESSAGE][PASSED] - Object: 'Object Repository/OCS_CRITICAL PATH/cart flyout- price/Page_Ontario Cannabis Store  Ontari/button_Start Browsing' is clicked on

2019-04-30 15:39:24 - [TEST_STEP][PASSED] - click(findTestObject("OCS_CRITICAL PATH/cart flyout- price/Page_Ontario Cannabis Store  Ontari/h3_Cannabis")): Object: 'Object Repository/OCS_CRITICAL PATH/cart flyout- price/Page_Ontario Cannabis Store  Ontari/h3_Cannabis' is clicked on

2019-04-30 15:39:24 - [MESSAGE][PASSED] - Object: 'Object Repository/OCS_CRITICAL PATH/cart flyout- price/Page_Ontario Cannabis Store  Ontari/h3_Cannabis' is clicked on

2019-04-30 15:39:24 - [TEST_STEP][PASSED] - delay(3): Delayed 3 second(s)

2019-04-30 15:39:27 - [MESSAGE][PASSED] - Delayed 3 second(s)

2019-04-30 15:39:27 - [TEST_STEP][PASSED] - click(findTestObject("OCS_CRITICAL PATH/cart flyout- price/Page_Ontario Cannabis Store  Ontari/span_Indica Dominant")): Object: 'Object Repository/OCS_CRITICAL PATH/cart flyout- price/Page_Ontario Cannabis Store  Ontari/span_Indica Dominant' is clicked on

2019-04-30 15:39:28 - [MESSAGE][PASSED] - Object: 'Object Repository/OCS_CRITICAL PATH/cart flyout- price/Page_Ontario Cannabis Store  Ontari/span_Indica Dominant' is clicked on

2019-04-30 15:39:28 - [TEST_STEP][PASSED] - delay(3): Delayed 3 second(s)

2019-04-30 15:39:31 - [MESSAGE][PASSED] - Delayed 3 second(s)

2019-04-30 15:39:31 - [TEST_STEP][PASSED] - click(findTestObject("OCS_CRITICAL PATH/cart flyout- price/Page_Indica Dominant Dried Flower/h3_Shishkaberry")): Object: 'Object Repository/OCS_CRITICAL PATH/cart flyout- price/Page_Indica Dominant Dried Flower/h3_Shishkaberry' is clicked on

2019-04-30 15:39:34 - [MESSAGE][PASSED] - Object: 'Object Repository/OCS_CRITICAL PATH/cart flyout- price/Page_Indica Dominant Dried Flower/h3_Shishkaberry' is clicked on

2019-04-30 15:39:34 - [TEST_STEP][PASSED] - delay(3): Delayed 3 second(s)

2019-04-30 15:39:37 - [MESSAGE][PASSED] - Delayed 3 second(s)

2019-04-30 15:39:37 - [TEST_STEP][PASSED] - click(findTestObject("OCS_CRITICAL PATH/cart flyout- price/Page_Shishkaberry  Ontario Cannabis/label_1g")): Object: 'Object Repository/OCS_CRITICAL PATH/cart flyout- price/Page_Shishkaberry  Ontario Cannabis/label_1g' is clicked on

2019-04-30 15:39:37 - [MESSAGE][PASSED] - Object: 'Object Repository/OCS_CRITICAL PATH/cart flyout- price/Page_Shishkaberry  Ontario Cannabis/label_1g' is clicked on

2019-04-30 15:39:37 - [TEST_STEP][PASSED] - delay(3): Delayed 3 second(s)

2019-04-30 15:39:40 - [MESSAGE][PASSED] - Delayed 3 second(s)

2019-04-30 15:39:40 - [TEST_STEP][PASSED] - click(findTestObject("OCS_CRITICAL PATH/cart flyout- price/Page_Shishkaberry  Ontario Cannabis/button_Add to Bag9.75")): Object: 'Object Repository/OCS_CRITICAL PATH/cart flyout- price/Page_Shishkaberry  Ontario Cannabis/button_Add to Bag9.75' is clicked on

2019-04-30 15:39:40 - [MESSAGE][PASSED] - Object: 'Object Repository/OCS_CRITICAL PATH/cart flyout- price/Page_Shishkaberry  Ontario Cannabis/button_Add to Bag9.75' is clicked on

2019-04-30 15:39:40 - [TEST_STEP][PASSED] - delay(2): Delayed 2 second(s)

2019-04-30 15:39:42 - [MESSAGE][PASSED] - Delayed 2 second(s)

2019-04-30 15:39:42 - [TEST_STEP][PASSED] - click(findTestObject("OCS_CRITICAL PATH/cart flyout- price/Page_Shishkaberry  Ontario Cannabis/i_9.75_icon icon--back js-clos")): Object: 'Object Repository/OCS_CRITICAL PATH/cart flyout- price/Page_Shishkaberry  Ontario Cannabis/i_9.75_icon icon--back js-clos' is clicked on

2019-04-30 15:39:42 - [MESSAGE][PASSED] - Object: 'Object Repository/OCS_CRITICAL PATH/cart flyout- price/Page_Shishkaberry  Ontario Cannabis/i_9.75_icon icon--back js-clos' is clicked on

2019-04-30 15:39:42 - [TEST_STEP][PASSED] - delay(3): Delayed 3 second(s)

2019-04-30 15:39:45 - [MESSAGE][PASSED] - Delayed 3 second(s)

2019-04-30 15:39:45 - [TEST_STEP][PASSED] - click(findTestObject("OCS_CRITICAL PATH/cart flyout- price/Page_Shishkaberry  Ontario Cannabis/label_3.5g")): Object: 'Object Repository/OCS_CRITICAL PATH/cart flyout- price/Page_Shishkaberry  Ontario Cannabis/label_3.5g' is clicked on

2019-04-30 15:39:45 - [MESSAGE][PASSED] - Object: 'Object Repository/OCS_CRITICAL PATH/cart flyout- price/Page_Shishkaberry  Ontario Cannabis/label_3.5g' is clicked on

2019-04-30 15:39:45 - [TEST_STEP][PASSED] - delay(2): Delayed 2 second(s)

2019-04-30 15:39:47 - [MESSAGE][PASSED] - Delayed 2 second(s)

2019-04-30 15:39:47 - [TEST_STEP][PASSED] - click(findTestObject("OCS_CRITICAL PATH/cart flyout- price/Page_Shishkaberry  Ontario Cannabis/button_Add to Bag32.40")): Object: 'Object Repository/OCS_CRITICAL PATH/cart flyout- price/Page_Shishkaberry  Ontario Cannabis/button_Add to Bag32.40' is clicked on

2019-04-30 15:39:47 - [MESSAGE][PASSED] - Object: 'Object Repository/OCS_CRITICAL PATH/cart flyout- price/Page_Shishkaberry  Ontario Cannabis/button_Add to Bag32.40' is clicked on

2019-04-30 15:39:47 - [TEST_STEP][PASSED] - delay(2): Delayed 2 second(s)

2019-04-30 15:39:49 - [MESSAGE][PASSED] - Delayed 2 second(s)

2019-04-30 15:39:49 - [TEST_STEP][PASSED] - click(findTestObject("OCS_CRITICAL PATH/cartpage- decrease qty _OR/Page_Shishkaberry  Ontario Cannabis/span_concat(I confirm that I")): Object: 'Object Repository/OCS_CRITICAL PATH/cartpage- decrease qty _OR/Page_Shishkaberry  Ontario Cannabis/span_concat(I confirm that I' is clicked on

2019-04-30 15:39:49 - [MESSAGE][PASSED] - Object: 'Object Repository/OCS_CRITICAL PATH/cartpage- decrease qty _OR/Page_Shishkaberry  Ontario Cannabis/span_concat(I confirm that I' is clicked on

2019-04-30 15:39:49 - [TEST_STEP][PASSED] - click(findTestObject("OCS_CRITICAL PATH/cartpage- decrease qty _OR/Page_Shishkaberry  Ontario Cannabis/span_Accept the_checkbox")): Object: 'Object Repository/OCS_CRITICAL PATH/cartpage- decrease qty _OR/Page_Shishkaberry  Ontario Cannabis/span_Accept the_checkbox' is clicked on

2019-04-30 15:39:49 - [MESSAGE][PASSED] - Object: 'Object Repository/OCS_CRITICAL PATH/cartpage- decrease qty _OR/Page_Shishkaberry  Ontario Cannabis/span_Accept the_checkbox' is clicked on

2019-04-30 15:39:49 - [TEST_STEP][PASSED] - delay(3): Delayed 3 second(s)

2019-04-30 15:39:52 - [MESSAGE][PASSED] - Delayed 3 second(s)

2019-04-30 15:39:52 - [TEST_STEP][FAILED] - click(findTestObject("OCS_CRITICAL PATH/cartpage- decrease qty _OR/Page_Shishkaberry  Ontario Cannabis/a_Checkout")): click(findTestObject("OCS_CRITICAL PATH/cartpage- decrease qty _OR/Page_Shishkaberry  Ontario Cannabis/a_Checkout")) FAILED.
Reason:
com.kms.katalon.core.exception.StepFailedException: Unable to click on object 'Object Repository/OCS_CRITICAL PATH/cartpage- decrease qty _OR/Page_Shishkaberry  Ontario Cannabis/a_Checkout' (Root cause: org.openqa.selenium.WebDriverException: unknown error: Element <a href="/checkout?locale=en-CA" class="btn btn--primary full-width is-disabled js-checkout-button" aria-role="button">...</a> is not clickable at point (1110, 624). Other element would receive the click: <div class="cart__totals">...</div>
  (Session info: chrome=74.0.3729.108)
  (Driver info: chromedriver=2.43.600229 (3fae4d0cda5334b4f533bede5a4787f7b832d052),platform=Mac OS X 10.13.6 x86_64) (WARNING: The server did not provide any stacktrace information)
Command duration or timeout: 0 milliseconds
Build info: version: '3.7.1', revision: '8a0099a', time: '2017-11-06T21:07:36.161Z'
System info: host: 'sumans-MacBook-Pro.local', ip: 'fe80:0:0:0:10a9:6122:fd58:73f8%en0', os.name: 'Mac OS X', os.arch: 'x86_64', os.version: '10.13.6', java.version: '1.8.0_181'
Driver info: com.kms.katalon.selenium.driver.CChromeDriver
Capabilities {acceptInsecureCerts: false, acceptSslCerts: false, applicationCacheEnabled: false, browserConnectionEnabled: false, browserName: chrome, chrome: {chromedriverVersion: 2.43.600229 (3fae4d0cda5334..., userDataDir: /var/folders/1t/c55l8xzs6gq...}, cssSelectorsEnabled: true, databaseEnabled: false, goog:chromeOptions: {debuggerAddress: localhost:51450}, handlesAlerts: true, hasTouchScreen: false, javascriptEnabled: true, locationContextEnabled: true, mobileEmulationEnabled: false, nativeEvents: true, networkConnectionEnabled: false, pageLoadStrategy: normal, platform: MAC, platformName: MAC, rotatable: false, setWindowRect: true, takesHeapSnapshot: true, takesScreenshot: true, unexpectedAlertBehaviour: , unhandledPromptBehavior: , version: 74.0.3729.108, webStorageEnabled: true}
Session ID: 51b85a9fbab7aad77488ead4524b2bb2)
	at com.kms.katalon.core.keyword.internal.KeywordMain.stepFailed(KeywordMain.groovy:36)
	at com.kms.katalon.core.webui.keyword.internal.WebUIKeywordMain.stepFailed(WebUIKeywordMain.groovy:65)
	at com.kms.katalon.core.webui.keyword.internal.WebUIKeywordMain.runKeyword(WebUIKeywordMain.groovy:27)
	at com.kms.katalon.core.webui.keyword.builtin.ClickKeyword.click(ClickKeyword.groovy:86)
	at com.kms.katalon.core.webui.keyword.builtin.ClickKeyword.execute(ClickKeyword.groovy:67)
	at com.kms.katalon.core.keyword.internal.KeywordExecutor.executeKeywordForPlatform(KeywordExecutor.groovy:53)
	at com.kms.katalon.core.webui.keyword.WebUiBuiltInKeywords.click(WebUiBuiltInKeywords.groovy:616)
	at com.kms.katalon.core.webui.keyword.WebUiBuiltInKeywords$click$3.call(Unknown Source)
	at Cart.run(Cart:75)
	at com.kms.katalon.core.main.ScriptEngine.run(ScriptEngine.java:194)
	at com.kms.katalon.core.main.ScriptEngine.runScriptAsRawText(ScriptEngine.java:119)
	at com.kms.katalon.core.main.TestCaseExecutor.runScript(TestCaseExecutor.java:328)
	at com.kms.katalon.core.main.TestCaseExecutor.doExecute(TestCaseExecutor.java:319)
	at com.kms.katalon.core.main.TestCaseExecutor.processExecutionPhase(TestCaseExecutor.java:298)
	at com.kms.katalon.core.main.TestCaseExecutor.accessMainPhase(TestCaseExecutor.java:290)
	at com.kms.katalon.core.main.TestCaseExecutor.execute(TestCaseExecutor.java:224)
	at com.kms.katalon.core.main.TestSuiteExecutor.accessTestCaseMainPhase(TestSuiteExecutor.java:129)
	at com.kms.katalon.core.main.TestSuiteExecutor.accessTestSuiteMainPhase(TestSuiteExecutor.java:112)
	at com.kms.katalon.core.main.TestSuiteExecutor.execute(TestSuiteExecutor.java:81)
	at com.kms.katalon.core.main.TestCaseMain.startTestSuite(TestCaseMain.java:149)
	at com.kms.katalon.core.main.TestCaseMain$startTestSuite$0.call(Unknown Source)
	at TempTestSuite1556652937298.run(TempTestSuite1556652937298.groovy:36)


2019-04-30 15:39:53 - [MESSAGE][FAILED] - Unable to click on object 'Object Repository/OCS_CRITICAL PATH/cartpage- decrease qty _OR/Page_Shishkaberry  Ontario Cannabis/a_Checkout' (Root cause: org.openqa.selenium.WebDriverException: unknown error: Element <a href="/checkout?locale=en-CA" class="btn btn--primary full-width is-disabled js-checkout-button" aria-role="button">...</a> is not clickable at point (1110, 624). Other element would receive the click: <div class="cart__totals">...</div>
  (Session info: chrome=74.0.3729.108)
  (Driver info: chromedriver=2.43.600229 (3fae4d0cda5334b4f533bede5a4787f7b832d052),platform=Mac OS X 10.13.6 x86_64) (WARNING: The server did not provide any stacktrace information)
Command duration or timeout: 0 milliseconds
Build info: version: '3.7.1', revision: '8a0099a', time: '2017-11-06T21:07:36.161Z'
System info: host: 'sumans-MacBook-Pro.local', ip: 'fe80:0:0:0:10a9:6122:fd58:73f8%en0', os.name: 'Mac OS X', os.arch: 'x86_64', os.version: '10.13.6', java.version: '1.8.0_181'
Driver info: com.kms.katalon.selenium.driver.CChromeDriver
Capabilities {acceptInsecureCerts: false, acceptSslCerts: false, applicationCacheEnabled: false, browserConnectionEnabled: false, browserName: chrome, chrome: {chromedriverVersion: 2.43.600229 (3fae4d0cda5334..., userDataDir: /var/folders/1t/c55l8xzs6gq...}, cssSelectorsEnabled: true, databaseEnabled: false, goog:chromeOptions: {debuggerAddress: localhost:51450}, handlesAlerts: true, hasTouchScreen: false, javascriptEnabled: true, locationContextEnabled: true, mobileEmulationEnabled: false, nativeEvents: true, networkConnectionEnabled: false, pageLoadStrategy: normal, platform: MAC, platformName: MAC, rotatable: false, setWindowRect: true, takesHeapSnapshot: true, takesScreenshot: true, unexpectedAlertBehaviour: , unhandledPromptBehavior: , version: 74.0.3729.108, webStorageEnabled: true}
Session ID: 51b85a9fbab7aad77488ead4524b2bb2)
[[ATTACHMENT|/Users/sumankompelly/git/Sample-OCS/Reports/CRITICAL PATH/20190430_153537/1556653192992.png]]

2019-04-30 15:39:53 - [MESSAGE][FAILED] - click(findTestObject("OCS_CRITICAL PATH/cartpage- decrease qty _OR/Page_Shishkaberry  Ontario Cannabis/a_Checkout")) FAILED.
Reason:
com.kms.katalon.core.exception.StepFailedException: Unable to click on object 'Object Repository/OCS_CRITICAL PATH/cartpage- decrease qty _OR/Page_Shishkaberry  Ontario Cannabis/a_Checkout' (Root cause: org.openqa.selenium.WebDriverException: unknown error: Element <a href="/checkout?locale=en-CA" class="btn btn--primary full-width is-disabled js-checkout-button" aria-role="button">...</a> is not clickable at point (1110, 624). Other element would receive the click: <div class="cart__totals">...</div>
  (Session info: chrome=74.0.3729.108)
  (Driver info: chromedriver=2.43.600229 (3fae4d0cda5334b4f533bede5a4787f7b832d052),platform=Mac OS X 10.13.6 x86_64) (WARNING: The server did not provide any stacktrace information)
Command duration or timeout: 0 milliseconds
Build info: version: '3.7.1', revision: '8a0099a', time: '2017-11-06T21:07:36.161Z'
System info: host: 'sumans-MacBook-Pro.local', ip: 'fe80:0:0:0:10a9:6122:fd58:73f8%en0', os.name: 'Mac OS X', os.arch: 'x86_64', os.version: '10.13.6', java.version: '1.8.0_181'
Driver info: com.kms.katalon.selenium.driver.CChromeDriver
Capabilities {acceptInsecureCerts: false, acceptSslCerts: false, applicationCacheEnabled: false, browserConnectionEnabled: false, browserName: chrome, chrome: {chromedriverVersion: 2.43.600229 (3fae4d0cda5334..., userDataDir: /var/folders/1t/c55l8xzs6gq...}, cssSelectorsEnabled: true, databaseEnabled: false, goog:chromeOptions: {debuggerAddress: localhost:51450}, handlesAlerts: true, hasTouchScreen: false, javascriptEnabled: true, locationContextEnabled: true, mobileEmulationEnabled: false, nativeEvents: true, networkConnectionEnabled: false, pageLoadStrategy: normal, platform: MAC, platformName: MAC, rotatable: false, setWindowRect: true, takesHeapSnapshot: true, takesScreenshot: true, unexpectedAlertBehaviour: , unhandledPromptBehavior: , version: 74.0.3729.108, webStorageEnabled: true}
Session ID: 51b85a9fbab7aad77488ead4524b2bb2)
	at com.kms.katalon.core.keyword.internal.KeywordMain.stepFailed(KeywordMain.groovy:36)
	at com.kms.katalon.core.webui.keyword.internal.WebUIKeywordMain.stepFailed(WebUIKeywordMain.groovy:65)
	at com.kms.katalon.core.webui.keyword.internal.WebUIKeywordMain.runKeyword(WebUIKeywordMain.groovy:27)
	at com.kms.katalon.core.webui.keyword.builtin.ClickKeyword.click(ClickKeyword.groovy:86)
	at com.kms.katalon.core.webui.keyword.builtin.ClickKeyword.execute(ClickKeyword.groovy:67)
	at com.kms.katalon.core.keyword.internal.KeywordExecutor.executeKeywordForPlatform(KeywordExecutor.groovy:53)
	at com.kms.katalon.core.webui.keyword.WebUiBuiltInKeywords.click(WebUiBuiltInKeywords.groovy:616)
	at com.kms.katalon.core.webui.keyword.WebUiBuiltInKeywords$click$3.call(Unknown Source)
	at Cart.run(Cart:75)
	at com.kms.katalon.core.main.ScriptEngine.run(ScriptEngine.java:194)
	at com.kms.katalon.core.main.ScriptEngine.runScriptAsRawText(ScriptEngine.java:119)
	at com.kms.katalon.core.main.TestCaseExecutor.runScript(TestCaseExecutor.java:328)
	at com.kms.katalon.core.main.TestCaseExecutor.doExecute(TestCaseExecutor.java:319)
	at com.kms.katalon.core.main.TestCaseExecutor.processExecutionPhase(TestCaseExecutor.java:298)
	at com.kms.katalon.core.main.TestCaseExecutor.accessMainPhase(TestCaseExecutor.java:290)
	at com.kms.katalon.core.main.TestCaseExecutor.execute(TestCaseExecutor.java:224)
	at com.kms.katalon.core.main.TestSuiteExecutor.accessTestCaseMainPhase(TestSuiteExecutor.java:129)
	at com.kms.katalon.core.main.TestSuiteExecutor.accessTestSuiteMainPhase(TestSuiteExecutor.java:112)
	at com.kms.katalon.core.main.TestSuiteExecutor.execute(TestSuiteExecutor.java:81)
	at com.kms.katalon.core.main.TestCaseMain.startTestSuite(TestCaseMain.java:149)
	at com.kms.katalon.core.main.TestCaseMain$startTestSuite$0.call(Unknown Source)
	at TempTestSuite1556652937298.run(TempTestSuite1556652937298.groovy:36)]]></system-out>
         <system-err><![CDATA[2019-04-30 15:39:17 - [TEST_CASE][FAILED] - Test Cases/OCS- CRITICAL PATH/Cart: Test Cases/OCS- CRITICAL PATH/Cart FAILED.
Reason:
com.kms.katalon.core.exception.StepFailedException: Unable to click on object 'Object Repository/OCS_CRITICAL PATH/cartpage- decrease qty _OR/Page_Shishkaberry  Ontario Cannabis/a_Checkout' (Root cause: org.openqa.selenium.WebDriverException: unknown error: Element <a href="/checkout?locale=en-CA" class="btn btn--primary full-width is-disabled js-checkout-button" aria-role="button">...</a> is not clickable at point (1110, 624). Other element would receive the click: <div class="cart__totals">...</div>
  (Session info: chrome=74.0.3729.108)
  (Driver info: chromedriver=2.43.600229 (3fae4d0cda5334b4f533bede5a4787f7b832d052),platform=Mac OS X 10.13.6 x86_64) (WARNING: The server did not provide any stacktrace information)
Command duration or timeout: 0 milliseconds
Build info: version: '3.7.1', revision: '8a0099a', time: '2017-11-06T21:07:36.161Z'
System info: host: 'sumans-MacBook-Pro.local', ip: 'fe80:0:0:0:10a9:6122:fd58:73f8%en0', os.name: 'Mac OS X', os.arch: 'x86_64', os.version: '10.13.6', java.version: '1.8.0_181'
Driver info: com.kms.katalon.selenium.driver.CChromeDriver
Capabilities {acceptInsecureCerts: false, acceptSslCerts: false, applicationCacheEnabled: false, browserConnectionEnabled: false, browserName: chrome, chrome: {chromedriverVersion: 2.43.600229 (3fae4d0cda5334..., userDataDir: /var/folders/1t/c55l8xzs6gq...}, cssSelectorsEnabled: true, databaseEnabled: false, goog:chromeOptions: {debuggerAddress: localhost:51450}, handlesAlerts: true, hasTouchScreen: false, javascriptEnabled: true, locationContextEnabled: true, mobileEmulationEnabled: false, nativeEvents: true, networkConnectionEnabled: false, pageLoadStrategy: normal, platform: MAC, platformName: MAC, rotatable: false, setWindowRect: true, takesHeapSnapshot: true, takesScreenshot: true, unexpectedAlertBehaviour: , unhandledPromptBehavior: , version: 74.0.3729.108, webStorageEnabled: true}
Session ID: 51b85a9fbab7aad77488ead4524b2bb2)
	at com.kms.katalon.core.keyword.internal.KeywordMain.stepFailed(KeywordMain.groovy:36)
	at com.kms.katalon.core.webui.keyword.internal.WebUIKeywordMain.stepFailed(WebUIKeywordMain.groovy:65)
	at com.kms.katalon.core.webui.keyword.internal.WebUIKeywordMain.runKeyword(WebUIKeywordMain.groovy:27)
	at com.kms.katalon.core.webui.keyword.builtin.ClickKeyword.click(ClickKeyword.groovy:86)
	at com.kms.katalon.core.webui.keyword.builtin.ClickKeyword.execute(ClickKeyword.groovy:67)
	at com.kms.katalon.core.keyword.internal.KeywordExecutor.executeKeywordForPlatform(KeywordExecutor.groovy:53)
	at com.kms.katalon.core.webui.keyword.WebUiBuiltInKeywords.click(WebUiBuiltInKeywords.groovy:616)
	at com.kms.katalon.core.webui.keyword.WebUiBuiltInKeywords$click$3.call(Unknown Source)
	at Cart.run(Cart:75)
	at com.kms.katalon.core.main.ScriptEngine.run(ScriptEngine.java:194)
	at com.kms.katalon.core.main.ScriptEngine.runScriptAsRawText(ScriptEngine.java:119)
	at com.kms.katalon.core.main.TestCaseExecutor.runScript(TestCaseExecutor.java:328)
	at com.kms.katalon.core.main.TestCaseExecutor.doExecute(TestCaseExecutor.java:319)
	at com.kms.katalon.core.main.TestCaseExecutor.processExecutionPhase(TestCaseExecutor.java:298)
	at com.kms.katalon.core.main.TestCaseExecutor.accessMainPhase(TestCaseExecutor.java:290)
	at com.kms.katalon.core.main.TestCaseExecutor.execute(TestCaseExecutor.java:224)
	at com.kms.katalon.core.main.TestSuiteExecutor.accessTestCaseMainPhase(TestSuiteExecutor.java:129)
	at com.kms.katalon.core.main.TestSuiteExecutor.accessTestSuiteMainPhase(TestSuiteExecutor.java:112)
	at com.kms.katalon.core.main.TestSuiteExecutor.execute(TestSuiteExecutor.java:81)
	at com.kms.katalon.core.main.TestCaseMain.startTestSuite(TestCaseMain.java:149)
	at com.kms.katalon.core.main.TestCaseMain$startTestSuite$0.call(Unknown Source)
	at TempTestSuite1556652937298.run(TempTestSuite1556652937298.groovy:36)]]></system-err>
      </testcase>
      <testcase name="Test Cases/OCS- CRITICAL PATH/Cart flyout-price comparison" classname="Test Cases/OCS- CRITICAL PATH/Cart flyout-price comparison" status="FAILED">
         <failure type="FAILED" message="Test Cases/OCS- CRITICAL PATH/Cart flyout-price comparison FAILED.
Reason:
com.kms.katalon.core.exception.StepFailedException: Unable to select option by value  using regular expression (Root cause: java.lang.IllegalArgumentException: Object is null)
	at com.kms.katalon.core.keyword.internal.KeywordMain.stepFailed(KeywordMain.groovy:36)
	at com.kms.katalon.core.webui.keyword.internal.WebUIKeywordMain.stepFailed(WebUIKeywordMain.groovy:65)
	at com.kms.katalon.core.webui.keyword.internal.WebUIKeywordMain.runKeyword(WebUIKeywordMain.groovy:27)
	at com.kms.katalon.core.webui.keyword.builtin.SelectOptionByValueKeyword.selectOptionByValue(SelectOptionByValueKeyword.groovy:99)
	at com.kms.katalon.core.webui.keyword.builtin.SelectOptionByValueKeyword.execute(SelectOptionByValueKeyword.groovy:71)
	at com.kms.katalon.core.keyword.internal.KeywordExecutor.executeKeywordForPlatform(KeywordExecutor.groovy:53)
	at com.kms.katalon.core.webui.keyword.WebUiBuiltInKeywords.selectOptionByValue(WebUiBuiltInKeywords.groovy:1138)
	at com.kms.katalon.core.webui.keyword.WebUiBuiltInKeywords$selectOptionByValue$2.call(Unknown Source)
	at Cart flyout-price comparison.run(Cart flyout-price comparison:20)
	at com.kms.katalon.core.main.ScriptEngine.run(ScriptEngine.java:194)
	at com.kms.katalon.core.main.ScriptEngine.runScriptAsRawText(ScriptEngine.java:119)
	at com.kms.katalon.core.main.TestCaseExecutor.runScript(TestCaseExecutor.java:328)
	at com.kms.katalon.core.main.TestCaseExecutor.doExecute(TestCaseExecutor.java:319)
	at com.kms.katalon.core.main.TestCaseExecutor.processExecutionPhase(TestCaseExecutor.java:298)
	at com.kms.katalon.core.main.TestCaseExecutor.accessMainPhase(TestCaseExecutor.java:290)
	at com.kms.katalon.core.main.TestCaseExecutor.execute(TestCaseExecutor.java:224)
	at com.kms.katalon.core.main.TestSuiteExecutor.accessTestCaseMainPhase(TestSuiteExecutor.java:129)
	at com.kms.katalon.core.main.TestSuiteExecutor.accessTestSuiteMainPhase(TestSuiteExecutor.java:112)
	at com.kms.katalon.core.main.TestSuiteExecutor.execute(TestSuiteExecutor.java:81)
	at com.kms.katalon.core.main.TestCaseMain.startTestSuite(TestCaseMain.java:149)
	at com.kms.katalon.core.main.TestCaseMain$startTestSuite$0.call(Unknown Source)
	at TempTestSuite1556652937298.run(TempTestSuite1556652937298.groovy:36)
"/>
         <system-out><![CDATA[2019-04-30 15:39:53 - [TEST_CASE][FAILED] - Test Cases/OCS- CRITICAL PATH/Cart flyout-price comparison: Test Cases/OCS- CRITICAL PATH/Cart flyout-price comparison FAILED.
Reason:
com.kms.katalon.core.exception.StepFailedException: Unable to select option by value  using regular expression (Root cause: java.lang.IllegalArgumentException: Object is null)
	at com.kms.katalon.core.keyword.internal.KeywordMain.stepFailed(KeywordMain.groovy:36)
	at com.kms.katalon.core.webui.keyword.internal.WebUIKeywordMain.stepFailed(WebUIKeywordMain.groovy:65)
	at com.kms.katalon.core.webui.keyword.internal.WebUIKeywordMain.runKeyword(WebUIKeywordMain.groovy:27)
	at com.kms.katalon.core.webui.keyword.builtin.SelectOptionByValueKeyword.selectOptionByValue(SelectOptionByValueKeyword.groovy:99)
	at com.kms.katalon.core.webui.keyword.builtin.SelectOptionByValueKeyword.execute(SelectOptionByValueKeyword.groovy:71)
	at com.kms.katalon.core.keyword.internal.KeywordExecutor.executeKeywordForPlatform(KeywordExecutor.groovy:53)
	at com.kms.katalon.core.webui.keyword.WebUiBuiltInKeywords.selectOptionByValue(WebUiBuiltInKeywords.groovy:1138)
	at com.kms.katalon.core.webui.keyword.WebUiBuiltInKeywords$selectOptionByValue$2.call(Unknown Source)
	at Cart flyout-price comparison.run(Cart flyout-price comparison:20)
	at com.kms.katalon.core.main.ScriptEngine.run(ScriptEngine.java:194)
	at com.kms.katalon.core.main.ScriptEngine.runScriptAsRawText(ScriptEngine.java:119)
	at com.kms.katalon.core.main.TestCaseExecutor.runScript(TestCaseExecutor.java:328)
	at com.kms.katalon.core.main.TestCaseExecutor.doExecute(TestCaseExecutor.java:319)
	at com.kms.katalon.core.main.TestCaseExecutor.processExecutionPhase(TestCaseExecutor.java:298)
	at com.kms.katalon.core.main.TestCaseExecutor.accessMainPhase(TestCaseExecutor.java:290)
	at com.kms.katalon.core.main.TestCaseExecutor.execute(TestCaseExecutor.java:224)
	at com.kms.katalon.core.main.TestSuiteExecutor.accessTestCaseMainPhase(TestSuiteExecutor.java:129)
	at com.kms.katalon.core.main.TestSuiteExecutor.accessTestSuiteMainPhase(TestSuiteExecutor.java:112)
	at com.kms.katalon.core.main.TestSuiteExecutor.execute(TestSuiteExecutor.java:81)
	at com.kms.katalon.core.main.TestCaseMain.startTestSuite(TestCaseMain.java:149)
	at com.kms.katalon.core.main.TestCaseMain$startTestSuite$0.call(Unknown Source)
	at TempTestSuite1556652937298.run(TempTestSuite1556652937298.groovy:36)


2019-04-30 15:39:53 - [TEST_STEP][PASSED] - openBrowser(""): Browser is opened with url: ''

2019-04-30 15:39:53 - [MESSAGE][WARNING] - A browser is already opened. Closing browser and opening a new one

2019-04-30 15:39:53 - [MESSAGE][INFO] - Starting 'Chrome' driver

2019-04-30 15:39:54 - [MESSAGE][PASSED] - Browser is opened with url: ''

2019-04-30 15:39:54 - [TEST_STEP][PASSED] - navigateToUrl("https://ocs.ca/#/verify-age"): Navigate to 'https://ocs.ca/#/verify-age' successfully

2019-04-30 15:39:56 - [MESSAGE][PASSED] - Navigate to 'https://ocs.ca/#/verify-age' successfully

2019-04-30 15:39:56 - [TEST_STEP][FAILED] - selectOptionByValue(findTestObject("Object Repository/OCS_PRICE COMPARISON/Page_Ontario Cannabis Store  Ontari/select_Select01020304050607080"), "17", true): selectOptionByValue(findTestObject("Object Repository/OCS_PRICE COMPARISON/Page_Ontario Cannabis Store  Ontari/select_Select01020304050607080"), "17", true) FAILED.
Reason:
com.kms.katalon.core.exception.StepFailedException: Unable to select option by value  using regular expression (Root cause: java.lang.IllegalArgumentException: Object is null)
	at com.kms.katalon.core.keyword.internal.KeywordMain.stepFailed(KeywordMain.groovy:36)
	at com.kms.katalon.core.webui.keyword.internal.WebUIKeywordMain.stepFailed(WebUIKeywordMain.groovy:65)
	at com.kms.katalon.core.webui.keyword.internal.WebUIKeywordMain.runKeyword(WebUIKeywordMain.groovy:27)
	at com.kms.katalon.core.webui.keyword.builtin.SelectOptionByValueKeyword.selectOptionByValue(SelectOptionByValueKeyword.groovy:99)
	at com.kms.katalon.core.webui.keyword.builtin.SelectOptionByValueKeyword.execute(SelectOptionByValueKeyword.groovy:71)
	at com.kms.katalon.core.keyword.internal.KeywordExecutor.executeKeywordForPlatform(KeywordExecutor.groovy:53)
	at com.kms.katalon.core.webui.keyword.WebUiBuiltInKeywords.selectOptionByValue(WebUiBuiltInKeywords.groovy:1138)
	at com.kms.katalon.core.webui.keyword.WebUiBuiltInKeywords$selectOptionByValue$2.call(Unknown Source)
	at Cart flyout-price comparison.run(Cart flyout-price comparison:20)
	at com.kms.katalon.core.main.ScriptEngine.run(ScriptEngine.java:194)
	at com.kms.katalon.core.main.ScriptEngine.runScriptAsRawText(ScriptEngine.java:119)
	at com.kms.katalon.core.main.TestCaseExecutor.runScript(TestCaseExecutor.java:328)
	at com.kms.katalon.core.main.TestCaseExecutor.doExecute(TestCaseExecutor.java:319)
	at com.kms.katalon.core.main.TestCaseExecutor.processExecutionPhase(TestCaseExecutor.java:298)
	at com.kms.katalon.core.main.TestCaseExecutor.accessMainPhase(TestCaseExecutor.java:290)
	at com.kms.katalon.core.main.TestCaseExecutor.execute(TestCaseExecutor.java:224)
	at com.kms.katalon.core.main.TestSuiteExecutor.accessTestCaseMainPhase(TestSuiteExecutor.java:129)
	at com.kms.katalon.core.main.TestSuiteExecutor.accessTestSuiteMainPhase(TestSuiteExecutor.java:112)
	at com.kms.katalon.core.main.TestSuiteExecutor.execute(TestSuiteExecutor.java:81)
	at com.kms.katalon.core.main.TestCaseMain.startTestSuite(TestCaseMain.java:149)
	at com.kms.katalon.core.main.TestCaseMain$startTestSuite$0.call(Unknown Source)
	at TempTestSuite1556652937298.run(TempTestSuite1556652937298.groovy:36)


2019-04-30 15:39:56 - [MESSAGE][WARNING] - Test object with id 'Object Repository/OCS_PRICE COMPARISON/Page_Ontario Cannabis Store  Ontari/select_Select01020304050607080' does not exist

2019-04-30 15:39:56 - [MESSAGE][WARNING] - Test object with id 'Object Repository/' does not exist

2019-04-30 15:39:57 - [MESSAGE][FAILED] - Unable to select option by value  using regular expression (Root cause: java.lang.IllegalArgumentException: Object is null)
[[ATTACHMENT|/Users/sumankompelly/git/Sample-OCS/Reports/CRITICAL PATH/20190430_153537/1556653196850.png]]

2019-04-30 15:39:57 - [MESSAGE][FAILED] - selectOptionByValue(findTestObject("Object Repository/OCS_PRICE COMPARISON/Page_Ontario Cannabis Store  Ontari/select_Select01020304050607080"), "17", true) FAILED.
Reason:
com.kms.katalon.core.exception.StepFailedException: Unable to select option by value  using regular expression (Root cause: java.lang.IllegalArgumentException: Object is null)
	at com.kms.katalon.core.keyword.internal.KeywordMain.stepFailed(KeywordMain.groovy:36)
	at com.kms.katalon.core.webui.keyword.internal.WebUIKeywordMain.stepFailed(WebUIKeywordMain.groovy:65)
	at com.kms.katalon.core.webui.keyword.internal.WebUIKeywordMain.runKeyword(WebUIKeywordMain.groovy:27)
	at com.kms.katalon.core.webui.keyword.builtin.SelectOptionByValueKeyword.selectOptionByValue(SelectOptionByValueKeyword.groovy:99)
	at com.kms.katalon.core.webui.keyword.builtin.SelectOptionByValueKeyword.execute(SelectOptionByValueKeyword.groovy:71)
	at com.kms.katalon.core.keyword.internal.KeywordExecutor.executeKeywordForPlatform(KeywordExecutor.groovy:53)
	at com.kms.katalon.core.webui.keyword.WebUiBuiltInKeywords.selectOptionByValue(WebUiBuiltInKeywords.groovy:1138)
	at com.kms.katalon.core.webui.keyword.WebUiBuiltInKeywords$selectOptionByValue$2.call(Unknown Source)
	at Cart flyout-price comparison.run(Cart flyout-price comparison:20)
	at com.kms.katalon.core.main.ScriptEngine.run(ScriptEngine.java:194)
	at com.kms.katalon.core.main.ScriptEngine.runScriptAsRawText(ScriptEngine.java:119)
	at com.kms.katalon.core.main.TestCaseExecutor.runScript(TestCaseExecutor.java:328)
	at com.kms.katalon.core.main.TestCaseExecutor.doExecute(TestCaseExecutor.java:319)
	at com.kms.katalon.core.main.TestCaseExecutor.processExecutionPhase(TestCaseExecutor.java:298)
	at com.kms.katalon.core.main.TestCaseExecutor.accessMainPhase(TestCaseExecutor.java:290)
	at com.kms.katalon.core.main.TestCaseExecutor.execute(TestCaseExecutor.java:224)
	at com.kms.katalon.core.main.TestSuiteExecutor.accessTestCaseMainPhase(TestSuiteExecutor.java:129)
	at com.kms.katalon.core.main.TestSuiteExecutor.accessTestSuiteMainPhase(TestSuiteExecutor.java:112)
	at com.kms.katalon.core.main.TestSuiteExecutor.execute(TestSuiteExecutor.java:81)
	at com.kms.katalon.core.main.TestCaseMain.startTestSuite(TestCaseMain.java:149)
	at com.kms.katalon.core.main.TestCaseMain$startTestSuite$0.call(Unknown Source)
	at TempTestSuite1556652937298.run(TempTestSuite1556652937298.groovy:36)]]></system-out>
         <system-err><![CDATA[2019-04-30 15:39:53 - [TEST_CASE][FAILED] - Test Cases/OCS- CRITICAL PATH/Cart flyout-price comparison: Test Cases/OCS- CRITICAL PATH/Cart flyout-price comparison FAILED.
Reason:
com.kms.katalon.core.exception.StepFailedException: Unable to select option by value  using regular expression (Root cause: java.lang.IllegalArgumentException: Object is null)
	at com.kms.katalon.core.keyword.internal.KeywordMain.stepFailed(KeywordMain.groovy:36)
	at com.kms.katalon.core.webui.keyword.internal.WebUIKeywordMain.stepFailed(WebUIKeywordMain.groovy:65)
	at com.kms.katalon.core.webui.keyword.internal.WebUIKeywordMain.runKeyword(WebUIKeywordMain.groovy:27)
	at com.kms.katalon.core.webui.keyword.builtin.SelectOptionByValueKeyword.selectOptionByValue(SelectOptionByValueKeyword.groovy:99)
	at com.kms.katalon.core.webui.keyword.builtin.SelectOptionByValueKeyword.execute(SelectOptionByValueKeyword.groovy:71)
	at com.kms.katalon.core.keyword.internal.KeywordExecutor.executeKeywordForPlatform(KeywordExecutor.groovy:53)
	at com.kms.katalon.core.webui.keyword.WebUiBuiltInKeywords.selectOptionByValue(WebUiBuiltInKeywords.groovy:1138)
	at com.kms.katalon.core.webui.keyword.WebUiBuiltInKeywords$selectOptionByValue$2.call(Unknown Source)
	at Cart flyout-price comparison.run(Cart flyout-price comparison:20)
	at com.kms.katalon.core.main.ScriptEngine.run(ScriptEngine.java:194)
	at com.kms.katalon.core.main.ScriptEngine.runScriptAsRawText(ScriptEngine.java:119)
	at com.kms.katalon.core.main.TestCaseExecutor.runScript(TestCaseExecutor.java:328)
	at com.kms.katalon.core.main.TestCaseExecutor.doExecute(TestCaseExecutor.java:319)
	at com.kms.katalon.core.main.TestCaseExecutor.processExecutionPhase(TestCaseExecutor.java:298)
	at com.kms.katalon.core.main.TestCaseExecutor.accessMainPhase(TestCaseExecutor.java:290)
	at com.kms.katalon.core.main.TestCaseExecutor.execute(TestCaseExecutor.java:224)
	at com.kms.katalon.core.main.TestSuiteExecutor.accessTestCaseMainPhase(TestSuiteExecutor.java:129)
	at com.kms.katalon.core.main.TestSuiteExecutor.accessTestSuiteMainPhase(TestSuiteExecutor.java:112)
	at com.kms.katalon.core.main.TestSuiteExecutor.execute(TestSuiteExecutor.java:81)
	at com.kms.katalon.core.main.TestCaseMain.startTestSuite(TestCaseMain.java:149)
	at com.kms.katalon.core.main.TestCaseMain$startTestSuite$0.call(Unknown Source)
	at TempTestSuite1556652937298.run(TempTestSuite1556652937298.groovy:36)]]></system-err>
      </testcase>
      <testcase name="Test Cases/OCS- CRITICAL PATH/Checkout-shipping method" classname="Test Cases/OCS- CRITICAL PATH/Checkout-shipping method" status="FAILED">
         <failure type="FAILED" message="Test Cases/OCS- CRITICAL PATH/Checkout-shipping method FAILED.
Reason:
com.kms.katalon.core.exception.StepFailedException: Unable to click on object 'Object Repository/OCS_CRITICAL PATH/Checkout-shipping method/Page_Ontario Cannabis Store - Shipp/a_Information' (Root cause: com.kms.katalon.core.webui.exception.WebElementNotFoundException: Web element with id: 'Object Repository/OCS_CRITICAL PATH/Checkout-shipping method/Page_Ontario Cannabis Store - Shipp/a_Information' located by 'By.xpath: //a[contains(text(),'Information')]' not found)
	at com.kms.katalon.core.keyword.internal.KeywordMain.stepFailed(KeywordMain.groovy:36)
	at com.kms.katalon.core.webui.keyword.internal.WebUIKeywordMain.stepFailed(WebUIKeywordMain.groovy:65)
	at com.kms.katalon.core.webui.keyword.internal.WebUIKeywordMain.runKeyword(WebUIKeywordMain.groovy:27)
	at com.kms.katalon.core.webui.keyword.builtin.ClickKeyword.click(ClickKeyword.groovy:86)
	at com.kms.katalon.core.webui.keyword.builtin.ClickKeyword.execute(ClickKeyword.groovy:67)
	at com.kms.katalon.core.keyword.internal.KeywordExecutor.executeKeywordForPlatform(KeywordExecutor.groovy:53)
	at com.kms.katalon.core.webui.keyword.WebUiBuiltInKeywords.click(WebUiBuiltInKeywords.groovy:616)
	at com.kms.katalon.core.webui.keyword.WebUiBuiltInKeywords$click$3.call(Unknown Source)
	at Checkout-shipping method.run(Checkout-shipping method:97)
	at com.kms.katalon.core.main.ScriptEngine.run(ScriptEngine.java:194)
	at com.kms.katalon.core.main.ScriptEngine.runScriptAsRawText(ScriptEngine.java:119)
	at com.kms.katalon.core.main.TestCaseExecutor.runScript(TestCaseExecutor.java:328)
	at com.kms.katalon.core.main.TestCaseExecutor.doExecute(TestCaseExecutor.java:319)
	at com.kms.katalon.core.main.TestCaseExecutor.processExecutionPhase(TestCaseExecutor.java:298)
	at com.kms.katalon.core.main.TestCaseExecutor.accessMainPhase(TestCaseExecutor.java:290)
	at com.kms.katalon.core.main.TestCaseExecutor.execute(TestCaseExecutor.java:224)
	at com.kms.katalon.core.main.TestSuiteExecutor.accessTestCaseMainPhase(TestSuiteExecutor.java:129)
	at com.kms.katalon.core.main.TestSuiteExecutor.accessTestSuiteMainPhase(TestSuiteExecutor.java:112)
	at com.kms.katalon.core.main.TestSuiteExecutor.execute(TestSuiteExecutor.java:81)
	at com.kms.katalon.core.main.TestCaseMain.startTestSuite(TestCaseMain.java:149)
	at com.kms.katalon.core.main.TestCaseMain$startTestSuite$0.call(Unknown Source)
	at TempTestSuite1556652937298.run(TempTestSuite1556652937298.groovy:36)
"/>
         <system-out><![CDATA[2019-04-30 15:39:57 - [TEST_CASE][FAILED] - Test Cases/OCS- CRITICAL PATH/Checkout-shipping method: Test Cases/OCS- CRITICAL PATH/Checkout-shipping method FAILED.
Reason:
com.kms.katalon.core.exception.StepFailedException: Unable to click on object 'Object Repository/OCS_CRITICAL PATH/Checkout-shipping method/Page_Ontario Cannabis Store - Shipp/a_Information' (Root cause: com.kms.katalon.core.webui.exception.WebElementNotFoundException: Web element with id: 'Object Repository/OCS_CRITICAL PATH/Checkout-shipping method/Page_Ontario Cannabis Store - Shipp/a_Information' located by 'By.xpath: //a[contains(text(),'Information')]' not found)
	at com.kms.katalon.core.keyword.internal.KeywordMain.stepFailed(KeywordMain.groovy:36)
	at com.kms.katalon.core.webui.keyword.internal.WebUIKeywordMain.stepFailed(WebUIKeywordMain.groovy:65)
	at com.kms.katalon.core.webui.keyword.internal.WebUIKeywordMain.runKeyword(WebUIKeywordMain.groovy:27)
	at com.kms.katalon.core.webui.keyword.builtin.ClickKeyword.click(ClickKeyword.groovy:86)
	at com.kms.katalon.core.webui.keyword.builtin.ClickKeyword.execute(ClickKeyword.groovy:67)
	at com.kms.katalon.core.keyword.internal.KeywordExecutor.executeKeywordForPlatform(KeywordExecutor.groovy:53)
	at com.kms.katalon.core.webui.keyword.WebUiBuiltInKeywords.click(WebUiBuiltInKeywords.groovy:616)
	at com.kms.katalon.core.webui.keyword.WebUiBuiltInKeywords$click$3.call(Unknown Source)
	at Checkout-shipping method.run(Checkout-shipping method:97)
	at com.kms.katalon.core.main.ScriptEngine.run(ScriptEngine.java:194)
	at com.kms.katalon.core.main.ScriptEngine.runScriptAsRawText(ScriptEngine.java:119)
	at com.kms.katalon.core.main.TestCaseExecutor.runScript(TestCaseExecutor.java:328)
	at com.kms.katalon.core.main.TestCaseExecutor.doExecute(TestCaseExecutor.java:319)
	at com.kms.katalon.core.main.TestCaseExecutor.processExecutionPhase(TestCaseExecutor.java:298)
	at com.kms.katalon.core.main.TestCaseExecutor.accessMainPhase(TestCaseExecutor.java:290)
	at com.kms.katalon.core.main.TestCaseExecutor.execute(TestCaseExecutor.java:224)
	at com.kms.katalon.core.main.TestSuiteExecutor.accessTestCaseMainPhase(TestSuiteExecutor.java:129)
	at com.kms.katalon.core.main.TestSuiteExecutor.accessTestSuiteMainPhase(TestSuiteExecutor.java:112)
	at com.kms.katalon.core.main.TestSuiteExecutor.execute(TestSuiteExecutor.java:81)
	at com.kms.katalon.core.main.TestCaseMain.startTestSuite(TestCaseMain.java:149)
	at com.kms.katalon.core.main.TestCaseMain$startTestSuite$0.call(Unknown Source)
	at TempTestSuite1556652937298.run(TempTestSuite1556652937298.groovy:36)


2019-04-30 15:39:57 - [TEST_STEP][PASSED] - openBrowser(""): Browser is opened with url: ''

2019-04-30 15:39:57 - [MESSAGE][WARNING] - A browser is already opened. Closing browser and opening a new one

2019-04-30 15:39:57 - [MESSAGE][INFO] - Starting 'Chrome' driver

2019-04-30 15:39:58 - [MESSAGE][PASSED] - Browser is opened with url: ''

2019-04-30 15:39:58 - [TEST_STEP][PASSED] - navigateToUrl("https://ocs.ca/#/verify-age"): Navigate to 'https://ocs.ca/#/verify-age' successfully

2019-04-30 15:40:02 - [MESSAGE][PASSED] - Navigate to 'https://ocs.ca/#/verify-age' successfully

2019-04-30 15:40:02 - [TEST_STEP][PASSED] - selectOptionByValue(findTestObject("OCS_CRITICAL PATH/Checkout-customer/Page_Ontario Cannabis Store  Ontari/select_Select01020304050607080"), "16", true): All options with value '16' are selected in object 'Object Repository/OCS_CRITICAL PATH/Checkout-customer/Page_Ontario Cannabis Store  Ontari/select_Select01020304050607080'  using regular expression

2019-04-30 15:40:03 - [MESSAGE][PASSED] - All options with value '16' are selected in object 'Object Repository/OCS_CRITICAL PATH/Checkout-customer/Page_Ontario Cannabis Store  Ontari/select_Select01020304050607080'  using regular expression

2019-04-30 15:40:03 - [TEST_STEP][PASSED] - selectOptionByValue(findTestObject("OCS_CRITICAL PATH/Checkout-customer/Page_Ontario Cannabis Store  Ontari/select_SelectJanuary - 01Febru"), "8", true): All options with value '8' are selected in object 'Object Repository/OCS_CRITICAL PATH/Checkout-customer/Page_Ontario Cannabis Store  Ontari/select_SelectJanuary - 01Febru'  using regular expression

2019-04-30 15:40:03 - [MESSAGE][PASSED] - All options with value '8' are selected in object 'Object Repository/OCS_CRITICAL PATH/Checkout-customer/Page_Ontario Cannabis Store  Ontari/select_SelectJanuary - 01Febru'  using regular expression

2019-04-30 15:40:03 - [TEST_STEP][PASSED] - selectOptionByValue(findTestObject("OCS_CRITICAL PATH/Checkout-customer/Page_Ontario Cannabis Store  Ontari/select_Select20182017201620152"), "1955", true): All options with value '1955' are selected in object 'Object Repository/OCS_CRITICAL PATH/Checkout-customer/Page_Ontario Cannabis Store  Ontari/select_Select20182017201620152'  using regular expression

2019-04-30 15:40:04 - [MESSAGE][PASSED] - All options with value '1955' are selected in object 'Object Repository/OCS_CRITICAL PATH/Checkout-customer/Page_Ontario Cannabis Store  Ontari/select_Select20182017201620152'  using regular expression

2019-04-30 15:40:04 - [TEST_STEP][PASSED] - click(findTestObject("OCS_CRITICAL PATH/Checkout-customer/Page_Ontario Cannabis Store  Ontari/button_Verify")): Object: 'Object Repository/OCS_CRITICAL PATH/Checkout-customer/Page_Ontario Cannabis Store  Ontari/button_Verify' is clicked on

2019-04-30 15:40:04 - [MESSAGE][PASSED] - Object: 'Object Repository/OCS_CRITICAL PATH/Checkout-customer/Page_Ontario Cannabis Store  Ontari/button_Verify' is clicked on

2019-04-30 15:40:04 - [TEST_STEP][PASSED] - click(findTestObject("OCS_CRITICAL PATH/Checkout-customer/Page_Ontario Cannabis Store  Ontari/span_CONFIRM AND ACKNOWLEDGE_c")): Object: 'Object Repository/OCS_CRITICAL PATH/Checkout-customer/Page_Ontario Cannabis Store  Ontari/span_CONFIRM AND ACKNOWLEDGE_c' is clicked on

2019-04-30 15:40:04 - [MESSAGE][PASSED] - Object: 'Object Repository/OCS_CRITICAL PATH/Checkout-customer/Page_Ontario Cannabis Store  Ontari/span_CONFIRM AND ACKNOWLEDGE_c' is clicked on

2019-04-30 15:40:04 - [TEST_STEP][PASSED] - click(findTestObject("OCS_CRITICAL PATH/Checkout-customer/Page_Ontario Cannabis Store  Ontari/button_CONFIRM")): Object: 'Object Repository/OCS_CRITICAL PATH/Checkout-customer/Page_Ontario Cannabis Store  Ontari/button_CONFIRM' is clicked on

2019-04-30 15:40:04 - [MESSAGE][PASSED] - Object: 'Object Repository/OCS_CRITICAL PATH/Checkout-customer/Page_Ontario Cannabis Store  Ontari/button_CONFIRM' is clicked on

2019-04-30 15:40:04 - [TEST_STEP][PASSED] - click(findTestObject("OCS_CRITICAL PATH/Checkout-customer/Page_Ontario Cannabis Store  Ontari/button_Start Browsing")): Object: 'Object Repository/OCS_CRITICAL PATH/Checkout-customer/Page_Ontario Cannabis Store  Ontari/button_Start Browsing' is clicked on

2019-04-30 15:40:05 - [MESSAGE][PASSED] - Object: 'Object Repository/OCS_CRITICAL PATH/Checkout-customer/Page_Ontario Cannabis Store  Ontari/button_Start Browsing' is clicked on

2019-04-30 15:40:05 - [TEST_STEP][PASSED] - click(findTestObject("OCS_CRITICAL PATH/Checkout-customer/Page_Ontario Cannabis Store  Ontari/h3_Cannabis")): Object: 'Object Repository/OCS_CRITICAL PATH/Checkout-customer/Page_Ontario Cannabis Store  Ontari/h3_Cannabis' is clicked on

2019-04-30 15:40:05 - [MESSAGE][PASSED] - Object: 'Object Repository/OCS_CRITICAL PATH/Checkout-customer/Page_Ontario Cannabis Store  Ontari/h3_Cannabis' is clicked on

2019-04-30 15:40:05 - [TEST_STEP][PASSED] - click(findTestObject("OCS_CRITICAL PATH/Checkout-customer/Page_Ontario Cannabis Store  Ontari/span_Indica Dominant")): Object: 'Object Repository/OCS_CRITICAL PATH/Checkout-customer/Page_Ontario Cannabis Store  Ontari/span_Indica Dominant' is clicked on

2019-04-30 15:40:05 - [MESSAGE][PASSED] - Object: 'Object Repository/OCS_CRITICAL PATH/Checkout-customer/Page_Ontario Cannabis Store  Ontari/span_Indica Dominant' is clicked on

2019-04-30 15:40:05 - [TEST_STEP][PASSED] - click(findTestObject("OCS_CRITICAL PATH/Checkout-customer/Page_Indica Dominant Dried Flower/h3_Shishkaberry")): Object: 'Object Repository/OCS_CRITICAL PATH/Checkout-customer/Page_Indica Dominant Dried Flower/h3_Shishkaberry' is clicked on

2019-04-30 15:40:06 - [MESSAGE][PASSED] - Object: 'Object Repository/OCS_CRITICAL PATH/Checkout-customer/Page_Indica Dominant Dried Flower/h3_Shishkaberry' is clicked on

2019-04-30 15:40:06 - [TEST_STEP][NOT_RUN] - click(findTestObject("Page_Shishkaberry  Ontario Cannabis/span_3.5g")): NOT_RUN: click(findTestObject("Page_Shishkaberry  Ontario Cannabis/span_3.5g"))

2019-04-30 15:40:06 - [MESSAGE][NOT_RUN] - NOT_RUN: click(findTestObject("Page_Shishkaberry  Ontario Cannabis/span_3.5g"))

2019-04-30 15:40:06 - [TEST_STEP][PASSED] - click(findTestObject("OCS_CRITICAL PATH/Checkout-customer/Page_Shishkaberry  Ontario Cannabis/label_3.5g")): Object: 'Object Repository/OCS_CRITICAL PATH/Checkout-customer/Page_Shishkaberry  Ontario Cannabis/label_3.5g' is clicked on

2019-04-30 15:40:08 - [MESSAGE][PASSED] - Object: 'Object Repository/OCS_CRITICAL PATH/Checkout-customer/Page_Shishkaberry  Ontario Cannabis/label_3.5g' is clicked on

2019-04-30 15:40:08 - [TEST_STEP][PASSED] - click(findTestObject("OCS_CRITICAL PATH/Checkout-customer/Page_Shishkaberry  Ontario Cannabis/button_")): Object: 'Object Repository/OCS_CRITICAL PATH/Checkout-customer/Page_Shishkaberry  Ontario Cannabis/button_' is clicked on

2019-04-30 15:40:08 - [MESSAGE][PASSED] - Object: 'Object Repository/OCS_CRITICAL PATH/Checkout-customer/Page_Shishkaberry  Ontario Cannabis/button_' is clicked on

2019-04-30 15:40:08 - [TEST_STEP][PASSED] - click(findTestObject("OCS_CRITICAL PATH/Checkout-customer/Page_Shishkaberry  Ontario Cannabis/button_")): Object: 'Object Repository/OCS_CRITICAL PATH/Checkout-customer/Page_Shishkaberry  Ontario Cannabis/button_' is clicked on

2019-04-30 15:40:08 - [MESSAGE][PASSED] - Object: 'Object Repository/OCS_CRITICAL PATH/Checkout-customer/Page_Shishkaberry  Ontario Cannabis/button_' is clicked on

2019-04-30 15:40:08 - [TEST_STEP][PASSED] - click(findTestObject("OCS_CRITICAL PATH/Checkout-customer/Page_Shishkaberry  Ontario Cannabis/button_")): Object: 'Object Repository/OCS_CRITICAL PATH/Checkout-customer/Page_Shishkaberry  Ontario Cannabis/button_' is clicked on

2019-04-30 15:40:08 - [MESSAGE][PASSED] - Object: 'Object Repository/OCS_CRITICAL PATH/Checkout-customer/Page_Shishkaberry  Ontario Cannabis/button_' is clicked on

2019-04-30 15:40:08 - [TEST_STEP][PASSED] - click(findTestObject("OCS_CRITICAL PATH/Checkout-customer/Page_Shishkaberry  Ontario Cannabis/button_Add to Bag129.60")): Object: 'Object Repository/OCS_CRITICAL PATH/Checkout-customer/Page_Shishkaberry  Ontario Cannabis/button_Add to Bag129.60' is clicked on

2019-04-30 15:40:08 - [MESSAGE][PASSED] - Object: 'Object Repository/OCS_CRITICAL PATH/Checkout-customer/Page_Shishkaberry  Ontario Cannabis/button_Add to Bag129.60' is clicked on

2019-04-30 15:40:08 - [TEST_STEP][PASSED] - click(findTestObject("OCS_CRITICAL PATH/Checkout-customer/Page_Shishkaberry  Ontario Cannabis/span_concat(I confirm that I")): Object: 'Object Repository/OCS_CRITICAL PATH/Checkout-customer/Page_Shishkaberry  Ontario Cannabis/span_concat(I confirm that I' is clicked on

2019-04-30 15:40:10 - [MESSAGE][PASSED] - Object: 'Object Repository/OCS_CRITICAL PATH/Checkout-customer/Page_Shishkaberry  Ontario Cannabis/span_concat(I confirm that I' is clicked on

2019-04-30 15:40:10 - [TEST_STEP][PASSED] - click(findTestObject("OCS_CRITICAL PATH/Checkout-customer/Page_Shishkaberry  Ontario Cannabis/span_Accept the_checkbox")): Object: 'Object Repository/OCS_CRITICAL PATH/Checkout-customer/Page_Shishkaberry  Ontario Cannabis/span_Accept the_checkbox' is clicked on

2019-04-30 15:40:10 - [MESSAGE][PASSED] - Object: 'Object Repository/OCS_CRITICAL PATH/Checkout-customer/Page_Shishkaberry  Ontario Cannabis/span_Accept the_checkbox' is clicked on

2019-04-30 15:40:10 - [TEST_STEP][PASSED] - delay(3): Delayed 3 second(s)

2019-04-30 15:40:13 - [MESSAGE][PASSED] - Delayed 3 second(s)

2019-04-30 15:40:13 - [TEST_STEP][PASSED] - click(findTestObject("OCS_CRITICAL PATH/Checkout-customer/Page_Shishkaberry  Ontario Cannabis/a_Checkout")): Object: 'Object Repository/OCS_CRITICAL PATH/Checkout-customer/Page_Shishkaberry  Ontario Cannabis/a_Checkout' is clicked on

2019-04-30 15:40:15 - [MESSAGE][PASSED] - Object: 'Object Repository/OCS_CRITICAL PATH/Checkout-customer/Page_Shishkaberry  Ontario Cannabis/a_Checkout' is clicked on

2019-04-30 15:40:15 - [TEST_STEP][PASSED] - setText(findTestObject("OCS_CRITICAL PATH/Checkout-shipping method/Page_Ontario Cannabis Store - Infor/input_Email_checkoutemail"), "sumankompelly@diffagency.com"): Text 'sumankompelly@diffagency.com' is set on object 'Object Repository/OCS_CRITICAL PATH/Checkout-shipping method/Page_Ontario Cannabis Store - Infor/input_Email_checkoutemail'

2019-04-30 15:40:15 - [MESSAGE][PASSED] - Text 'sumankompelly@diffagency.com' is set on object 'Object Repository/OCS_CRITICAL PATH/Checkout-shipping method/Page_Ontario Cannabis Store - Infor/input_Email_checkoutemail'

2019-04-30 15:40:15 - [TEST_STEP][PASSED] - setText(findTestObject("OCS_CRITICAL PATH/Checkout-shipping method/Page_Ontario Cannabis Store - Infor/input_First name_checkoutshipp"), "suman"): Text 'suman' is set on object 'Object Repository/OCS_CRITICAL PATH/Checkout-shipping method/Page_Ontario Cannabis Store - Infor/input_First name_checkoutshipp'

2019-04-30 15:40:15 - [MESSAGE][PASSED] - Text 'suman' is set on object 'Object Repository/OCS_CRITICAL PATH/Checkout-shipping method/Page_Ontario Cannabis Store - Infor/input_First name_checkoutshipp'

2019-04-30 15:40:15 - [TEST_STEP][PASSED] - setText(findTestObject("OCS_CRITICAL PATH/Checkout-shipping method/Page_Ontario Cannabis Store - Infor/input_Last name_checkoutshippi"), "kompelly"): Text 'kompelly' is set on object 'Object Repository/OCS_CRITICAL PATH/Checkout-shipping method/Page_Ontario Cannabis Store - Infor/input_Last name_checkoutshippi'

2019-04-30 15:40:15 - [MESSAGE][PASSED] - Text 'kompelly' is set on object 'Object Repository/OCS_CRITICAL PATH/Checkout-shipping method/Page_Ontario Cannabis Store - Infor/input_Last name_checkoutshippi'

2019-04-30 15:40:15 - [TEST_STEP][PASSED] - setText(findTestObject("OCS_CRITICAL PATH/Checkout-shipping method/Page_Ontario Cannabis Store - Infor/input_Address_checkoutshipping"), "399 st alxendre"): Text '399 st alxendre' is set on object 'Object Repository/OCS_CRITICAL PATH/Checkout-shipping method/Page_Ontario Cannabis Store - Infor/input_Address_checkoutshipping'

2019-04-30 15:40:16 - [MESSAGE][PASSED] - Text '399 st alxendre' is set on object 'Object Repository/OCS_CRITICAL PATH/Checkout-shipping method/Page_Ontario Cannabis Store - Infor/input_Address_checkoutshipping'

2019-04-30 15:40:16 - [TEST_STEP][PASSED] - setText(findTestObject("OCS_CRITICAL PATH/Checkout-shipping method/Page_Ontario Cannabis Store - Infor/input_Apartment suite etc. (op"), "38"): Text '38' is set on object 'Object Repository/OCS_CRITICAL PATH/Checkout-shipping method/Page_Ontario Cannabis Store - Infor/input_Apartment suite etc. (op'

2019-04-30 15:40:16 - [MESSAGE][PASSED] - Text '38' is set on object 'Object Repository/OCS_CRITICAL PATH/Checkout-shipping method/Page_Ontario Cannabis Store - Infor/input_Apartment suite etc. (op'

2019-04-30 15:40:16 - [TEST_STEP][PASSED] - setText(findTestObject("OCS_CRITICAL PATH/Checkout-shipping method/Page_Ontario Cannabis Store - Infor/input_City_checkoutshipping_ad"), "montreal"): Text 'montreal' is set on object 'Object Repository/OCS_CRITICAL PATH/Checkout-shipping method/Page_Ontario Cannabis Store - Infor/input_City_checkoutshipping_ad'

2019-04-30 15:40:16 - [MESSAGE][PASSED] - Text 'montreal' is set on object 'Object Repository/OCS_CRITICAL PATH/Checkout-shipping method/Page_Ontario Cannabis Store - Infor/input_City_checkoutshipping_ad'

2019-04-30 15:40:16 - [TEST_STEP][PASSED] - setText(findTestObject("OCS_CRITICAL PATH/Checkout-shipping method/Page_Ontario Cannabis Store - Infor/input_Postal code_checkoutship"), "n0r1k0"): Text 'n0r1k0' is set on object 'Object Repository/OCS_CRITICAL PATH/Checkout-shipping method/Page_Ontario Cannabis Store - Infor/input_Postal code_checkoutship'

2019-04-30 15:40:16 - [MESSAGE][PASSED] - Text 'n0r1k0' is set on object 'Object Repository/OCS_CRITICAL PATH/Checkout-shipping method/Page_Ontario Cannabis Store - Infor/input_Postal code_checkoutship'

2019-04-30 15:40:16 - [TEST_STEP][PASSED] - setText(findTestObject("OCS_CRITICAL PATH/Checkout-shipping method/Page_Ontario Cannabis Store - Infor/input_Phone_checkoutshipping_a"), "(514) 449-3882"): Text '(514) 449-3882' is set on object 'Object Repository/OCS_CRITICAL PATH/Checkout-shipping method/Page_Ontario Cannabis Store - Infor/input_Phone_checkoutshipping_a'

2019-04-30 15:40:16 - [MESSAGE][PASSED] - Text '(514) 449-3882' is set on object 'Object Repository/OCS_CRITICAL PATH/Checkout-shipping method/Page_Ontario Cannabis Store - Infor/input_Phone_checkoutshipping_a'

2019-04-30 15:40:16 - [TEST_STEP][PASSED] - click(findTestObject("OCS_CRITICAL PATH/Checkout-shipping method/Page_Ontario Cannabis Store - Infor/button_Continue to shipping me")): Object: 'Object Repository/OCS_CRITICAL PATH/Checkout-shipping method/Page_Ontario Cannabis Store - Infor/button_Continue to shipping me' is clicked on

2019-04-30 15:40:17 - [MESSAGE][PASSED] - Object: 'Object Repository/OCS_CRITICAL PATH/Checkout-shipping method/Page_Ontario Cannabis Store - Infor/button_Continue to shipping me' is clicked on

2019-04-30 15:40:17 - [TEST_STEP][NOT_RUN] - a = getWindowTitle(): NOT_RUN: a = getWindowTitle()

2019-04-30 15:40:17 - [MESSAGE][NOT_RUN] - NOT_RUN: a = getWindowTitle()

2019-04-30 15:40:17 - [TEST_STEP][NOT_RUN] - comment(a): NOT_RUN: comment(a)

2019-04-30 15:40:17 - [MESSAGE][NOT_RUN] - NOT_RUN: comment(a)

2019-04-30 15:40:17 - [TEST_STEP][NOT_RUN] - assert getWindowTitle() == a: NOT_RUN: assert getWindowTitle() == a

2019-04-30 15:40:17 - [MESSAGE][NOT_RUN] - NOT_RUN: assert getWindowTitle() == a

2019-04-30 15:40:17 - [TEST_STEP][NOT_RUN] - comment(" navigation is on the right page "): NOT_RUN: comment(" navigation is on the right page ")

2019-04-30 15:40:17 - [MESSAGE][NOT_RUN] - NOT_RUN: comment(" navigation is on the right page ")

2019-04-30 15:40:17 - [TEST_STEP][FAILED] - click(findTestObject("OCS_CRITICAL PATH/Checkout-shipping method/Page_Ontario Cannabis Store - Shipp/a_Information")): click(findTestObject("OCS_CRITICAL PATH/Checkout-shipping method/Page_Ontario Cannabis Store - Shipp/a_Information")) FAILED.
Reason:
com.kms.katalon.core.exception.StepFailedException: Unable to click on object 'Object Repository/OCS_CRITICAL PATH/Checkout-shipping method/Page_Ontario Cannabis Store - Shipp/a_Information' (Root cause: com.kms.katalon.core.webui.exception.WebElementNotFoundException: Web element with id: 'Object Repository/OCS_CRITICAL PATH/Checkout-shipping method/Page_Ontario Cannabis Store - Shipp/a_Information' located by 'By.xpath: //a[contains(text(),'Information')]' not found)
	at com.kms.katalon.core.keyword.internal.KeywordMain.stepFailed(KeywordMain.groovy:36)
	at com.kms.katalon.core.webui.keyword.internal.WebUIKeywordMain.stepFailed(WebUIKeywordMain.groovy:65)
	at com.kms.katalon.core.webui.keyword.internal.WebUIKeywordMain.runKeyword(WebUIKeywordMain.groovy:27)
	at com.kms.katalon.core.webui.keyword.builtin.ClickKeyword.click(ClickKeyword.groovy:86)
	at com.kms.katalon.core.webui.keyword.builtin.ClickKeyword.execute(ClickKeyword.groovy:67)
	at com.kms.katalon.core.keyword.internal.KeywordExecutor.executeKeywordForPlatform(KeywordExecutor.groovy:53)
	at com.kms.katalon.core.webui.keyword.WebUiBuiltInKeywords.click(WebUiBuiltInKeywords.groovy:616)
	at com.kms.katalon.core.webui.keyword.WebUiBuiltInKeywords$click$3.call(Unknown Source)
	at Checkout-shipping method.run(Checkout-shipping method:97)
	at com.kms.katalon.core.main.ScriptEngine.run(ScriptEngine.java:194)
	at com.kms.katalon.core.main.ScriptEngine.runScriptAsRawText(ScriptEngine.java:119)
	at com.kms.katalon.core.main.TestCaseExecutor.runScript(TestCaseExecutor.java:328)
	at com.kms.katalon.core.main.TestCaseExecutor.doExecute(TestCaseExecutor.java:319)
	at com.kms.katalon.core.main.TestCaseExecutor.processExecutionPhase(TestCaseExecutor.java:298)
	at com.kms.katalon.core.main.TestCaseExecutor.accessMainPhase(TestCaseExecutor.java:290)
	at com.kms.katalon.core.main.TestCaseExecutor.execute(TestCaseExecutor.java:224)
	at com.kms.katalon.core.main.TestSuiteExecutor.accessTestCaseMainPhase(TestSuiteExecutor.java:129)
	at com.kms.katalon.core.main.TestSuiteExecutor.accessTestSuiteMainPhase(TestSuiteExecutor.java:112)
	at com.kms.katalon.core.main.TestSuiteExecutor.execute(TestSuiteExecutor.java:81)
	at com.kms.katalon.core.main.TestCaseMain.startTestSuite(TestCaseMain.java:149)
	at com.kms.katalon.core.main.TestCaseMain$startTestSuite$0.call(Unknown Source)
	at TempTestSuite1556652937298.run(TempTestSuite1556652937298.groovy:36)


2019-04-30 15:40:47 - [MESSAGE][INFO] - Unable to find the element located by 'By.xpath: //a[contains(text(),'Information')]'. Please recheck the objects properties to make sure the desired element is located. 

2019-04-30 15:40:48 - [MESSAGE][FAILED] - Unable to click on object 'Object Repository/OCS_CRITICAL PATH/Checkout-shipping method/Page_Ontario Cannabis Store - Shipp/a_Information' (Root cause: com.kms.katalon.core.webui.exception.WebElementNotFoundException: Web element with id: 'Object Repository/OCS_CRITICAL PATH/Checkout-shipping method/Page_Ontario Cannabis Store - Shipp/a_Information' located by 'By.xpath: //a[contains(text(),'Information')]' not found)
[[ATTACHMENT|/Users/sumankompelly/git/Sample-OCS/Reports/CRITICAL PATH/20190430_153537/1556653247943.png]]

2019-04-30 15:40:48 - [MESSAGE][FAILED] - click(findTestObject("OCS_CRITICAL PATH/Checkout-shipping method/Page_Ontario Cannabis Store - Shipp/a_Information")) FAILED.
Reason:
com.kms.katalon.core.exception.StepFailedException: Unable to click on object 'Object Repository/OCS_CRITICAL PATH/Checkout-shipping method/Page_Ontario Cannabis Store - Shipp/a_Information' (Root cause: com.kms.katalon.core.webui.exception.WebElementNotFoundException: Web element with id: 'Object Repository/OCS_CRITICAL PATH/Checkout-shipping method/Page_Ontario Cannabis Store - Shipp/a_Information' located by 'By.xpath: //a[contains(text(),'Information')]' not found)
	at com.kms.katalon.core.keyword.internal.KeywordMain.stepFailed(KeywordMain.groovy:36)
	at com.kms.katalon.core.webui.keyword.internal.WebUIKeywordMain.stepFailed(WebUIKeywordMain.groovy:65)
	at com.kms.katalon.core.webui.keyword.internal.WebUIKeywordMain.runKeyword(WebUIKeywordMain.groovy:27)
	at com.kms.katalon.core.webui.keyword.builtin.ClickKeyword.click(ClickKeyword.groovy:86)
	at com.kms.katalon.core.webui.keyword.builtin.ClickKeyword.execute(ClickKeyword.groovy:67)
	at com.kms.katalon.core.keyword.internal.KeywordExecutor.executeKeywordForPlatform(KeywordExecutor.groovy:53)
	at com.kms.katalon.core.webui.keyword.WebUiBuiltInKeywords.click(WebUiBuiltInKeywords.groovy:616)
	at com.kms.katalon.core.webui.keyword.WebUiBuiltInKeywords$click$3.call(Unknown Source)
	at Checkout-shipping method.run(Checkout-shipping method:97)
	at com.kms.katalon.core.main.ScriptEngine.run(ScriptEngine.java:194)
	at com.kms.katalon.core.main.ScriptEngine.runScriptAsRawText(ScriptEngine.java:119)
	at com.kms.katalon.core.main.TestCaseExecutor.runScript(TestCaseExecutor.java:328)
	at com.kms.katalon.core.main.TestCaseExecutor.doExecute(TestCaseExecutor.java:319)
	at com.kms.katalon.core.main.TestCaseExecutor.processExecutionPhase(TestCaseExecutor.java:298)
	at com.kms.katalon.core.main.TestCaseExecutor.accessMainPhase(TestCaseExecutor.java:290)
	at com.kms.katalon.core.main.TestCaseExecutor.execute(TestCaseExecutor.java:224)
	at com.kms.katalon.core.main.TestSuiteExecutor.accessTestCaseMainPhase(TestSuiteExecutor.java:129)
	at com.kms.katalon.core.main.TestSuiteExecutor.accessTestSuiteMainPhase(TestSuiteExecutor.java:112)
	at com.kms.katalon.core.main.TestSuiteExecutor.execute(TestSuiteExecutor.java:81)
	at com.kms.katalon.core.main.TestCaseMain.startTestSuite(TestCaseMain.java:149)
	at com.kms.katalon.core.main.TestCaseMain$startTestSuite$0.call(Unknown Source)
	at TempTestSuite1556652937298.run(TempTestSuite1556652937298.groovy:36)]]></system-out>
         <system-err><![CDATA[2019-04-30 15:39:57 - [TEST_CASE][FAILED] - Test Cases/OCS- CRITICAL PATH/Checkout-shipping method: Test Cases/OCS- CRITICAL PATH/Checkout-shipping method FAILED.
Reason:
com.kms.katalon.core.exception.StepFailedException: Unable to click on object 'Object Repository/OCS_CRITICAL PATH/Checkout-shipping method/Page_Ontario Cannabis Store - Shipp/a_Information' (Root cause: com.kms.katalon.core.webui.exception.WebElementNotFoundException: Web element with id: 'Object Repository/OCS_CRITICAL PATH/Checkout-shipping method/Page_Ontario Cannabis Store - Shipp/a_Information' located by 'By.xpath: //a[contains(text(),'Information')]' not found)
	at com.kms.katalon.core.keyword.internal.KeywordMain.stepFailed(KeywordMain.groovy:36)
	at com.kms.katalon.core.webui.keyword.internal.WebUIKeywordMain.stepFailed(WebUIKeywordMain.groovy:65)
	at com.kms.katalon.core.webui.keyword.internal.WebUIKeywordMain.runKeyword(WebUIKeywordMain.groovy:27)
	at com.kms.katalon.core.webui.keyword.builtin.ClickKeyword.click(ClickKeyword.groovy:86)
	at com.kms.katalon.core.webui.keyword.builtin.ClickKeyword.execute(ClickKeyword.groovy:67)
	at com.kms.katalon.core.keyword.internal.KeywordExecutor.executeKeywordForPlatform(KeywordExecutor.groovy:53)
	at com.kms.katalon.core.webui.keyword.WebUiBuiltInKeywords.click(WebUiBuiltInKeywords.groovy:616)
	at com.kms.katalon.core.webui.keyword.WebUiBuiltInKeywords$click$3.call(Unknown Source)
	at Checkout-shipping method.run(Checkout-shipping method:97)
	at com.kms.katalon.core.main.ScriptEngine.run(ScriptEngine.java:194)
	at com.kms.katalon.core.main.ScriptEngine.runScriptAsRawText(ScriptEngine.java:119)
	at com.kms.katalon.core.main.TestCaseExecutor.runScript(TestCaseExecutor.java:328)
	at com.kms.katalon.core.main.TestCaseExecutor.doExecute(TestCaseExecutor.java:319)
	at com.kms.katalon.core.main.TestCaseExecutor.processExecutionPhase(TestCaseExecutor.java:298)
	at com.kms.katalon.core.main.TestCaseExecutor.accessMainPhase(TestCaseExecutor.java:290)
	at com.kms.katalon.core.main.TestCaseExecutor.execute(TestCaseExecutor.java:224)
	at com.kms.katalon.core.main.TestSuiteExecutor.accessTestCaseMainPhase(TestSuiteExecutor.java:129)
	at com.kms.katalon.core.main.TestSuiteExecutor.accessTestSuiteMainPhase(TestSuiteExecutor.java:112)
	at com.kms.katalon.core.main.TestSuiteExecutor.execute(TestSuiteExecutor.java:81)
	at com.kms.katalon.core.main.TestCaseMain.startTestSuite(TestCaseMain.java:149)
	at com.kms.katalon.core.main.TestCaseMain$startTestSuite$0.call(Unknown Source)
	at TempTestSuite1556652937298.run(TempTestSuite1556652937298.groovy:36)]]></system-err>
      </testcase>
      <testcase name="Test Cases/OCS- CRITICAL PATH/Cart page- decrease qty" classname="Test Cases/OCS- CRITICAL PATH/Cart page- decrease qty" status="PASSED">
         <system-out><![CDATA[2019-04-30 15:40:48 - [TEST_CASE][PASSED] - Test Cases/OCS- CRITICAL PATH/Cart page- decrease qty: Test Cases/OCS- CRITICAL PATH/Cart page- decrease qty

2019-04-30 15:40:48 - [TEST_STEP][PASSED] - openBrowser(""): Browser is opened with url: ''

2019-04-30 15:40:48 - [MESSAGE][WARNING] - A browser is already opened. Closing browser and opening a new one

2019-04-30 15:40:48 - [MESSAGE][INFO] - Starting 'Chrome' driver

2019-04-30 15:40:49 - [MESSAGE][PASSED] - Browser is opened with url: ''

2019-04-30 15:40:49 - [TEST_STEP][PASSED] - navigateToUrl("https://ocs.ca/#/verify-age"): Navigate to 'https://ocs.ca/#/verify-age' successfully

2019-04-30 15:40:53 - [MESSAGE][PASSED] - Navigate to 'https://ocs.ca/#/verify-age' successfully

2019-04-30 15:40:53 - [TEST_STEP][PASSED] - maximizeWindow(): Current window maximized

2019-04-30 15:40:53 - [MESSAGE][PASSED] - Current window maximized

2019-04-30 15:40:53 - [TEST_STEP][PASSED] - selectOptionByValue(findTestObject("OCS_CRITICAL PATH/Cartflyout-decrease qty _OR/Page_Ontario Cannabis Store  Ontari/select_Select01020304050607080"), "18", true): All options with value '18' are selected in object 'Object Repository/OCS_CRITICAL PATH/Cartflyout-decrease qty _OR/Page_Ontario Cannabis Store  Ontari/select_Select01020304050607080'  using regular expression

2019-04-30 15:40:53 - [MESSAGE][PASSED] - All options with value '18' are selected in object 'Object Repository/OCS_CRITICAL PATH/Cartflyout-decrease qty _OR/Page_Ontario Cannabis Store  Ontari/select_Select01020304050607080'  using regular expression

2019-04-30 15:40:53 - [TEST_STEP][PASSED] - selectOptionByValue(findTestObject("OCS_CRITICAL PATH/Cartflyout-decrease qty _OR/Page_Ontario Cannabis Store  Ontari/select_SelectJanuary - 01Febru"), "9", true): All options with value '9' are selected in object 'Object Repository/OCS_CRITICAL PATH/Cartflyout-decrease qty _OR/Page_Ontario Cannabis Store  Ontari/select_SelectJanuary - 01Febru'  using regular expression

2019-04-30 15:40:53 - [MESSAGE][PASSED] - All options with value '9' are selected in object 'Object Repository/OCS_CRITICAL PATH/Cartflyout-decrease qty _OR/Page_Ontario Cannabis Store  Ontari/select_SelectJanuary - 01Febru'  using regular expression

2019-04-30 15:40:53 - [TEST_STEP][PASSED] - selectOptionByValue(findTestObject("OCS_CRITICAL PATH/Cartflyout-decrease qty _OR/Page_Ontario Cannabis Store  Ontari/select_Select20182017201620152"), "1933", true): All options with value '1933' are selected in object 'Object Repository/OCS_CRITICAL PATH/Cartflyout-decrease qty _OR/Page_Ontario Cannabis Store  Ontari/select_Select20182017201620152'  using regular expression

2019-04-30 15:40:55 - [MESSAGE][PASSED] - All options with value '1933' are selected in object 'Object Repository/OCS_CRITICAL PATH/Cartflyout-decrease qty _OR/Page_Ontario Cannabis Store  Ontari/select_Select20182017201620152'  using regular expression

2019-04-30 15:40:55 - [TEST_STEP][PASSED] - click(findTestObject("OCS_CRITICAL PATH/Cartflyout-decrease qty _OR/Page_Ontario Cannabis Store  Ontari/button_Verify")): Object: 'Object Repository/OCS_CRITICAL PATH/Cartflyout-decrease qty _OR/Page_Ontario Cannabis Store  Ontari/button_Verify' is clicked on

2019-04-30 15:40:55 - [MESSAGE][PASSED] - Object: 'Object Repository/OCS_CRITICAL PATH/Cartflyout-decrease qty _OR/Page_Ontario Cannabis Store  Ontari/button_Verify' is clicked on

2019-04-30 15:40:55 - [TEST_STEP][PASSED] - click(findTestObject("OCS_CRITICAL PATH/Cartflyout-decrease qty _OR/Page_Ontario Cannabis Store  Ontari/span_CONFIRM AND ACKNOWLEDGE_c")): Object: 'Object Repository/OCS_CRITICAL PATH/Cartflyout-decrease qty _OR/Page_Ontario Cannabis Store  Ontari/span_CONFIRM AND ACKNOWLEDGE_c' is clicked on

2019-04-30 15:40:55 - [MESSAGE][PASSED] - Object: 'Object Repository/OCS_CRITICAL PATH/Cartflyout-decrease qty _OR/Page_Ontario Cannabis Store  Ontari/span_CONFIRM AND ACKNOWLEDGE_c' is clicked on

2019-04-30 15:40:55 - [TEST_STEP][PASSED] - click(findTestObject("OCS_CRITICAL PATH/Cartflyout-decrease qty _OR/Page_Ontario Cannabis Store  Ontari/button_CONFIRM")): Object: 'Object Repository/OCS_CRITICAL PATH/Cartflyout-decrease qty _OR/Page_Ontario Cannabis Store  Ontari/button_CONFIRM' is clicked on

2019-04-30 15:40:55 - [MESSAGE][PASSED] - Object: 'Object Repository/OCS_CRITICAL PATH/Cartflyout-decrease qty _OR/Page_Ontario Cannabis Store  Ontari/button_CONFIRM' is clicked on

2019-04-30 15:40:55 - [TEST_STEP][PASSED] - click(findTestObject("OCS_CRITICAL PATH/Cartflyout-decrease qty _OR/Page_Ontario Cannabis Store  Ontari/button_Start Browsing")): Object: 'Object Repository/OCS_CRITICAL PATH/Cartflyout-decrease qty _OR/Page_Ontario Cannabis Store  Ontari/button_Start Browsing' is clicked on

2019-04-30 15:40:55 - [MESSAGE][PASSED] - Object: 'Object Repository/OCS_CRITICAL PATH/Cartflyout-decrease qty _OR/Page_Ontario Cannabis Store  Ontari/button_Start Browsing' is clicked on

2019-04-30 15:40:55 - [TEST_STEP][PASSED] - click(findTestObject("OCS_CRITICAL PATH/Cartflyout-decrease qty _OR/Page_Ontario Cannabis Store  Ontari/h3_Cannabis")): Object: 'Object Repository/OCS_CRITICAL PATH/Cartflyout-decrease qty _OR/Page_Ontario Cannabis Store  Ontari/h3_Cannabis' is clicked on

2019-04-30 15:40:55 - [MESSAGE][PASSED] - Object: 'Object Repository/OCS_CRITICAL PATH/Cartflyout-decrease qty _OR/Page_Ontario Cannabis Store  Ontari/h3_Cannabis' is clicked on

2019-04-30 15:40:55 - [TEST_STEP][PASSED] - click(findTestObject("OCS_CRITICAL PATH/Cartflyout-decrease qty _OR/Page_Ontario Cannabis Store  Ontari/span_Indica Dominant")): Object: 'Object Repository/OCS_CRITICAL PATH/Cartflyout-decrease qty _OR/Page_Ontario Cannabis Store  Ontari/span_Indica Dominant' is clicked on

2019-04-30 15:40:57 - [MESSAGE][PASSED] - Object: 'Object Repository/OCS_CRITICAL PATH/Cartflyout-decrease qty _OR/Page_Ontario Cannabis Store  Ontari/span_Indica Dominant' is clicked on

2019-04-30 15:40:57 - [TEST_STEP][PASSED] - delay(3): Delayed 3 second(s)

2019-04-30 15:41:00 - [MESSAGE][PASSED] - Delayed 3 second(s)

2019-04-30 15:41:00 - [TEST_STEP][PASSED] - click(findTestObject("OCS_CRITICAL PATH/Cartflyout-decrease qty _OR/Page_Indica Dominant Dried Flower/h3_Shishkaberry")): Object: 'Object Repository/OCS_CRITICAL PATH/Cartflyout-decrease qty _OR/Page_Indica Dominant Dried Flower/h3_Shishkaberry' is clicked on

2019-04-30 15:41:03 - [MESSAGE][PASSED] - Object: 'Object Repository/OCS_CRITICAL PATH/Cartflyout-decrease qty _OR/Page_Indica Dominant Dried Flower/h3_Shishkaberry' is clicked on

2019-04-30 15:41:03 - [TEST_STEP][PASSED] - click(findTestObject("OCS_CRITICAL PATH/Cartflyout-decrease qty _OR/Page_Shishkaberry  Ontario Cannabis/div_3.5g")): Object: 'Object Repository/OCS_CRITICAL PATH/Cartflyout-decrease qty _OR/Page_Shishkaberry  Ontario Cannabis/div_3.5g' is clicked on

2019-04-30 15:41:03 - [MESSAGE][PASSED] - Object: 'Object Repository/OCS_CRITICAL PATH/Cartflyout-decrease qty _OR/Page_Shishkaberry  Ontario Cannabis/div_3.5g' is clicked on

2019-04-30 15:41:03 - [TEST_STEP][PASSED] - click(findTestObject("OCS_CRITICAL PATH/cartpage- decrease qty _OR/Page_Shishkaberry  Ontario Cannabis/button_")): Object: 'Object Repository/OCS_CRITICAL PATH/cartpage- decrease qty _OR/Page_Shishkaberry  Ontario Cannabis/button_' is clicked on

2019-04-30 15:41:04 - [MESSAGE][PASSED] - Object: 'Object Repository/OCS_CRITICAL PATH/cartpage- decrease qty _OR/Page_Shishkaberry  Ontario Cannabis/button_' is clicked on

2019-04-30 15:41:04 - [TEST_STEP][PASSED] - click(findTestObject("OCS_CRITICAL PATH/cartpage- decrease qty _OR/Page_Shishkaberry  Ontario Cannabis/button_")): Object: 'Object Repository/OCS_CRITICAL PATH/cartpage- decrease qty _OR/Page_Shishkaberry  Ontario Cannabis/button_' is clicked on

2019-04-30 15:41:04 - [MESSAGE][PASSED] - Object: 'Object Repository/OCS_CRITICAL PATH/cartpage- decrease qty _OR/Page_Shishkaberry  Ontario Cannabis/button_' is clicked on

2019-04-30 15:41:04 - [TEST_STEP][PASSED] - click(findTestObject("OCS_CRITICAL PATH/cartpage- decrease qty _OR/Page_Shishkaberry  Ontario Cannabis/button_")): Object: 'Object Repository/OCS_CRITICAL PATH/cartpage- decrease qty _OR/Page_Shishkaberry  Ontario Cannabis/button_' is clicked on

2019-04-30 15:41:04 - [MESSAGE][PASSED] - Object: 'Object Repository/OCS_CRITICAL PATH/cartpage- decrease qty _OR/Page_Shishkaberry  Ontario Cannabis/button_' is clicked on

2019-04-30 15:41:04 - [TEST_STEP][PASSED] - click(findTestObject("OCS_CRITICAL PATH/cartpage- decrease qty _OR/Page_Shishkaberry  Ontario Cannabis/button_")): Object: 'Object Repository/OCS_CRITICAL PATH/cartpage- decrease qty _OR/Page_Shishkaberry  Ontario Cannabis/button_' is clicked on

2019-04-30 15:41:04 - [MESSAGE][PASSED] - Object: 'Object Repository/OCS_CRITICAL PATH/cartpage- decrease qty _OR/Page_Shishkaberry  Ontario Cannabis/button_' is clicked on

2019-04-30 15:41:04 - [TEST_STEP][PASSED] - click(findTestObject("OCS_CRITICAL PATH/cartpage- decrease qty _OR/Page_Shishkaberry  Ontario Cannabis/button_")): Object: 'Object Repository/OCS_CRITICAL PATH/cartpage- decrease qty _OR/Page_Shishkaberry  Ontario Cannabis/button_' is clicked on

2019-04-30 15:41:04 - [MESSAGE][PASSED] - Object: 'Object Repository/OCS_CRITICAL PATH/cartpage- decrease qty _OR/Page_Shishkaberry  Ontario Cannabis/button_' is clicked on

2019-04-30 15:41:04 - [TEST_STEP][PASSED] - click(findTestObject("OCS_CRITICAL PATH/cartpage- decrease qty _OR/Page_Shishkaberry  Ontario Cannabis/button_Add to Bag194.40")): Object: 'Object Repository/OCS_CRITICAL PATH/cartpage- decrease qty _OR/Page_Shishkaberry  Ontario Cannabis/button_Add to Bag194.40' is clicked on

2019-04-30 15:41:04 - [MESSAGE][PASSED] - Object: 'Object Repository/OCS_CRITICAL PATH/cartpage- decrease qty _OR/Page_Shishkaberry  Ontario Cannabis/button_Add to Bag194.40' is clicked on

2019-04-30 15:41:04 - [TEST_STEP][PASSED] - click(findTestObject("OCS_CRITICAL PATH/cartpage- decrease qty _OR/Page_Shishkaberry  Ontario Cannabis/span_concat(I confirm that I")): Object: 'Object Repository/OCS_CRITICAL PATH/cartpage- decrease qty _OR/Page_Shishkaberry  Ontario Cannabis/span_concat(I confirm that I' is clicked on

2019-04-30 15:41:05 - [MESSAGE][PASSED] - Object: 'Object Repository/OCS_CRITICAL PATH/cartpage- decrease qty _OR/Page_Shishkaberry  Ontario Cannabis/span_concat(I confirm that I' is clicked on

2019-04-30 15:41:05 - [TEST_STEP][PASSED] - click(findTestObject("OCS_CRITICAL PATH/cartpage- decrease qty _OR/Page_Shishkaberry  Ontario Cannabis/span_Accept the_checkbox")): Object: 'Object Repository/OCS_CRITICAL PATH/cartpage- decrease qty _OR/Page_Shishkaberry  Ontario Cannabis/span_Accept the_checkbox' is clicked on

2019-04-30 15:41:05 - [MESSAGE][PASSED] - Object: 'Object Repository/OCS_CRITICAL PATH/cartpage- decrease qty _OR/Page_Shishkaberry  Ontario Cannabis/span_Accept the_checkbox' is clicked on

2019-04-30 15:41:05 - [TEST_STEP][PASSED] - delay(3): Delayed 3 second(s)

2019-04-30 15:41:08 - [MESSAGE][PASSED] - Delayed 3 second(s)

2019-04-30 15:41:08 - [TEST_STEP][PASSED] - click(findTestObject("OCS_CRITICAL PATH/cartpage- decrease qty _OR/Page_Shishkaberry  Ontario Cannabis/a_Checkout")): Object: 'Object Repository/OCS_CRITICAL PATH/cartpage- decrease qty _OR/Page_Shishkaberry  Ontario Cannabis/a_Checkout' is clicked on

2019-04-30 15:41:11 - [MESSAGE][PASSED] - Object: 'Object Repository/OCS_CRITICAL PATH/cartpage- decrease qty _OR/Page_Shishkaberry  Ontario Cannabis/a_Checkout' is clicked on

2019-04-30 15:41:11 - [TEST_STEP][PASSED] - click(findTestObject("OCS_CRITICAL PATH/cartpage- decrease qty _OR/Page_Ontario Cannabis Store - Infor/a_Cart")): Object: 'Object Repository/OCS_CRITICAL PATH/cartpage- decrease qty _OR/Page_Ontario Cannabis Store - Infor/a_Cart' is clicked on

2019-04-30 15:41:12 - [MESSAGE][PASSED] - Object: 'Object Repository/OCS_CRITICAL PATH/cartpage- decrease qty _OR/Page_Ontario Cannabis Store - Infor/a_Cart' is clicked on

2019-04-30 15:41:12 - [TEST_STEP][PASSED] - a = getText(findTestObject("OCS_CRITICAL PATH/cartpage- decrease qty _OR/Page_Your Shopping Cart  Ontario Ca/p_194.40")): Text of object 'Object Repository/OCS_CRITICAL PATH/cartpage- decrease qty _OR/Page_Your Shopping Cart  Ontario Ca/p_194.40' is: '$194.40'

2019-04-30 15:41:12 - [MESSAGE][PASSED] - Text of object 'Object Repository/OCS_CRITICAL PATH/cartpage- decrease qty _OR/Page_Your Shopping Cart  Ontario Ca/p_194.40' is: '$194.40'

2019-04-30 15:41:12 - [TEST_STEP][PASSED] - comment(a): $194.40

2019-04-30 15:41:12 - [MESSAGE][INFO] - $194.40

2019-04-30 15:41:12 - [TEST_STEP][PASSED] - click(findTestObject("OCS_CRITICAL PATH/cartpage- decrease qty _OR/Page_Your Shopping Cart  Ontario Ca/button_-")): Object: 'Object Repository/OCS_CRITICAL PATH/cartpage- decrease qty _OR/Page_Your Shopping Cart  Ontario Ca/button_-' is clicked on

2019-04-30 15:41:13 - [MESSAGE][PASSED] - Object: 'Object Repository/OCS_CRITICAL PATH/cartpage- decrease qty _OR/Page_Your Shopping Cart  Ontario Ca/button_-' is clicked on

2019-04-30 15:41:13 - [TEST_STEP][PASSED] - setText(findTestObject("OCS_CRITICAL PATH/cartpage- decrease qty _OR/Page_Your Shopping Cart  Ontario Ca/input_-_updates"), "7"): Text '7' is set on object 'Object Repository/OCS_CRITICAL PATH/cartpage- decrease qty _OR/Page_Your Shopping Cart  Ontario Ca/input_-_updates'

2019-04-30 15:41:13 - [MESSAGE][PASSED] - Text '7' is set on object 'Object Repository/OCS_CRITICAL PATH/cartpage- decrease qty _OR/Page_Your Shopping Cart  Ontario Ca/input_-_updates'

2019-04-30 15:41:13 - [TEST_STEP][NOT_RUN] - click(findTestObject("OCS_CRITICAL PATH/cartpage- decrease qty _OR/Page_Your Shopping Cart  Ontario Ca/div_3.5g")): NOT_RUN: click(findTestObject("OCS_CRITICAL PATH/cartpage- decrease qty _OR/Page_Your Shopping Cart  Ontario Ca/div_3.5g"))

2019-04-30 15:41:13 - [MESSAGE][NOT_RUN] - NOT_RUN: click(findTestObject("OCS_CRITICAL PATH/cartpage- decrease qty _OR/Page_Your Shopping Cart  Ontario Ca/div_3.5g"))

2019-04-30 15:41:13 - [TEST_STEP][PASSED] - setText(findTestObject("OCS_CRITICAL PATH/cartpage- decrease qty _OR/Page_Your Shopping Cart  Ontario Ca/input_-_updates"), "6"): Text '6' is set on object 'Object Repository/OCS_CRITICAL PATH/cartpage- decrease qty _OR/Page_Your Shopping Cart  Ontario Ca/input_-_updates'

2019-04-30 15:41:13 - [MESSAGE][PASSED] - Text '6' is set on object 'Object Repository/OCS_CRITICAL PATH/cartpage- decrease qty _OR/Page_Your Shopping Cart  Ontario Ca/input_-_updates'

2019-04-30 15:41:13 - [TEST_STEP][NOT_RUN] - click(findTestObject("OCS_CRITICAL PATH/cartpage- decrease qty _OR/Page_Your Shopping Cart  Ontario Ca/div_3.5g                      _1")): NOT_RUN: click(findTestObject("OCS_CRITICAL PATH/cartpage- decrease qty _OR/Page_Your Shopping Cart  Ontario Ca/div_3.5g                      _1"))

2019-04-30 15:41:13 - [MESSAGE][NOT_RUN] - NOT_RUN: click(findTestObject("OCS_CRITICAL PATH/cartpage- decrease qty _OR/Page_Your Shopping Cart  Ontario Ca/div_3.5g                      _1"))

2019-04-30 15:41:13 - [TEST_STEP][PASSED] - delay(3): Delayed 3 second(s)

2019-04-30 15:41:16 - [MESSAGE][PASSED] - Delayed 3 second(s)

2019-04-30 15:41:16 - [TEST_STEP][PASSED] - click(findTestObject("OCS_CRITICAL PATH/cartpage- decrease qty _OR/Page_Your Shopping Cart  Ontario Ca/button_-")): Object: 'Object Repository/OCS_CRITICAL PATH/cartpage- decrease qty _OR/Page_Your Shopping Cart  Ontario Ca/button_-' is clicked on

2019-04-30 15:41:16 - [MESSAGE][PASSED] - Object: 'Object Repository/OCS_CRITICAL PATH/cartpage- decrease qty _OR/Page_Your Shopping Cart  Ontario Ca/button_-' is clicked on

2019-04-30 15:41:16 - [TEST_STEP][PASSED] - click(findTestObject("OCS_CRITICAL PATH/cartpage- decrease qty _OR/Page_Your Shopping Cart  Ontario Ca/button_-")): Object: 'Object Repository/OCS_CRITICAL PATH/cartpage- decrease qty _OR/Page_Your Shopping Cart  Ontario Ca/button_-' is clicked on

2019-04-30 15:41:16 - [MESSAGE][PASSED] - Object: 'Object Repository/OCS_CRITICAL PATH/cartpage- decrease qty _OR/Page_Your Shopping Cart  Ontario Ca/button_-' is clicked on

2019-04-30 15:41:16 - [TEST_STEP][PASSED] - click(findTestObject("OCS_CRITICAL PATH/cartpage- decrease qty _OR/Page_Your Shopping Cart  Ontario Ca/button_-")): Object: 'Object Repository/OCS_CRITICAL PATH/cartpage- decrease qty _OR/Page_Your Shopping Cart  Ontario Ca/button_-' is clicked on

2019-04-30 15:41:16 - [MESSAGE][PASSED] - Object: 'Object Repository/OCS_CRITICAL PATH/cartpage- decrease qty _OR/Page_Your Shopping Cart  Ontario Ca/button_-' is clicked on

2019-04-30 15:41:16 - [TEST_STEP][PASSED] - delay(5): Delayed 5 second(s)

2019-04-30 15:41:21 - [MESSAGE][PASSED] - Delayed 5 second(s)

2019-04-30 15:41:21 - [TEST_STEP][PASSED] - b = getText(findTestObject("OCS_CRITICAL PATH/cartpage- decrease qty _OR/Page_Your Shopping Cart  Ontario Ca/p_194.40")): Text of object 'Object Repository/OCS_CRITICAL PATH/cartpage- decrease qty _OR/Page_Your Shopping Cart  Ontario Ca/p_194.40' is: '$97.20'

2019-04-30 15:41:21 - [MESSAGE][PASSED] - Text of object 'Object Repository/OCS_CRITICAL PATH/cartpage- decrease qty _OR/Page_Your Shopping Cart  Ontario Ca/p_194.40' is: '$97.20'

2019-04-30 15:41:21 - [TEST_STEP][NOT_RUN] - click(findTestObject("OCS_CRITICAL PATH/cartpage- decrease qty _OR/Page_Your Shopping Cart  Ontario Ca/span_My Bag 3")): NOT_RUN: click(findTestObject("OCS_CRITICAL PATH/cartpage- decrease qty _OR/Page_Your Shopping Cart  Ontario Ca/span_My Bag 3"))

2019-04-30 15:41:21 - [MESSAGE][NOT_RUN] - NOT_RUN: click(findTestObject("OCS_CRITICAL PATH/cartpage- decrease qty _OR/Page_Your Shopping Cart  Ontario Ca/span_My Bag 3"))

2019-04-30 15:41:21 - [TEST_STEP][PASSED] - comment(b): $97.20

2019-04-30 15:41:21 - [MESSAGE][INFO] - $97.20

2019-04-30 15:41:21 - [TEST_STEP][NOT_RUN] - d = c.substring(1): NOT_RUN: d = c.substring(1)

2019-04-30 15:41:21 - [MESSAGE][NOT_RUN] - NOT_RUN: d = c.substring(1)

2019-04-30 15:41:21 - [TEST_STEP][NOT_RUN] - comment(d): NOT_RUN: comment(d)

2019-04-30 15:41:21 - [MESSAGE][NOT_RUN] - NOT_RUN: comment(d)

2019-04-30 15:41:21 - [TEST_STEP][PASSED] - verifyNotEqual("a", "b"): Actual object 'a' and expected object 'b' are not equal

2019-04-30 15:41:21 - [MESSAGE][PASSED] - Actual object 'a' and expected object 'b' are not equal

2019-04-30 15:41:21 - [TEST_STEP][PASSED] - comment(" price changed . Quantity selector is working"):  price changed . Quantity selector is working

2019-04-30 15:41:21 - [MESSAGE][INFO] -  price changed . Quantity selector is working]]></system-out>
         <system-err><![CDATA[]]></system-err>
      </testcase>
      <testcase name="Test Cases/OCS- CRITICAL PATH/Miscellaneous" classname="Test Cases/OCS- CRITICAL PATH/Miscellaneous" status="FAILED">
         <failure type="FAILED" message="Test Cases/OCS- CRITICAL PATH/Miscellaneous FAILED.
Reason:
com.kms.katalon.core.exception.StepFailedException: Unable to click on object 'Object Repository/miscellaneous_OR/Page_Ontario Cannabis Store  Ontari/img' (Root cause: com.kms.katalon.core.webui.exception.WebElementNotFoundException: Web element with id: 'Object Repository/miscellaneous_OR/Page_Ontario Cannabis Store  Ontari/img' located by 'By.xpath: //article[@id='product_2109211510604']/div/a/img' not found)
	at com.kms.katalon.core.keyword.internal.KeywordMain.stepFailed(KeywordMain.groovy:36)
	at com.kms.katalon.core.webui.keyword.internal.WebUIKeywordMain.stepFailed(WebUIKeywordMain.groovy:65)
	at com.kms.katalon.core.webui.keyword.internal.WebUIKeywordMain.runKeyword(WebUIKeywordMain.groovy:27)
	at com.kms.katalon.core.webui.keyword.builtin.ClickKeyword.click(ClickKeyword.groovy:86)
	at com.kms.katalon.core.webui.keyword.builtin.ClickKeyword.execute(ClickKeyword.groovy:67)
	at com.kms.katalon.core.keyword.internal.KeywordExecutor.executeKeywordForPlatform(KeywordExecutor.groovy:53)
	at com.kms.katalon.core.webui.keyword.WebUiBuiltInKeywords.click(WebUiBuiltInKeywords.groovy:616)
	at com.kms.katalon.core.webui.keyword.WebUiBuiltInKeywords$click$3.call(Unknown Source)
	at Miscellaneous.run(Miscellaneous:43)
	at com.kms.katalon.core.main.ScriptEngine.run(ScriptEngine.java:194)
	at com.kms.katalon.core.main.ScriptEngine.runScriptAsRawText(ScriptEngine.java:119)
	at com.kms.katalon.core.main.TestCaseExecutor.runScript(TestCaseExecutor.java:328)
	at com.kms.katalon.core.main.TestCaseExecutor.doExecute(TestCaseExecutor.java:319)
	at com.kms.katalon.core.main.TestCaseExecutor.processExecutionPhase(TestCaseExecutor.java:298)
	at com.kms.katalon.core.main.TestCaseExecutor.accessMainPhase(TestCaseExecutor.java:290)
	at com.kms.katalon.core.main.TestCaseExecutor.execute(TestCaseExecutor.java:224)
	at com.kms.katalon.core.main.TestSuiteExecutor.accessTestCaseMainPhase(TestSuiteExecutor.java:129)
	at com.kms.katalon.core.main.TestSuiteExecutor.accessTestSuiteMainPhase(TestSuiteExecutor.java:112)
	at com.kms.katalon.core.main.TestSuiteExecutor.execute(TestSuiteExecutor.java:81)
	at com.kms.katalon.core.main.TestCaseMain.startTestSuite(TestCaseMain.java:149)
	at com.kms.katalon.core.main.TestCaseMain$startTestSuite$0.call(Unknown Source)
	at TempTestSuite1556652937298.run(TempTestSuite1556652937298.groovy:36)
"/>
         <system-out><![CDATA[2019-04-30 15:41:21 - [TEST_CASE][FAILED] - Test Cases/OCS- CRITICAL PATH/Miscellaneous: Test Cases/OCS- CRITICAL PATH/Miscellaneous FAILED.
Reason:
com.kms.katalon.core.exception.StepFailedException: Unable to click on object 'Object Repository/miscellaneous_OR/Page_Ontario Cannabis Store  Ontari/img' (Root cause: com.kms.katalon.core.webui.exception.WebElementNotFoundException: Web element with id: 'Object Repository/miscellaneous_OR/Page_Ontario Cannabis Store  Ontari/img' located by 'By.xpath: //article[@id='product_2109211510604']/div/a/img' not found)
	at com.kms.katalon.core.keyword.internal.KeywordMain.stepFailed(KeywordMain.groovy:36)
	at com.kms.katalon.core.webui.keyword.internal.WebUIKeywordMain.stepFailed(WebUIKeywordMain.groovy:65)
	at com.kms.katalon.core.webui.keyword.internal.WebUIKeywordMain.runKeyword(WebUIKeywordMain.groovy:27)
	at com.kms.katalon.core.webui.keyword.builtin.ClickKeyword.click(ClickKeyword.groovy:86)
	at com.kms.katalon.core.webui.keyword.builtin.ClickKeyword.execute(ClickKeyword.groovy:67)
	at com.kms.katalon.core.keyword.internal.KeywordExecutor.executeKeywordForPlatform(KeywordExecutor.groovy:53)
	at com.kms.katalon.core.webui.keyword.WebUiBuiltInKeywords.click(WebUiBuiltInKeywords.groovy:616)
	at com.kms.katalon.core.webui.keyword.WebUiBuiltInKeywords$click$3.call(Unknown Source)
	at Miscellaneous.run(Miscellaneous:43)
	at com.kms.katalon.core.main.ScriptEngine.run(ScriptEngine.java:194)
	at com.kms.katalon.core.main.ScriptEngine.runScriptAsRawText(ScriptEngine.java:119)
	at com.kms.katalon.core.main.TestCaseExecutor.runScript(TestCaseExecutor.java:328)
	at com.kms.katalon.core.main.TestCaseExecutor.doExecute(TestCaseExecutor.java:319)
	at com.kms.katalon.core.main.TestCaseExecutor.processExecutionPhase(TestCaseExecutor.java:298)
	at com.kms.katalon.core.main.TestCaseExecutor.accessMainPhase(TestCaseExecutor.java:290)
	at com.kms.katalon.core.main.TestCaseExecutor.execute(TestCaseExecutor.java:224)
	at com.kms.katalon.core.main.TestSuiteExecutor.accessTestCaseMainPhase(TestSuiteExecutor.java:129)
	at com.kms.katalon.core.main.TestSuiteExecutor.accessTestSuiteMainPhase(TestSuiteExecutor.java:112)
	at com.kms.katalon.core.main.TestSuiteExecutor.execute(TestSuiteExecutor.java:81)
	at com.kms.katalon.core.main.TestCaseMain.startTestSuite(TestCaseMain.java:149)
	at com.kms.katalon.core.main.TestCaseMain$startTestSuite$0.call(Unknown Source)
	at TempTestSuite1556652937298.run(TempTestSuite1556652937298.groovy:36)


2019-04-30 15:41:21 - [TEST_STEP][PASSED] - openBrowser(""): Browser is opened with url: ''

2019-04-30 15:41:21 - [MESSAGE][WARNING] - A browser is already opened. Closing browser and opening a new one

2019-04-30 15:41:21 - [MESSAGE][INFO] - Starting 'Chrome' driver

2019-04-30 15:41:22 - [MESSAGE][PASSED] - Browser is opened with url: ''

2019-04-30 15:41:22 - [TEST_STEP][PASSED] - navigateToUrl("https://ocs.ca/#/verify-age"): Navigate to 'https://ocs.ca/#/verify-age' successfully

2019-04-30 15:41:26 - [MESSAGE][PASSED] - Navigate to 'https://ocs.ca/#/verify-age' successfully

2019-04-30 15:41:26 - [TEST_STEP][PASSED] - selectOptionByValue(findTestObject("Object Repository/miscellaneous_OR/Page_Ontario Cannabis Store  Ontari/select_Select01020304050607080"), "17", true): All options with value '17' are selected in object 'Object Repository/miscellaneous_OR/Page_Ontario Cannabis Store  Ontari/select_Select01020304050607080'  using regular expression

2019-04-30 15:41:26 - [MESSAGE][PASSED] - All options with value '17' are selected in object 'Object Repository/miscellaneous_OR/Page_Ontario Cannabis Store  Ontari/select_Select01020304050607080'  using regular expression

2019-04-30 15:41:26 - [TEST_STEP][PASSED] - selectOptionByValue(findTestObject("Object Repository/miscellaneous_OR/Page_Ontario Cannabis Store  Ontari/select_SelectJanuary - 01Febru"), "9", true): All options with value '9' are selected in object 'Object Repository/miscellaneous_OR/Page_Ontario Cannabis Store  Ontari/select_SelectJanuary - 01Febru'  using regular expression

2019-04-30 15:41:27 - [MESSAGE][PASSED] - All options with value '9' are selected in object 'Object Repository/miscellaneous_OR/Page_Ontario Cannabis Store  Ontari/select_SelectJanuary - 01Febru'  using regular expression

2019-04-30 15:41:27 - [TEST_STEP][PASSED] - selectOptionByValue(findTestObject("Object Repository/miscellaneous_OR/Page_Ontario Cannabis Store  Ontari/select_Select20182017201620152"), "1949", true): All options with value '1949' are selected in object 'Object Repository/miscellaneous_OR/Page_Ontario Cannabis Store  Ontari/select_Select20182017201620152'  using regular expression

2019-04-30 15:41:28 - [MESSAGE][PASSED] - All options with value '1949' are selected in object 'Object Repository/miscellaneous_OR/Page_Ontario Cannabis Store  Ontari/select_Select20182017201620152'  using regular expression

2019-04-30 15:41:28 - [TEST_STEP][PASSED] - click(findTestObject("Object Repository/miscellaneous_OR/Page_Ontario Cannabis Store  Ontari/button_Verify")): Object: 'Object Repository/miscellaneous_OR/Page_Ontario Cannabis Store  Ontari/button_Verify' is clicked on

2019-04-30 15:41:28 - [MESSAGE][PASSED] - Object: 'Object Repository/miscellaneous_OR/Page_Ontario Cannabis Store  Ontari/button_Verify' is clicked on

2019-04-30 15:41:28 - [TEST_STEP][PASSED] - click(findTestObject("Object Repository/miscellaneous_OR/Page_Ontario Cannabis Store  Ontari/span_CONFIRM AND ACKNOWLEDGE_c")): Object: 'Object Repository/miscellaneous_OR/Page_Ontario Cannabis Store  Ontari/span_CONFIRM AND ACKNOWLEDGE_c' is clicked on

2019-04-30 15:41:28 - [MESSAGE][PASSED] - Object: 'Object Repository/miscellaneous_OR/Page_Ontario Cannabis Store  Ontari/span_CONFIRM AND ACKNOWLEDGE_c' is clicked on

2019-04-30 15:41:28 - [TEST_STEP][PASSED] - click(findTestObject("Object Repository/miscellaneous_OR/Page_Ontario Cannabis Store  Ontari/button_CONFIRM")): Object: 'Object Repository/miscellaneous_OR/Page_Ontario Cannabis Store  Ontari/button_CONFIRM' is clicked on

2019-04-30 15:41:28 - [MESSAGE][PASSED] - Object: 'Object Repository/miscellaneous_OR/Page_Ontario Cannabis Store  Ontari/button_CONFIRM' is clicked on

2019-04-30 15:41:28 - [TEST_STEP][PASSED] - click(findTestObject("Object Repository/miscellaneous_OR/Page_Ontario Cannabis Store  Ontari/button_Start Browsing")): Object: 'Object Repository/miscellaneous_OR/Page_Ontario Cannabis Store  Ontari/button_Start Browsing' is clicked on

2019-04-30 15:41:28 - [MESSAGE][PASSED] - Object: 'Object Repository/miscellaneous_OR/Page_Ontario Cannabis Store  Ontari/button_Start Browsing' is clicked on

2019-04-30 15:41:28 - [TEST_STEP][NOT_RUN] - click(findTestObject("Object Repository/miscellaneous_OR/Page_Ontario Cannabis Store  Ontari/span_Indica Dominant")): NOT_RUN: click(findTestObject("Object Repository/miscellaneous_OR/Page_Ontario Cannabis Store  Ontari/span_Indica Dominant"))

2019-04-30 15:41:28 - [MESSAGE][NOT_RUN] - NOT_RUN: click(findTestObject("Object Repository/miscellaneous_OR/Page_Ontario Cannabis Store  Ontari/span_Indica Dominant"))

2019-04-30 15:41:28 - [TEST_STEP][PASSED] - click(findTestObject("Object Repository/miscellaneous_OR/Page_Ontario Cannabis Store  Ontari/i_Hoss Glass_icon--forward sli")): Object: 'Object Repository/miscellaneous_OR/Page_Ontario Cannabis Store  Ontari/i_Hoss Glass_icon--forward sli' is clicked on

2019-04-30 15:41:28 - [MESSAGE][PASSED] - Object: 'Object Repository/miscellaneous_OR/Page_Ontario Cannabis Store  Ontari/i_Hoss Glass_icon--forward sli' is clicked on

2019-04-30 15:41:28 - [TEST_STEP][PASSED] - delay(3): Delayed 3 second(s)

2019-04-30 15:41:31 - [MESSAGE][PASSED] - Delayed 3 second(s)

2019-04-30 15:41:31 - [TEST_STEP][FAILED] - click(findTestObject("Object Repository/miscellaneous_OR/Page_Ontario Cannabis Store  Ontari/img")): click(findTestObject("Object Repository/miscellaneous_OR/Page_Ontario Cannabis Store  Ontari/img")) FAILED.
Reason:
com.kms.katalon.core.exception.StepFailedException: Unable to click on object 'Object Repository/miscellaneous_OR/Page_Ontario Cannabis Store  Ontari/img' (Root cause: com.kms.katalon.core.webui.exception.WebElementNotFoundException: Web element with id: 'Object Repository/miscellaneous_OR/Page_Ontario Cannabis Store  Ontari/img' located by 'By.xpath: //article[@id='product_2109211510604']/div/a/img' not found)
	at com.kms.katalon.core.keyword.internal.KeywordMain.stepFailed(KeywordMain.groovy:36)
	at com.kms.katalon.core.webui.keyword.internal.WebUIKeywordMain.stepFailed(WebUIKeywordMain.groovy:65)
	at com.kms.katalon.core.webui.keyword.internal.WebUIKeywordMain.runKeyword(WebUIKeywordMain.groovy:27)
	at com.kms.katalon.core.webui.keyword.builtin.ClickKeyword.click(ClickKeyword.groovy:86)
	at com.kms.katalon.core.webui.keyword.builtin.ClickKeyword.execute(ClickKeyword.groovy:67)
	at com.kms.katalon.core.keyword.internal.KeywordExecutor.executeKeywordForPlatform(KeywordExecutor.groovy:53)
	at com.kms.katalon.core.webui.keyword.WebUiBuiltInKeywords.click(WebUiBuiltInKeywords.groovy:616)
	at com.kms.katalon.core.webui.keyword.WebUiBuiltInKeywords$click$3.call(Unknown Source)
	at Miscellaneous.run(Miscellaneous:43)
	at com.kms.katalon.core.main.ScriptEngine.run(ScriptEngine.java:194)
	at com.kms.katalon.core.main.ScriptEngine.runScriptAsRawText(ScriptEngine.java:119)
	at com.kms.katalon.core.main.TestCaseExecutor.runScript(TestCaseExecutor.java:328)
	at com.kms.katalon.core.main.TestCaseExecutor.doExecute(TestCaseExecutor.java:319)
	at com.kms.katalon.core.main.TestCaseExecutor.processExecutionPhase(TestCaseExecutor.java:298)
	at com.kms.katalon.core.main.TestCaseExecutor.accessMainPhase(TestCaseExecutor.java:290)
	at com.kms.katalon.core.main.TestCaseExecutor.execute(TestCaseExecutor.java:224)
	at com.kms.katalon.core.main.TestSuiteExecutor.accessTestCaseMainPhase(TestSuiteExecutor.java:129)
	at com.kms.katalon.core.main.TestSuiteExecutor.accessTestSuiteMainPhase(TestSuiteExecutor.java:112)
	at com.kms.katalon.core.main.TestSuiteExecutor.execute(TestSuiteExecutor.java:81)
	at com.kms.katalon.core.main.TestCaseMain.startTestSuite(TestCaseMain.java:149)
	at com.kms.katalon.core.main.TestCaseMain$startTestSuite$0.call(Unknown Source)
	at TempTestSuite1556652937298.run(TempTestSuite1556652937298.groovy:36)


2019-04-30 15:42:02 - [MESSAGE][INFO] - Unable to find the element located by 'By.xpath: //article[@id='product_2109211510604']/div/a/img'. Please recheck the objects properties to make sure the desired element is located. 

2019-04-30 15:42:03 - [MESSAGE][FAILED] - Unable to click on object 'Object Repository/miscellaneous_OR/Page_Ontario Cannabis Store  Ontari/img' (Root cause: com.kms.katalon.core.webui.exception.WebElementNotFoundException: Web element with id: 'Object Repository/miscellaneous_OR/Page_Ontario Cannabis Store  Ontari/img' located by 'By.xpath: //article[@id='product_2109211510604']/div/a/img' not found)
[[ATTACHMENT|/Users/sumankompelly/git/Sample-OCS/Reports/CRITICAL PATH/20190430_153537/1556653322604.png]]

2019-04-30 15:42:03 - [MESSAGE][FAILED] - click(findTestObject("Object Repository/miscellaneous_OR/Page_Ontario Cannabis Store  Ontari/img")) FAILED.
Reason:
com.kms.katalon.core.exception.StepFailedException: Unable to click on object 'Object Repository/miscellaneous_OR/Page_Ontario Cannabis Store  Ontari/img' (Root cause: com.kms.katalon.core.webui.exception.WebElementNotFoundException: Web element with id: 'Object Repository/miscellaneous_OR/Page_Ontario Cannabis Store  Ontari/img' located by 'By.xpath: //article[@id='product_2109211510604']/div/a/img' not found)
	at com.kms.katalon.core.keyword.internal.KeywordMain.stepFailed(KeywordMain.groovy:36)
	at com.kms.katalon.core.webui.keyword.internal.WebUIKeywordMain.stepFailed(WebUIKeywordMain.groovy:65)
	at com.kms.katalon.core.webui.keyword.internal.WebUIKeywordMain.runKeyword(WebUIKeywordMain.groovy:27)
	at com.kms.katalon.core.webui.keyword.builtin.ClickKeyword.click(ClickKeyword.groovy:86)
	at com.kms.katalon.core.webui.keyword.builtin.ClickKeyword.execute(ClickKeyword.groovy:67)
	at com.kms.katalon.core.keyword.internal.KeywordExecutor.executeKeywordForPlatform(KeywordExecutor.groovy:53)
	at com.kms.katalon.core.webui.keyword.WebUiBuiltInKeywords.click(WebUiBuiltInKeywords.groovy:616)
	at com.kms.katalon.core.webui.keyword.WebUiBuiltInKeywords$click$3.call(Unknown Source)
	at Miscellaneous.run(Miscellaneous:43)
	at com.kms.katalon.core.main.ScriptEngine.run(ScriptEngine.java:194)
	at com.kms.katalon.core.main.ScriptEngine.runScriptAsRawText(ScriptEngine.java:119)
	at com.kms.katalon.core.main.TestCaseExecutor.runScript(TestCaseExecutor.java:328)
	at com.kms.katalon.core.main.TestCaseExecutor.doExecute(TestCaseExecutor.java:319)
	at com.kms.katalon.core.main.TestCaseExecutor.processExecutionPhase(TestCaseExecutor.java:298)
	at com.kms.katalon.core.main.TestCaseExecutor.accessMainPhase(TestCaseExecutor.java:290)
	at com.kms.katalon.core.main.TestCaseExecutor.execute(TestCaseExecutor.java:224)
	at com.kms.katalon.core.main.TestSuiteExecutor.accessTestCaseMainPhase(TestSuiteExecutor.java:129)
	at com.kms.katalon.core.main.TestSuiteExecutor.accessTestSuiteMainPhase(TestSuiteExecutor.java:112)
	at com.kms.katalon.core.main.TestSuiteExecutor.execute(TestSuiteExecutor.java:81)
	at com.kms.katalon.core.main.TestCaseMain.startTestSuite(TestCaseMain.java:149)
	at com.kms.katalon.core.main.TestCaseMain$startTestSuite$0.call(Unknown Source)
	at TempTestSuite1556652937298.run(TempTestSuite1556652937298.groovy:36)]]></system-out>
         <system-err><![CDATA[2019-04-30 15:41:21 - [TEST_CASE][FAILED] - Test Cases/OCS- CRITICAL PATH/Miscellaneous: Test Cases/OCS- CRITICAL PATH/Miscellaneous FAILED.
Reason:
com.kms.katalon.core.exception.StepFailedException: Unable to click on object 'Object Repository/miscellaneous_OR/Page_Ontario Cannabis Store  Ontari/img' (Root cause: com.kms.katalon.core.webui.exception.WebElementNotFoundException: Web element with id: 'Object Repository/miscellaneous_OR/Page_Ontario Cannabis Store  Ontari/img' located by 'By.xpath: //article[@id='product_2109211510604']/div/a/img' not found)
	at com.kms.katalon.core.keyword.internal.KeywordMain.stepFailed(KeywordMain.groovy:36)
	at com.kms.katalon.core.webui.keyword.internal.WebUIKeywordMain.stepFailed(WebUIKeywordMain.groovy:65)
	at com.kms.katalon.core.webui.keyword.internal.WebUIKeywordMain.runKeyword(WebUIKeywordMain.groovy:27)
	at com.kms.katalon.core.webui.keyword.builtin.ClickKeyword.click(ClickKeyword.groovy:86)
	at com.kms.katalon.core.webui.keyword.builtin.ClickKeyword.execute(ClickKeyword.groovy:67)
	at com.kms.katalon.core.keyword.internal.KeywordExecutor.executeKeywordForPlatform(KeywordExecutor.groovy:53)
	at com.kms.katalon.core.webui.keyword.WebUiBuiltInKeywords.click(WebUiBuiltInKeywords.groovy:616)
	at com.kms.katalon.core.webui.keyword.WebUiBuiltInKeywords$click$3.call(Unknown Source)
	at Miscellaneous.run(Miscellaneous:43)
	at com.kms.katalon.core.main.ScriptEngine.run(ScriptEngine.java:194)
	at com.kms.katalon.core.main.ScriptEngine.runScriptAsRawText(ScriptEngine.java:119)
	at com.kms.katalon.core.main.TestCaseExecutor.runScript(TestCaseExecutor.java:328)
	at com.kms.katalon.core.main.TestCaseExecutor.doExecute(TestCaseExecutor.java:319)
	at com.kms.katalon.core.main.TestCaseExecutor.processExecutionPhase(TestCaseExecutor.java:298)
	at com.kms.katalon.core.main.TestCaseExecutor.accessMainPhase(TestCaseExecutor.java:290)
	at com.kms.katalon.core.main.TestCaseExecutor.execute(TestCaseExecutor.java:224)
	at com.kms.katalon.core.main.TestSuiteExecutor.accessTestCaseMainPhase(TestSuiteExecutor.java:129)
	at com.kms.katalon.core.main.TestSuiteExecutor.accessTestSuiteMainPhase(TestSuiteExecutor.java:112)
	at com.kms.katalon.core.main.TestSuiteExecutor.execute(TestSuiteExecutor.java:81)
	at com.kms.katalon.core.main.TestCaseMain.startTestSuite(TestCaseMain.java:149)
	at com.kms.katalon.core.main.TestCaseMain$startTestSuite$0.call(Unknown Source)
	at TempTestSuite1556652937298.run(TempTestSuite1556652937298.groovy:36)]]></system-err>
      </testcase>
      <testcase name="Test Cases/OCS- CRITICAL PATH/cart page-increase qty" classname="Test Cases/OCS- CRITICAL PATH/cart page-increase qty" status="PASSED">
         <system-out><![CDATA[2019-04-30 15:42:03 - [TEST_CASE][PASSED] - Test Cases/OCS- CRITICAL PATH/cart page-increase qty: Test Cases/OCS- CRITICAL PATH/cart page-increase qty

2019-04-30 15:42:03 - [TEST_STEP][PASSED] - openBrowser(""): Browser is opened with url: ''

2019-04-30 15:42:03 - [MESSAGE][WARNING] - A browser is already opened. Closing browser and opening a new one

2019-04-30 15:42:03 - [MESSAGE][INFO] - Starting 'Chrome' driver

2019-04-30 15:42:04 - [MESSAGE][PASSED] - Browser is opened with url: ''

2019-04-30 15:42:04 - [TEST_STEP][PASSED] - navigateToUrl("https://ocs.ca/#/verify-age"): Navigate to 'https://ocs.ca/#/verify-age' successfully

2019-04-30 15:42:09 - [MESSAGE][PASSED] - Navigate to 'https://ocs.ca/#/verify-age' successfully

2019-04-30 15:42:09 - [TEST_STEP][PASSED] - maximizeWindow(): Current window maximized

2019-04-30 15:42:09 - [MESSAGE][PASSED] - Current window maximized

2019-04-30 15:42:09 - [TEST_STEP][PASSED] - selectOptionByValue(findTestObject("OCS_CRITICAL PATH/Cartflyout-decrease qty _OR/Page_Ontario Cannabis Store  Ontari/select_Select01020304050607080"), "18", true): All options with value '18' are selected in object 'Object Repository/OCS_CRITICAL PATH/Cartflyout-decrease qty _OR/Page_Ontario Cannabis Store  Ontari/select_Select01020304050607080'  using regular expression

2019-04-30 15:42:09 - [MESSAGE][PASSED] - All options with value '18' are selected in object 'Object Repository/OCS_CRITICAL PATH/Cartflyout-decrease qty _OR/Page_Ontario Cannabis Store  Ontari/select_Select01020304050607080'  using regular expression

2019-04-30 15:42:09 - [TEST_STEP][PASSED] - selectOptionByValue(findTestObject("OCS_CRITICAL PATH/Cartflyout-decrease qty _OR/Page_Ontario Cannabis Store  Ontari/select_SelectJanuary - 01Febru"), "9", true): All options with value '9' are selected in object 'Object Repository/OCS_CRITICAL PATH/Cartflyout-decrease qty _OR/Page_Ontario Cannabis Store  Ontari/select_SelectJanuary - 01Febru'  using regular expression

2019-04-30 15:42:09 - [MESSAGE][PASSED] - All options with value '9' are selected in object 'Object Repository/OCS_CRITICAL PATH/Cartflyout-decrease qty _OR/Page_Ontario Cannabis Store  Ontari/select_SelectJanuary - 01Febru'  using regular expression

2019-04-30 15:42:09 - [TEST_STEP][PASSED] - selectOptionByValue(findTestObject("OCS_CRITICAL PATH/Cartflyout-decrease qty _OR/Page_Ontario Cannabis Store  Ontari/select_Select20182017201620152"), "1933", true): All options with value '1933' are selected in object 'Object Repository/OCS_CRITICAL PATH/Cartflyout-decrease qty _OR/Page_Ontario Cannabis Store  Ontari/select_Select20182017201620152'  using regular expression

2019-04-30 15:42:11 - [MESSAGE][PASSED] - All options with value '1933' are selected in object 'Object Repository/OCS_CRITICAL PATH/Cartflyout-decrease qty _OR/Page_Ontario Cannabis Store  Ontari/select_Select20182017201620152'  using regular expression

2019-04-30 15:42:11 - [TEST_STEP][PASSED] - click(findTestObject("OCS_CRITICAL PATH/Cartflyout-decrease qty _OR/Page_Ontario Cannabis Store  Ontari/button_Verify")): Object: 'Object Repository/OCS_CRITICAL PATH/Cartflyout-decrease qty _OR/Page_Ontario Cannabis Store  Ontari/button_Verify' is clicked on

2019-04-30 15:42:11 - [MESSAGE][PASSED] - Object: 'Object Repository/OCS_CRITICAL PATH/Cartflyout-decrease qty _OR/Page_Ontario Cannabis Store  Ontari/button_Verify' is clicked on

2019-04-30 15:42:11 - [TEST_STEP][PASSED] - click(findTestObject("OCS_CRITICAL PATH/Cartflyout-decrease qty _OR/Page_Ontario Cannabis Store  Ontari/span_CONFIRM AND ACKNOWLEDGE_c")): Object: 'Object Repository/OCS_CRITICAL PATH/Cartflyout-decrease qty _OR/Page_Ontario Cannabis Store  Ontari/span_CONFIRM AND ACKNOWLEDGE_c' is clicked on

2019-04-30 15:42:11 - [MESSAGE][PASSED] - Object: 'Object Repository/OCS_CRITICAL PATH/Cartflyout-decrease qty _OR/Page_Ontario Cannabis Store  Ontari/span_CONFIRM AND ACKNOWLEDGE_c' is clicked on

2019-04-30 15:42:11 - [TEST_STEP][PASSED] - click(findTestObject("OCS_CRITICAL PATH/Cartflyout-decrease qty _OR/Page_Ontario Cannabis Store  Ontari/button_CONFIRM")): Object: 'Object Repository/OCS_CRITICAL PATH/Cartflyout-decrease qty _OR/Page_Ontario Cannabis Store  Ontari/button_CONFIRM' is clicked on

2019-04-30 15:42:11 - [MESSAGE][PASSED] - Object: 'Object Repository/OCS_CRITICAL PATH/Cartflyout-decrease qty _OR/Page_Ontario Cannabis Store  Ontari/button_CONFIRM' is clicked on

2019-04-30 15:42:11 - [TEST_STEP][PASSED] - click(findTestObject("OCS_CRITICAL PATH/Cartflyout-decrease qty _OR/Page_Ontario Cannabis Store  Ontari/button_Start Browsing")): Object: 'Object Repository/OCS_CRITICAL PATH/Cartflyout-decrease qty _OR/Page_Ontario Cannabis Store  Ontari/button_Start Browsing' is clicked on

2019-04-30 15:42:11 - [MESSAGE][PASSED] - Object: 'Object Repository/OCS_CRITICAL PATH/Cartflyout-decrease qty _OR/Page_Ontario Cannabis Store  Ontari/button_Start Browsing' is clicked on

2019-04-30 15:42:11 - [TEST_STEP][PASSED] - click(findTestObject("OCS_CRITICAL PATH/Cartflyout-decrease qty _OR/Page_Ontario Cannabis Store  Ontari/h3_Cannabis")): Object: 'Object Repository/OCS_CRITICAL PATH/Cartflyout-decrease qty _OR/Page_Ontario Cannabis Store  Ontari/h3_Cannabis' is clicked on

2019-04-30 15:42:11 - [MESSAGE][PASSED] - Object: 'Object Repository/OCS_CRITICAL PATH/Cartflyout-decrease qty _OR/Page_Ontario Cannabis Store  Ontari/h3_Cannabis' is clicked on

2019-04-30 15:42:11 - [TEST_STEP][PASSED] - click(findTestObject("OCS_CRITICAL PATH/Cartflyout-decrease qty _OR/Page_Ontario Cannabis Store  Ontari/span_Indica Dominant")): Object: 'Object Repository/OCS_CRITICAL PATH/Cartflyout-decrease qty _OR/Page_Ontario Cannabis Store  Ontari/span_Indica Dominant' is clicked on

2019-04-30 15:42:13 - [MESSAGE][PASSED] - Object: 'Object Repository/OCS_CRITICAL PATH/Cartflyout-decrease qty _OR/Page_Ontario Cannabis Store  Ontari/span_Indica Dominant' is clicked on

2019-04-30 15:42:13 - [TEST_STEP][PASSED] - delay(3): Delayed 3 second(s)

2019-04-30 15:42:16 - [MESSAGE][PASSED] - Delayed 3 second(s)

2019-04-30 15:42:16 - [TEST_STEP][PASSED] - click(findTestObject("OCS_CRITICAL PATH/Cartflyout-decrease qty _OR/Page_Indica Dominant Dried Flower/h3_Shishkaberry")): Object: 'Object Repository/OCS_CRITICAL PATH/Cartflyout-decrease qty _OR/Page_Indica Dominant Dried Flower/h3_Shishkaberry' is clicked on

2019-04-30 15:42:18 - [MESSAGE][PASSED] - Object: 'Object Repository/OCS_CRITICAL PATH/Cartflyout-decrease qty _OR/Page_Indica Dominant Dried Flower/h3_Shishkaberry' is clicked on

2019-04-30 15:42:18 - [TEST_STEP][PASSED] - click(findTestObject("OCS_CRITICAL PATH/Cartflyout-decrease qty _OR/Page_Shishkaberry  Ontario Cannabis/div_3.5g")): Object: 'Object Repository/OCS_CRITICAL PATH/Cartflyout-decrease qty _OR/Page_Shishkaberry  Ontario Cannabis/div_3.5g' is clicked on

2019-04-30 15:42:19 - [MESSAGE][PASSED] - Object: 'Object Repository/OCS_CRITICAL PATH/Cartflyout-decrease qty _OR/Page_Shishkaberry  Ontario Cannabis/div_3.5g' is clicked on

2019-04-30 15:42:19 - [TEST_STEP][NOT_RUN] - click(findTestObject("Page_Shishkaberry  Ontario Cannabis/button_")): NOT_RUN: click(findTestObject("Page_Shishkaberry  Ontario Cannabis/button_"))

2019-04-30 15:42:19 - [MESSAGE][NOT_RUN] - NOT_RUN: click(findTestObject("Page_Shishkaberry  Ontario Cannabis/button_"))

2019-04-30 15:42:19 - [TEST_STEP][NOT_RUN] - click(findTestObject("Page_Shishkaberry  Ontario Cannabis/button_")): NOT_RUN: click(findTestObject("Page_Shishkaberry  Ontario Cannabis/button_"))

2019-04-30 15:42:19 - [MESSAGE][NOT_RUN] - NOT_RUN: click(findTestObject("Page_Shishkaberry  Ontario Cannabis/button_"))

2019-04-30 15:42:19 - [TEST_STEP][NOT_RUN] - click(findTestObject("Page_Shishkaberry  Ontario Cannabis/button_")): NOT_RUN: click(findTestObject("Page_Shishkaberry  Ontario Cannabis/button_"))

2019-04-30 15:42:19 - [MESSAGE][NOT_RUN] - NOT_RUN: click(findTestObject("Page_Shishkaberry  Ontario Cannabis/button_"))

2019-04-30 15:42:19 - [TEST_STEP][NOT_RUN] - click(findTestObject("Page_Shishkaberry  Ontario Cannabis/button_")): NOT_RUN: click(findTestObject("Page_Shishkaberry  Ontario Cannabis/button_"))

2019-04-30 15:42:19 - [MESSAGE][NOT_RUN] - NOT_RUN: click(findTestObject("Page_Shishkaberry  Ontario Cannabis/button_"))

2019-04-30 15:42:19 - [TEST_STEP][NOT_RUN] - click(findTestObject("Page_Shishkaberry  Ontario Cannabis/button_")): NOT_RUN: click(findTestObject("Page_Shishkaberry  Ontario Cannabis/button_"))

2019-04-30 15:42:19 - [MESSAGE][NOT_RUN] - NOT_RUN: click(findTestObject("Page_Shishkaberry  Ontario Cannabis/button_"))

2019-04-30 15:42:19 - [TEST_STEP][PASSED] - click(findTestObject("OCS_CRITICAL PATH/cartpage- decrease qty _OR/Page_Shishkaberry  Ontario Cannabis/button_Add to Bag194.40")): Object: 'Object Repository/OCS_CRITICAL PATH/cartpage- decrease qty _OR/Page_Shishkaberry  Ontario Cannabis/button_Add to Bag194.40' is clicked on

2019-04-30 15:42:19 - [MESSAGE][PASSED] - Object: 'Object Repository/OCS_CRITICAL PATH/cartpage- decrease qty _OR/Page_Shishkaberry  Ontario Cannabis/button_Add to Bag194.40' is clicked on

2019-04-30 15:42:19 - [TEST_STEP][PASSED] - click(findTestObject("OCS_CRITICAL PATH/cartpage- decrease qty _OR/Page_Shishkaberry  Ontario Cannabis/span_concat(I confirm that I")): Object: 'Object Repository/OCS_CRITICAL PATH/cartpage- decrease qty _OR/Page_Shishkaberry  Ontario Cannabis/span_concat(I confirm that I' is clicked on

2019-04-30 15:42:20 - [MESSAGE][PASSED] - Object: 'Object Repository/OCS_CRITICAL PATH/cartpage- decrease qty _OR/Page_Shishkaberry  Ontario Cannabis/span_concat(I confirm that I' is clicked on

2019-04-30 15:42:20 - [TEST_STEP][PASSED] - click(findTestObject("OCS_CRITICAL PATH/cartpage- decrease qty _OR/Page_Shishkaberry  Ontario Cannabis/span_Accept the_checkbox")): Object: 'Object Repository/OCS_CRITICAL PATH/cartpage- decrease qty _OR/Page_Shishkaberry  Ontario Cannabis/span_Accept the_checkbox' is clicked on

2019-04-30 15:42:20 - [MESSAGE][PASSED] - Object: 'Object Repository/OCS_CRITICAL PATH/cartpage- decrease qty _OR/Page_Shishkaberry  Ontario Cannabis/span_Accept the_checkbox' is clicked on

2019-04-30 15:42:20 - [TEST_STEP][PASSED] - delay(3): Delayed 3 second(s)

2019-04-30 15:42:23 - [MESSAGE][PASSED] - Delayed 3 second(s)

2019-04-30 15:42:23 - [TEST_STEP][PASSED] - click(findTestObject("OCS_CRITICAL PATH/cartpage- decrease qty _OR/Page_Shishkaberry  Ontario Cannabis/a_Checkout")): Object: 'Object Repository/OCS_CRITICAL PATH/cartpage- decrease qty _OR/Page_Shishkaberry  Ontario Cannabis/a_Checkout' is clicked on

2019-04-30 15:42:26 - [MESSAGE][PASSED] - Object: 'Object Repository/OCS_CRITICAL PATH/cartpage- decrease qty _OR/Page_Shishkaberry  Ontario Cannabis/a_Checkout' is clicked on

2019-04-30 15:42:26 - [TEST_STEP][PASSED] - click(findTestObject("OCS_CRITICAL PATH/cartpage- decrease qty _OR/Page_Ontario Cannabis Store - Infor/a_Cart")): Object: 'Object Repository/OCS_CRITICAL PATH/cartpage- decrease qty _OR/Page_Ontario Cannabis Store - Infor/a_Cart' is clicked on

2019-04-30 15:42:27 - [MESSAGE][PASSED] - Object: 'Object Repository/OCS_CRITICAL PATH/cartpage- decrease qty _OR/Page_Ontario Cannabis Store - Infor/a_Cart' is clicked on

2019-04-30 15:42:27 - [TEST_STEP][PASSED] - a = getText(findTestObject("OCS_CRITICAL PATH/cartpage- decrease qty _OR/Page_Your Shopping Cart  Ontario Ca/p_194.40 (1)")): Text of object 'Object Repository/OCS_CRITICAL PATH/cartpage- decrease qty _OR/Page_Your Shopping Cart  Ontario Ca/p_194.40 (1)' is: '$32.40'

2019-04-30 15:42:27 - [MESSAGE][PASSED] - Text of object 'Object Repository/OCS_CRITICAL PATH/cartpage- decrease qty _OR/Page_Your Shopping Cart  Ontario Ca/p_194.40 (1)' is: '$32.40'

2019-04-30 15:42:27 - [TEST_STEP][PASSED] - comment(a): $32.40

2019-04-30 15:42:27 - [MESSAGE][INFO] - $32.40

2019-04-30 15:42:27 - [TEST_STEP][PASSED] - setText(findTestObject("Object Repository/OCS_CRITICAL PATH/cartpage- decrease qty _OR/Page_Your Shopping Cart  Ontario Ca/input_-_updates (1)"), "2"): Text '2' is set on object 'Object Repository/OCS_CRITICAL PATH/cartpage- decrease qty _OR/Page_Your Shopping Cart  Ontario Ca/input_-_updates (1)'

2019-04-30 15:42:27 - [MESSAGE][PASSED] - Text '2' is set on object 'Object Repository/OCS_CRITICAL PATH/cartpage- decrease qty _OR/Page_Your Shopping Cart  Ontario Ca/input_-_updates (1)'

2019-04-30 15:42:27 - [TEST_STEP][PASSED] - setText(findTestObject("Object Repository/OCS_CRITICAL PATH/cartpage- decrease qty _OR/Page_Your Shopping Cart  Ontario Ca/input_-_updates (1)"), "3"): Text '3' is set on object 'Object Repository/OCS_CRITICAL PATH/cartpage- decrease qty _OR/Page_Your Shopping Cart  Ontario Ca/input_-_updates (1)'

2019-04-30 15:42:27 - [MESSAGE][PASSED] - Text '3' is set on object 'Object Repository/OCS_CRITICAL PATH/cartpage- decrease qty _OR/Page_Your Shopping Cart  Ontario Ca/input_-_updates (1)'

2019-04-30 15:42:27 - [TEST_STEP][NOT_RUN] - click(findTestObject("Object Repository/OCS_CRITICAL PATH/cartpage- decrease qty _OR/Page_Your Shopping Cart  Ontario Ca/div_3.5g (1)")): NOT_RUN: click(findTestObject("Object Repository/OCS_CRITICAL PATH/cartpage- decrease qty _OR/Page_Your Shopping Cart  Ontario Ca/div_3.5g (1)"))

2019-04-30 15:42:27 - [MESSAGE][NOT_RUN] - NOT_RUN: click(findTestObject("Object Repository/OCS_CRITICAL PATH/cartpage- decrease qty _OR/Page_Your Shopping Cart  Ontario Ca/div_3.5g (1)"))

2019-04-30 15:42:27 - [TEST_STEP][NOT_RUN] - click(findTestObject("Object Repository/OCS_CRITICAL PATH/cartpage- decrease qty _OR/Page_Your Shopping Cart  Ontario Ca/div_3.5g                      _1 (1)")): NOT_RUN: click(findTestObject("Object Repository/OCS_CRITICAL PATH/cartpage- decrease qty _OR/Page_Your Shopping Cart  Ontario Ca/div_3.5g                      _1 (1)"))

2019-04-30 15:42:27 - [MESSAGE][NOT_RUN] - NOT_RUN: click(findTestObject("Object Repository/OCS_CRITICAL PATH/cartpage- decrease qty _OR/Page_Your Shopping Cart  Ontario Ca/div_3.5g                      _1 (1)"))

2019-04-30 15:42:27 - [TEST_STEP][PASSED] - delay(3): Delayed 3 second(s)

2019-04-30 15:42:30 - [MESSAGE][PASSED] - Delayed 3 second(s)

2019-04-30 15:42:30 - [TEST_STEP][PASSED] - click(findTestObject("Object Repository/OCS_CRITICAL PATH/cartpage- decrease qty _OR/Page_Your Shopping Cart  Ontario Ca/i__icon--plus")): Object: 'Object Repository/OCS_CRITICAL PATH/cartpage- decrease qty _OR/Page_Your Shopping Cart  Ontario Ca/i__icon--plus' is clicked on

2019-04-30 15:42:30 - [MESSAGE][PASSED] - Object: 'Object Repository/OCS_CRITICAL PATH/cartpage- decrease qty _OR/Page_Your Shopping Cart  Ontario Ca/i__icon--plus' is clicked on

2019-04-30 15:42:30 - [TEST_STEP][PASSED] - click(findTestObject("Object Repository/OCS_CRITICAL PATH/cartpage- decrease qty _OR/Page_Your Shopping Cart  Ontario Ca/i__icon--plus")): Object: 'Object Repository/OCS_CRITICAL PATH/cartpage- decrease qty _OR/Page_Your Shopping Cart  Ontario Ca/i__icon--plus' is clicked on

2019-04-30 15:42:30 - [MESSAGE][PASSED] - Object: 'Object Repository/OCS_CRITICAL PATH/cartpage- decrease qty _OR/Page_Your Shopping Cart  Ontario Ca/i__icon--plus' is clicked on

2019-04-30 15:42:30 - [TEST_STEP][PASSED] - click(findTestObject("Object Repository/OCS_CRITICAL PATH/cartpage- decrease qty _OR/Page_Your Shopping Cart  Ontario Ca/i__icon--plus")): Object: 'Object Repository/OCS_CRITICAL PATH/cartpage- decrease qty _OR/Page_Your Shopping Cart  Ontario Ca/i__icon--plus' is clicked on

2019-04-30 15:42:30 - [MESSAGE][PASSED] - Object: 'Object Repository/OCS_CRITICAL PATH/cartpage- decrease qty _OR/Page_Your Shopping Cart  Ontario Ca/i__icon--plus' is clicked on

2019-04-30 15:42:30 - [TEST_STEP][PASSED] - delay(5): Delayed 5 second(s)

2019-04-30 15:42:35 - [MESSAGE][PASSED] - Delayed 5 second(s)

2019-04-30 15:42:35 - [TEST_STEP][PASSED] - b = getText(findTestObject("Object Repository/OCS_CRITICAL PATH/cartpage- decrease qty _OR/Page_Your Shopping Cart  Ontario Ca/p_194.40 (1)")): Text of object 'Object Repository/OCS_CRITICAL PATH/cartpage- decrease qty _OR/Page_Your Shopping Cart  Ontario Ca/p_194.40 (1)' is: '$194.40'

2019-04-30 15:42:35 - [MESSAGE][PASSED] - Text of object 'Object Repository/OCS_CRITICAL PATH/cartpage- decrease qty _OR/Page_Your Shopping Cart  Ontario Ca/p_194.40 (1)' is: '$194.40'

2019-04-30 15:42:35 - [TEST_STEP][NOT_RUN] - click(findTestObject("Object Repository/OCS_CRITICAL PATH/cartpage- decrease qty _OR/Page_Your Shopping Cart  Ontario Ca/span_My Bag 3 (1)")): NOT_RUN: click(findTestObject("Object Repository/OCS_CRITICAL PATH/cartpage- decrease qty _OR/Page_Your Shopping Cart  Ontario Ca/span_My Bag 3 (1)"))

2019-04-30 15:42:35 - [MESSAGE][NOT_RUN] - NOT_RUN: click(findTestObject("Object Repository/OCS_CRITICAL PATH/cartpage- decrease qty _OR/Page_Your Shopping Cart  Ontario Ca/span_My Bag 3 (1)"))

2019-04-30 15:42:35 - [TEST_STEP][PASSED] - comment(b): $194.40

2019-04-30 15:42:35 - [MESSAGE][INFO] - $194.40

2019-04-30 15:42:35 - [TEST_STEP][NOT_RUN] - d = c.substring(1): NOT_RUN: d = c.substring(1)

2019-04-30 15:42:35 - [MESSAGE][NOT_RUN] - NOT_RUN: d = c.substring(1)

2019-04-30 15:42:35 - [TEST_STEP][NOT_RUN] - comment(d): NOT_RUN: comment(d)

2019-04-30 15:42:35 - [MESSAGE][NOT_RUN] - NOT_RUN: comment(d)

2019-04-30 15:42:35 - [TEST_STEP][PASSED] - verifyNotEqual("a", "b"): Actual object 'a' and expected object 'b' are not equal

2019-04-30 15:42:35 - [MESSAGE][PASSED] - Actual object 'a' and expected object 'b' are not equal

2019-04-30 15:42:35 - [TEST_STEP][PASSED] - comment(" price changed . Quantity selector is working"):  price changed . Quantity selector is working

2019-04-30 15:42:35 - [MESSAGE][INFO] -  price changed . Quantity selector is working]]></system-out>
         <system-err><![CDATA[]]></system-err>
      </testcase>
      <system-out><![CDATA[2019-04-30 15:35:41 - [TEST_SUITE][FAILED] - CRITICAL PATH: Test Cases/OCS- CRITICAL PATH/Cart flyout- decrease qty FAILED.
Reason:
com.kms.katalon.core.exception.StepFailedException: Unable to click on object 'Object Repository/OCS_CRITICAL PATH/Cartflyout-decrease qty _OR/Page_Shishkaberry  Ontario Cannabis/button_' (Root cause: com.kms.katalon.core.webui.exception.WebElementNotFoundException: Web element with id: 'Object Repository/OCS_CRITICAL PATH/Cartflyout-decrease qty _OR/Page_Shishkaberry  Ontario Cannabis/button_' located by 'By.xpath: id("product_1314098120524_pdp")/div[@class="section"]/div[@class="counter"]/button[@class="counter__increment"][count(. | //button[@aria-role = 'button' and @class = 'counter__increment' and (text() = '
        +
        
    ' or . = '
        +
        
    ')]) = count(//button[@aria-role = 'button' and @class = 'counter__increment' and (text() = '
        +
        
    ' or . = '
        +
        
    ')])]' not found)
	at com.kms.katalon.core.keyword.internal.KeywordMain.stepFailed(KeywordMain.groovy:36)
	at com.kms.katalon.core.webui.keyword.internal.WebUIKeywordMain.stepFailed(WebUIKeywordMain.groovy:65)
	at com.kms.katalon.core.webui.keyword.internal.WebUIKeywordMain.runKeyword(WebUIKeywordMain.groovy:27)
	at com.kms.katalon.core.webui.keyword.builtin.ClickKeyword.click(ClickKeyword.groovy:86)
	at com.kms.katalon.core.webui.keyword.builtin.ClickKeyword.execute(ClickKeyword.groovy:67)
	at com.kms.katalon.core.keyword.internal.KeywordExecutor.executeKeywordForPlatform(KeywordExecutor.groovy:53)
	at com.kms.katalon.core.webui.keyword.WebUiBuiltInKeywords.click(WebUiBuiltInKeywords.groovy:616)
	at com.kms.katalon.core.webui.keyword.WebUiBuiltInKeywords$click$3.call(Unknown Source)
	at Cart flyout- decrease qty.run(Cart flyout- decrease qty:49)
	at com.kms.katalon.core.main.ScriptEngine.run(ScriptEngine.java:194)
	at com.kms.katalon.core.main.ScriptEngine.runScriptAsRawText(ScriptEngine.java:119)
	at com.kms.katalon.core.main.TestCaseExecutor.runScript(TestCaseExecutor.java:328)
	at com.kms.katalon.core.main.TestCaseExecutor.doExecute(TestCaseExecutor.java:319)
	at com.kms.katalon.core.main.TestCaseExecutor.processExecutionPhase(TestCaseExecutor.java:298)
	at com.kms.katalon.core.main.TestCaseExecutor.accessMainPhase(TestCaseExecutor.java:290)
	at com.kms.katalon.core.main.TestCaseExecutor.execute(TestCaseExecutor.java:224)
	at com.kms.katalon.core.main.TestSuiteExecutor.accessTestCaseMainPhase(TestSuiteExecutor.java:129)
	at com.kms.katalon.core.main.TestSuiteExecutor.accessTestSuiteMainPhase(TestSuiteExecutor.java:112)
	at com.kms.katalon.core.main.TestSuiteExecutor.execute(TestSuiteExecutor.java:81)
	at com.kms.katalon.core.main.TestCaseMain.startTestSuite(TestCaseMain.java:149)
	at com.kms.katalon.core.main.TestCaseMain$startTestSuite$0.call(Unknown Source)
	at TempTestSuite1556652937298.run(TempTestSuite1556652937298.groovy:36)]]></system-out>
      <system-err><![CDATA[2019-04-30 15:35:41 - [TEST_SUITE][FAILED] - CRITICAL PATH: Test Cases/OCS- CRITICAL PATH/Cart flyout- decrease qty FAILED.
Reason:
com.kms.katalon.core.exception.StepFailedException: Unable to click on object 'Object Repository/OCS_CRITICAL PATH/Cartflyout-decrease qty _OR/Page_Shishkaberry  Ontario Cannabis/button_' (Root cause: com.kms.katalon.core.webui.exception.WebElementNotFoundException: Web element with id: 'Object Repository/OCS_CRITICAL PATH/Cartflyout-decrease qty _OR/Page_Shishkaberry  Ontario Cannabis/button_' located by 'By.xpath: id("product_1314098120524_pdp")/div[@class="section"]/div[@class="counter"]/button[@class="counter__increment"][count(. | //button[@aria-role = 'button' and @class = 'counter__increment' and (text() = '
        +
        
    ' or . = '
        +
        
    ')]) = count(//button[@aria-role = 'button' and @class = 'counter__increment' and (text() = '
        +
        
    ' or . = '
        +
        
    ')])]' not found)
	at com.kms.katalon.core.keyword.internal.KeywordMain.stepFailed(KeywordMain.groovy:36)
	at com.kms.katalon.core.webui.keyword.internal.WebUIKeywordMain.stepFailed(WebUIKeywordMain.groovy:65)
	at com.kms.katalon.core.webui.keyword.internal.WebUIKeywordMain.runKeyword(WebUIKeywordMain.groovy:27)
	at com.kms.katalon.core.webui.keyword.builtin.ClickKeyword.click(ClickKeyword.groovy:86)
	at com.kms.katalon.core.webui.keyword.builtin.ClickKeyword.execute(ClickKeyword.groovy:67)
	at com.kms.katalon.core.keyword.internal.KeywordExecutor.executeKeywordForPlatform(KeywordExecutor.groovy:53)
	at com.kms.katalon.core.webui.keyword.WebUiBuiltInKeywords.click(WebUiBuiltInKeywords.groovy:616)
	at com.kms.katalon.core.webui.keyword.WebUiBuiltInKeywords$click$3.call(Unknown Source)
	at Cart flyout- decrease qty.run(Cart flyout- decrease qty:49)
	at com.kms.katalon.core.main.ScriptEngine.run(ScriptEngine.java:194)
	at com.kms.katalon.core.main.ScriptEngine.runScriptAsRawText(ScriptEngine.java:119)
	at com.kms.katalon.core.main.TestCaseExecutor.runScript(TestCaseExecutor.java:328)
	at com.kms.katalon.core.main.TestCaseExecutor.doExecute(TestCaseExecutor.java:319)
	at com.kms.katalon.core.main.TestCaseExecutor.processExecutionPhase(TestCaseExecutor.java:298)
	at com.kms.katalon.core.main.TestCaseExecutor.accessMainPhase(TestCaseExecutor.java:290)
	at com.kms.katalon.core.main.TestCaseExecutor.execute(TestCaseExecutor.java:224)
	at com.kms.katalon.core.main.TestSuiteExecutor.accessTestCaseMainPhase(TestSuiteExecutor.java:129)
	at com.kms.katalon.core.main.TestSuiteExecutor.accessTestSuiteMainPhase(TestSuiteExecutor.java:112)
	at com.kms.katalon.core.main.TestSuiteExecutor.execute(TestSuiteExecutor.java:81)
	at com.kms.katalon.core.main.TestCaseMain.startTestSuite(TestCaseMain.java:149)
	at com.kms.katalon.core.main.TestCaseMain$startTestSuite$0.call(Unknown Source)
	at TempTestSuite1556652937298.run(TempTestSuite1556652937298.groovy:36)]]></system-err>
   </testsuite>
</testsuites>
